<?xml version="1.0" encoding="UTF-8"?>
<testsuite xmlns:xsi="http://www.w3.org/2001/XMLSchema-instance" xsi:noNamespaceSchemaLocation="https://maven.apache.org/surefire/maven-surefire-plugin/xsd/surefire-test-report-3.0.xsd" version="3.0" name="com.crackit.SpringSecurityJWT.SpringSecurityJwtApplicationTests" time="17.392" tests="1" errors="0" skipped="0" failures="0">
  <properties>
    <property name="java.specification.version" value="17"/>
    <property name="sun.cpu.isalist" value="amd64"/>
    <property name="sun.jnu.encoding" value="Cp1254"/>
    <property name="java.class.path" value="C:\Users\brken\Desktop\DrugProject2\target\test-classes;C:\Users\brken\Desktop\DrugProject2\target\classes;C:\Users\brken\.m2\repository\org\springframework\boot\spring-boot-starter-data-jpa\3.2.3\spring-boot-starter-data-jpa-3.2.3.jar;C:\Users\brken\.m2\repository\org\springframework\boot\spring-boot-starter-aop\3.2.3\spring-boot-starter-aop-3.2.3.jar;C:\Users\brken\.m2\repository\org\aspectj\aspectjweaver\1.9.21\aspectjweaver-1.9.21.jar;C:\Users\brken\.m2\repository\org\springframework\boot\spring-boot-starter-jdbc\3.2.3\spring-boot-starter-jdbc-3.2.3.jar;C:\Users\brken\.m2\repository\com\zaxxer\HikariCP\5.0.1\HikariCP-5.0.1.jar;C:\Users\brken\.m2\repository\org\springframework\spring-jdbc\6.1.4\spring-jdbc-6.1.4.jar;C:\Users\brken\.m2\repository\org\hibernate\orm\hibernate-core\6.4.4.Final\hibernate-core-6.4.4.Final.jar;C:\Users\brken\.m2\repository\jakarta\persistence\jakarta.persistence-api\3.1.0\jakarta.persistence-api-3.1.0.jar;C:\Users\brken\.m2\repository\jakarta\transaction\jakarta.transaction-api\2.0.1\jakarta.transaction-api-2.0.1.jar;C:\Users\brken\.m2\repository\org\jboss\logging\jboss-logging\3.5.3.Final\jboss-logging-3.5.3.Final.jar;C:\Users\brken\.m2\repository\org\hibernate\common\hibernate-commons-annotations\6.0.6.Final\hibernate-commons-annotations-6.0.6.Final.jar;C:\Users\brken\.m2\repository\io\smallrye\jandex\3.1.2\jandex-3.1.2.jar;C:\Users\brken\.m2\repository\com\fasterxml\classmate\1.6.0\classmate-1.6.0.jar;C:\Users\brken\.m2\repository\net\bytebuddy\byte-buddy\1.14.12\byte-buddy-1.14.12.jar;C:\Users\brken\.m2\repository\org\glassfish\jaxb\jaxb-runtime\4.0.4\jaxb-runtime-4.0.4.jar;C:\Users\brken\.m2\repository\org\glassfish\jaxb\jaxb-core\4.0.4\jaxb-core-4.0.4.jar;C:\Users\brken\.m2\repository\org\eclipse\angus\angus-activation\2.0.1\angus-activation-2.0.1.jar;C:\Users\brken\.m2\repository\org\glassfish\jaxb\txw2\4.0.4\txw2-4.0.4.jar;C:\Users\brken\.m2\repository\com\sun\istack\istack-commons-runtime\4.1.2\istack-commons-runtime-4.1.2.jar;C:\Users\brken\.m2\repository\jakarta\inject\jakarta.inject-api\2.0.1\jakarta.inject-api-2.0.1.jar;C:\Users\brken\.m2\repository\org\antlr\antlr4-runtime\4.13.0\antlr4-runtime-4.13.0.jar;C:\Users\brken\.m2\repository\org\springframework\data\spring-data-jpa\3.2.3\spring-data-jpa-3.2.3.jar;C:\Users\brken\.m2\repository\org\springframework\data\spring-data-commons\3.2.3\spring-data-commons-3.2.3.jar;C:\Users\brken\.m2\repository\org\springframework\spring-orm\6.1.4\spring-orm-6.1.4.jar;C:\Users\brken\.m2\repository\org\springframework\spring-context\6.1.4\spring-context-6.1.4.jar;C:\Users\brken\.m2\repository\org\springframework\spring-tx\6.1.4\spring-tx-6.1.4.jar;C:\Users\brken\.m2\repository\org\springframework\spring-beans\6.1.4\spring-beans-6.1.4.jar;C:\Users\brken\.m2\repository\jakarta\annotation\jakarta.annotation-api\2.1.1\jakarta.annotation-api-2.1.1.jar;C:\Users\brken\.m2\repository\org\slf4j\slf4j-api\2.0.12\slf4j-api-2.0.12.jar;C:\Users\brken\.m2\repository\org\springframework\spring-aspects\6.1.4\spring-aspects-6.1.4.jar;C:\Users\brken\.m2\repository\org\springframework\boot\spring-boot-starter-security\3.2.3\spring-boot-starter-security-3.2.3.jar;C:\Users\brken\.m2\repository\org\springframework\boot\spring-boot-starter\3.2.3\spring-boot-starter-3.2.3.jar;C:\Users\brken\.m2\repository\org\springframework\boot\spring-boot\3.2.3\spring-boot-3.2.3.jar;C:\Users\brken\.m2\repository\org\springframework\boot\spring-boot-autoconfigure\3.2.3\spring-boot-autoconfigure-3.2.3.jar;C:\Users\brken\.m2\repository\org\springframework\boot\spring-boot-starter-logging\3.2.3\spring-boot-starter-logging-3.2.3.jar;C:\Users\brken\.m2\repository\ch\qos\logback\logback-classic\1.4.14\logback-classic-1.4.14.jar;C:\Users\brken\.m2\repository\ch\qos\logback\logback-core\1.4.14\logback-core-1.4.14.jar;C:\Users\brken\.m2\repository\org\apache\logging\log4j\log4j-to-slf4j\2.21.1\log4j-to-slf4j-2.21.1.jar;C:\Users\brken\.m2\repository\org\apache\logging\log4j\log4j-api\2.21.1\log4j-api-2.21.1.jar;C:\Users\brken\.m2\repository\org\slf4j\jul-to-slf4j\2.0.12\jul-to-slf4j-2.0.12.jar;C:\Users\brken\.m2\repository\org\yaml\snakeyaml\2.2\snakeyaml-2.2.jar;C:\Users\brken\.m2\repository\org\springframework\spring-aop\6.1.4\spring-aop-6.1.4.jar;C:\Users\brken\.m2\repository\org\springframework\security\spring-security-config\6.2.2\spring-security-config-6.2.2.jar;C:\Users\brken\.m2\repository\org\springframework\security\spring-security-web\6.2.2\spring-security-web-6.2.2.jar;C:\Users\brken\.m2\repository\org\springframework\spring-expression\6.1.4\spring-expression-6.1.4.jar;C:\Users\brken\.m2\repository\org\springframework\boot\spring-boot-starter-web\3.2.3\spring-boot-starter-web-3.2.3.jar;C:\Users\brken\.m2\repository\org\springframework\boot\spring-boot-starter-json\3.2.3\spring-boot-starter-json-3.2.3.jar;C:\Users\brken\.m2\repository\com\fasterxml\jackson\datatype\jackson-datatype-jdk8\2.15.4\jackson-datatype-jdk8-2.15.4.jar;C:\Users\brken\.m2\repository\com\fasterxml\jackson\datatype\jackson-datatype-jsr310\2.15.4\jackson-datatype-jsr310-2.15.4.jar;C:\Users\brken\.m2\repository\com\fasterxml\jackson\module\jackson-module-parameter-names\2.15.4\jackson-module-parameter-names-2.15.4.jar;C:\Users\brken\.m2\repository\org\springframework\boot\spring-boot-starter-tomcat\3.2.3\spring-boot-starter-tomcat-3.2.3.jar;C:\Users\brken\.m2\repository\org\apache\tomcat\embed\tomcat-embed-core\10.1.19\tomcat-embed-core-10.1.19.jar;C:\Users\brken\.m2\repository\org\apache\tomcat\embed\tomcat-embed-el\10.1.19\tomcat-embed-el-10.1.19.jar;C:\Users\brken\.m2\repository\org\apache\tomcat\embed\tomcat-embed-websocket\10.1.19\tomcat-embed-websocket-10.1.19.jar;C:\Users\brken\.m2\repository\org\springframework\spring-web\6.1.4\spring-web-6.1.4.jar;C:\Users\brken\.m2\repository\io\micrometer\micrometer-observation\1.12.3\micrometer-observation-1.12.3.jar;C:\Users\brken\.m2\repository\io\micrometer\micrometer-commons\1.12.3\micrometer-commons-1.12.3.jar;C:\Users\brken\.m2\repository\org\springframework\spring-webmvc\6.1.4\spring-webmvc-6.1.4.jar;C:\Users\brken\.m2\repository\com\mysql\mysql-connector-j\8.3.0\mysql-connector-j-8.3.0.jar;C:\Users\brken\.m2\repository\org\projectlombok\lombok\1.18.30\lombok-1.18.30.jar;C:\Users\brken\.m2\repository\org\springframework\boot\spring-boot-starter-test\3.2.3\spring-boot-starter-test-3.2.3.jar;C:\Users\brken\.m2\repository\org\springframework\boot\spring-boot-test\3.2.3\spring-boot-test-3.2.3.jar;C:\Users\brken\.m2\repository\org\springframework\boot\spring-boot-test-autoconfigure\3.2.3\spring-boot-test-autoconfigure-3.2.3.jar;C:\Users\brken\.m2\repository\com\jayway\jsonpath\json-path\2.9.0\json-path-2.9.0.jar;C:\Users\brken\.m2\repository\jakarta\xml\bind\jakarta.xml.bind-api\4.0.1\jakarta.xml.bind-api-4.0.1.jar;C:\Users\brken\.m2\repository\jakarta\activation\jakarta.activation-api\2.1.2\jakarta.activation-api-2.1.2.jar;C:\Users\brken\.m2\repository\net\minidev\json-smart\2.5.0\json-smart-2.5.0.jar;C:\Users\brken\.m2\repository\net\minidev\accessors-smart\2.5.0\accessors-smart-2.5.0.jar;C:\Users\brken\.m2\repository\org\ow2\asm\asm\9.3\asm-9.3.jar;C:\Users\brken\.m2\repository\org\assertj\assertj-core\3.24.2\assertj-core-3.24.2.jar;C:\Users\brken\.m2\repository\org\awaitility\awaitility\4.2.0\awaitility-4.2.0.jar;C:\Users\brken\.m2\repository\org\hamcrest\hamcrest\2.2\hamcrest-2.2.jar;C:\Users\brken\.m2\repository\org\junit\jupiter\junit-jupiter\5.10.2\junit-jupiter-5.10.2.jar;C:\Users\brken\.m2\repository\org\junit\jupiter\junit-jupiter-api\5.10.2\junit-jupiter-api-5.10.2.jar;C:\Users\brken\.m2\repository\org\opentest4j\opentest4j\1.3.0\opentest4j-1.3.0.jar;C:\Users\brken\.m2\repository\org\junit\platform\junit-platform-commons\1.10.2\junit-platform-commons-1.10.2.jar;C:\Users\brken\.m2\repository\org\apiguardian\apiguardian-api\1.1.2\apiguardian-api-1.1.2.jar;C:\Users\brken\.m2\repository\org\junit\jupiter\junit-jupiter-params\5.10.2\junit-jupiter-params-5.10.2.jar;C:\Users\brken\.m2\repository\org\junit\jupiter\junit-jupiter-engine\5.10.2\junit-jupiter-engine-5.10.2.jar;C:\Users\brken\.m2\repository\org\junit\platform\junit-platform-engine\1.10.2\junit-platform-engine-1.10.2.jar;C:\Users\brken\.m2\repository\org\mockito\mockito-core\5.7.0\mockito-core-5.7.0.jar;C:\Users\brken\.m2\repository\net\bytebuddy\byte-buddy-agent\1.14.12\byte-buddy-agent-1.14.12.jar;C:\Users\brken\.m2\repository\org\objenesis\objenesis\3.3\objenesis-3.3.jar;C:\Users\brken\.m2\repository\org\mockito\mockito-junit-jupiter\5.7.0\mockito-junit-jupiter-5.7.0.jar;C:\Users\brken\.m2\repository\org\skyscreamer\jsonassert\1.5.1\jsonassert-1.5.1.jar;C:\Users\brken\.m2\repository\com\vaadin\external\google\android-json\0.0.20131108.vaadin1\android-json-0.0.20131108.vaadin1.jar;C:\Users\brken\.m2\repository\org\springframework\spring-core\6.1.4\spring-core-6.1.4.jar;C:\Users\brken\.m2\repository\org\springframework\spring-jcl\6.1.4\spring-jcl-6.1.4.jar;C:\Users\brken\.m2\repository\org\springframework\spring-test\6.1.4\spring-test-6.1.4.jar;C:\Users\brken\.m2\repository\org\xmlunit\xmlunit-core\2.9.1\xmlunit-core-2.9.1.jar;C:\Users\brken\.m2\repository\org\springframework\security\spring-security-test\6.2.2\spring-security-test-6.2.2.jar;C:\Users\brken\.m2\repository\org\springframework\security\spring-security-core\6.2.2\spring-security-core-6.2.2.jar;C:\Users\brken\.m2\repository\org\springframework\security\spring-security-crypto\6.2.2\spring-security-crypto-6.2.2.jar;C:\Users\brken\.m2\repository\io\jsonwebtoken\jjwt-api\0.11.5\jjwt-api-0.11.5.jar;C:\Users\brken\.m2\repository\io\jsonwebtoken\jjwt-impl\0.11.5\jjwt-impl-0.11.5.jar;C:\Users\brken\.m2\repository\io\jsonwebtoken\jjwt-jackson\0.11.5\jjwt-jackson-0.11.5.jar;C:\Users\brken\.m2\repository\com\fasterxml\jackson\core\jackson-databind\2.15.4\jackson-databind-2.15.4.jar;C:\Users\brken\.m2\repository\com\fasterxml\jackson\core\jackson-annotations\2.15.4\jackson-annotations-2.15.4.jar;C:\Users\brken\.m2\repository\com\fasterxml\jackson\core\jackson-core\2.15.4\jackson-core-2.15.4.jar;"/>
    <property name="java.vm.vendor" value="Oracle Corporation"/>
    <property name="sun.arch.data.model" value="64"/>
    <property name="user.variant" value=""/>
    <property name="java.vendor.url" value="https://java.oracle.com/"/>
    <property name="user.timezone" value="Europe/Istanbul"/>
    <property name="org.jboss.logging.provider" value="slf4j"/>
    <property name="user.country.format" value="US"/>
    <property name="os.name" value="Windows 10"/>
    <property name="java.vm.specification.version" value="17"/>
    <property name="sun.java.launcher" value="SUN_STANDARD"/>
    <property name="user.country" value="TR"/>
    <property name="sun.boot.library.path" value="C:\Program Files\Java\jdk-17.0.2\bin"/>
    <property name="sun.java.command" value="C:\Users\brken\AppData\Local\Temp\surefire1625725264935584857\surefirebooter-20240607233445032_3.jar C:\Users\brken\AppData\Local\Temp\surefire1625725264935584857 2024-06-07T23-34-44_823-jvmRun1 surefire-20240607233445032_1tmp surefire_0-20240607233445032_2tmp"/>
    <property name="jdk.debug" value="release"/>
    <property name="surefire.test.class.path" value="C:\Users\brken\Desktop\DrugProject2\target\test-classes;C:\Users\brken\Desktop\DrugProject2\target\classes;C:\Users\brken\.m2\repository\org\springframework\boot\spring-boot-starter-data-jpa\3.2.3\spring-boot-starter-data-jpa-3.2.3.jar;C:\Users\brken\.m2\repository\org\springframework\boot\spring-boot-starter-aop\3.2.3\spring-boot-starter-aop-3.2.3.jar;C:\Users\brken\.m2\repository\org\aspectj\aspectjweaver\1.9.21\aspectjweaver-1.9.21.jar;C:\Users\brken\.m2\repository\org\springframework\boot\spring-boot-starter-jdbc\3.2.3\spring-boot-starter-jdbc-3.2.3.jar;C:\Users\brken\.m2\repository\com\zaxxer\HikariCP\5.0.1\HikariCP-5.0.1.jar;C:\Users\brken\.m2\repository\org\springframework\spring-jdbc\6.1.4\spring-jdbc-6.1.4.jar;C:\Users\brken\.m2\repository\org\hibernate\orm\hibernate-core\6.4.4.Final\hibernate-core-6.4.4.Final.jar;C:\Users\brken\.m2\repository\jakarta\persistence\jakarta.persistence-api\3.1.0\jakarta.persistence-api-3.1.0.jar;C:\Users\brken\.m2\repository\jakarta\transaction\jakarta.transaction-api\2.0.1\jakarta.transaction-api-2.0.1.jar;C:\Users\brken\.m2\repository\org\jboss\logging\jboss-logging\3.5.3.Final\jboss-logging-3.5.3.Final.jar;C:\Users\brken\.m2\repository\org\hibernate\common\hibernate-commons-annotations\6.0.6.Final\hibernate-commons-annotations-6.0.6.Final.jar;C:\Users\brken\.m2\repository\io\smallrye\jandex\3.1.2\jandex-3.1.2.jar;C:\Users\brken\.m2\repository\com\fasterxml\classmate\1.6.0\classmate-1.6.0.jar;C:\Users\brken\.m2\repository\net\bytebuddy\byte-buddy\1.14.12\byte-buddy-1.14.12.jar;C:\Users\brken\.m2\repository\org\glassfish\jaxb\jaxb-runtime\4.0.4\jaxb-runtime-4.0.4.jar;C:\Users\brken\.m2\repository\org\glassfish\jaxb\jaxb-core\4.0.4\jaxb-core-4.0.4.jar;C:\Users\brken\.m2\repository\org\eclipse\angus\angus-activation\2.0.1\angus-activation-2.0.1.jar;C:\Users\brken\.m2\repository\org\glassfish\jaxb\txw2\4.0.4\txw2-4.0.4.jar;C:\Users\brken\.m2\repository\com\sun\istack\istack-commons-runtime\4.1.2\istack-commons-runtime-4.1.2.jar;C:\Users\brken\.m2\repository\jakarta\inject\jakarta.inject-api\2.0.1\jakarta.inject-api-2.0.1.jar;C:\Users\brken\.m2\repository\org\antlr\antlr4-runtime\4.13.0\antlr4-runtime-4.13.0.jar;C:\Users\brken\.m2\repository\org\springframework\data\spring-data-jpa\3.2.3\spring-data-jpa-3.2.3.jar;C:\Users\brken\.m2\repository\org\springframework\data\spring-data-commons\3.2.3\spring-data-commons-3.2.3.jar;C:\Users\brken\.m2\repository\org\springframework\spring-orm\6.1.4\spring-orm-6.1.4.jar;C:\Users\brken\.m2\repository\org\springframework\spring-context\6.1.4\spring-context-6.1.4.jar;C:\Users\brken\.m2\repository\org\springframework\spring-tx\6.1.4\spring-tx-6.1.4.jar;C:\Users\brken\.m2\repository\org\springframework\spring-beans\6.1.4\spring-beans-6.1.4.jar;C:\Users\brken\.m2\repository\jakarta\annotation\jakarta.annotation-api\2.1.1\jakarta.annotation-api-2.1.1.jar;C:\Users\brken\.m2\repository\org\slf4j\slf4j-api\2.0.12\slf4j-api-2.0.12.jar;C:\Users\brken\.m2\repository\org\springframework\spring-aspects\6.1.4\spring-aspects-6.1.4.jar;C:\Users\brken\.m2\repository\org\springframework\boot\spring-boot-starter-security\3.2.3\spring-boot-starter-security-3.2.3.jar;C:\Users\brken\.m2\repository\org\springframework\boot\spring-boot-starter\3.2.3\spring-boot-starter-3.2.3.jar;C:\Users\brken\.m2\repository\org\springframework\boot\spring-boot\3.2.3\spring-boot-3.2.3.jar;C:\Users\brken\.m2\repository\org\springframework\boot\spring-boot-autoconfigure\3.2.3\spring-boot-autoconfigure-3.2.3.jar;C:\Users\brken\.m2\repository\org\springframework\boot\spring-boot-starter-logging\3.2.3\spring-boot-starter-logging-3.2.3.jar;C:\Users\brken\.m2\repository\ch\qos\logback\logback-classic\1.4.14\logback-classic-1.4.14.jar;C:\Users\brken\.m2\repository\ch\qos\logback\logback-core\1.4.14\logback-core-1.4.14.jar;C:\Users\brken\.m2\repository\org\apache\logging\log4j\log4j-to-slf4j\2.21.1\log4j-to-slf4j-2.21.1.jar;C:\Users\brken\.m2\repository\org\apache\logging\log4j\log4j-api\2.21.1\log4j-api-2.21.1.jar;C:\Users\brken\.m2\repository\org\slf4j\jul-to-slf4j\2.0.12\jul-to-slf4j-2.0.12.jar;C:\Users\brken\.m2\repository\org\yaml\snakeyaml\2.2\snakeyaml-2.2.jar;C:\Users\brken\.m2\repository\org\springframework\spring-aop\6.1.4\spring-aop-6.1.4.jar;C:\Users\brken\.m2\repository\org\springframework\security\spring-security-config\6.2.2\spring-security-config-6.2.2.jar;C:\Users\brken\.m2\repository\org\springframework\security\spring-security-web\6.2.2\spring-security-web-6.2.2.jar;C:\Users\brken\.m2\repository\org\springframework\spring-expression\6.1.4\spring-expression-6.1.4.jar;C:\Users\brken\.m2\repository\org\springframework\boot\spring-boot-starter-web\3.2.3\spring-boot-starter-web-3.2.3.jar;C:\Users\brken\.m2\repository\org\springframework\boot\spring-boot-starter-json\3.2.3\spring-boot-starter-json-3.2.3.jar;C:\Users\brken\.m2\repository\com\fasterxml\jackson\datatype\jackson-datatype-jdk8\2.15.4\jackson-datatype-jdk8-2.15.4.jar;C:\Users\brken\.m2\repository\com\fasterxml\jackson\datatype\jackson-datatype-jsr310\2.15.4\jackson-datatype-jsr310-2.15.4.jar;C:\Users\brken\.m2\repository\com\fasterxml\jackson\module\jackson-module-parameter-names\2.15.4\jackson-module-parameter-names-2.15.4.jar;C:\Users\brken\.m2\repository\org\springframework\boot\spring-boot-starter-tomcat\3.2.3\spring-boot-starter-tomcat-3.2.3.jar;C:\Users\brken\.m2\repository\org\apache\tomcat\embed\tomcat-embed-core\10.1.19\tomcat-embed-core-10.1.19.jar;C:\Users\brken\.m2\repository\org\apache\tomcat\embed\tomcat-embed-el\10.1.19\tomcat-embed-el-10.1.19.jar;C:\Users\brken\.m2\repository\org\apache\tomcat\embed\tomcat-embed-websocket\10.1.19\tomcat-embed-websocket-10.1.19.jar;C:\Users\brken\.m2\repository\org\springframework\spring-web\6.1.4\spring-web-6.1.4.jar;C:\Users\brken\.m2\repository\io\micrometer\micrometer-observation\1.12.3\micrometer-observation-1.12.3.jar;C:\Users\brken\.m2\repository\io\micrometer\micrometer-commons\1.12.3\micrometer-commons-1.12.3.jar;C:\Users\brken\.m2\repository\org\springframework\spring-webmvc\6.1.4\spring-webmvc-6.1.4.jar;C:\Users\brken\.m2\repository\com\mysql\mysql-connector-j\8.3.0\mysql-connector-j-8.3.0.jar;C:\Users\brken\.m2\repository\org\projectlombok\lombok\1.18.30\lombok-1.18.30.jar;C:\Users\brken\.m2\repository\org\springframework\boot\spring-boot-starter-test\3.2.3\spring-boot-starter-test-3.2.3.jar;C:\Users\brken\.m2\repository\org\springframework\boot\spring-boot-test\3.2.3\spring-boot-test-3.2.3.jar;C:\Users\brken\.m2\repository\org\springframework\boot\spring-boot-test-autoconfigure\3.2.3\spring-boot-test-autoconfigure-3.2.3.jar;C:\Users\brken\.m2\repository\com\jayway\jsonpath\json-path\2.9.0\json-path-2.9.0.jar;C:\Users\brken\.m2\repository\jakarta\xml\bind\jakarta.xml.bind-api\4.0.1\jakarta.xml.bind-api-4.0.1.jar;C:\Users\brken\.m2\repository\jakarta\activation\jakarta.activation-api\2.1.2\jakarta.activation-api-2.1.2.jar;C:\Users\brken\.m2\repository\net\minidev\json-smart\2.5.0\json-smart-2.5.0.jar;C:\Users\brken\.m2\repository\net\minidev\accessors-smart\2.5.0\accessors-smart-2.5.0.jar;C:\Users\brken\.m2\repository\org\ow2\asm\asm\9.3\asm-9.3.jar;C:\Users\brken\.m2\repository\org\assertj\assertj-core\3.24.2\assertj-core-3.24.2.jar;C:\Users\brken\.m2\repository\org\awaitility\awaitility\4.2.0\awaitility-4.2.0.jar;C:\Users\brken\.m2\repository\org\hamcrest\hamcrest\2.2\hamcrest-2.2.jar;C:\Users\brken\.m2\repository\org\junit\jupiter\junit-jupiter\5.10.2\junit-jupiter-5.10.2.jar;C:\Users\brken\.m2\repository\org\junit\jupiter\junit-jupiter-api\5.10.2\junit-jupiter-api-5.10.2.jar;C:\Users\brken\.m2\repository\org\opentest4j\opentest4j\1.3.0\opentest4j-1.3.0.jar;C:\Users\brken\.m2\repository\org\junit\platform\junit-platform-commons\1.10.2\junit-platform-commons-1.10.2.jar;C:\Users\brken\.m2\repository\org\apiguardian\apiguardian-api\1.1.2\apiguardian-api-1.1.2.jar;C:\Users\brken\.m2\repository\org\junit\jupiter\junit-jupiter-params\5.10.2\junit-jupiter-params-5.10.2.jar;C:\Users\brken\.m2\repository\org\junit\jupiter\junit-jupiter-engine\5.10.2\junit-jupiter-engine-5.10.2.jar;C:\Users\brken\.m2\repository\org\junit\platform\junit-platform-engine\1.10.2\junit-platform-engine-1.10.2.jar;C:\Users\brken\.m2\repository\org\mockito\mockito-core\5.7.0\mockito-core-5.7.0.jar;C:\Users\brken\.m2\repository\net\bytebuddy\byte-buddy-agent\1.14.12\byte-buddy-agent-1.14.12.jar;C:\Users\brken\.m2\repository\org\objenesis\objenesis\3.3\objenesis-3.3.jar;C:\Users\brken\.m2\repository\org\mockito\mockito-junit-jupiter\5.7.0\mockito-junit-jupiter-5.7.0.jar;C:\Users\brken\.m2\repository\org\skyscreamer\jsonassert\1.5.1\jsonassert-1.5.1.jar;C:\Users\brken\.m2\repository\com\vaadin\external\google\android-json\0.0.20131108.vaadin1\android-json-0.0.20131108.vaadin1.jar;C:\Users\brken\.m2\repository\org\springframework\spring-core\6.1.4\spring-core-6.1.4.jar;C:\Users\brken\.m2\repository\org\springframework\spring-jcl\6.1.4\spring-jcl-6.1.4.jar;C:\Users\brken\.m2\repository\org\springframework\spring-test\6.1.4\spring-test-6.1.4.jar;C:\Users\brken\.m2\repository\org\xmlunit\xmlunit-core\2.9.1\xmlunit-core-2.9.1.jar;C:\Users\brken\.m2\repository\org\springframework\security\spring-security-test\6.2.2\spring-security-test-6.2.2.jar;C:\Users\brken\.m2\repository\org\springframework\security\spring-security-core\6.2.2\spring-security-core-6.2.2.jar;C:\Users\brken\.m2\repository\org\springframework\security\spring-security-crypto\6.2.2\spring-security-crypto-6.2.2.jar;C:\Users\brken\.m2\repository\io\jsonwebtoken\jjwt-api\0.11.5\jjwt-api-0.11.5.jar;C:\Users\brken\.m2\repository\io\jsonwebtoken\jjwt-impl\0.11.5\jjwt-impl-0.11.5.jar;C:\Users\brken\.m2\repository\io\jsonwebtoken\jjwt-jackson\0.11.5\jjwt-jackson-0.11.5.jar;C:\Users\brken\.m2\repository\com\fasterxml\jackson\core\jackson-databind\2.15.4\jackson-databind-2.15.4.jar;C:\Users\brken\.m2\repository\com\fasterxml\jackson\core\jackson-annotations\2.15.4\jackson-annotations-2.15.4.jar;C:\Users\brken\.m2\repository\com\fasterxml\jackson\core\jackson-core\2.15.4\jackson-core-2.15.4.jar;"/>
    <property name="sun.cpu.endian" value="little"/>
    <property name="user.home" value="C:\Users\brken"/>
    <property name="user.language" value="tr"/>
    <property name="java.specification.vendor" value="Oracle Corporation"/>
    <property name="java.version.date" value="2022-01-18"/>
    <property name="java.home" value="C:\Program Files\Java\jdk-17.0.2"/>
    <property name="file.separator" value="\"/>
    <property name="basedir" value="C:\Users\brken\Desktop\DrugProject2"/>
    <property name="java.vm.compressedOopsMode" value="Zero based"/>
    <property name="line.separator" value="&#10;"/>
    <property name="java.vm.specification.vendor" value="Oracle Corporation"/>
    <property name="java.specification.name" value="Java Platform API Specification"/>
    <property name="FILE_LOG_CHARSET" value="windows-1254"/>
    <property name="java.awt.headless" value="true"/>
    <property name="surefire.real.class.path" value="C:\Users\brken\AppData\Local\Temp\surefire1625725264935584857\surefirebooter-20240607233445032_3.jar"/>
    <property name="user.script" value=""/>
    <property name="sun.management.compiler" value="HotSpot 64-Bit Tiered Compilers"/>
    <property name="java.runtime.version" value="17.0.2+8-LTS-86"/>
    <property name="user.name" value="brken"/>
    <property name="path.separator" value=";"/>
    <property name="os.version" value="10.0"/>
    <property name="java.runtime.name" value="Java(TM) SE Runtime Environment"/>
    <property name="file.encoding" value="Cp1254"/>
    <property name="java.vm.name" value="Java HotSpot(TM) 64-Bit Server VM"/>
    <property name="localRepository" value="C:\Users\brken\.m2\repository"/>
    <property name="java.vendor.url.bug" value="https://bugreport.java.com/bugreport/"/>
    <property name="java.io.tmpdir" value="C:\Users\brken\AppData\Local\Temp\"/>
    <property name="com.zaxxer.hikari.pool_number" value="1"/>
    <property name="java.version" value="17.0.2"/>
    <property name="user.dir" value="C:\Users\brken\Desktop\DrugProject2"/>
    <property name="os.arch" value="amd64"/>
    <property name="java.vm.specification.name" value="Java Virtual Machine Specification"/>
    <property name="PID" value="22132"/>
    <property name="user.language.format" value="en"/>
    <property name="sun.os.patch.level" value=""/>
    <property name="CONSOLE_LOG_CHARSET" value="windows-1254"/>
    <property name="native.encoding" value="Cp1254"/>
    <property name="java.library.path" value="C:\Program Files\Java\jdk-17.0.2\bin;C:\WINDOWS\Sun\Java\bin;C:\WINDOWS\system32;C:\WINDOWS;C:\Python311\Scripts\;C:\Python311\;C:\Program Files\Common Files\Oracle\Java\javapath;C:\WINDOWS\system32;C:\WINDOWS;C:\WINDOWS\System32\Wbem;C:\WINDOWS\System32\WindowsPowerShell\v1.0\;C:\WINDOWS\System32\OpenSSH\;C:\Program Files\mingw-w64\x86_64-8.1.0-posix-seh-rt_v6-rev0\mingw64\bin;C:\Program Files\Java\jdk-17.0.2\bin;C:\Program Files\dotnet\;C:\Program Files\Git\cmd;C:\Program Files (x86)\Microsoft SQL Server\150\DTS\Binn\;C:\Program Files\Azure Data Studio\bin;C:\Program Files\Microsoft SQL Server\Client SDK\ODBC\170\Tools\Binn\;C:\Program Files (x86)\Microsoft SQL Server\150\Tools\Binn\;C:\Program Files\Microsoft SQL Server\150\Tools\Binn\;C:\Program Files\Microsoft SQL Server\150\DTS\Binn\;C:\Program Files\Java\jdk-17.0.2\bin;C:\Program Files\apache-maven-3.8.7\bin;C:\Users\brken\AppData\Roaming\npm;C:\Users\brken\AppData\Roaming\npm\node_modules\http-server;C:\Program Files\MySQL\MySQL Server 8.0\bin;C:\ProgramData\chocolatey\bin;C:\HashiCorp\Vagrant\bin;C:\Program Files\Docker\Docker\resources\bin;C:\Program Files\nodejs\;C:\Program Files (x86)\NetSarang\Xshell 7\;C:\Program Files (x86)\NetSarang\Xftp 7\;C:\Program Files\apache-maven-3.8.7\bin;C:\Program Files\MySQL\MySQL Shell 8.0\bin\;C:\Users\brken\AppData\Local\Microsoft\WindowsApps;C:\Users\brken\.dotnet\tools;C:\Users\brken\AppData\Local\Programs\Microsoft VS Code\bin;C:\Users\brken\AppData\Local\GitHubDesktop\bin;C:\Program Files\Azure Data Studio\bin;C:\Users\brken\AppData\Local\Pandoc\;C:\Program Files\apache-maven-3.8.7\bin;C:\Users\brken\AppData\Roaming\npm;."/>
    <property name="java.vm.info" value="mixed mode, sharing"/>
    <property name="java.vendor" value="Oracle Corporation"/>
    <property name="java.vm.version" value="17.0.2+8-LTS-86"/>
    <property name="sun.io.unicode.encoding" value="UnicodeLittle"/>
    <property name="java.class.version" value="61.0"/>
  </properties>
  <testcase name="contextLoads" classname="com.crackit.SpringSecurityJWT.SpringSecurityJwtApplicationTests" time="0.672">
    <system-out><![CDATA[23:34:46.441 [main] INFO org.springframework.test.context.support.AnnotationConfigContextLoaderUtils -- Could not detect default configuration classes for test class [com.crackit.SpringSecurityJWT.SpringSecurityJwtApplicationTests]: SpringSecurityJwtApplicationTests does not declare any static, non-private, non-final, nested classes annotated with @Configuration.
23:34:46.692 [main] INFO org.springframework.boot.test.context.SpringBootTestContextBootstrapper -- Found @SpringBootConfiguration com.crackit.SpringSecurityJWT.SpringSecurityJwtApplication for test class com.crackit.SpringSecurityJWT.SpringSecurityJwtApplicationTests

  .   ____          _            __ _ _
 /\\ / ___'_ __ _ _(_)_ __  __ _ \ \ \ \
( ( )\___ | '_ | '_| | '_ \/ _` | \ \ \ \
 \\/  ___)| |_)| | | | | || (_| |  ) ) ) )
  '  |____| .__|_| |_|_| |_\__, | / / / /
 =========|_|==============|___/=/_/_/_/
 :: Spring Boot ::                (v3.2.3)

2024-06-07T23:34:47.515+03:00  INFO 22132 --- [           main] c.c.S.SpringSecurityJwtApplicationTests  : Starting SpringSecurityJwtApplicationTests using Java 17.0.2 with PID 22132 (started by brken in C:\Users\brken\Desktop\DrugProject2)
2024-06-07T23:34:47.517+03:00  INFO 22132 --- [           main] c.c.S.SpringSecurityJwtApplicationTests  : No active profile set, falling back to 1 default profile: "default"
2024-06-07T23:34:48.823+03:00  INFO 22132 --- [           main] .s.d.r.c.RepositoryConfigurationDelegate : Bootstrapping Spring Data JPA repositories in DEFAULT mode.
2024-06-07T23:34:48.938+03:00  INFO 22132 --- [           main] .s.d.r.c.RepositoryConfigurationDelegate : Finished Spring Data repository scanning in 96 ms. Found 3 JPA repository interfaces.
2024-06-07T23:34:49.788+03:00  INFO 22132 --- [           main] o.hibernate.jpa.internal.util.LogHelper  : HHH000204: Processing PersistenceUnitInfo [name: default]
2024-06-07T23:34:49.945+03:00  INFO 22132 --- [           main] org.hibernate.Version                    : HHH000412: Hibernate ORM core version 6.4.4.Final
2024-06-07T23:34:50.024+03:00  INFO 22132 --- [           main] o.h.c.internal.RegionFactoryInitiator    : HHH000026: Second-level cache disabled
2024-06-07T23:34:50.213+03:00 DEBUG 22132 --- [           main] org.hibernate.type.BasicTypeRegistry     : Adding type registration boolean -> org.hibernate.type.BasicTypeReference@6486fe7b
2024-06-07T23:34:50.214+03:00 DEBUG 22132 --- [           main] org.hibernate.type.BasicTypeRegistry     : Adding type registration boolean -> org.hibernate.type.BasicTypeReference@6486fe7b
2024-06-07T23:34:50.214+03:00 DEBUG 22132 --- [           main] org.hibernate.type.BasicTypeRegistry     : Adding type registration java.lang.Boolean -> org.hibernate.type.BasicTypeReference@6486fe7b
2024-06-07T23:34:50.214+03:00 DEBUG 22132 --- [           main] org.hibernate.type.BasicTypeRegistry     : Adding type registration numeric_boolean -> org.hibernate.type.BasicTypeReference@511da44f
2024-06-07T23:34:50.214+03:00 DEBUG 22132 --- [           main] org.hibernate.type.BasicTypeRegistry     : Adding type registration org.hibernate.type.NumericBooleanConverter -> org.hibernate.type.BasicTypeReference@511da44f
2024-06-07T23:34:50.214+03:00 DEBUG 22132 --- [           main] org.hibernate.type.BasicTypeRegistry     : Adding type registration true_false -> org.hibernate.type.BasicTypeReference@4645679e
2024-06-07T23:34:50.214+03:00 DEBUG 22132 --- [           main] org.hibernate.type.BasicTypeRegistry     : Adding type registration org.hibernate.type.TrueFalseConverter -> org.hibernate.type.BasicTypeReference@4645679e
2024-06-07T23:34:50.214+03:00 DEBUG 22132 --- [           main] org.hibernate.type.BasicTypeRegistry     : Adding type registration yes_no -> org.hibernate.type.BasicTypeReference@3a0b6a
2024-06-07T23:34:50.214+03:00 DEBUG 22132 --- [           main] org.hibernate.type.BasicTypeRegistry     : Adding type registration org.hibernate.type.YesNoConverter -> org.hibernate.type.BasicTypeReference@3a0b6a
2024-06-07T23:34:50.215+03:00 DEBUG 22132 --- [           main] org.hibernate.type.BasicTypeRegistry     : Adding type registration byte -> org.hibernate.type.BasicTypeReference@539c4830
2024-06-07T23:34:50.215+03:00 DEBUG 22132 --- [           main] org.hibernate.type.BasicTypeRegistry     : Adding type registration byte -> org.hibernate.type.BasicTypeReference@539c4830
2024-06-07T23:34:50.215+03:00 DEBUG 22132 --- [           main] org.hibernate.type.BasicTypeRegistry     : Adding type registration java.lang.Byte -> org.hibernate.type.BasicTypeReference@539c4830
2024-06-07T23:34:50.215+03:00 DEBUG 22132 --- [           main] org.hibernate.type.BasicTypeRegistry     : Adding type registration binary -> org.hibernate.type.BasicTypeReference@6f1fa1d0
2024-06-07T23:34:50.215+03:00 DEBUG 22132 --- [           main] org.hibernate.type.BasicTypeRegistry     : Adding type registration byte[] -> org.hibernate.type.BasicTypeReference@6f1fa1d0
2024-06-07T23:34:50.216+03:00 DEBUG 22132 --- [           main] org.hibernate.type.BasicTypeRegistry     : Adding type registration [B -> org.hibernate.type.BasicTypeReference@6f1fa1d0
2024-06-07T23:34:50.216+03:00 DEBUG 22132 --- [           main] org.hibernate.type.BasicTypeRegistry     : Adding type registration binary_wrapper -> org.hibernate.type.BasicTypeReference@63d677f5
2024-06-07T23:34:50.216+03:00 DEBUG 22132 --- [           main] org.hibernate.type.BasicTypeRegistry     : Adding type registration wrapper-binary -> org.hibernate.type.BasicTypeReference@63d677f5
2024-06-07T23:34:50.216+03:00 DEBUG 22132 --- [           main] org.hibernate.type.BasicTypeRegistry     : Adding type registration image -> org.hibernate.type.BasicTypeReference@71d55b7e
2024-06-07T23:34:50.216+03:00 DEBUG 22132 --- [           main] org.hibernate.type.BasicTypeRegistry     : Adding type registration blob -> org.hibernate.type.BasicTypeReference@2997ddfc
2024-06-07T23:34:50.216+03:00 DEBUG 22132 --- [           main] org.hibernate.type.BasicTypeRegistry     : Adding type registration java.sql.Blob -> org.hibernate.type.BasicTypeReference@2997ddfc
2024-06-07T23:34:50.216+03:00 DEBUG 22132 --- [           main] org.hibernate.type.BasicTypeRegistry     : Adding type registration materialized_blob -> org.hibernate.type.BasicTypeReference@28ee882c
2024-06-07T23:34:50.216+03:00 DEBUG 22132 --- [           main] org.hibernate.type.BasicTypeRegistry     : Adding type registration materialized_blob_wrapper -> org.hibernate.type.BasicTypeReference@78d73b1b
2024-06-07T23:34:50.216+03:00 DEBUG 22132 --- [           main] org.hibernate.type.BasicTypeRegistry     : Adding type registration short -> org.hibernate.type.BasicTypeReference@238291d4
2024-06-07T23:34:50.217+03:00 DEBUG 22132 --- [           main] org.hibernate.type.BasicTypeRegistry     : Adding type registration short -> org.hibernate.type.BasicTypeReference@238291d4
2024-06-07T23:34:50.217+03:00 DEBUG 22132 --- [           main] org.hibernate.type.BasicTypeRegistry     : Adding type registration java.lang.Short -> org.hibernate.type.BasicTypeReference@238291d4
2024-06-07T23:34:50.217+03:00 DEBUG 22132 --- [           main] org.hibernate.type.BasicTypeRegistry     : Adding type registration integer -> org.hibernate.type.BasicTypeReference@34edd065
2024-06-07T23:34:50.217+03:00 DEBUG 22132 --- [           main] org.hibernate.type.BasicTypeRegistry     : Adding type registration int -> org.hibernate.type.BasicTypeReference@34edd065
2024-06-07T23:34:50.217+03:00 DEBUG 22132 --- [           main] org.hibernate.type.BasicTypeRegistry     : Adding type registration java.lang.Integer -> org.hibernate.type.BasicTypeReference@34edd065
2024-06-07T23:34:50.217+03:00 DEBUG 22132 --- [           main] org.hibernate.type.BasicTypeRegistry     : Adding type registration long -> org.hibernate.type.BasicTypeReference@681e913c
2024-06-07T23:34:50.217+03:00 DEBUG 22132 --- [           main] org.hibernate.type.BasicTypeRegistry     : Adding type registration long -> org.hibernate.type.BasicTypeReference@681e913c
2024-06-07T23:34:50.217+03:00 DEBUG 22132 --- [           main] org.hibernate.type.BasicTypeRegistry     : Adding type registration java.lang.Long -> org.hibernate.type.BasicTypeReference@681e913c
2024-06-07T23:34:50.217+03:00 DEBUG 22132 --- [           main] org.hibernate.type.BasicTypeRegistry     : Adding type registration float -> org.hibernate.type.BasicTypeReference@29d070c7
2024-06-07T23:34:50.217+03:00 DEBUG 22132 --- [           main] org.hibernate.type.BasicTypeRegistry     : Adding type registration float -> org.hibernate.type.BasicTypeReference@29d070c7
2024-06-07T23:34:50.218+03:00 DEBUG 22132 --- [           main] org.hibernate.type.BasicTypeRegistry     : Adding type registration java.lang.Float -> org.hibernate.type.BasicTypeReference@29d070c7
2024-06-07T23:34:50.218+03:00 DEBUG 22132 --- [           main] org.hibernate.type.BasicTypeRegistry     : Adding type registration double -> org.hibernate.type.BasicTypeReference@1eeb5818
2024-06-07T23:34:50.218+03:00 DEBUG 22132 --- [           main] org.hibernate.type.BasicTypeRegistry     : Adding type registration double -> org.hibernate.type.BasicTypeReference@1eeb5818
2024-06-07T23:34:50.218+03:00 DEBUG 22132 --- [           main] org.hibernate.type.BasicTypeRegistry     : Adding type registration java.lang.Double -> org.hibernate.type.BasicTypeReference@1eeb5818
2024-06-07T23:34:50.218+03:00 DEBUG 22132 --- [           main] org.hibernate.type.BasicTypeRegistry     : Adding type registration big_integer -> org.hibernate.type.BasicTypeReference@44dfdd58
2024-06-07T23:34:50.218+03:00 DEBUG 22132 --- [           main] org.hibernate.type.BasicTypeRegistry     : Adding type registration java.math.BigInteger -> org.hibernate.type.BasicTypeReference@44dfdd58
2024-06-07T23:34:50.218+03:00 DEBUG 22132 --- [           main] org.hibernate.type.BasicTypeRegistry     : Adding type registration big_decimal -> org.hibernate.type.BasicTypeReference@58d4238e
2024-06-07T23:34:50.218+03:00 DEBUG 22132 --- [           main] org.hibernate.type.BasicTypeRegistry     : Adding type registration java.math.BigDecimal -> org.hibernate.type.BasicTypeReference@58d4238e
2024-06-07T23:34:50.218+03:00 DEBUG 22132 --- [           main] org.hibernate.type.BasicTypeRegistry     : Adding type registration character -> org.hibernate.type.BasicTypeReference@72a8361b
2024-06-07T23:34:50.219+03:00 DEBUG 22132 --- [           main] org.hibernate.type.BasicTypeRegistry     : Adding type registration char -> org.hibernate.type.BasicTypeReference@72a8361b
2024-06-07T23:34:50.219+03:00 DEBUG 22132 --- [           main] org.hibernate.type.BasicTypeRegistry     : Adding type registration java.lang.Character -> org.hibernate.type.BasicTypeReference@72a8361b
2024-06-07T23:34:50.219+03:00 DEBUG 22132 --- [           main] org.hibernate.type.BasicTypeRegistry     : Adding type registration character_nchar -> org.hibernate.type.BasicTypeReference@36478bce
2024-06-07T23:34:50.219+03:00 DEBUG 22132 --- [           main] org.hibernate.type.BasicTypeRegistry     : Adding type registration string -> org.hibernate.type.BasicTypeReference@c48b543
2024-06-07T23:34:50.219+03:00 DEBUG 22132 --- [           main] org.hibernate.type.BasicTypeRegistry     : Adding type registration java.lang.String -> org.hibernate.type.BasicTypeReference@c48b543
2024-06-07T23:34:50.219+03:00 DEBUG 22132 --- [           main] org.hibernate.type.BasicTypeRegistry     : Adding type registration nstring -> org.hibernate.type.BasicTypeReference@75793f17
2024-06-07T23:34:50.219+03:00 DEBUG 22132 --- [           main] org.hibernate.type.BasicTypeRegistry     : Adding type registration characters -> org.hibernate.type.BasicTypeReference@4652c74d
2024-06-07T23:34:50.219+03:00 DEBUG 22132 --- [           main] org.hibernate.type.BasicTypeRegistry     : Adding type registration char[] -> org.hibernate.type.BasicTypeReference@4652c74d
2024-06-07T23:34:50.219+03:00 DEBUG 22132 --- [           main] org.hibernate.type.BasicTypeRegistry     : Adding type registration [C -> org.hibernate.type.BasicTypeReference@4652c74d
2024-06-07T23:34:50.219+03:00 DEBUG 22132 --- [           main] org.hibernate.type.BasicTypeRegistry     : Adding type registration wrapper-characters -> org.hibernate.type.BasicTypeReference@4cc12db2
2024-06-07T23:34:50.220+03:00 DEBUG 22132 --- [           main] org.hibernate.type.BasicTypeRegistry     : Adding type registration text -> org.hibernate.type.BasicTypeReference@5ea7bc4
2024-06-07T23:34:50.220+03:00 DEBUG 22132 --- [           main] org.hibernate.type.BasicTypeRegistry     : Adding type registration ntext -> org.hibernate.type.BasicTypeReference@39d77de9
2024-06-07T23:34:50.220+03:00 DEBUG 22132 --- [           main] org.hibernate.type.BasicTypeRegistry     : Adding type registration clob -> org.hibernate.type.BasicTypeReference@696fad31
2024-06-07T23:34:50.220+03:00 DEBUG 22132 --- [           main] org.hibernate.type.BasicTypeRegistry     : Adding type registration java.sql.Clob -> org.hibernate.type.BasicTypeReference@696fad31
2024-06-07T23:34:50.220+03:00 DEBUG 22132 --- [           main] org.hibernate.type.BasicTypeRegistry     : Adding type registration nclob -> org.hibernate.type.BasicTypeReference@2c06b113
2024-06-07T23:34:50.220+03:00 DEBUG 22132 --- [           main] org.hibernate.type.BasicTypeRegistry     : Adding type registration java.sql.NClob -> org.hibernate.type.BasicTypeReference@2c06b113
2024-06-07T23:34:50.220+03:00 DEBUG 22132 --- [           main] org.hibernate.type.BasicTypeRegistry     : Adding type registration materialized_clob -> org.hibernate.type.BasicTypeReference@7a64cb0c
2024-06-07T23:34:50.220+03:00 DEBUG 22132 --- [           main] org.hibernate.type.BasicTypeRegistry     : Adding type registration materialized_clob_char_array -> org.hibernate.type.BasicTypeReference@785ed99c
2024-06-07T23:34:50.220+03:00 DEBUG 22132 --- [           main] org.hibernate.type.BasicTypeRegistry     : Adding type registration materialized_clob_character_array -> org.hibernate.type.BasicTypeReference@6c4ce583
2024-06-07T23:34:50.220+03:00 DEBUG 22132 --- [           main] org.hibernate.type.BasicTypeRegistry     : Adding type registration materialized_nclob -> org.hibernate.type.BasicTypeReference@755b5f30
2024-06-07T23:34:50.221+03:00 DEBUG 22132 --- [           main] org.hibernate.type.BasicTypeRegistry     : Adding type registration materialized_nclob_character_array -> org.hibernate.type.BasicTypeReference@29bbc63c
2024-06-07T23:34:50.221+03:00 DEBUG 22132 --- [           main] org.hibernate.type.BasicTypeRegistry     : Adding type registration materialized_nclob_char_array -> org.hibernate.type.BasicTypeReference@272778ae
2024-06-07T23:34:50.221+03:00 DEBUG 22132 --- [           main] org.hibernate.type.BasicTypeRegistry     : Adding type registration Duration -> org.hibernate.type.BasicTypeReference@2cccf134
2024-06-07T23:34:50.221+03:00 DEBUG 22132 --- [           main] org.hibernate.type.BasicTypeRegistry     : Adding type registration java.time.Duration -> org.hibernate.type.BasicTypeReference@2cccf134
2024-06-07T23:34:50.221+03:00 DEBUG 22132 --- [           main] org.hibernate.type.BasicTypeRegistry     : Adding type registration LocalDateTime -> org.hibernate.type.BasicTypeReference@3c18942
2024-06-07T23:34:50.221+03:00 DEBUG 22132 --- [           main] org.hibernate.type.BasicTypeRegistry     : Adding type registration java.time.LocalDateTime -> org.hibernate.type.BasicTypeReference@3c18942
2024-06-07T23:34:50.221+03:00 DEBUG 22132 --- [           main] org.hibernate.type.BasicTypeRegistry     : Adding type registration LocalDate -> org.hibernate.type.BasicTypeReference@743c3520
2024-06-07T23:34:50.221+03:00 DEBUG 22132 --- [           main] org.hibernate.type.BasicTypeRegistry     : Adding type registration java.time.LocalDate -> org.hibernate.type.BasicTypeReference@743c3520
2024-06-07T23:34:50.221+03:00 DEBUG 22132 --- [           main] org.hibernate.type.BasicTypeRegistry     : Adding type registration LocalTime -> org.hibernate.type.BasicTypeReference@6842c101
2024-06-07T23:34:50.221+03:00 DEBUG 22132 --- [           main] org.hibernate.type.BasicTypeRegistry     : Adding type registration java.time.LocalTime -> org.hibernate.type.BasicTypeReference@6842c101
2024-06-07T23:34:50.222+03:00 DEBUG 22132 --- [           main] org.hibernate.type.BasicTypeRegistry     : Adding type registration OffsetDateTime -> org.hibernate.type.BasicTypeReference@234cd86c
2024-06-07T23:34:50.222+03:00 DEBUG 22132 --- [           main] org.hibernate.type.BasicTypeRegistry     : Adding type registration java.time.OffsetDateTime -> org.hibernate.type.BasicTypeReference@234cd86c
2024-06-07T23:34:50.222+03:00 DEBUG 22132 --- [           main] org.hibernate.type.BasicTypeRegistry     : Adding type registration OffsetDateTimeWithTimezone -> org.hibernate.type.BasicTypeReference@2c48cede
2024-06-07T23:34:50.222+03:00 DEBUG 22132 --- [           main] org.hibernate.type.BasicTypeRegistry     : Adding type registration OffsetDateTimeWithoutTimezone -> org.hibernate.type.BasicTypeReference@39c87b42
2024-06-07T23:34:50.222+03:00 DEBUG 22132 --- [           main] org.hibernate.type.BasicTypeRegistry     : Adding type registration OffsetTime -> org.hibernate.type.BasicTypeReference@47fcefb3
2024-06-07T23:34:50.222+03:00 DEBUG 22132 --- [           main] org.hibernate.type.BasicTypeRegistry     : Adding type registration java.time.OffsetTime -> org.hibernate.type.BasicTypeReference@47fcefb3
2024-06-07T23:34:50.222+03:00 DEBUG 22132 --- [           main] org.hibernate.type.BasicTypeRegistry     : Adding type registration OffsetTimeUtc -> org.hibernate.type.BasicTypeReference@236c098
2024-06-07T23:34:50.222+03:00 DEBUG 22132 --- [           main] org.hibernate.type.BasicTypeRegistry     : Adding type registration OffsetTimeWithTimezone -> org.hibernate.type.BasicTypeReference@68e2d03e
2024-06-07T23:34:50.222+03:00 DEBUG 22132 --- [           main] org.hibernate.type.BasicTypeRegistry     : Adding type registration OffsetTimeWithoutTimezone -> org.hibernate.type.BasicTypeReference@120aa40b
2024-06-07T23:34:50.222+03:00 DEBUG 22132 --- [           main] org.hibernate.type.BasicTypeRegistry     : Adding type registration ZonedDateTime -> org.hibernate.type.BasicTypeReference@32ab408e
2024-06-07T23:34:50.222+03:00 DEBUG 22132 --- [           main] org.hibernate.type.BasicTypeRegistry     : Adding type registration java.time.ZonedDateTime -> org.hibernate.type.BasicTypeReference@32ab408e
2024-06-07T23:34:50.223+03:00 DEBUG 22132 --- [           main] org.hibernate.type.BasicTypeRegistry     : Adding type registration ZonedDateTimeWithTimezone -> org.hibernate.type.BasicTypeReference@6ad6443
2024-06-07T23:34:50.223+03:00 DEBUG 22132 --- [           main] org.hibernate.type.BasicTypeRegistry     : Adding type registration ZonedDateTimeWithoutTimezone -> org.hibernate.type.BasicTypeReference@78b03788
2024-06-07T23:34:50.223+03:00 DEBUG 22132 --- [           main] org.hibernate.type.BasicTypeRegistry     : Adding type registration date -> org.hibernate.type.BasicTypeReference@3f5dfe69
2024-06-07T23:34:50.223+03:00 DEBUG 22132 --- [           main] org.hibernate.type.BasicTypeRegistry     : Adding type registration java.sql.Date -> org.hibernate.type.BasicTypeReference@3f5dfe69
2024-06-07T23:34:50.223+03:00 DEBUG 22132 --- [           main] org.hibernate.type.BasicTypeRegistry     : Adding type registration time -> org.hibernate.type.BasicTypeReference@571a663c
2024-06-07T23:34:50.223+03:00 DEBUG 22132 --- [           main] org.hibernate.type.BasicTypeRegistry     : Adding type registration java.sql.Time -> org.hibernate.type.BasicTypeReference@571a663c
2024-06-07T23:34:50.223+03:00 DEBUG 22132 --- [           main] org.hibernate.type.BasicTypeRegistry     : Adding type registration timestamp -> org.hibernate.type.BasicTypeReference@3a788fe0
2024-06-07T23:34:50.223+03:00 DEBUG 22132 --- [           main] org.hibernate.type.BasicTypeRegistry     : Adding type registration java.sql.Timestamp -> org.hibernate.type.BasicTypeReference@3a788fe0
2024-06-07T23:34:50.223+03:00 DEBUG 22132 --- [           main] org.hibernate.type.BasicTypeRegistry     : Adding type registration java.util.Date -> org.hibernate.type.BasicTypeReference@3a788fe0
2024-06-07T23:34:50.224+03:00 DEBUG 22132 --- [           main] org.hibernate.type.BasicTypeRegistry     : Adding type registration calendar -> org.hibernate.type.BasicTypeReference@430df350
2024-06-07T23:34:50.224+03:00 DEBUG 22132 --- [           main] org.hibernate.type.BasicTypeRegistry     : Adding type registration java.util.Calendar -> org.hibernate.type.BasicTypeReference@430df350
2024-06-07T23:34:50.224+03:00 DEBUG 22132 --- [           main] org.hibernate.type.BasicTypeRegistry     : Adding type registration java.util.GregorianCalendar -> org.hibernate.type.BasicTypeReference@430df350
2024-06-07T23:34:50.224+03:00 DEBUG 22132 --- [           main] org.hibernate.type.BasicTypeRegistry     : Adding type registration calendar_date -> org.hibernate.type.BasicTypeReference@1373e3ee
2024-06-07T23:34:50.224+03:00 DEBUG 22132 --- [           main] org.hibernate.type.BasicTypeRegistry     : Adding type registration calendar_time -> org.hibernate.type.BasicTypeReference@175c5c3a
2024-06-07T23:34:50.224+03:00 DEBUG 22132 --- [           main] org.hibernate.type.BasicTypeRegistry     : Adding type registration instant -> org.hibernate.type.BasicTypeReference@69a5c6be
2024-06-07T23:34:50.224+03:00 DEBUG 22132 --- [           main] org.hibernate.type.BasicTypeRegistry     : Adding type registration java.time.Instant -> org.hibernate.type.BasicTypeReference@69a5c6be
2024-06-07T23:34:50.224+03:00 DEBUG 22132 --- [           main] org.hibernate.type.BasicTypeRegistry     : Adding type registration uuid -> org.hibernate.type.BasicTypeReference@451e2fa9
2024-06-07T23:34:50.224+03:00 DEBUG 22132 --- [           main] org.hibernate.type.BasicTypeRegistry     : Adding type registration java.util.UUID -> org.hibernate.type.BasicTypeReference@451e2fa9
2024-06-07T23:34:50.224+03:00 DEBUG 22132 --- [           main] org.hibernate.type.BasicTypeRegistry     : Adding type registration pg-uuid -> org.hibernate.type.BasicTypeReference@451e2fa9
2024-06-07T23:34:50.225+03:00 DEBUG 22132 --- [           main] org.hibernate.type.BasicTypeRegistry     : Adding type registration uuid-binary -> org.hibernate.type.BasicTypeReference@497ed877
2024-06-07T23:34:50.225+03:00 DEBUG 22132 --- [           main] org.hibernate.type.BasicTypeRegistry     : Adding type registration uuid-char -> org.hibernate.type.BasicTypeReference@3cb6e0ee
2024-06-07T23:34:50.225+03:00 DEBUG 22132 --- [           main] org.hibernate.type.BasicTypeRegistry     : Adding type registration class -> org.hibernate.type.BasicTypeReference@7b6141f0
2024-06-07T23:34:50.225+03:00 DEBUG 22132 --- [           main] org.hibernate.type.BasicTypeRegistry     : Adding type registration java.lang.Class -> org.hibernate.type.BasicTypeReference@7b6141f0
2024-06-07T23:34:50.225+03:00 DEBUG 22132 --- [           main] org.hibernate.type.BasicTypeRegistry     : Adding type registration currency -> org.hibernate.type.BasicTypeReference@4fb64a52
2024-06-07T23:34:50.225+03:00 DEBUG 22132 --- [           main] org.hibernate.type.BasicTypeRegistry     : Adding type registration Currency -> org.hibernate.type.BasicTypeReference@4fb64a52
2024-06-07T23:34:50.225+03:00 DEBUG 22132 --- [           main] org.hibernate.type.BasicTypeRegistry     : Adding type registration java.util.Currency -> org.hibernate.type.BasicTypeReference@4fb64a52
2024-06-07T23:34:50.225+03:00 DEBUG 22132 --- [           main] org.hibernate.type.BasicTypeRegistry     : Adding type registration locale -> org.hibernate.type.BasicTypeReference@70b48eb3
2024-06-07T23:34:50.225+03:00 DEBUG 22132 --- [           main] org.hibernate.type.BasicTypeRegistry     : Adding type registration java.util.Locale -> org.hibernate.type.BasicTypeReference@70b48eb3
2024-06-07T23:34:50.225+03:00 DEBUG 22132 --- [           main] org.hibernate.type.BasicTypeRegistry     : Adding type registration serializable -> org.hibernate.type.BasicTypeReference@7b8ea1db
2024-06-07T23:34:50.225+03:00 DEBUG 22132 --- [           main] org.hibernate.type.BasicTypeRegistry     : Adding type registration java.io.Serializable -> org.hibernate.type.BasicTypeReference@7b8ea1db
2024-06-07T23:34:50.225+03:00 DEBUG 22132 --- [           main] org.hibernate.type.BasicTypeRegistry     : Adding type registration timezone -> org.hibernate.type.BasicTypeReference@a91119b
2024-06-07T23:34:50.225+03:00 DEBUG 22132 --- [           main] org.hibernate.type.BasicTypeRegistry     : Adding type registration java.util.TimeZone -> org.hibernate.type.BasicTypeReference@a91119b
2024-06-07T23:34:50.225+03:00 DEBUG 22132 --- [           main] org.hibernate.type.BasicTypeRegistry     : Adding type registration ZoneOffset -> org.hibernate.type.BasicTypeReference@77083e41
2024-06-07T23:34:50.225+03:00 DEBUG 22132 --- [           main] org.hibernate.type.BasicTypeRegistry     : Adding type registration java.time.ZoneOffset -> org.hibernate.type.BasicTypeReference@77083e41
2024-06-07T23:34:50.225+03:00 DEBUG 22132 --- [           main] org.hibernate.type.BasicTypeRegistry     : Adding type registration url -> org.hibernate.type.BasicTypeReference@231df705
2024-06-07T23:34:50.225+03:00 DEBUG 22132 --- [           main] org.hibernate.type.BasicTypeRegistry     : Adding type registration java.net.URL -> org.hibernate.type.BasicTypeReference@231df705
2024-06-07T23:34:50.225+03:00 DEBUG 22132 --- [           main] org.hibernate.type.BasicTypeRegistry     : Adding type registration vector -> org.hibernate.type.BasicTypeReference@2d130ac4
2024-06-07T23:34:50.225+03:00 DEBUG 22132 --- [           main] org.hibernate.type.BasicTypeRegistry     : Adding type registration row_version -> org.hibernate.type.BasicTypeReference@2f0ccb34
2024-06-07T23:34:50.236+03:00 DEBUG 22132 --- [           main] org.hibernate.type.BasicTypeRegistry     : Adding type registration object -> org.hibernate.type.JavaObjectType@6169be09
2024-06-07T23:34:50.236+03:00 DEBUG 22132 --- [           main] org.hibernate.type.BasicTypeRegistry     : Adding type registration java.lang.Object -> org.hibernate.type.JavaObjectType@6169be09
2024-06-07T23:34:50.238+03:00 DEBUG 22132 --- [           main] org.hibernate.type.BasicTypeRegistry     : Adding type registration null -> org.hibernate.type.NullType@124eb83d
2024-06-07T23:34:50.239+03:00 DEBUG 22132 --- [           main] org.hibernate.type.BasicTypeRegistry     : Adding type registration imm_date -> org.hibernate.type.BasicTypeReference@6885ed19
2024-06-07T23:34:50.239+03:00 DEBUG 22132 --- [           main] org.hibernate.type.BasicTypeRegistry     : Adding type registration imm_time -> org.hibernate.type.BasicTypeReference@10817f46
2024-06-07T23:34:50.239+03:00 DEBUG 22132 --- [           main] org.hibernate.type.BasicTypeRegistry     : Adding type registration imm_timestamp -> org.hibernate.type.BasicTypeReference@2d4a3e13
2024-06-07T23:34:50.239+03:00 DEBUG 22132 --- [           main] org.hibernate.type.BasicTypeRegistry     : Adding type registration imm_calendar -> org.hibernate.type.BasicTypeReference@4a22e4d7
2024-06-07T23:34:50.239+03:00 DEBUG 22132 --- [           main] org.hibernate.type.BasicTypeRegistry     : Adding type registration imm_calendar_date -> org.hibernate.type.BasicTypeReference@d8835af
2024-06-07T23:34:50.239+03:00 DEBUG 22132 --- [           main] org.hibernate.type.BasicTypeRegistry     : Adding type registration imm_calendar_time -> org.hibernate.type.BasicTypeReference@16681017
2024-06-07T23:34:50.239+03:00 DEBUG 22132 --- [           main] org.hibernate.type.BasicTypeRegistry     : Adding type registration imm_binary -> org.hibernate.type.BasicTypeReference@6aae0e6f
2024-06-07T23:34:50.239+03:00 DEBUG 22132 --- [           main] org.hibernate.type.BasicTypeRegistry     : Adding type registration imm_serializable -> org.hibernate.type.BasicTypeReference@37775bb1
2024-06-07T23:34:50.526+03:00  INFO 22132 --- [           main] o.s.o.j.p.SpringPersistenceUnitInfo      : No LoadTimeWeaver setup: ignoring JPA class transformer
2024-06-07T23:34:50.581+03:00  INFO 22132 --- [           main] com.zaxxer.hikari.HikariDataSource       : HikariPool-1 - Starting...
2024-06-07T23:34:51.094+03:00  INFO 22132 --- [           main] com.zaxxer.hikari.pool.HikariPool        : HikariPool-1 - Added connection com.mysql.cj.jdbc.ConnectionImpl@72001c71
2024-06-07T23:34:51.100+03:00  INFO 22132 --- [           main] com.zaxxer.hikari.HikariDataSource       : HikariPool-1 - Start completed.
2024-06-07T23:34:51.197+03:00  WARN 22132 --- [           main] org.hibernate.orm.deprecation            : HHH90000025: MySQL8Dialect does not need to be specified explicitly using 'hibernate.dialect' (remove the property setting and it will be selected by default)
2024-06-07T23:34:51.199+03:00  WARN 22132 --- [           main] org.hibernate.orm.deprecation            : HHH90000026: MySQL8Dialect has been deprecated; use org.hibernate.dialect.MySQLDialect instead
2024-06-07T23:34:51.257+03:00 DEBUG 22132 --- [           main] o.h.t.d.sql.spi.DdlTypeRegistry          : addDescriptor(12, org.hibernate.type.descriptor.sql.internal.CapacityDependentDdlType@68d8ae27) replaced previous registration(org.hibernate.type.descriptor.sql.internal.CapacityDependentDdlType@18513c23)
2024-06-07T23:34:51.257+03:00 DEBUG 22132 --- [           main] o.h.t.d.sql.spi.DdlTypeRegistry          : addDescriptor(-9, org.hibernate.type.descriptor.sql.internal.CapacityDependentDdlType@6be50b35) replaced previous registration(org.hibernate.type.descriptor.sql.internal.CapacityDependentDdlType@ce2eaa7)
2024-06-07T23:34:51.257+03:00 DEBUG 22132 --- [           main] o.h.t.d.sql.spi.DdlTypeRegistry          : addDescriptor(-3, org.hibernate.type.descriptor.sql.internal.CapacityDependentDdlType@2166c48a) replaced previous registration(org.hibernate.type.descriptor.sql.internal.CapacityDependentDdlType@304744a1)
2024-06-07T23:34:51.257+03:00 DEBUG 22132 --- [           main] o.h.t.d.sql.spi.DdlTypeRegistry          : addDescriptor(4003, org.hibernate.type.descriptor.sql.internal.DdlTypeImpl@73385d3f) replaced previous registration(org.hibernate.type.descriptor.sql.internal.DdlTypeImpl@6814262d)
2024-06-07T23:34:51.257+03:00 DEBUG 22132 --- [           main] o.h.t.d.sql.spi.DdlTypeRegistry          : addDescriptor(4001, org.hibernate.type.descriptor.sql.internal.DdlTypeImpl@7fc1fd31) replaced previous registration(org.hibernate.type.descriptor.sql.internal.DdlTypeImpl@75a9cc24)
2024-06-07T23:34:51.257+03:00 DEBUG 22132 --- [           main] o.h.t.d.sql.spi.DdlTypeRegistry          : addDescriptor(4002, org.hibernate.type.descriptor.sql.internal.DdlTypeImpl@4449a60b) replaced previous registration(org.hibernate.type.descriptor.sql.internal.DdlTypeImpl@da5d5e1)
2024-06-07T23:34:51.257+03:00 DEBUG 22132 --- [           main] o.h.t.d.sql.spi.DdlTypeRegistry          : addDescriptor(2004, org.hibernate.type.descriptor.sql.internal.CapacityDependentDdlType@7d7d8911) replaced previous registration(org.hibernate.type.descriptor.sql.internal.DdlTypeImpl@460eb276)
2024-06-07T23:34:51.258+03:00 DEBUG 22132 --- [           main] o.h.t.d.sql.spi.DdlTypeRegistry          : addDescriptor(2005, org.hibernate.type.descriptor.sql.internal.CapacityDependentDdlType@4ffe3d42) replaced previous registration(org.hibernate.type.descriptor.sql.internal.DdlTypeImpl@6cd7f381)
2024-06-07T23:34:51.258+03:00 DEBUG 22132 --- [           main] o.h.t.d.sql.spi.DdlTypeRegistry          : addDescriptor(2011, org.hibernate.type.descriptor.sql.internal.CapacityDependentDdlType@7df3da0b) replaced previous registration(org.hibernate.type.descriptor.sql.internal.DdlTypeImpl@4e5d5ac1)
2024-06-07T23:34:51.275+03:00 DEBUG 22132 --- [           main] o.h.t.d.jdbc.spi.JdbcTypeRegistry        : addDescriptor(NCharTypeDescriptor) replaced previous registration(CharTypeDescriptor)
2024-06-07T23:34:51.275+03:00 DEBUG 22132 --- [           main] o.h.t.d.jdbc.spi.JdbcTypeRegistry        : addDescriptor(NVarcharTypeDescriptor) replaced previous registration(VarcharTypeDescriptor)
2024-06-07T23:34:51.277+03:00 DEBUG 22132 --- [           main] o.h.t.d.jdbc.spi.JdbcTypeRegistry        : addDescriptor(LongNVarcharTypeDescriptor) replaced previous registration(LongVarcharTypeDescriptor)
2024-06-07T23:34:51.285+03:00 DEBUG 22132 --- [           main] o.h.t.d.jdbc.spi.JdbcTypeRegistry        : addDescriptor(NClobTypeDescriptor(DEFAULT)) replaced previous registration(ClobTypeDescriptor(DEFAULT))
2024-06-07T23:34:51.286+03:00 DEBUG 22132 --- [           main] o.h.t.d.jdbc.spi.JdbcTypeRegistry        : addDescriptor(2005, ClobTypeDescriptor(STREAM_BINDING)) replaced previous registration(ClobTypeDescriptor(DEFAULT))
2024-06-07T23:34:51.296+03:00 DEBUG 22132 --- [           main] org.hibernate.type.BasicTypeRegistry     : Adding type registration null -> org.hibernate.type.NullType@4fd37449
2024-06-07T23:34:51.297+03:00 DEBUG 22132 --- [           main] org.hibernate.type.BasicTypeRegistry     : Type registration key [null] overrode previous entry : `org.hibernate.type.NullType@124eb83d`
2024-06-07T23:34:51.307+03:00 DEBUG 22132 --- [           main] org.hibernate.type.BasicTypeRegistry     : Adding type registration org.hibernate.type.DurationType -> basicType@1(java.time.Duration,3015)
2024-06-07T23:34:51.307+03:00 DEBUG 22132 --- [           main] org.hibernate.type.BasicTypeRegistry     : Adding type registration Duration -> basicType@1(java.time.Duration,3015)
2024-06-07T23:34:51.307+03:00 DEBUG 22132 --- [           main] org.hibernate.type.BasicTypeRegistry     : Adding type registration java.time.Duration -> basicType@1(java.time.Duration,3015)
2024-06-07T23:34:51.316+03:00 DEBUG 22132 --- [           main] org.hibernate.type.BasicTypeRegistry     : Adding type registration org.hibernate.type.OffsetDateTimeType -> basicType@2(java.time.OffsetDateTime,3003)
2024-06-07T23:34:51.316+03:00 DEBUG 22132 --- [           main] org.hibernate.type.BasicTypeRegistry     : Adding type registration OffsetDateTime -> basicType@2(java.time.OffsetDateTime,3003)
2024-06-07T23:34:51.316+03:00 DEBUG 22132 --- [           main] org.hibernate.type.BasicTypeRegistry     : Adding type registration java.time.OffsetDateTime -> basicType@2(java.time.OffsetDateTime,3003)
2024-06-07T23:34:51.317+03:00 DEBUG 22132 --- [           main] org.hibernate.type.BasicTypeRegistry     : Adding type registration org.hibernate.type.ZonedDateTimeType -> basicType@3(java.time.ZonedDateTime,3003)
2024-06-07T23:34:51.317+03:00 DEBUG 22132 --- [           main] org.hibernate.type.BasicTypeRegistry     : Adding type registration ZonedDateTime -> basicType@3(java.time.ZonedDateTime,3003)
2024-06-07T23:34:51.317+03:00 DEBUG 22132 --- [           main] org.hibernate.type.BasicTypeRegistry     : Adding type registration java.time.ZonedDateTime -> basicType@3(java.time.ZonedDateTime,3003)
2024-06-07T23:34:51.319+03:00 DEBUG 22132 --- [           main] org.hibernate.type.BasicTypeRegistry     : Adding type registration org.hibernate.type.OffsetTimeType -> basicType@4(java.time.OffsetTime,3007)
2024-06-07T23:34:51.319+03:00 DEBUG 22132 --- [           main] org.hibernate.type.BasicTypeRegistry     : Adding type registration OffsetTime -> basicType@4(java.time.OffsetTime,3007)
2024-06-07T23:34:51.319+03:00 DEBUG 22132 --- [           main] org.hibernate.type.BasicTypeRegistry     : Adding type registration java.time.OffsetTime -> basicType@4(java.time.OffsetTime,3007)
2024-06-07T23:34:51.321+03:00 DEBUG 22132 --- [           main] o.h.type.spi.TypeConfiguration$Scope     : Scoping TypeConfiguration [org.hibernate.type.spi.TypeConfiguration@51141f64] to MetadataBuildingContext [org.hibernate.boot.internal.MetadataBuildingContextRootImpl@32c0fecc]
2024-06-07T23:34:53.277+03:00  INFO 22132 --- [           main] o.h.e.t.j.p.i.JtaPlatformInitiator       : HHH000489: No JTA platform available (set 'hibernate.transaction.jta.platform' to enable JTA platform integration)
2024-06-07T23:34:53.278+03:00 DEBUG 22132 --- [           main] o.h.type.spi.TypeConfiguration$Scope     : Scoping TypeConfiguration [org.hibernate.type.spi.TypeConfiguration@51141f64] to SessionFactoryImplementor [org.hibernate.internal.SessionFactoryImpl@43120a77]
2024-06-07T23:34:53.328+03:00 DEBUG 22132 --- [           main] org.hibernate.SQL                        : 
    alter table member_drug_stocks 
       drop 
       foreign key FK1lhifc9kpe4yq35ei7leqe323
Hibernate: 
    alter table member_drug_stocks 
       drop 
       foreign key FK1lhifc9kpe4yq35ei7leqe323
2024-06-07T23:34:53.349+03:00  WARN 22132 --- [           main] o.h.t.s.i.ExceptionHandlerLoggedImpl     : GenerationTarget encountered exception accepting command : Error executing DDL "
    alter table member_drug_stocks 
       drop 
       foreign key FK1lhifc9kpe4yq35ei7leqe323" via JDBC [Table 'springdrugs.member_drug_stocks' doesn't exist]

org.hibernate.tool.schema.spi.CommandAcceptanceException: Error executing DDL "
    alter table member_drug_stocks 
       drop 
       foreign key FK1lhifc9kpe4yq35ei7leqe323" via JDBC [Table 'springdrugs.member_drug_stocks' doesn't exist]
	at org.hibernate.tool.schema.internal.exec.GenerationTargetToDatabase.accept(GenerationTargetToDatabase.java:94) ~[hibernate-core-6.4.4.Final.jar:6.4.4.Final]
	at org.hibernate.tool.schema.internal.Helper.applySqlString(Helper.java:233) ~[hibernate-core-6.4.4.Final.jar:6.4.4.Final]
	at org.hibernate.tool.schema.internal.Helper.applySqlStrings(Helper.java:217) ~[hibernate-core-6.4.4.Final.jar:6.4.4.Final]
	at org.hibernate.tool.schema.internal.SchemaDropperImpl.applyConstraintDropping(SchemaDropperImpl.java:470) ~[hibernate-core-6.4.4.Final.jar:6.4.4.Final]
	at org.hibernate.tool.schema.internal.SchemaDropperImpl.dropConstraintsTablesSequences(SchemaDropperImpl.java:242) ~[hibernate-core-6.4.4.Final.jar:6.4.4.Final]
	at org.hibernate.tool.schema.internal.SchemaDropperImpl.dropFromMetadata(SchemaDropperImpl.java:215) ~[hibernate-core-6.4.4.Final.jar:6.4.4.Final]
	at org.hibernate.tool.schema.internal.SchemaDropperImpl.performDrop(SchemaDropperImpl.java:185) ~[hibernate-core-6.4.4.Final.jar:6.4.4.Final]
	at org.hibernate.tool.schema.internal.SchemaDropperImpl.doDrop(SchemaDropperImpl.java:155) ~[hibernate-core-6.4.4.Final.jar:6.4.4.Final]
	at org.hibernate.tool.schema.internal.SchemaDropperImpl.doDrop(SchemaDropperImpl.java:115) ~[hibernate-core-6.4.4.Final.jar:6.4.4.Final]
	at org.hibernate.tool.schema.spi.SchemaManagementToolCoordinator.performDatabaseAction(SchemaManagementToolCoordinator.java:244) ~[hibernate-core-6.4.4.Final.jar:6.4.4.Final]
	at org.hibernate.tool.schema.spi.SchemaManagementToolCoordinator.lambda$process$5(SchemaManagementToolCoordinator.java:145) ~[hibernate-core-6.4.4.Final.jar:6.4.4.Final]
	at java.base/java.util.HashMap.forEach(HashMap.java:1421) ~[na:na]
	at org.hibernate.tool.schema.spi.SchemaManagementToolCoordinator.process(SchemaManagementToolCoordinator.java:142) ~[hibernate-core-6.4.4.Final.jar:6.4.4.Final]
	at org.hibernate.boot.internal.SessionFactoryObserverForSchemaExport.sessionFactoryCreated(SessionFactoryObserverForSchemaExport.java:37) ~[hibernate-core-6.4.4.Final.jar:6.4.4.Final]
	at org.hibernate.internal.SessionFactoryObserverChain.sessionFactoryCreated(SessionFactoryObserverChain.java:35) ~[hibernate-core-6.4.4.Final.jar:6.4.4.Final]
	at org.hibernate.internal.SessionFactoryImpl.<init>(SessionFactoryImpl.java:315) ~[hibernate-core-6.4.4.Final.jar:6.4.4.Final]
	at org.hibernate.boot.internal.SessionFactoryBuilderImpl.build(SessionFactoryBuilderImpl.java:450) ~[hibernate-core-6.4.4.Final.jar:6.4.4.Final]
	at org.hibernate.jpa.boot.internal.EntityManagerFactoryBuilderImpl.build(EntityManagerFactoryBuilderImpl.java:1507) ~[hibernate-core-6.4.4.Final.jar:6.4.4.Final]
	at org.springframework.orm.jpa.vendor.SpringHibernateJpaPersistenceProvider.createContainerEntityManagerFactory(SpringHibernateJpaPersistenceProvider.java:75) ~[spring-orm-6.1.4.jar:6.1.4]
	at org.springframework.orm.jpa.LocalContainerEntityManagerFactoryBean.createNativeEntityManagerFactory(LocalContainerEntityManagerFactoryBean.java:388) ~[spring-orm-6.1.4.jar:6.1.4]
	at org.springframework.orm.jpa.AbstractEntityManagerFactoryBean.buildNativeEntityManagerFactory(AbstractEntityManagerFactoryBean.java:409) ~[spring-orm-6.1.4.jar:6.1.4]
	at org.springframework.orm.jpa.AbstractEntityManagerFactoryBean.afterPropertiesSet(AbstractEntityManagerFactoryBean.java:396) ~[spring-orm-6.1.4.jar:6.1.4]
	at org.springframework.orm.jpa.LocalContainerEntityManagerFactoryBean.afterPropertiesSet(LocalContainerEntityManagerFactoryBean.java:364) ~[spring-orm-6.1.4.jar:6.1.4]
	at org.springframework.beans.factory.support.AbstractAutowireCapableBeanFactory.invokeInitMethods(AbstractAutowireCapableBeanFactory.java:1833) ~[spring-beans-6.1.4.jar:6.1.4]
	at org.springframework.beans.factory.support.AbstractAutowireCapableBeanFactory.initializeBean(AbstractAutowireCapableBeanFactory.java:1782) ~[spring-beans-6.1.4.jar:6.1.4]
	at org.springframework.beans.factory.support.AbstractAutowireCapableBeanFactory.doCreateBean(AbstractAutowireCapableBeanFactory.java:600) ~[spring-beans-6.1.4.jar:6.1.4]
	at org.springframework.beans.factory.support.AbstractAutowireCapableBeanFactory.createBean(AbstractAutowireCapableBeanFactory.java:522) ~[spring-beans-6.1.4.jar:6.1.4]
	at org.springframework.beans.factory.support.AbstractBeanFactory.lambda$doGetBean$0(AbstractBeanFactory.java:325) ~[spring-beans-6.1.4.jar:6.1.4]
	at org.springframework.beans.factory.support.DefaultSingletonBeanRegistry.getSingleton(DefaultSingletonBeanRegistry.java:234) ~[spring-beans-6.1.4.jar:6.1.4]
	at org.springframework.beans.factory.support.AbstractBeanFactory.doGetBean(AbstractBeanFactory.java:323) ~[spring-beans-6.1.4.jar:6.1.4]
	at org.springframework.beans.factory.support.AbstractBeanFactory.getBean(AbstractBeanFactory.java:199) ~[spring-beans-6.1.4.jar:6.1.4]
	at org.springframework.context.support.AbstractApplicationContext.getBean(AbstractApplicationContext.java:1231) ~[spring-context-6.1.4.jar:6.1.4]
	at org.springframework.context.support.AbstractApplicationContext.finishBeanFactoryInitialization(AbstractApplicationContext.java:949) ~[spring-context-6.1.4.jar:6.1.4]
	at org.springframework.context.support.AbstractApplicationContext.refresh(AbstractApplicationContext.java:624) ~[spring-context-6.1.4.jar:6.1.4]
	at org.springframework.boot.SpringApplication.refresh(SpringApplication.java:754) ~[spring-boot-3.2.3.jar:3.2.3]
	at org.springframework.boot.SpringApplication.refreshContext(SpringApplication.java:456) ~[spring-boot-3.2.3.jar:3.2.3]
	at org.springframework.boot.SpringApplication.run(SpringApplication.java:334) ~[spring-boot-3.2.3.jar:3.2.3]
	at org.springframework.boot.test.context.SpringBootContextLoader.lambda$loadContext$3(SpringBootContextLoader.java:137) ~[spring-boot-test-3.2.3.jar:3.2.3]
	at org.springframework.util.function.ThrowingSupplier.get(ThrowingSupplier.java:58) ~[spring-core-6.1.4.jar:6.1.4]
	at org.springframework.util.function.ThrowingSupplier.get(ThrowingSupplier.java:46) ~[spring-core-6.1.4.jar:6.1.4]
	at org.springframework.boot.SpringApplication.withHook(SpringApplication.java:1454) ~[spring-boot-3.2.3.jar:3.2.3]
	at org.springframework.boot.test.context.SpringBootContextLoader$ContextLoaderHook.run(SpringBootContextLoader.java:553) ~[spring-boot-test-3.2.3.jar:3.2.3]
	at org.springframework.boot.test.context.SpringBootContextLoader.loadContext(SpringBootContextLoader.java:137) ~[spring-boot-test-3.2.3.jar:3.2.3]
	at org.springframework.boot.test.context.SpringBootContextLoader.loadContext(SpringBootContextLoader.java:108) ~[spring-boot-test-3.2.3.jar:3.2.3]
	at org.springframework.test.context.cache.DefaultCacheAwareContextLoaderDelegate.loadContextInternal(DefaultCacheAwareContextLoaderDelegate.java:225) ~[spring-test-6.1.4.jar:6.1.4]
	at org.springframework.test.context.cache.DefaultCacheAwareContextLoaderDelegate.loadContext(DefaultCacheAwareContextLoaderDelegate.java:152) ~[spring-test-6.1.4.jar:6.1.4]
	at org.springframework.test.context.support.DefaultTestContext.getApplicationContext(DefaultTestContext.java:130) ~[spring-test-6.1.4.jar:6.1.4]
	at org.springframework.test.context.web.ServletTestExecutionListener.setUpRequestContextIfNecessary(ServletTestExecutionListener.java:191) ~[spring-test-6.1.4.jar:6.1.4]
	at org.springframework.test.context.web.ServletTestExecutionListener.prepareTestInstance(ServletTestExecutionListener.java:130) ~[spring-test-6.1.4.jar:6.1.4]
	at org.springframework.test.context.TestContextManager.prepareTestInstance(TestContextManager.java:260) ~[spring-test-6.1.4.jar:6.1.4]
	at org.springframework.test.context.junit.jupiter.SpringExtension.postProcessTestInstance(SpringExtension.java:163) ~[spring-test-6.1.4.jar:6.1.4]
	at org.junit.jupiter.engine.descriptor.ClassBasedTestDescriptor.lambda$invokeTestInstancePostProcessors$10(ClassBasedTestDescriptor.java:378) ~[junit-jupiter-engine-5.10.2.jar:5.10.2]
	at org.junit.jupiter.engine.descriptor.ClassBasedTestDescriptor.executeAndMaskThrowable(ClassBasedTestDescriptor.java:383) ~[junit-jupiter-engine-5.10.2.jar:5.10.2]
	at org.junit.jupiter.engine.descriptor.ClassBasedTestDescriptor.lambda$invokeTestInstancePostProcessors$11(ClassBasedTestDescriptor.java:378) ~[junit-jupiter-engine-5.10.2.jar:5.10.2]
	at java.base/java.util.stream.ReferencePipeline$3$1.accept(ReferencePipeline.java:197) ~[na:na]
	at java.base/java.util.stream.ReferencePipeline$2$1.accept(ReferencePipeline.java:179) ~[na:na]
	at java.base/java.util.ArrayList$ArrayListSpliterator.forEachRemaining(ArrayList.java:1625) ~[na:na]
	at java.base/java.util.stream.AbstractPipeline.copyInto(AbstractPipeline.java:509) ~[na:na]
	at java.base/java.util.stream.AbstractPipeline.wrapAndCopyInto(AbstractPipeline.java:499) ~[na:na]
	at java.base/java.util.stream.StreamSpliterators$WrappingSpliterator.forEachRemaining(StreamSpliterators.java:310) ~[na:na]
	at java.base/java.util.stream.Streams$ConcatSpliterator.forEachRemaining(Streams.java:735) ~[na:na]
	at java.base/java.util.stream.Streams$ConcatSpliterator.forEachRemaining(Streams.java:734) ~[na:na]
	at java.base/java.util.stream.ReferencePipeline$Head.forEach(ReferencePipeline.java:762) ~[na:na]
	at org.junit.jupiter.engine.descriptor.ClassBasedTestDescriptor.invokeTestInstancePostProcessors(ClassBasedTestDescriptor.java:377) ~[junit-jupiter-engine-5.10.2.jar:5.10.2]
	at org.junit.jupiter.engine.descriptor.ClassBasedTestDescriptor.lambda$instantiateAndPostProcessTestInstance$6(ClassBasedTestDescriptor.java:290) ~[junit-jupiter-engine-5.10.2.jar:5.10.2]
	at org.junit.platform.engine.support.hierarchical.ThrowableCollector.execute(ThrowableCollector.java:73) ~[junit-platform-engine-1.10.2.jar:1.10.2]
	at org.junit.jupiter.engine.descriptor.ClassBasedTestDescriptor.instantiateAndPostProcessTestInstance(ClassBasedTestDescriptor.java:289) ~[junit-jupiter-engine-5.10.2.jar:5.10.2]
	at org.junit.jupiter.engine.descriptor.ClassBasedTestDescriptor.lambda$testInstancesProvider$4(ClassBasedTestDescriptor.java:279) ~[junit-jupiter-engine-5.10.2.jar:5.10.2]
	at java.base/java.util.Optional.orElseGet(Optional.java:364) ~[na:na]
	at org.junit.jupiter.engine.descriptor.ClassBasedTestDescriptor.lambda$testInstancesProvider$5(ClassBasedTestDescriptor.java:278) ~[junit-jupiter-engine-5.10.2.jar:5.10.2]
	at org.junit.jupiter.engine.execution.TestInstancesProvider.getTestInstances(TestInstancesProvider.java:31) ~[junit-jupiter-engine-5.10.2.jar:5.10.2]
	at org.junit.jupiter.engine.descriptor.TestMethodTestDescriptor.lambda$prepare$0(TestMethodTestDescriptor.java:106) ~[junit-jupiter-engine-5.10.2.jar:5.10.2]
	at org.junit.platform.engine.support.hierarchical.ThrowableCollector.execute(ThrowableCollector.java:73) ~[junit-platform-engine-1.10.2.jar:1.10.2]
	at org.junit.jupiter.engine.descriptor.TestMethodTestDescriptor.prepare(TestMethodTestDescriptor.java:105) ~[junit-jupiter-engine-5.10.2.jar:5.10.2]
	at org.junit.jupiter.engine.descriptor.TestMethodTestDescriptor.prepare(TestMethodTestDescriptor.java:69) ~[junit-jupiter-engine-5.10.2.jar:5.10.2]
	at org.junit.platform.engine.support.hierarchical.NodeTestTask.lambda$prepare$2(NodeTestTask.java:123) ~[junit-platform-engine-1.10.2.jar:1.10.2]
	at org.junit.platform.engine.support.hierarchical.ThrowableCollector.execute(ThrowableCollector.java:73) ~[junit-platform-engine-1.10.2.jar:1.10.2]
	at org.junit.platform.engine.support.hierarchical.NodeTestTask.prepare(NodeTestTask.java:123) ~[junit-platform-engine-1.10.2.jar:1.10.2]
	at org.junit.platform.engine.support.hierarchical.NodeTestTask.execute(NodeTestTask.java:90) ~[junit-platform-engine-1.10.2.jar:1.10.2]
	at java.base/java.util.ArrayList.forEach(ArrayList.java:1511) ~[na:na]
	at org.junit.platform.engine.support.hierarchical.SameThreadHierarchicalTestExecutorService.invokeAll(SameThreadHierarchicalTestExecutorService.java:41) ~[junit-platform-engine-1.10.2.jar:1.10.2]
	at org.junit.platform.engine.support.hierarchical.NodeTestTask.lambda$executeRecursively$6(NodeTestTask.java:155) ~[junit-platform-engine-1.10.2.jar:1.10.2]
	at org.junit.platform.engine.support.hierarchical.ThrowableCollector.execute(ThrowableCollector.java:73) ~[junit-platform-engine-1.10.2.jar:1.10.2]
	at org.junit.platform.engine.support.hierarchical.NodeTestTask.lambda$executeRecursively$8(NodeTestTask.java:141) ~[junit-platform-engine-1.10.2.jar:1.10.2]
	at org.junit.platform.engine.support.hierarchical.Node.around(Node.java:137) ~[junit-platform-engine-1.10.2.jar:1.10.2]
	at org.junit.platform.engine.support.hierarchical.NodeTestTask.lambda$executeRecursively$9(NodeTestTask.java:139) ~[junit-platform-engine-1.10.2.jar:1.10.2]
	at org.junit.platform.engine.support.hierarchical.ThrowableCollector.execute(ThrowableCollector.java:73) ~[junit-platform-engine-1.10.2.jar:1.10.2]
	at org.junit.platform.engine.support.hierarchical.NodeTestTask.executeRecursively(NodeTestTask.java:138) ~[junit-platform-engine-1.10.2.jar:1.10.2]
	at org.junit.platform.engine.support.hierarchical.NodeTestTask.execute(NodeTestTask.java:95) ~[junit-platform-engine-1.10.2.jar:1.10.2]
	at java.base/java.util.ArrayList.forEach(ArrayList.java:1511) ~[na:na]
	at org.junit.platform.engine.support.hierarchical.SameThreadHierarchicalTestExecutorService.invokeAll(SameThreadHierarchicalTestExecutorService.java:41) ~[junit-platform-engine-1.10.2.jar:1.10.2]
	at org.junit.platform.engine.support.hierarchical.NodeTestTask.lambda$executeRecursively$6(NodeTestTask.java:155) ~[junit-platform-engine-1.10.2.jar:1.10.2]
	at org.junit.platform.engine.support.hierarchical.ThrowableCollector.execute(ThrowableCollector.java:73) ~[junit-platform-engine-1.10.2.jar:1.10.2]
	at org.junit.platform.engine.support.hierarchical.NodeTestTask.lambda$executeRecursively$8(NodeTestTask.java:141) ~[junit-platform-engine-1.10.2.jar:1.10.2]
	at org.junit.platform.engine.support.hierarchical.Node.around(Node.java:137) ~[junit-platform-engine-1.10.2.jar:1.10.2]
	at org.junit.platform.engine.support.hierarchical.NodeTestTask.lambda$executeRecursively$9(NodeTestTask.java:139) ~[junit-platform-engine-1.10.2.jar:1.10.2]
	at org.junit.platform.engine.support.hierarchical.ThrowableCollector.execute(ThrowableCollector.java:73) ~[junit-platform-engine-1.10.2.jar:1.10.2]
	at org.junit.platform.engine.support.hierarchical.NodeTestTask.executeRecursively(NodeTestTask.java:138) ~[junit-platform-engine-1.10.2.jar:1.10.2]
	at org.junit.platform.engine.support.hierarchical.NodeTestTask.execute(NodeTestTask.java:95) ~[junit-platform-engine-1.10.2.jar:1.10.2]
	at org.junit.platform.engine.support.hierarchical.SameThreadHierarchicalTestExecutorService.submit(SameThreadHierarchicalTestExecutorService.java:35) ~[junit-platform-engine-1.10.2.jar:1.10.2]
	at org.junit.platform.engine.support.hierarchical.HierarchicalTestExecutor.execute(HierarchicalTestExecutor.java:57) ~[junit-platform-engine-1.10.2.jar:1.10.2]
	at org.junit.platform.engine.support.hierarchical.HierarchicalTestEngine.execute(HierarchicalTestEngine.java:54) ~[junit-platform-engine-1.10.2.jar:1.10.2]
	at org.junit.platform.launcher.core.EngineExecutionOrchestrator.execute(EngineExecutionOrchestrator.java:198) ~[junit-platform-launcher-1.10.2.jar:1.10.2]
	at org.junit.platform.launcher.core.EngineExecutionOrchestrator.execute(EngineExecutionOrchestrator.java:169) ~[junit-platform-launcher-1.10.2.jar:1.10.2]
	at org.junit.platform.launcher.core.EngineExecutionOrchestrator.execute(EngineExecutionOrchestrator.java:93) ~[junit-platform-launcher-1.10.2.jar:1.10.2]
	at org.junit.platform.launcher.core.EngineExecutionOrchestrator.lambda$execute$0(EngineExecutionOrchestrator.java:58) ~[junit-platform-launcher-1.10.2.jar:1.10.2]
	at org.junit.platform.launcher.core.EngineExecutionOrchestrator.withInterceptedStreams(EngineExecutionOrchestrator.java:141) ~[junit-platform-launcher-1.10.2.jar:1.10.2]
	at org.junit.platform.launcher.core.EngineExecutionOrchestrator.execute(EngineExecutionOrchestrator.java:57) ~[junit-platform-launcher-1.10.2.jar:1.10.2]
	at org.junit.platform.launcher.core.DefaultLauncher.execute(DefaultLauncher.java:103) ~[junit-platform-launcher-1.10.2.jar:1.10.2]
	at org.junit.platform.launcher.core.DefaultLauncher.execute(DefaultLauncher.java:85) ~[junit-platform-launcher-1.10.2.jar:1.10.2]
	at org.junit.platform.launcher.core.DelegatingLauncher.execute(DelegatingLauncher.java:47) ~[junit-platform-launcher-1.10.2.jar:1.10.2]
	at org.apache.maven.surefire.junitplatform.LazyLauncher.execute(LazyLauncher.java:56) ~[surefire-junit-platform-3.1.2.jar:3.1.2]
	at org.apache.maven.surefire.junitplatform.JUnitPlatformProvider.execute(JUnitPlatformProvider.java:184) ~[surefire-junit-platform-3.1.2.jar:3.1.2]
	at org.apache.maven.surefire.junitplatform.JUnitPlatformProvider.invokeAllTests(JUnitPlatformProvider.java:148) ~[surefire-junit-platform-3.1.2.jar:3.1.2]
	at org.apache.maven.surefire.junitplatform.JUnitPlatformProvider.invoke(JUnitPlatformProvider.java:122) ~[surefire-junit-platform-3.1.2.jar:3.1.2]
	at org.apache.maven.surefire.booter.ForkedBooter.runSuitesInProcess(ForkedBooter.java:385) ~[surefire-booter-3.1.2.jar:3.1.2]
	at org.apache.maven.surefire.booter.ForkedBooter.execute(ForkedBooter.java:162) ~[surefire-booter-3.1.2.jar:3.1.2]
	at org.apache.maven.surefire.booter.ForkedBooter.run(ForkedBooter.java:507) ~[surefire-booter-3.1.2.jar:3.1.2]
	at org.apache.maven.surefire.booter.ForkedBooter.main(ForkedBooter.java:495) ~[surefire-booter-3.1.2.jar:3.1.2]
Caused by: java.sql.SQLSyntaxErrorException: Table 'springdrugs.member_drug_stocks' doesn't exist
	at com.mysql.cj.jdbc.exceptions.SQLError.createSQLException(SQLError.java:121) ~[mysql-connector-j-8.3.0.jar:8.3.0]
	at com.mysql.cj.jdbc.exceptions.SQLExceptionsMapping.translateException(SQLExceptionsMapping.java:122) ~[mysql-connector-j-8.3.0.jar:8.3.0]
	at com.mysql.cj.jdbc.StatementImpl.executeInternal(StatementImpl.java:770) ~[mysql-connector-j-8.3.0.jar:8.3.0]
	at com.mysql.cj.jdbc.StatementImpl.execute(StatementImpl.java:653) ~[mysql-connector-j-8.3.0.jar:8.3.0]
	at com.zaxxer.hikari.pool.ProxyStatement.execute(ProxyStatement.java:94) ~[HikariCP-5.0.1.jar:na]
	at com.zaxxer.hikari.pool.HikariProxyStatement.execute(HikariProxyStatement.java) ~[HikariCP-5.0.1.jar:na]
	at org.hibernate.tool.schema.internal.exec.GenerationTargetToDatabase.accept(GenerationTargetToDatabase.java:80) ~[hibernate-core-6.4.4.Final.jar:6.4.4.Final]
	... 118 common frames omitted

2024-06-07T23:34:53.359+03:00 DEBUG 22132 --- [           main] org.hibernate.SQL                        : 
    alter table member_drug_stocks 
       drop 
       foreign key FK1x9ue5fv9s9qx2tg9y974ndp2
Hibernate: 
    alter table member_drug_stocks 
       drop 
       foreign key FK1x9ue5fv9s9qx2tg9y974ndp2
2024-06-07T23:34:53.363+03:00  WARN 22132 --- [           main] o.h.t.s.i.ExceptionHandlerLoggedImpl     : GenerationTarget encountered exception accepting command : Error executing DDL "
    alter table member_drug_stocks 
       drop 
       foreign key FK1x9ue5fv9s9qx2tg9y974ndp2" via JDBC [Table 'springdrugs.member_drug_stocks' doesn't exist]

org.hibernate.tool.schema.spi.CommandAcceptanceException: Error executing DDL "
    alter table member_drug_stocks 
       drop 
       foreign key FK1x9ue5fv9s9qx2tg9y974ndp2" via JDBC [Table 'springdrugs.member_drug_stocks' doesn't exist]
	at org.hibernate.tool.schema.internal.exec.GenerationTargetToDatabase.accept(GenerationTargetToDatabase.java:94) ~[hibernate-core-6.4.4.Final.jar:6.4.4.Final]
	at org.hibernate.tool.schema.internal.Helper.applySqlString(Helper.java:233) ~[hibernate-core-6.4.4.Final.jar:6.4.4.Final]
	at org.hibernate.tool.schema.internal.Helper.applySqlStrings(Helper.java:217) ~[hibernate-core-6.4.4.Final.jar:6.4.4.Final]
	at org.hibernate.tool.schema.internal.SchemaDropperImpl.applyConstraintDropping(SchemaDropperImpl.java:470) ~[hibernate-core-6.4.4.Final.jar:6.4.4.Final]
	at org.hibernate.tool.schema.internal.SchemaDropperImpl.dropConstraintsTablesSequences(SchemaDropperImpl.java:242) ~[hibernate-core-6.4.4.Final.jar:6.4.4.Final]
	at org.hibernate.tool.schema.internal.SchemaDropperImpl.dropFromMetadata(SchemaDropperImpl.java:215) ~[hibernate-core-6.4.4.Final.jar:6.4.4.Final]
	at org.hibernate.tool.schema.internal.SchemaDropperImpl.performDrop(SchemaDropperImpl.java:185) ~[hibernate-core-6.4.4.Final.jar:6.4.4.Final]
	at org.hibernate.tool.schema.internal.SchemaDropperImpl.doDrop(SchemaDropperImpl.java:155) ~[hibernate-core-6.4.4.Final.jar:6.4.4.Final]
	at org.hibernate.tool.schema.internal.SchemaDropperImpl.doDrop(SchemaDropperImpl.java:115) ~[hibernate-core-6.4.4.Final.jar:6.4.4.Final]
	at org.hibernate.tool.schema.spi.SchemaManagementToolCoordinator.performDatabaseAction(SchemaManagementToolCoordinator.java:244) ~[hibernate-core-6.4.4.Final.jar:6.4.4.Final]
	at org.hibernate.tool.schema.spi.SchemaManagementToolCoordinator.lambda$process$5(SchemaManagementToolCoordinator.java:145) ~[hibernate-core-6.4.4.Final.jar:6.4.4.Final]
	at java.base/java.util.HashMap.forEach(HashMap.java:1421) ~[na:na]
	at org.hibernate.tool.schema.spi.SchemaManagementToolCoordinator.process(SchemaManagementToolCoordinator.java:142) ~[hibernate-core-6.4.4.Final.jar:6.4.4.Final]
	at org.hibernate.boot.internal.SessionFactoryObserverForSchemaExport.sessionFactoryCreated(SessionFactoryObserverForSchemaExport.java:37) ~[hibernate-core-6.4.4.Final.jar:6.4.4.Final]
	at org.hibernate.internal.SessionFactoryObserverChain.sessionFactoryCreated(SessionFactoryObserverChain.java:35) ~[hibernate-core-6.4.4.Final.jar:6.4.4.Final]
	at org.hibernate.internal.SessionFactoryImpl.<init>(SessionFactoryImpl.java:315) ~[hibernate-core-6.4.4.Final.jar:6.4.4.Final]
	at org.hibernate.boot.internal.SessionFactoryBuilderImpl.build(SessionFactoryBuilderImpl.java:450) ~[hibernate-core-6.4.4.Final.jar:6.4.4.Final]
	at org.hibernate.jpa.boot.internal.EntityManagerFactoryBuilderImpl.build(EntityManagerFactoryBuilderImpl.java:1507) ~[hibernate-core-6.4.4.Final.jar:6.4.4.Final]
	at org.springframework.orm.jpa.vendor.SpringHibernateJpaPersistenceProvider.createContainerEntityManagerFactory(SpringHibernateJpaPersistenceProvider.java:75) ~[spring-orm-6.1.4.jar:6.1.4]
	at org.springframework.orm.jpa.LocalContainerEntityManagerFactoryBean.createNativeEntityManagerFactory(LocalContainerEntityManagerFactoryBean.java:388) ~[spring-orm-6.1.4.jar:6.1.4]
	at org.springframework.orm.jpa.AbstractEntityManagerFactoryBean.buildNativeEntityManagerFactory(AbstractEntityManagerFactoryBean.java:409) ~[spring-orm-6.1.4.jar:6.1.4]
	at org.springframework.orm.jpa.AbstractEntityManagerFactoryBean.afterPropertiesSet(AbstractEntityManagerFactoryBean.java:396) ~[spring-orm-6.1.4.jar:6.1.4]
	at org.springframework.orm.jpa.LocalContainerEntityManagerFactoryBean.afterPropertiesSet(LocalContainerEntityManagerFactoryBean.java:364) ~[spring-orm-6.1.4.jar:6.1.4]
	at org.springframework.beans.factory.support.AbstractAutowireCapableBeanFactory.invokeInitMethods(AbstractAutowireCapableBeanFactory.java:1833) ~[spring-beans-6.1.4.jar:6.1.4]
	at org.springframework.beans.factory.support.AbstractAutowireCapableBeanFactory.initializeBean(AbstractAutowireCapableBeanFactory.java:1782) ~[spring-beans-6.1.4.jar:6.1.4]
	at org.springframework.beans.factory.support.AbstractAutowireCapableBeanFactory.doCreateBean(AbstractAutowireCapableBeanFactory.java:600) ~[spring-beans-6.1.4.jar:6.1.4]
	at org.springframework.beans.factory.support.AbstractAutowireCapableBeanFactory.createBean(AbstractAutowireCapableBeanFactory.java:522) ~[spring-beans-6.1.4.jar:6.1.4]
	at org.springframework.beans.factory.support.AbstractBeanFactory.lambda$doGetBean$0(AbstractBeanFactory.java:325) ~[spring-beans-6.1.4.jar:6.1.4]
	at org.springframework.beans.factory.support.DefaultSingletonBeanRegistry.getSingleton(DefaultSingletonBeanRegistry.java:234) ~[spring-beans-6.1.4.jar:6.1.4]
	at org.springframework.beans.factory.support.AbstractBeanFactory.doGetBean(AbstractBeanFactory.java:323) ~[spring-beans-6.1.4.jar:6.1.4]
	at org.springframework.beans.factory.support.AbstractBeanFactory.getBean(AbstractBeanFactory.java:199) ~[spring-beans-6.1.4.jar:6.1.4]
	at org.springframework.context.support.AbstractApplicationContext.getBean(AbstractApplicationContext.java:1231) ~[spring-context-6.1.4.jar:6.1.4]
	at org.springframework.context.support.AbstractApplicationContext.finishBeanFactoryInitialization(AbstractApplicationContext.java:949) ~[spring-context-6.1.4.jar:6.1.4]
	at org.springframework.context.support.AbstractApplicationContext.refresh(AbstractApplicationContext.java:624) ~[spring-context-6.1.4.jar:6.1.4]
	at org.springframework.boot.SpringApplication.refresh(SpringApplication.java:754) ~[spring-boot-3.2.3.jar:3.2.3]
	at org.springframework.boot.SpringApplication.refreshContext(SpringApplication.java:456) ~[spring-boot-3.2.3.jar:3.2.3]
	at org.springframework.boot.SpringApplication.run(SpringApplication.java:334) ~[spring-boot-3.2.3.jar:3.2.3]
	at org.springframework.boot.test.context.SpringBootContextLoader.lambda$loadContext$3(SpringBootContextLoader.java:137) ~[spring-boot-test-3.2.3.jar:3.2.3]
	at org.springframework.util.function.ThrowingSupplier.get(ThrowingSupplier.java:58) ~[spring-core-6.1.4.jar:6.1.4]
	at org.springframework.util.function.ThrowingSupplier.get(ThrowingSupplier.java:46) ~[spring-core-6.1.4.jar:6.1.4]
	at org.springframework.boot.SpringApplication.withHook(SpringApplication.java:1454) ~[spring-boot-3.2.3.jar:3.2.3]
	at org.springframework.boot.test.context.SpringBootContextLoader$ContextLoaderHook.run(SpringBootContextLoader.java:553) ~[spring-boot-test-3.2.3.jar:3.2.3]
	at org.springframework.boot.test.context.SpringBootContextLoader.loadContext(SpringBootContextLoader.java:137) ~[spring-boot-test-3.2.3.jar:3.2.3]
	at org.springframework.boot.test.context.SpringBootContextLoader.loadContext(SpringBootContextLoader.java:108) ~[spring-boot-test-3.2.3.jar:3.2.3]
	at org.springframework.test.context.cache.DefaultCacheAwareContextLoaderDelegate.loadContextInternal(DefaultCacheAwareContextLoaderDelegate.java:225) ~[spring-test-6.1.4.jar:6.1.4]
	at org.springframework.test.context.cache.DefaultCacheAwareContextLoaderDelegate.loadContext(DefaultCacheAwareContextLoaderDelegate.java:152) ~[spring-test-6.1.4.jar:6.1.4]
	at org.springframework.test.context.support.DefaultTestContext.getApplicationContext(DefaultTestContext.java:130) ~[spring-test-6.1.4.jar:6.1.4]
	at org.springframework.test.context.web.ServletTestExecutionListener.setUpRequestContextIfNecessary(ServletTestExecutionListener.java:191) ~[spring-test-6.1.4.jar:6.1.4]
	at org.springframework.test.context.web.ServletTestExecutionListener.prepareTestInstance(ServletTestExecutionListener.java:130) ~[spring-test-6.1.4.jar:6.1.4]
	at org.springframework.test.context.TestContextManager.prepareTestInstance(TestContextManager.java:260) ~[spring-test-6.1.4.jar:6.1.4]
	at org.springframework.test.context.junit.jupiter.SpringExtension.postProcessTestInstance(SpringExtension.java:163) ~[spring-test-6.1.4.jar:6.1.4]
	at org.junit.jupiter.engine.descriptor.ClassBasedTestDescriptor.lambda$invokeTestInstancePostProcessors$10(ClassBasedTestDescriptor.java:378) ~[junit-jupiter-engine-5.10.2.jar:5.10.2]
	at org.junit.jupiter.engine.descriptor.ClassBasedTestDescriptor.executeAndMaskThrowable(ClassBasedTestDescriptor.java:383) ~[junit-jupiter-engine-5.10.2.jar:5.10.2]
	at org.junit.jupiter.engine.descriptor.ClassBasedTestDescriptor.lambda$invokeTestInstancePostProcessors$11(ClassBasedTestDescriptor.java:378) ~[junit-jupiter-engine-5.10.2.jar:5.10.2]
	at java.base/java.util.stream.ReferencePipeline$3$1.accept(ReferencePipeline.java:197) ~[na:na]
	at java.base/java.util.stream.ReferencePipeline$2$1.accept(ReferencePipeline.java:179) ~[na:na]
	at java.base/java.util.ArrayList$ArrayListSpliterator.forEachRemaining(ArrayList.java:1625) ~[na:na]
	at java.base/java.util.stream.AbstractPipeline.copyInto(AbstractPipeline.java:509) ~[na:na]
	at java.base/java.util.stream.AbstractPipeline.wrapAndCopyInto(AbstractPipeline.java:499) ~[na:na]
	at java.base/java.util.stream.StreamSpliterators$WrappingSpliterator.forEachRemaining(StreamSpliterators.java:310) ~[na:na]
	at java.base/java.util.stream.Streams$ConcatSpliterator.forEachRemaining(Streams.java:735) ~[na:na]
	at java.base/java.util.stream.Streams$ConcatSpliterator.forEachRemaining(Streams.java:734) ~[na:na]
	at java.base/java.util.stream.ReferencePipeline$Head.forEach(ReferencePipeline.java:762) ~[na:na]
	at org.junit.jupiter.engine.descriptor.ClassBasedTestDescriptor.invokeTestInstancePostProcessors(ClassBasedTestDescriptor.java:377) ~[junit-jupiter-engine-5.10.2.jar:5.10.2]
	at org.junit.jupiter.engine.descriptor.ClassBasedTestDescriptor.lambda$instantiateAndPostProcessTestInstance$6(ClassBasedTestDescriptor.java:290) ~[junit-jupiter-engine-5.10.2.jar:5.10.2]
	at org.junit.platform.engine.support.hierarchical.ThrowableCollector.execute(ThrowableCollector.java:73) ~[junit-platform-engine-1.10.2.jar:1.10.2]
	at org.junit.jupiter.engine.descriptor.ClassBasedTestDescriptor.instantiateAndPostProcessTestInstance(ClassBasedTestDescriptor.java:289) ~[junit-jupiter-engine-5.10.2.jar:5.10.2]
	at org.junit.jupiter.engine.descriptor.ClassBasedTestDescriptor.lambda$testInstancesProvider$4(ClassBasedTestDescriptor.java:279) ~[junit-jupiter-engine-5.10.2.jar:5.10.2]
	at java.base/java.util.Optional.orElseGet(Optional.java:364) ~[na:na]
	at org.junit.jupiter.engine.descriptor.ClassBasedTestDescriptor.lambda$testInstancesProvider$5(ClassBasedTestDescriptor.java:278) ~[junit-jupiter-engine-5.10.2.jar:5.10.2]
	at org.junit.jupiter.engine.execution.TestInstancesProvider.getTestInstances(TestInstancesProvider.java:31) ~[junit-jupiter-engine-5.10.2.jar:5.10.2]
	at org.junit.jupiter.engine.descriptor.TestMethodTestDescriptor.lambda$prepare$0(TestMethodTestDescriptor.java:106) ~[junit-jupiter-engine-5.10.2.jar:5.10.2]
	at org.junit.platform.engine.support.hierarchical.ThrowableCollector.execute(ThrowableCollector.java:73) ~[junit-platform-engine-1.10.2.jar:1.10.2]
	at org.junit.jupiter.engine.descriptor.TestMethodTestDescriptor.prepare(TestMethodTestDescriptor.java:105) ~[junit-jupiter-engine-5.10.2.jar:5.10.2]
	at org.junit.jupiter.engine.descriptor.TestMethodTestDescriptor.prepare(TestMethodTestDescriptor.java:69) ~[junit-jupiter-engine-5.10.2.jar:5.10.2]
	at org.junit.platform.engine.support.hierarchical.NodeTestTask.lambda$prepare$2(NodeTestTask.java:123) ~[junit-platform-engine-1.10.2.jar:1.10.2]
	at org.junit.platform.engine.support.hierarchical.ThrowableCollector.execute(ThrowableCollector.java:73) ~[junit-platform-engine-1.10.2.jar:1.10.2]
	at org.junit.platform.engine.support.hierarchical.NodeTestTask.prepare(NodeTestTask.java:123) ~[junit-platform-engine-1.10.2.jar:1.10.2]
	at org.junit.platform.engine.support.hierarchical.NodeTestTask.execute(NodeTestTask.java:90) ~[junit-platform-engine-1.10.2.jar:1.10.2]
	at java.base/java.util.ArrayList.forEach(ArrayList.java:1511) ~[na:na]
	at org.junit.platform.engine.support.hierarchical.SameThreadHierarchicalTestExecutorService.invokeAll(SameThreadHierarchicalTestExecutorService.java:41) ~[junit-platform-engine-1.10.2.jar:1.10.2]
	at org.junit.platform.engine.support.hierarchical.NodeTestTask.lambda$executeRecursively$6(NodeTestTask.java:155) ~[junit-platform-engine-1.10.2.jar:1.10.2]
	at org.junit.platform.engine.support.hierarchical.ThrowableCollector.execute(ThrowableCollector.java:73) ~[junit-platform-engine-1.10.2.jar:1.10.2]
	at org.junit.platform.engine.support.hierarchical.NodeTestTask.lambda$executeRecursively$8(NodeTestTask.java:141) ~[junit-platform-engine-1.10.2.jar:1.10.2]
	at org.junit.platform.engine.support.hierarchical.Node.around(Node.java:137) ~[junit-platform-engine-1.10.2.jar:1.10.2]
	at org.junit.platform.engine.support.hierarchical.NodeTestTask.lambda$executeRecursively$9(NodeTestTask.java:139) ~[junit-platform-engine-1.10.2.jar:1.10.2]
	at org.junit.platform.engine.support.hierarchical.ThrowableCollector.execute(ThrowableCollector.java:73) ~[junit-platform-engine-1.10.2.jar:1.10.2]
	at org.junit.platform.engine.support.hierarchical.NodeTestTask.executeRecursively(NodeTestTask.java:138) ~[junit-platform-engine-1.10.2.jar:1.10.2]
	at org.junit.platform.engine.support.hierarchical.NodeTestTask.execute(NodeTestTask.java:95) ~[junit-platform-engine-1.10.2.jar:1.10.2]
	at java.base/java.util.ArrayList.forEach(ArrayList.java:1511) ~[na:na]
	at org.junit.platform.engine.support.hierarchical.SameThreadHierarchicalTestExecutorService.invokeAll(SameThreadHierarchicalTestExecutorService.java:41) ~[junit-platform-engine-1.10.2.jar:1.10.2]
	at org.junit.platform.engine.support.hierarchical.NodeTestTask.lambda$executeRecursively$6(NodeTestTask.java:155) ~[junit-platform-engine-1.10.2.jar:1.10.2]
	at org.junit.platform.engine.support.hierarchical.ThrowableCollector.execute(ThrowableCollector.java:73) ~[junit-platform-engine-1.10.2.jar:1.10.2]
	at org.junit.platform.engine.support.hierarchical.NodeTestTask.lambda$executeRecursively$8(NodeTestTask.java:141) ~[junit-platform-engine-1.10.2.jar:1.10.2]
	at org.junit.platform.engine.support.hierarchical.Node.around(Node.java:137) ~[junit-platform-engine-1.10.2.jar:1.10.2]
	at org.junit.platform.engine.support.hierarchical.NodeTestTask.lambda$executeRecursively$9(NodeTestTask.java:139) ~[junit-platform-engine-1.10.2.jar:1.10.2]
	at org.junit.platform.engine.support.hierarchical.ThrowableCollector.execute(ThrowableCollector.java:73) ~[junit-platform-engine-1.10.2.jar:1.10.2]
	at org.junit.platform.engine.support.hierarchical.NodeTestTask.executeRecursively(NodeTestTask.java:138) ~[junit-platform-engine-1.10.2.jar:1.10.2]
	at org.junit.platform.engine.support.hierarchical.NodeTestTask.execute(NodeTestTask.java:95) ~[junit-platform-engine-1.10.2.jar:1.10.2]
	at org.junit.platform.engine.support.hierarchical.SameThreadHierarchicalTestExecutorService.submit(SameThreadHierarchicalTestExecutorService.java:35) ~[junit-platform-engine-1.10.2.jar:1.10.2]
	at org.junit.platform.engine.support.hierarchical.HierarchicalTestExecutor.execute(HierarchicalTestExecutor.java:57) ~[junit-platform-engine-1.10.2.jar:1.10.2]
	at org.junit.platform.engine.support.hierarchical.HierarchicalTestEngine.execute(HierarchicalTestEngine.java:54) ~[junit-platform-engine-1.10.2.jar:1.10.2]
	at org.junit.platform.launcher.core.EngineExecutionOrchestrator.execute(EngineExecutionOrchestrator.java:198) ~[junit-platform-launcher-1.10.2.jar:1.10.2]
	at org.junit.platform.launcher.core.EngineExecutionOrchestrator.execute(EngineExecutionOrchestrator.java:169) ~[junit-platform-launcher-1.10.2.jar:1.10.2]
	at org.junit.platform.launcher.core.EngineExecutionOrchestrator.execute(EngineExecutionOrchestrator.java:93) ~[junit-platform-launcher-1.10.2.jar:1.10.2]
	at org.junit.platform.launcher.core.EngineExecutionOrchestrator.lambda$execute$0(EngineExecutionOrchestrator.java:58) ~[junit-platform-launcher-1.10.2.jar:1.10.2]
	at org.junit.platform.launcher.core.EngineExecutionOrchestrator.withInterceptedStreams(EngineExecutionOrchestrator.java:141) ~[junit-platform-launcher-1.10.2.jar:1.10.2]
	at org.junit.platform.launcher.core.EngineExecutionOrchestrator.execute(EngineExecutionOrchestrator.java:57) ~[junit-platform-launcher-1.10.2.jar:1.10.2]
	at org.junit.platform.launcher.core.DefaultLauncher.execute(DefaultLauncher.java:103) ~[junit-platform-launcher-1.10.2.jar:1.10.2]
	at org.junit.platform.launcher.core.DefaultLauncher.execute(DefaultLauncher.java:85) ~[junit-platform-launcher-1.10.2.jar:1.10.2]
	at org.junit.platform.launcher.core.DelegatingLauncher.execute(DelegatingLauncher.java:47) ~[junit-platform-launcher-1.10.2.jar:1.10.2]
	at org.apache.maven.surefire.junitplatform.LazyLauncher.execute(LazyLauncher.java:56) ~[surefire-junit-platform-3.1.2.jar:3.1.2]
	at org.apache.maven.surefire.junitplatform.JUnitPlatformProvider.execute(JUnitPlatformProvider.java:184) ~[surefire-junit-platform-3.1.2.jar:3.1.2]
	at org.apache.maven.surefire.junitplatform.JUnitPlatformProvider.invokeAllTests(JUnitPlatformProvider.java:148) ~[surefire-junit-platform-3.1.2.jar:3.1.2]
	at org.apache.maven.surefire.junitplatform.JUnitPlatformProvider.invoke(JUnitPlatformProvider.java:122) ~[surefire-junit-platform-3.1.2.jar:3.1.2]
	at org.apache.maven.surefire.booter.ForkedBooter.runSuitesInProcess(ForkedBooter.java:385) ~[surefire-booter-3.1.2.jar:3.1.2]
	at org.apache.maven.surefire.booter.ForkedBooter.execute(ForkedBooter.java:162) ~[surefire-booter-3.1.2.jar:3.1.2]
	at org.apache.maven.surefire.booter.ForkedBooter.run(ForkedBooter.java:507) ~[surefire-booter-3.1.2.jar:3.1.2]
	at org.apache.maven.surefire.booter.ForkedBooter.main(ForkedBooter.java:495) ~[surefire-booter-3.1.2.jar:3.1.2]
Caused by: java.sql.SQLSyntaxErrorException: Table 'springdrugs.member_drug_stocks' doesn't exist
	at com.mysql.cj.jdbc.exceptions.SQLError.createSQLException(SQLError.java:121) ~[mysql-connector-j-8.3.0.jar:8.3.0]
	at com.mysql.cj.jdbc.exceptions.SQLExceptionsMapping.translateException(SQLExceptionsMapping.java:122) ~[mysql-connector-j-8.3.0.jar:8.3.0]
	at com.mysql.cj.jdbc.StatementImpl.executeInternal(StatementImpl.java:770) ~[mysql-connector-j-8.3.0.jar:8.3.0]
	at com.mysql.cj.jdbc.StatementImpl.execute(StatementImpl.java:653) ~[mysql-connector-j-8.3.0.jar:8.3.0]
	at com.zaxxer.hikari.pool.ProxyStatement.execute(ProxyStatement.java:94) ~[HikariCP-5.0.1.jar:na]
	at com.zaxxer.hikari.pool.HikariProxyStatement.execute(HikariProxyStatement.java) ~[HikariCP-5.0.1.jar:na]
	at org.hibernate.tool.schema.internal.exec.GenerationTargetToDatabase.accept(GenerationTargetToDatabase.java:80) ~[hibernate-core-6.4.4.Final.jar:6.4.4.Final]
	... 118 common frames omitted

2024-06-07T23:34:53.366+03:00 DEBUG 22132 --- [           main] org.hibernate.SQL                        : 
    drop table if exists _user
Hibernate: 
    drop table if exists _user
2024-06-07T23:34:53.377+03:00 DEBUG 22132 --- [           main] org.hibernate.SQL                        : 
    drop table if exists _user_seq
Hibernate: 
    drop table if exists _user_seq
2024-06-07T23:34:53.383+03:00 DEBUG 22132 --- [           main] org.hibernate.SQL                        : 
    drop table if exists drugs
Hibernate: 
    drop table if exists drugs
2024-06-07T23:34:53.390+03:00 DEBUG 22132 --- [           main] org.hibernate.SQL                        : 
    drop table if exists member_drug_stocks
Hibernate: 
    drop table if exists member_drug_stocks
2024-06-07T23:34:53.409+03:00 DEBUG 22132 --- [           main] org.hibernate.SQL                        : 
    create table _user (
        id integer not null,
        is_active bit not null,
        latitude float(53) not null,
        longitude float(53) not null,
        address varchar(255),
        city varchar(255),
        district varchar(255),
        eczane_adi varchar(255),
        email varchar(255),
        password varchar(255),
        phone_number varchar(255),
        role enum ('ADMIN','MEMBER'),
        primary key (id)
    ) engine=InnoDB
Hibernate: 
    create table _user (
        id integer not null,
        is_active bit not null,
        latitude float(53) not null,
        longitude float(53) not null,
        address varchar(255),
        city varchar(255),
        district varchar(255),
        eczane_adi varchar(255),
        email varchar(255),
        password varchar(255),
        phone_number varchar(255),
        role enum ('ADMIN','MEMBER'),
        primary key (id)
    ) engine=InnoDB
2024-06-07T23:34:53.430+03:00 DEBUG 22132 --- [           main] org.hibernate.SQL                        : 
    create table _user_seq (
        next_val bigint
    ) engine=InnoDB
Hibernate: 
    create table _user_seq (
        next_val bigint
    ) engine=InnoDB
2024-06-07T23:34:53.447+03:00 DEBUG 22132 --- [           main] org.hibernate.SQL                        : 
    insert into _user_seq values ( 1 )
Hibernate: 
    insert into _user_seq values ( 1 )
2024-06-07T23:34:53.454+03:00 DEBUG 22132 --- [           main] org.hibernate.SQL                        : 
    create table drugs (
        search_count integer not null,
        created_at datetime(6),
        id bigint not null auto_increment,
        ilac_adi varchar(255),
        ilac_etken_maddesi varchar(255),
        ilac_grubu varchar(255),
        primary key (id)
    ) engine=InnoDB
Hibernate: 
    create table drugs (
        search_count integer not null,
        created_at datetime(6),
        id bigint not null auto_increment,
        ilac_adi varchar(255),
        ilac_etken_maddesi varchar(255),
        ilac_grubu varchar(255),
        primary key (id)
    ) engine=InnoDB
2024-06-07T23:34:53.474+03:00 DEBUG 22132 --- [           main] org.hibernate.SQL                        : 
    create table member_drug_stocks (
        quantity integer not null,
        user_id integer not null,
        drug_id bigint not null,
        id bigint not null auto_increment,
        primary key (id)
    ) engine=InnoDB
Hibernate: 
    create table member_drug_stocks (
        quantity integer not null,
        user_id integer not null,
        drug_id bigint not null,
        id bigint not null auto_increment,
        primary key (id)
    ) engine=InnoDB
2024-06-07T23:34:53.497+03:00 DEBUG 22132 --- [           main] org.hibernate.SQL                        : 
    alter table _user 
       add constraint UK_s7w02glsbf3ef1skhse3qjyuo unique (eczane_adi)
Hibernate: 
    alter table _user 
       add constraint UK_s7w02glsbf3ef1skhse3qjyuo unique (eczane_adi)
2024-06-07T23:34:53.515+03:00 DEBUG 22132 --- [           main] org.hibernate.SQL                        : 
    alter table drugs 
       add constraint UK_d8gyr48a8gqq8dwy3kq3bcs7j unique (ilac_adi)
Hibernate: 
    alter table drugs 
       add constraint UK_d8gyr48a8gqq8dwy3kq3bcs7j unique (ilac_adi)
2024-06-07T23:34:53.534+03:00 DEBUG 22132 --- [           main] org.hibernate.SQL                        : 
    alter table member_drug_stocks 
       add constraint FK1lhifc9kpe4yq35ei7leqe323 
       foreign key (drug_id) 
       references drugs (id)
Hibernate: 
    alter table member_drug_stocks 
       add constraint FK1lhifc9kpe4yq35ei7leqe323 
       foreign key (drug_id) 
       references drugs (id)
2024-06-07T23:34:53.570+03:00 DEBUG 22132 --- [           main] org.hibernate.SQL                        : 
    alter table member_drug_stocks 
       add constraint FK1x9ue5fv9s9qx2tg9y974ndp2 
       foreign key (user_id) 
       references _user (id)
Hibernate: 
    alter table member_drug_stocks 
       add constraint FK1x9ue5fv9s9qx2tg9y974ndp2 
       foreign key (user_id) 
       references _user (id)
2024-06-07T23:34:53.617+03:00 TRACE 22132 --- [           main] o.h.type.spi.TypeConfiguration$Scope     : Handling #sessionFactoryCreated from [org.hibernate.internal.SessionFactoryImpl@43120a77] for TypeConfiguration
2024-06-07T23:34:53.618+03:00  INFO 22132 --- [           main] j.LocalContainerEntityManagerFactoryBean : Initialized JPA EntityManagerFactory for persistence unit 'default'
2024-06-07T23:34:54.667+03:00  INFO 22132 --- [           main] o.s.d.j.r.query.QueryEnhancerFactory     : Hibernate is in classpath; If applicable, HQL parser will be used.
2024-06-07T23:34:55.783+03:00  WARN 22132 --- [           main] JpaBaseConfiguration$JpaWebConfiguration : spring.jpa.open-in-view is enabled by default. Therefore, database queries may be performed during view rendering. Explicitly configure spring.jpa.open-in-view to disable this warning
2024-06-07T23:34:56.354+03:00  INFO 22132 --- [           main] o.s.s.web.DefaultSecurityFilterChain     : Will secure any request with [org.springframework.security.web.session.DisableEncodeUrlFilter@47c019d7, org.springframework.security.web.context.request.async.WebAsyncManagerIntegrationFilter@7861a433, org.springframework.security.web.context.SecurityContextHolderFilter@589dac96, org.springframework.security.web.header.HeaderWriterFilter@428169d, org.springframework.web.filter.CorsFilter@f2e28c7, org.springframework.security.web.authentication.logout.LogoutFilter@62291850, com.crackit.SpringSecurityJWT.config.JwtAuthFilter@172f2717, org.springframework.security.web.savedrequest.RequestCacheAwareFilter@4e60925d, org.springframework.security.web.servletapi.SecurityContextHolderAwareRequestFilter@5ed4c87, org.springframework.security.web.authentication.AnonymousAuthenticationFilter@494e7290, org.springframework.security.web.session.SessionManagementFilter@492d0748, org.springframework.security.web.access.ExceptionTranslationFilter@7655dc27, org.springframework.security.web.access.intercept.AuthorizationFilter@230383a7]
2024-06-07T23:34:56.882+03:00  INFO 22132 --- [           main] c.c.S.SpringSecurityJwtApplicationTests  : Started SpringSecurityJwtApplicationTests in 9.875 seconds (process running for 11.673)
2024-06-07T23:34:57.077+03:00 DEBUG 22132 --- [           main] org.hibernate.SQL                        : 
    select
        u1_0.id,
        u1_0.address,
        u1_0.city,
        u1_0.district,
        u1_0.eczane_adi,
        u1_0.email,
        u1_0.is_active,
        u1_0.latitude,
        u1_0.longitude,
        u1_0.password,
        u1_0.phone_number,
        u1_0.role 
    from
        _user u1_0 
    where
        u1_0.email=?
Hibernate: 
    select
        u1_0.id,
        u1_0.address,
        u1_0.city,
        u1_0.district,
        u1_0.eczane_adi,
        u1_0.email,
        u1_0.is_active,
        u1_0.latitude,
        u1_0.longitude,
        u1_0.password,
        u1_0.phone_number,
        u1_0.role 
    from
        _user u1_0 
    where
        u1_0.email=?
2024-06-07T23:34:57.205+03:00 DEBUG 22132 --- [           main] org.hibernate.SQL                        : 
    select
        next_val as id_val 
    from
        _user_seq for update
Hibernate: 
    select
        next_val as id_val 
    from
        _user_seq for update
2024-06-07T23:34:57.206+03:00 DEBUG 22132 --- [           main] org.hibernate.SQL                        : 
    update
        _user_seq 
    set
        next_val= ? 
    where
        next_val=?
Hibernate: 
    update
        _user_seq 
    set
        next_val= ? 
    where
        next_val=?
2024-06-07T23:34:57.246+03:00 DEBUG 22132 --- [           main] org.hibernate.SQL                        : 
    insert 
    into
        _user
        (address, city, district, eczane_adi, email, is_active, latitude, longitude, password, phone_number, role, id) 
    values
        (?, ?, ?, ?, ?, ?, ?, ?, ?, ?, ?, ?)
Hibernate: 
    insert 
    into
        _user
        (address, city, district, eczane_adi, email, is_active, latitude, longitude, password, phone_number, role, id) 
    values
        (?, ?, ?, ?, ?, ?, ?, ?, ?, ?, ?, ?)
2024-06-07T23:34:57.269+03:00 DEBUG 22132 --- [           main] org.hibernate.SQL                        : 
    select
        d1_0.id,
        d1_0.created_at,
        d1_0.ilac_adi,
        d1_0.ilac_etken_maddesi,
        d1_0.ilac_grubu,
        d1_0.search_count 
    from
        drugs d1_0
Hibernate: 
    select
        d1_0.id,
        d1_0.created_at,
        d1_0.ilac_adi,
        d1_0.ilac_etken_maddesi,
        d1_0.ilac_grubu,
        d1_0.search_count 
    from
        drugs d1_0
2024-06-07T23:34:57.281+03:00 DEBUG 22132 --- [           main] org.hibernate.SQL                        : 
    insert 
    into
        drugs
        (created_at, ilac_adi, ilac_etken_maddesi, ilac_grubu, search_count) 
    values
        (?, ?, ?, ?, ?)
Hibernate: 
    insert 
    into
        drugs
        (created_at, ilac_adi, ilac_etken_maddesi, ilac_grubu, search_count) 
    values
        (?, ?, ?, ?, ?)
2024-06-07T23:34:57.294+03:00 DEBUG 22132 --- [           main] org.hibernate.SQL                        : 
    insert 
    into
        drugs
        (created_at, ilac_adi, ilac_etken_maddesi, ilac_grubu, search_count) 
    values
        (?, ?, ?, ?, ?)
Hibernate: 
    insert 
    into
        drugs
        (created_at, ilac_adi, ilac_etken_maddesi, ilac_grubu, search_count) 
    values
        (?, ?, ?, ?, ?)
2024-06-07T23:34:57.297+03:00 DEBUG 22132 --- [           main] org.hibernate.SQL                        : 
    insert 
    into
        drugs
        (created_at, ilac_adi, ilac_etken_maddesi, ilac_grubu, search_count) 
    values
        (?, ?, ?, ?, ?)
Hibernate: 
    insert 
    into
        drugs
        (created_at, ilac_adi, ilac_etken_maddesi, ilac_grubu, search_count) 
    values
        (?, ?, ?, ?, ?)
2024-06-07T23:34:57.301+03:00 DEBUG 22132 --- [           main] org.hibernate.SQL                        : 
    insert 
    into
        drugs
        (created_at, ilac_adi, ilac_etken_maddesi, ilac_grubu, search_count) 
    values
        (?, ?, ?, ?, ?)
Hibernate: 
    insert 
    into
        drugs
        (created_at, ilac_adi, ilac_etken_maddesi, ilac_grubu, search_count) 
    values
        (?, ?, ?, ?, ?)
2024-06-07T23:34:57.304+03:00 DEBUG 22132 --- [           main] org.hibernate.SQL                        : 
    insert 
    into
        drugs
        (created_at, ilac_adi, ilac_etken_maddesi, ilac_grubu, search_count) 
    values
        (?, ?, ?, ?, ?)
Hibernate: 
    insert 
    into
        drugs
        (created_at, ilac_adi, ilac_etken_maddesi, ilac_grubu, search_count) 
    values
        (?, ?, ?, ?, ?)
2024-06-07T23:34:57.307+03:00 DEBUG 22132 --- [           main] org.hibernate.SQL                        : 
    insert 
    into
        drugs
        (created_at, ilac_adi, ilac_etken_maddesi, ilac_grubu, search_count) 
    values
        (?, ?, ?, ?, ?)
Hibernate: 
    insert 
    into
        drugs
        (created_at, ilac_adi, ilac_etken_maddesi, ilac_grubu, search_count) 
    values
        (?, ?, ?, ?, ?)
2024-06-07T23:34:57.312+03:00 DEBUG 22132 --- [           main] org.hibernate.SQL                        : 
    insert 
    into
        drugs
        (created_at, ilac_adi, ilac_etken_maddesi, ilac_grubu, search_count) 
    values
        (?, ?, ?, ?, ?)
Hibernate: 
    insert 
    into
        drugs
        (created_at, ilac_adi, ilac_etken_maddesi, ilac_grubu, search_count) 
    values
        (?, ?, ?, ?, ?)
2024-06-07T23:34:57.316+03:00 DEBUG 22132 --- [           main] org.hibernate.SQL                        : 
    insert 
    into
        drugs
        (created_at, ilac_adi, ilac_etken_maddesi, ilac_grubu, search_count) 
    values
        (?, ?, ?, ?, ?)
Hibernate: 
    insert 
    into
        drugs
        (created_at, ilac_adi, ilac_etken_maddesi, ilac_grubu, search_count) 
    values
        (?, ?, ?, ?, ?)
2024-06-07T23:34:57.320+03:00 DEBUG 22132 --- [           main] org.hibernate.SQL                        : 
    insert 
    into
        drugs
        (created_at, ilac_adi, ilac_etken_maddesi, ilac_grubu, search_count) 
    values
        (?, ?, ?, ?, ?)
Hibernate: 
    insert 
    into
        drugs
        (created_at, ilac_adi, ilac_etken_maddesi, ilac_grubu, search_count) 
    values
        (?, ?, ?, ?, ?)
2024-06-07T23:34:57.324+03:00 DEBUG 22132 --- [           main] org.hibernate.SQL                        : 
    insert 
    into
        drugs
        (created_at, ilac_adi, ilac_etken_maddesi, ilac_grubu, search_count) 
    values
        (?, ?, ?, ?, ?)
Hibernate: 
    insert 
    into
        drugs
        (created_at, ilac_adi, ilac_etken_maddesi, ilac_grubu, search_count) 
    values
        (?, ?, ?, ?, ?)
2024-06-07T23:34:57.329+03:00 DEBUG 22132 --- [           main] org.hibernate.SQL                        : 
    insert 
    into
        drugs
        (created_at, ilac_adi, ilac_etken_maddesi, ilac_grubu, search_count) 
    values
        (?, ?, ?, ?, ?)
Hibernate: 
    insert 
    into
        drugs
        (created_at, ilac_adi, ilac_etken_maddesi, ilac_grubu, search_count) 
    values
        (?, ?, ?, ?, ?)
2024-06-07T23:34:57.332+03:00 DEBUG 22132 --- [           main] org.hibernate.SQL                        : 
    insert 
    into
        drugs
        (created_at, ilac_adi, ilac_etken_maddesi, ilac_grubu, search_count) 
    values
        (?, ?, ?, ?, ?)
Hibernate: 
    insert 
    into
        drugs
        (created_at, ilac_adi, ilac_etken_maddesi, ilac_grubu, search_count) 
    values
        (?, ?, ?, ?, ?)
2024-06-07T23:34:57.336+03:00 DEBUG 22132 --- [           main] org.hibernate.SQL                        : 
    insert 
    into
        drugs
        (created_at, ilac_adi, ilac_etken_maddesi, ilac_grubu, search_count) 
    values
        (?, ?, ?, ?, ?)
Hibernate: 
    insert 
    into
        drugs
        (created_at, ilac_adi, ilac_etken_maddesi, ilac_grubu, search_count) 
    values
        (?, ?, ?, ?, ?)
2024-06-07T23:34:57.341+03:00 DEBUG 22132 --- [           main] org.hibernate.SQL                        : 
    insert 
    into
        drugs
        (created_at, ilac_adi, ilac_etken_maddesi, ilac_grubu, search_count) 
    values
        (?, ?, ?, ?, ?)
Hibernate: 
    insert 
    into
        drugs
        (created_at, ilac_adi, ilac_etken_maddesi, ilac_grubu, search_count) 
    values
        (?, ?, ?, ?, ?)
2024-06-07T23:34:57.347+03:00 DEBUG 22132 --- [           main] org.hibernate.SQL                        : 
    insert 
    into
        drugs
        (created_at, ilac_adi, ilac_etken_maddesi, ilac_grubu, search_count) 
    values
        (?, ?, ?, ?, ?)
Hibernate: 
    insert 
    into
        drugs
        (created_at, ilac_adi, ilac_etken_maddesi, ilac_grubu, search_count) 
    values
        (?, ?, ?, ?, ?)
2024-06-07T23:34:57.350+03:00 DEBUG 22132 --- [           main] org.hibernate.SQL                        : 
    insert 
    into
        drugs
        (created_at, ilac_adi, ilac_etken_maddesi, ilac_grubu, search_count) 
    values
        (?, ?, ?, ?, ?)
Hibernate: 
    insert 
    into
        drugs
        (created_at, ilac_adi, ilac_etken_maddesi, ilac_grubu, search_count) 
    values
        (?, ?, ?, ?, ?)
2024-06-07T23:34:57.354+03:00 DEBUG 22132 --- [           main] org.hibernate.SQL                        : 
    insert 
    into
        drugs
        (created_at, ilac_adi, ilac_etken_maddesi, ilac_grubu, search_count) 
    values
        (?, ?, ?, ?, ?)
Hibernate: 
    insert 
    into
        drugs
        (created_at, ilac_adi, ilac_etken_maddesi, ilac_grubu, search_count) 
    values
        (?, ?, ?, ?, ?)
2024-06-07T23:34:57.358+03:00 DEBUG 22132 --- [           main] org.hibernate.SQL                        : 
    insert 
    into
        drugs
        (created_at, ilac_adi, ilac_etken_maddesi, ilac_grubu, search_count) 
    values
        (?, ?, ?, ?, ?)
Hibernate: 
    insert 
    into
        drugs
        (created_at, ilac_adi, ilac_etken_maddesi, ilac_grubu, search_count) 
    values
        (?, ?, ?, ?, ?)
2024-06-07T23:34:57.362+03:00 DEBUG 22132 --- [           main] org.hibernate.SQL                        : 
    insert 
    into
        drugs
        (created_at, ilac_adi, ilac_etken_maddesi, ilac_grubu, search_count) 
    values
        (?, ?, ?, ?, ?)
Hibernate: 
    insert 
    into
        drugs
        (created_at, ilac_adi, ilac_etken_maddesi, ilac_grubu, search_count) 
    values
        (?, ?, ?, ?, ?)
2024-06-07T23:34:57.368+03:00 DEBUG 22132 --- [           main] org.hibernate.SQL                        : 
    insert 
    into
        drugs
        (created_at, ilac_adi, ilac_etken_maddesi, ilac_grubu, search_count) 
    values
        (?, ?, ?, ?, ?)
Hibernate: 
    insert 
    into
        drugs
        (created_at, ilac_adi, ilac_etken_maddesi, ilac_grubu, search_count) 
    values
        (?, ?, ?, ?, ?)
2024-06-07T23:34:57.372+03:00 DEBUG 22132 --- [           main] org.hibernate.SQL                        : 
    insert 
    into
        drugs
        (created_at, ilac_adi, ilac_etken_maddesi, ilac_grubu, search_count) 
    values
        (?, ?, ?, ?, ?)
Hibernate: 
    insert 
    into
        drugs
        (created_at, ilac_adi, ilac_etken_maddesi, ilac_grubu, search_count) 
    values
        (?, ?, ?, ?, ?)
2024-06-07T23:34:57.376+03:00 DEBUG 22132 --- [           main] org.hibernate.SQL                        : 
    insert 
    into
        drugs
        (created_at, ilac_adi, ilac_etken_maddesi, ilac_grubu, search_count) 
    values
        (?, ?, ?, ?, ?)
Hibernate: 
    insert 
    into
        drugs
        (created_at, ilac_adi, ilac_etken_maddesi, ilac_grubu, search_count) 
    values
        (?, ?, ?, ?, ?)
2024-06-07T23:34:57.380+03:00 DEBUG 22132 --- [           main] org.hibernate.SQL                        : 
    insert 
    into
        drugs
        (created_at, ilac_adi, ilac_etken_maddesi, ilac_grubu, search_count) 
    values
        (?, ?, ?, ?, ?)
Hibernate: 
    insert 
    into
        drugs
        (created_at, ilac_adi, ilac_etken_maddesi, ilac_grubu, search_count) 
    values
        (?, ?, ?, ?, ?)
2024-06-07T23:34:57.383+03:00 DEBUG 22132 --- [           main] org.hibernate.SQL                        : 
    insert 
    into
        drugs
        (created_at, ilac_adi, ilac_etken_maddesi, ilac_grubu, search_count) 
    values
        (?, ?, ?, ?, ?)
Hibernate: 
    insert 
    into
        drugs
        (created_at, ilac_adi, ilac_etken_maddesi, ilac_grubu, search_count) 
    values
        (?, ?, ?, ?, ?)
2024-06-07T23:34:57.387+03:00 DEBUG 22132 --- [           main] org.hibernate.SQL                        : 
    insert 
    into
        drugs
        (created_at, ilac_adi, ilac_etken_maddesi, ilac_grubu, search_count) 
    values
        (?, ?, ?, ?, ?)
Hibernate: 
    insert 
    into
        drugs
        (created_at, ilac_adi, ilac_etken_maddesi, ilac_grubu, search_count) 
    values
        (?, ?, ?, ?, ?)
2024-06-07T23:34:57.389+03:00 DEBUG 22132 --- [           main] org.hibernate.SQL                        : 
    insert 
    into
        drugs
        (created_at, ilac_adi, ilac_etken_maddesi, ilac_grubu, search_count) 
    values
        (?, ?, ?, ?, ?)
Hibernate: 
    insert 
    into
        drugs
        (created_at, ilac_adi, ilac_etken_maddesi, ilac_grubu, search_count) 
    values
        (?, ?, ?, ?, ?)
2024-06-07T23:34:57.392+03:00 DEBUG 22132 --- [           main] org.hibernate.SQL                        : 
    insert 
    into
        drugs
        (created_at, ilac_adi, ilac_etken_maddesi, ilac_grubu, search_count) 
    values
        (?, ?, ?, ?, ?)
Hibernate: 
    insert 
    into
        drugs
        (created_at, ilac_adi, ilac_etken_maddesi, ilac_grubu, search_count) 
    values
        (?, ?, ?, ?, ?)
2024-06-07T23:34:57.395+03:00 DEBUG 22132 --- [           main] org.hibernate.SQL                        : 
    insert 
    into
        drugs
        (created_at, ilac_adi, ilac_etken_maddesi, ilac_grubu, search_count) 
    values
        (?, ?, ?, ?, ?)
Hibernate: 
    insert 
    into
        drugs
        (created_at, ilac_adi, ilac_etken_maddesi, ilac_grubu, search_count) 
    values
        (?, ?, ?, ?, ?)
2024-06-07T23:34:57.398+03:00 DEBUG 22132 --- [           main] org.hibernate.SQL                        : 
    insert 
    into
        drugs
        (created_at, ilac_adi, ilac_etken_maddesi, ilac_grubu, search_count) 
    values
        (?, ?, ?, ?, ?)
Hibernate: 
    insert 
    into
        drugs
        (created_at, ilac_adi, ilac_etken_maddesi, ilac_grubu, search_count) 
    values
        (?, ?, ?, ?, ?)
2024-06-07T23:34:57.400+03:00 DEBUG 22132 --- [           main] org.hibernate.SQL                        : 
    insert 
    into
        drugs
        (created_at, ilac_adi, ilac_etken_maddesi, ilac_grubu, search_count) 
    values
        (?, ?, ?, ?, ?)
Hibernate: 
    insert 
    into
        drugs
        (created_at, ilac_adi, ilac_etken_maddesi, ilac_grubu, search_count) 
    values
        (?, ?, ?, ?, ?)
2024-06-07T23:34:57.403+03:00 DEBUG 22132 --- [           main] org.hibernate.SQL                        : 
    insert 
    into
        drugs
        (created_at, ilac_adi, ilac_etken_maddesi, ilac_grubu, search_count) 
    values
        (?, ?, ?, ?, ?)
Hibernate: 
    insert 
    into
        drugs
        (created_at, ilac_adi, ilac_etken_maddesi, ilac_grubu, search_count) 
    values
        (?, ?, ?, ?, ?)
2024-06-07T23:34:57.406+03:00 DEBUG 22132 --- [           main] org.hibernate.SQL                        : 
    insert 
    into
        drugs
        (created_at, ilac_adi, ilac_etken_maddesi, ilac_grubu, search_count) 
    values
        (?, ?, ?, ?, ?)
Hibernate: 
    insert 
    into
        drugs
        (created_at, ilac_adi, ilac_etken_maddesi, ilac_grubu, search_count) 
    values
        (?, ?, ?, ?, ?)
2024-06-07T23:34:57.408+03:00 DEBUG 22132 --- [           main] org.hibernate.SQL                        : 
    insert 
    into
        drugs
        (created_at, ilac_adi, ilac_etken_maddesi, ilac_grubu, search_count) 
    values
        (?, ?, ?, ?, ?)
Hibernate: 
    insert 
    into
        drugs
        (created_at, ilac_adi, ilac_etken_maddesi, ilac_grubu, search_count) 
    values
        (?, ?, ?, ?, ?)
2024-06-07T23:34:57.411+03:00 DEBUG 22132 --- [           main] org.hibernate.SQL                        : 
    insert 
    into
        drugs
        (created_at, ilac_adi, ilac_etken_maddesi, ilac_grubu, search_count) 
    values
        (?, ?, ?, ?, ?)
Hibernate: 
    insert 
    into
        drugs
        (created_at, ilac_adi, ilac_etken_maddesi, ilac_grubu, search_count) 
    values
        (?, ?, ?, ?, ?)
2024-06-07T23:34:57.414+03:00 DEBUG 22132 --- [           main] org.hibernate.SQL                        : 
    insert 
    into
        drugs
        (created_at, ilac_adi, ilac_etken_maddesi, ilac_grubu, search_count) 
    values
        (?, ?, ?, ?, ?)
Hibernate: 
    insert 
    into
        drugs
        (created_at, ilac_adi, ilac_etken_maddesi, ilac_grubu, search_count) 
    values
        (?, ?, ?, ?, ?)
2024-06-07T23:34:57.416+03:00 DEBUG 22132 --- [           main] org.hibernate.SQL                        : 
    insert 
    into
        drugs
        (created_at, ilac_adi, ilac_etken_maddesi, ilac_grubu, search_count) 
    values
        (?, ?, ?, ?, ?)
Hibernate: 
    insert 
    into
        drugs
        (created_at, ilac_adi, ilac_etken_maddesi, ilac_grubu, search_count) 
    values
        (?, ?, ?, ?, ?)
2024-06-07T23:34:57.418+03:00 DEBUG 22132 --- [           main] org.hibernate.SQL                        : 
    insert 
    into
        drugs
        (created_at, ilac_adi, ilac_etken_maddesi, ilac_grubu, search_count) 
    values
        (?, ?, ?, ?, ?)
Hibernate: 
    insert 
    into
        drugs
        (created_at, ilac_adi, ilac_etken_maddesi, ilac_grubu, search_count) 
    values
        (?, ?, ?, ?, ?)
2024-06-07T23:34:57.420+03:00 DEBUG 22132 --- [           main] org.hibernate.SQL                        : 
    insert 
    into
        drugs
        (created_at, ilac_adi, ilac_etken_maddesi, ilac_grubu, search_count) 
    values
        (?, ?, ?, ?, ?)
Hibernate: 
    insert 
    into
        drugs
        (created_at, ilac_adi, ilac_etken_maddesi, ilac_grubu, search_count) 
    values
        (?, ?, ?, ?, ?)
2024-06-07T23:34:57.422+03:00 DEBUG 22132 --- [           main] org.hibernate.SQL                        : 
    insert 
    into
        drugs
        (created_at, ilac_adi, ilac_etken_maddesi, ilac_grubu, search_count) 
    values
        (?, ?, ?, ?, ?)
Hibernate: 
    insert 
    into
        drugs
        (created_at, ilac_adi, ilac_etken_maddesi, ilac_grubu, search_count) 
    values
        (?, ?, ?, ?, ?)
2024-06-07T23:34:57.425+03:00 DEBUG 22132 --- [           main] org.hibernate.SQL                        : 
    insert 
    into
        drugs
        (created_at, ilac_adi, ilac_etken_maddesi, ilac_grubu, search_count) 
    values
        (?, ?, ?, ?, ?)
Hibernate: 
    insert 
    into
        drugs
        (created_at, ilac_adi, ilac_etken_maddesi, ilac_grubu, search_count) 
    values
        (?, ?, ?, ?, ?)
2024-06-07T23:34:57.454+03:00 DEBUG 22132 --- [           main] org.hibernate.SQL                        : 
    insert 
    into
        drugs
        (created_at, ilac_adi, ilac_etken_maddesi, ilac_grubu, search_count) 
    values
        (?, ?, ?, ?, ?)
Hibernate: 
    insert 
    into
        drugs
        (created_at, ilac_adi, ilac_etken_maddesi, ilac_grubu, search_count) 
    values
        (?, ?, ?, ?, ?)
2024-06-07T23:34:57.457+03:00 DEBUG 22132 --- [           main] org.hibernate.SQL                        : 
    insert 
    into
        drugs
        (created_at, ilac_adi, ilac_etken_maddesi, ilac_grubu, search_count) 
    values
        (?, ?, ?, ?, ?)
Hibernate: 
    insert 
    into
        drugs
        (created_at, ilac_adi, ilac_etken_maddesi, ilac_grubu, search_count) 
    values
        (?, ?, ?, ?, ?)
2024-06-07T23:34:57.460+03:00 DEBUG 22132 --- [           main] org.hibernate.SQL                        : 
    insert 
    into
        drugs
        (created_at, ilac_adi, ilac_etken_maddesi, ilac_grubu, search_count) 
    values
        (?, ?, ?, ?, ?)
Hibernate: 
    insert 
    into
        drugs
        (created_at, ilac_adi, ilac_etken_maddesi, ilac_grubu, search_count) 
    values
        (?, ?, ?, ?, ?)
2024-06-07T23:34:57.463+03:00 DEBUG 22132 --- [           main] org.hibernate.SQL                        : 
    insert 
    into
        drugs
        (created_at, ilac_adi, ilac_etken_maddesi, ilac_grubu, search_count) 
    values
        (?, ?, ?, ?, ?)
Hibernate: 
    insert 
    into
        drugs
        (created_at, ilac_adi, ilac_etken_maddesi, ilac_grubu, search_count) 
    values
        (?, ?, ?, ?, ?)
2024-06-07T23:34:57.466+03:00 DEBUG 22132 --- [           main] org.hibernate.SQL                        : 
    insert 
    into
        drugs
        (created_at, ilac_adi, ilac_etken_maddesi, ilac_grubu, search_count) 
    values
        (?, ?, ?, ?, ?)
Hibernate: 
    insert 
    into
        drugs
        (created_at, ilac_adi, ilac_etken_maddesi, ilac_grubu, search_count) 
    values
        (?, ?, ?, ?, ?)
2024-06-07T23:34:57.468+03:00 DEBUG 22132 --- [           main] org.hibernate.SQL                        : 
    insert 
    into
        drugs
        (created_at, ilac_adi, ilac_etken_maddesi, ilac_grubu, search_count) 
    values
        (?, ?, ?, ?, ?)
Hibernate: 
    insert 
    into
        drugs
        (created_at, ilac_adi, ilac_etken_maddesi, ilac_grubu, search_count) 
    values
        (?, ?, ?, ?, ?)
2024-06-07T23:34:57.471+03:00 DEBUG 22132 --- [           main] org.hibernate.SQL                        : 
    insert 
    into
        drugs
        (created_at, ilac_adi, ilac_etken_maddesi, ilac_grubu, search_count) 
    values
        (?, ?, ?, ?, ?)
Hibernate: 
    insert 
    into
        drugs
        (created_at, ilac_adi, ilac_etken_maddesi, ilac_grubu, search_count) 
    values
        (?, ?, ?, ?, ?)
2024-06-07T23:34:57.473+03:00 DEBUG 22132 --- [           main] org.hibernate.SQL                        : 
    insert 
    into
        drugs
        (created_at, ilac_adi, ilac_etken_maddesi, ilac_grubu, search_count) 
    values
        (?, ?, ?, ?, ?)
Hibernate: 
    insert 
    into
        drugs
        (created_at, ilac_adi, ilac_etken_maddesi, ilac_grubu, search_count) 
    values
        (?, ?, ?, ?, ?)
2024-06-07T23:34:57.475+03:00 DEBUG 22132 --- [           main] org.hibernate.SQL                        : 
    insert 
    into
        drugs
        (created_at, ilac_adi, ilac_etken_maddesi, ilac_grubu, search_count) 
    values
        (?, ?, ?, ?, ?)
Hibernate: 
    insert 
    into
        drugs
        (created_at, ilac_adi, ilac_etken_maddesi, ilac_grubu, search_count) 
    values
        (?, ?, ?, ?, ?)
2024-06-07T23:34:57.479+03:00 DEBUG 22132 --- [           main] org.hibernate.SQL                        : 
    insert 
    into
        drugs
        (created_at, ilac_adi, ilac_etken_maddesi, ilac_grubu, search_count) 
    values
        (?, ?, ?, ?, ?)
Hibernate: 
    insert 
    into
        drugs
        (created_at, ilac_adi, ilac_etken_maddesi, ilac_grubu, search_count) 
    values
        (?, ?, ?, ?, ?)
2024-06-07T23:34:57.484+03:00 DEBUG 22132 --- [           main] org.hibernate.SQL                        : 
    insert 
    into
        drugs
        (created_at, ilac_adi, ilac_etken_maddesi, ilac_grubu, search_count) 
    values
        (?, ?, ?, ?, ?)
Hibernate: 
    insert 
    into
        drugs
        (created_at, ilac_adi, ilac_etken_maddesi, ilac_grubu, search_count) 
    values
        (?, ?, ?, ?, ?)
2024-06-07T23:34:57.489+03:00 DEBUG 22132 --- [           main] org.hibernate.SQL                        : 
    insert 
    into
        drugs
        (created_at, ilac_adi, ilac_etken_maddesi, ilac_grubu, search_count) 
    values
        (?, ?, ?, ?, ?)
Hibernate: 
    insert 
    into
        drugs
        (created_at, ilac_adi, ilac_etken_maddesi, ilac_grubu, search_count) 
    values
        (?, ?, ?, ?, ?)
2024-06-07T23:34:57.493+03:00 DEBUG 22132 --- [           main] org.hibernate.SQL                        : 
    insert 
    into
        drugs
        (created_at, ilac_adi, ilac_etken_maddesi, ilac_grubu, search_count) 
    values
        (?, ?, ?, ?, ?)
Hibernate: 
    insert 
    into
        drugs
        (created_at, ilac_adi, ilac_etken_maddesi, ilac_grubu, search_count) 
    values
        (?, ?, ?, ?, ?)
2024-06-07T23:34:57.497+03:00 DEBUG 22132 --- [           main] org.hibernate.SQL                        : 
    insert 
    into
        drugs
        (created_at, ilac_adi, ilac_etken_maddesi, ilac_grubu, search_count) 
    values
        (?, ?, ?, ?, ?)
Hibernate: 
    insert 
    into
        drugs
        (created_at, ilac_adi, ilac_etken_maddesi, ilac_grubu, search_count) 
    values
        (?, ?, ?, ?, ?)
2024-06-07T23:34:57.501+03:00 DEBUG 22132 --- [           main] org.hibernate.SQL                        : 
    insert 
    into
        drugs
        (created_at, ilac_adi, ilac_etken_maddesi, ilac_grubu, search_count) 
    values
        (?, ?, ?, ?, ?)
Hibernate: 
    insert 
    into
        drugs
        (created_at, ilac_adi, ilac_etken_maddesi, ilac_grubu, search_count) 
    values
        (?, ?, ?, ?, ?)
2024-06-07T23:34:57.503+03:00 DEBUG 22132 --- [           main] org.hibernate.SQL                        : 
    insert 
    into
        drugs
        (created_at, ilac_adi, ilac_etken_maddesi, ilac_grubu, search_count) 
    values
        (?, ?, ?, ?, ?)
Hibernate: 
    insert 
    into
        drugs
        (created_at, ilac_adi, ilac_etken_maddesi, ilac_grubu, search_count) 
    values
        (?, ?, ?, ?, ?)
2024-06-07T23:34:57.506+03:00 DEBUG 22132 --- [           main] org.hibernate.SQL                        : 
    insert 
    into
        drugs
        (created_at, ilac_adi, ilac_etken_maddesi, ilac_grubu, search_count) 
    values
        (?, ?, ?, ?, ?)
Hibernate: 
    insert 
    into
        drugs
        (created_at, ilac_adi, ilac_etken_maddesi, ilac_grubu, search_count) 
    values
        (?, ?, ?, ?, ?)
2024-06-07T23:34:57.509+03:00 DEBUG 22132 --- [           main] org.hibernate.SQL                        : 
    insert 
    into
        drugs
        (created_at, ilac_adi, ilac_etken_maddesi, ilac_grubu, search_count) 
    values
        (?, ?, ?, ?, ?)
Hibernate: 
    insert 
    into
        drugs
        (created_at, ilac_adi, ilac_etken_maddesi, ilac_grubu, search_count) 
    values
        (?, ?, ?, ?, ?)
2024-06-07T23:34:57.513+03:00 DEBUG 22132 --- [           main] org.hibernate.SQL                        : 
    insert 
    into
        drugs
        (created_at, ilac_adi, ilac_etken_maddesi, ilac_grubu, search_count) 
    values
        (?, ?, ?, ?, ?)
Hibernate: 
    insert 
    into
        drugs
        (created_at, ilac_adi, ilac_etken_maddesi, ilac_grubu, search_count) 
    values
        (?, ?, ?, ?, ?)
2024-06-07T23:34:57.517+03:00 DEBUG 22132 --- [           main] org.hibernate.SQL                        : 
    insert 
    into
        drugs
        (created_at, ilac_adi, ilac_etken_maddesi, ilac_grubu, search_count) 
    values
        (?, ?, ?, ?, ?)
Hibernate: 
    insert 
    into
        drugs
        (created_at, ilac_adi, ilac_etken_maddesi, ilac_grubu, search_count) 
    values
        (?, ?, ?, ?, ?)
2024-06-07T23:34:57.523+03:00 DEBUG 22132 --- [           main] org.hibernate.SQL                        : 
    insert 
    into
        drugs
        (created_at, ilac_adi, ilac_etken_maddesi, ilac_grubu, search_count) 
    values
        (?, ?, ?, ?, ?)
Hibernate: 
    insert 
    into
        drugs
        (created_at, ilac_adi, ilac_etken_maddesi, ilac_grubu, search_count) 
    values
        (?, ?, ?, ?, ?)
2024-06-07T23:34:57.527+03:00 DEBUG 22132 --- [           main] org.hibernate.SQL                        : 
    insert 
    into
        drugs
        (created_at, ilac_adi, ilac_etken_maddesi, ilac_grubu, search_count) 
    values
        (?, ?, ?, ?, ?)
Hibernate: 
    insert 
    into
        drugs
        (created_at, ilac_adi, ilac_etken_maddesi, ilac_grubu, search_count) 
    values
        (?, ?, ?, ?, ?)
2024-06-07T23:34:57.530+03:00 DEBUG 22132 --- [           main] org.hibernate.SQL                        : 
    insert 
    into
        drugs
        (created_at, ilac_adi, ilac_etken_maddesi, ilac_grubu, search_count) 
    values
        (?, ?, ?, ?, ?)
Hibernate: 
    insert 
    into
        drugs
        (created_at, ilac_adi, ilac_etken_maddesi, ilac_grubu, search_count) 
    values
        (?, ?, ?, ?, ?)
2024-06-07T23:34:57.535+03:00 DEBUG 22132 --- [           main] org.hibernate.SQL                        : 
    insert 
    into
        drugs
        (created_at, ilac_adi, ilac_etken_maddesi, ilac_grubu, search_count) 
    values
        (?, ?, ?, ?, ?)
Hibernate: 
    insert 
    into
        drugs
        (created_at, ilac_adi, ilac_etken_maddesi, ilac_grubu, search_count) 
    values
        (?, ?, ?, ?, ?)
2024-06-07T23:34:57.538+03:00 DEBUG 22132 --- [           main] org.hibernate.SQL                        : 
    insert 
    into
        drugs
        (created_at, ilac_adi, ilac_etken_maddesi, ilac_grubu, search_count) 
    values
        (?, ?, ?, ?, ?)
Hibernate: 
    insert 
    into
        drugs
        (created_at, ilac_adi, ilac_etken_maddesi, ilac_grubu, search_count) 
    values
        (?, ?, ?, ?, ?)
2024-06-07T23:34:57.541+03:00 DEBUG 22132 --- [           main] org.hibernate.SQL                        : 
    insert 
    into
        drugs
        (created_at, ilac_adi, ilac_etken_maddesi, ilac_grubu, search_count) 
    values
        (?, ?, ?, ?, ?)
Hibernate: 
    insert 
    into
        drugs
        (created_at, ilac_adi, ilac_etken_maddesi, ilac_grubu, search_count) 
    values
        (?, ?, ?, ?, ?)
2024-06-07T23:34:57.544+03:00 DEBUG 22132 --- [           main] org.hibernate.SQL                        : 
    insert 
    into
        drugs
        (created_at, ilac_adi, ilac_etken_maddesi, ilac_grubu, search_count) 
    values
        (?, ?, ?, ?, ?)
Hibernate: 
    insert 
    into
        drugs
        (created_at, ilac_adi, ilac_etken_maddesi, ilac_grubu, search_count) 
    values
        (?, ?, ?, ?, ?)
2024-06-07T23:34:57.547+03:00 DEBUG 22132 --- [           main] org.hibernate.SQL                        : 
    insert 
    into
        drugs
        (created_at, ilac_adi, ilac_etken_maddesi, ilac_grubu, search_count) 
    values
        (?, ?, ?, ?, ?)
Hibernate: 
    insert 
    into
        drugs
        (created_at, ilac_adi, ilac_etken_maddesi, ilac_grubu, search_count) 
    values
        (?, ?, ?, ?, ?)
2024-06-07T23:34:57.549+03:00 DEBUG 22132 --- [           main] org.hibernate.SQL                        : 
    insert 
    into
        drugs
        (created_at, ilac_adi, ilac_etken_maddesi, ilac_grubu, search_count) 
    values
        (?, ?, ?, ?, ?)
Hibernate: 
    insert 
    into
        drugs
        (created_at, ilac_adi, ilac_etken_maddesi, ilac_grubu, search_count) 
    values
        (?, ?, ?, ?, ?)
2024-06-07T23:34:57.554+03:00 DEBUG 22132 --- [           main] org.hibernate.SQL                        : 
    insert 
    into
        drugs
        (created_at, ilac_adi, ilac_etken_maddesi, ilac_grubu, search_count) 
    values
        (?, ?, ?, ?, ?)
Hibernate: 
    insert 
    into
        drugs
        (created_at, ilac_adi, ilac_etken_maddesi, ilac_grubu, search_count) 
    values
        (?, ?, ?, ?, ?)
2024-06-07T23:34:57.556+03:00 DEBUG 22132 --- [           main] org.hibernate.SQL                        : 
    insert 
    into
        drugs
        (created_at, ilac_adi, ilac_etken_maddesi, ilac_grubu, search_count) 
    values
        (?, ?, ?, ?, ?)
Hibernate: 
    insert 
    into
        drugs
        (created_at, ilac_adi, ilac_etken_maddesi, ilac_grubu, search_count) 
    values
        (?, ?, ?, ?, ?)
2024-06-07T23:34:57.560+03:00 DEBUG 22132 --- [           main] org.hibernate.SQL                        : 
    insert 
    into
        drugs
        (created_at, ilac_adi, ilac_etken_maddesi, ilac_grubu, search_count) 
    values
        (?, ?, ?, ?, ?)
Hibernate: 
    insert 
    into
        drugs
        (created_at, ilac_adi, ilac_etken_maddesi, ilac_grubu, search_count) 
    values
        (?, ?, ?, ?, ?)
2024-06-07T23:34:57.563+03:00 DEBUG 22132 --- [           main] org.hibernate.SQL                        : 
    insert 
    into
        drugs
        (created_at, ilac_adi, ilac_etken_maddesi, ilac_grubu, search_count) 
    values
        (?, ?, ?, ?, ?)
Hibernate: 
    insert 
    into
        drugs
        (created_at, ilac_adi, ilac_etken_maddesi, ilac_grubu, search_count) 
    values
        (?, ?, ?, ?, ?)
2024-06-07T23:34:57.565+03:00 DEBUG 22132 --- [           main] org.hibernate.SQL                        : 
    insert 
    into
        drugs
        (created_at, ilac_adi, ilac_etken_maddesi, ilac_grubu, search_count) 
    values
        (?, ?, ?, ?, ?)
Hibernate: 
    insert 
    into
        drugs
        (created_at, ilac_adi, ilac_etken_maddesi, ilac_grubu, search_count) 
    values
        (?, ?, ?, ?, ?)
2024-06-07T23:34:57.568+03:00 DEBUG 22132 --- [           main] org.hibernate.SQL                        : 
    insert 
    into
        drugs
        (created_at, ilac_adi, ilac_etken_maddesi, ilac_grubu, search_count) 
    values
        (?, ?, ?, ?, ?)
Hibernate: 
    insert 
    into
        drugs
        (created_at, ilac_adi, ilac_etken_maddesi, ilac_grubu, search_count) 
    values
        (?, ?, ?, ?, ?)
2024-06-07T23:34:57.570+03:00 DEBUG 22132 --- [           main] org.hibernate.SQL                        : 
    insert 
    into
        drugs
        (created_at, ilac_adi, ilac_etken_maddesi, ilac_grubu, search_count) 
    values
        (?, ?, ?, ?, ?)
Hibernate: 
    insert 
    into
        drugs
        (created_at, ilac_adi, ilac_etken_maddesi, ilac_grubu, search_count) 
    values
        (?, ?, ?, ?, ?)
2024-06-07T23:34:57.573+03:00 DEBUG 22132 --- [           main] org.hibernate.SQL                        : 
    insert 
    into
        drugs
        (created_at, ilac_adi, ilac_etken_maddesi, ilac_grubu, search_count) 
    values
        (?, ?, ?, ?, ?)
Hibernate: 
    insert 
    into
        drugs
        (created_at, ilac_adi, ilac_etken_maddesi, ilac_grubu, search_count) 
    values
        (?, ?, ?, ?, ?)
2024-06-07T23:34:57.576+03:00 DEBUG 22132 --- [           main] org.hibernate.SQL                        : 
    insert 
    into
        drugs
        (created_at, ilac_adi, ilac_etken_maddesi, ilac_grubu, search_count) 
    values
        (?, ?, ?, ?, ?)
Hibernate: 
    insert 
    into
        drugs
        (created_at, ilac_adi, ilac_etken_maddesi, ilac_grubu, search_count) 
    values
        (?, ?, ?, ?, ?)
2024-06-07T23:34:57.580+03:00 DEBUG 22132 --- [           main] org.hibernate.SQL                        : 
    insert 
    into
        drugs
        (created_at, ilac_adi, ilac_etken_maddesi, ilac_grubu, search_count) 
    values
        (?, ?, ?, ?, ?)
Hibernate: 
    insert 
    into
        drugs
        (created_at, ilac_adi, ilac_etken_maddesi, ilac_grubu, search_count) 
    values
        (?, ?, ?, ?, ?)
2024-06-07T23:34:57.582+03:00 DEBUG 22132 --- [           main] org.hibernate.SQL                        : 
    insert 
    into
        drugs
        (created_at, ilac_adi, ilac_etken_maddesi, ilac_grubu, search_count) 
    values
        (?, ?, ?, ?, ?)
Hibernate: 
    insert 
    into
        drugs
        (created_at, ilac_adi, ilac_etken_maddesi, ilac_grubu, search_count) 
    values
        (?, ?, ?, ?, ?)
2024-06-07T23:34:57.584+03:00 DEBUG 22132 --- [           main] org.hibernate.SQL                        : 
    insert 
    into
        drugs
        (created_at, ilac_adi, ilac_etken_maddesi, ilac_grubu, search_count) 
    values
        (?, ?, ?, ?, ?)
Hibernate: 
    insert 
    into
        drugs
        (created_at, ilac_adi, ilac_etken_maddesi, ilac_grubu, search_count) 
    values
        (?, ?, ?, ?, ?)
2024-06-07T23:34:57.586+03:00 DEBUG 22132 --- [           main] org.hibernate.SQL                        : 
    insert 
    into
        drugs
        (created_at, ilac_adi, ilac_etken_maddesi, ilac_grubu, search_count) 
    values
        (?, ?, ?, ?, ?)
Hibernate: 
    insert 
    into
        drugs
        (created_at, ilac_adi, ilac_etken_maddesi, ilac_grubu, search_count) 
    values
        (?, ?, ?, ?, ?)
2024-06-07T23:34:57.588+03:00 DEBUG 22132 --- [           main] org.hibernate.SQL                        : 
    insert 
    into
        drugs
        (created_at, ilac_adi, ilac_etken_maddesi, ilac_grubu, search_count) 
    values
        (?, ?, ?, ?, ?)
Hibernate: 
    insert 
    into
        drugs
        (created_at, ilac_adi, ilac_etken_maddesi, ilac_grubu, search_count) 
    values
        (?, ?, ?, ?, ?)
2024-06-07T23:34:57.589+03:00 DEBUG 22132 --- [           main] org.hibernate.SQL                        : 
    insert 
    into
        drugs
        (created_at, ilac_adi, ilac_etken_maddesi, ilac_grubu, search_count) 
    values
        (?, ?, ?, ?, ?)
Hibernate: 
    insert 
    into
        drugs
        (created_at, ilac_adi, ilac_etken_maddesi, ilac_grubu, search_count) 
    values
        (?, ?, ?, ?, ?)
2024-06-07T23:34:57.591+03:00 DEBUG 22132 --- [           main] org.hibernate.SQL                        : 
    insert 
    into
        drugs
        (created_at, ilac_adi, ilac_etken_maddesi, ilac_grubu, search_count) 
    values
        (?, ?, ?, ?, ?)
Hibernate: 
    insert 
    into
        drugs
        (created_at, ilac_adi, ilac_etken_maddesi, ilac_grubu, search_count) 
    values
        (?, ?, ?, ?, ?)
2024-06-07T23:34:57.594+03:00 DEBUG 22132 --- [           main] org.hibernate.SQL                        : 
    insert 
    into
        drugs
        (created_at, ilac_adi, ilac_etken_maddesi, ilac_grubu, search_count) 
    values
        (?, ?, ?, ?, ?)
Hibernate: 
    insert 
    into
        drugs
        (created_at, ilac_adi, ilac_etken_maddesi, ilac_grubu, search_count) 
    values
        (?, ?, ?, ?, ?)
2024-06-07T23:34:57.596+03:00 DEBUG 22132 --- [           main] org.hibernate.SQL                        : 
    insert 
    into
        drugs
        (created_at, ilac_adi, ilac_etken_maddesi, ilac_grubu, search_count) 
    values
        (?, ?, ?, ?, ?)
Hibernate: 
    insert 
    into
        drugs
        (created_at, ilac_adi, ilac_etken_maddesi, ilac_grubu, search_count) 
    values
        (?, ?, ?, ?, ?)
2024-06-07T23:34:57.597+03:00 DEBUG 22132 --- [           main] org.hibernate.SQL                        : 
    insert 
    into
        drugs
        (created_at, ilac_adi, ilac_etken_maddesi, ilac_grubu, search_count) 
    values
        (?, ?, ?, ?, ?)
Hibernate: 
    insert 
    into
        drugs
        (created_at, ilac_adi, ilac_etken_maddesi, ilac_grubu, search_count) 
    values
        (?, ?, ?, ?, ?)
2024-06-07T23:34:57.599+03:00 DEBUG 22132 --- [           main] org.hibernate.SQL                        : 
    insert 
    into
        drugs
        (created_at, ilac_adi, ilac_etken_maddesi, ilac_grubu, search_count) 
    values
        (?, ?, ?, ?, ?)
Hibernate: 
    insert 
    into
        drugs
        (created_at, ilac_adi, ilac_etken_maddesi, ilac_grubu, search_count) 
    values
        (?, ?, ?, ?, ?)
2024-06-07T23:34:57.601+03:00 DEBUG 22132 --- [           main] org.hibernate.SQL                        : 
    insert 
    into
        drugs
        (created_at, ilac_adi, ilac_etken_maddesi, ilac_grubu, search_count) 
    values
        (?, ?, ?, ?, ?)
Hibernate: 
    insert 
    into
        drugs
        (created_at, ilac_adi, ilac_etken_maddesi, ilac_grubu, search_count) 
    values
        (?, ?, ?, ?, ?)
2024-06-07T23:34:57.603+03:00 DEBUG 22132 --- [           main] org.hibernate.SQL                        : 
    insert 
    into
        drugs
        (created_at, ilac_adi, ilac_etken_maddesi, ilac_grubu, search_count) 
    values
        (?, ?, ?, ?, ?)
Hibernate: 
    insert 
    into
        drugs
        (created_at, ilac_adi, ilac_etken_maddesi, ilac_grubu, search_count) 
    values
        (?, ?, ?, ?, ?)
2024-06-07T23:34:58.277+03:00 DEBUG 22132 --- [           main] org.hibernate.SQL                        : 
    select
        next_val as id_val 
    from
        _user_seq for update
Hibernate: 
    select
        next_val as id_val 
    from
        _user_seq for update
2024-06-07T23:34:58.278+03:00 DEBUG 22132 --- [           main] org.hibernate.SQL                        : 
    update
        _user_seq 
    set
        next_val= ? 
    where
        next_val=?
Hibernate: 
    update
        _user_seq 
    set
        next_val= ? 
    where
        next_val=?
2024-06-07T23:34:58.283+03:00 DEBUG 22132 --- [           main] org.hibernate.SQL                        : 
    insert 
    into
        _user
        (address, city, district, eczane_adi, email, is_active, latitude, longitude, password, phone_number, role, id) 
    values
        (?, ?, ?, ?, ?, ?, ?, ?, ?, ?, ?, ?)
Hibernate: 
    insert 
    into
        _user
        (address, city, district, eczane_adi, email, is_active, latitude, longitude, password, phone_number, role, id) 
    values
        (?, ?, ?, ?, ?, ?, ?, ?, ?, ?, ?, ?)
2024-06-07T23:34:58.284+03:00 DEBUG 22132 --- [           main] org.hibernate.SQL                        : 
    insert 
    into
        _user
        (address, city, district, eczane_adi, email, is_active, latitude, longitude, password, phone_number, role, id) 
    values
        (?, ?, ?, ?, ?, ?, ?, ?, ?, ?, ?, ?)
Hibernate: 
    insert 
    into
        _user
        (address, city, district, eczane_adi, email, is_active, latitude, longitude, password, phone_number, role, id) 
    values
        (?, ?, ?, ?, ?, ?, ?, ?, ?, ?, ?, ?)
2024-06-07T23:34:58.286+03:00 DEBUG 22132 --- [           main] org.hibernate.SQL                        : 
    insert 
    into
        _user
        (address, city, district, eczane_adi, email, is_active, latitude, longitude, password, phone_number, role, id) 
    values
        (?, ?, ?, ?, ?, ?, ?, ?, ?, ?, ?, ?)
Hibernate: 
    insert 
    into
        _user
        (address, city, district, eczane_adi, email, is_active, latitude, longitude, password, phone_number, role, id) 
    values
        (?, ?, ?, ?, ?, ?, ?, ?, ?, ?, ?, ?)
2024-06-07T23:34:58.288+03:00 DEBUG 22132 --- [           main] org.hibernate.SQL                        : 
    insert 
    into
        _user
        (address, city, district, eczane_adi, email, is_active, latitude, longitude, password, phone_number, role, id) 
    values
        (?, ?, ?, ?, ?, ?, ?, ?, ?, ?, ?, ?)
Hibernate: 
    insert 
    into
        _user
        (address, city, district, eczane_adi, email, is_active, latitude, longitude, password, phone_number, role, id) 
    values
        (?, ?, ?, ?, ?, ?, ?, ?, ?, ?, ?, ?)
2024-06-07T23:34:58.289+03:00 DEBUG 22132 --- [           main] org.hibernate.SQL                        : 
    insert 
    into
        _user
        (address, city, district, eczane_adi, email, is_active, latitude, longitude, password, phone_number, role, id) 
    values
        (?, ?, ?, ?, ?, ?, ?, ?, ?, ?, ?, ?)
Hibernate: 
    insert 
    into
        _user
        (address, city, district, eczane_adi, email, is_active, latitude, longitude, password, phone_number, role, id) 
    values
        (?, ?, ?, ?, ?, ?, ?, ?, ?, ?, ?, ?)
2024-06-07T23:34:58.291+03:00 DEBUG 22132 --- [           main] org.hibernate.SQL                        : 
    insert 
    into
        _user
        (address, city, district, eczane_adi, email, is_active, latitude, longitude, password, phone_number, role, id) 
    values
        (?, ?, ?, ?, ?, ?, ?, ?, ?, ?, ?, ?)
Hibernate: 
    insert 
    into
        _user
        (address, city, district, eczane_adi, email, is_active, latitude, longitude, password, phone_number, role, id) 
    values
        (?, ?, ?, ?, ?, ?, ?, ?, ?, ?, ?, ?)
2024-06-07T23:34:58.292+03:00 DEBUG 22132 --- [           main] org.hibernate.SQL                        : 
    insert 
    into
        _user
        (address, city, district, eczane_adi, email, is_active, latitude, longitude, password, phone_number, role, id) 
    values
        (?, ?, ?, ?, ?, ?, ?, ?, ?, ?, ?, ?)
Hibernate: 
    insert 
    into
        _user
        (address, city, district, eczane_adi, email, is_active, latitude, longitude, password, phone_number, role, id) 
    values
        (?, ?, ?, ?, ?, ?, ?, ?, ?, ?, ?, ?)
2024-06-07T23:34:58.293+03:00 DEBUG 22132 --- [           main] org.hibernate.SQL                        : 
    insert 
    into
        _user
        (address, city, district, eczane_adi, email, is_active, latitude, longitude, password, phone_number, role, id) 
    values
        (?, ?, ?, ?, ?, ?, ?, ?, ?, ?, ?, ?)
Hibernate: 
    insert 
    into
        _user
        (address, city, district, eczane_adi, email, is_active, latitude, longitude, password, phone_number, role, id) 
    values
        (?, ?, ?, ?, ?, ?, ?, ?, ?, ?, ?, ?)
2024-06-07T23:34:58.294+03:00 DEBUG 22132 --- [           main] org.hibernate.SQL                        : 
    insert 
    into
        _user
        (address, city, district, eczane_adi, email, is_active, latitude, longitude, password, phone_number, role, id) 
    values
        (?, ?, ?, ?, ?, ?, ?, ?, ?, ?, ?, ?)
Hibernate: 
    insert 
    into
        _user
        (address, city, district, eczane_adi, email, is_active, latitude, longitude, password, phone_number, role, id) 
    values
        (?, ?, ?, ?, ?, ?, ?, ?, ?, ?, ?, ?)
2024-06-07T23:34:58.296+03:00 DEBUG 22132 --- [           main] org.hibernate.SQL                        : 
    insert 
    into
        _user
        (address, city, district, eczane_adi, email, is_active, latitude, longitude, password, phone_number, role, id) 
    values
        (?, ?, ?, ?, ?, ?, ?, ?, ?, ?, ?, ?)
Hibernate: 
    insert 
    into
        _user
        (address, city, district, eczane_adi, email, is_active, latitude, longitude, password, phone_number, role, id) 
    values
        (?, ?, ?, ?, ?, ?, ?, ?, ?, ?, ?, ?)
2024-06-07T23:34:58.301+03:00 DEBUG 22132 --- [           main] org.hibernate.SQL                        : 
    insert 
    into
        member_drug_stocks
        (drug_id, quantity, user_id) 
    values
        (?, ?, ?)
Hibernate: 
    insert 
    into
        member_drug_stocks
        (drug_id, quantity, user_id) 
    values
        (?, ?, ?)
2024-06-07T23:34:58.306+03:00 DEBUG 22132 --- [           main] org.hibernate.SQL                        : 
    insert 
    into
        member_drug_stocks
        (drug_id, quantity, user_id) 
    values
        (?, ?, ?)
Hibernate: 
    insert 
    into
        member_drug_stocks
        (drug_id, quantity, user_id) 
    values
        (?, ?, ?)
2024-06-07T23:34:58.311+03:00 DEBUG 22132 --- [           main] org.hibernate.SQL                        : 
    insert 
    into
        member_drug_stocks
        (drug_id, quantity, user_id) 
    values
        (?, ?, ?)
Hibernate: 
    insert 
    into
        member_drug_stocks
        (drug_id, quantity, user_id) 
    values
        (?, ?, ?)
2024-06-07T23:34:58.316+03:00 DEBUG 22132 --- [           main] org.hibernate.SQL                        : 
    insert 
    into
        member_drug_stocks
        (drug_id, quantity, user_id) 
    values
        (?, ?, ?)
Hibernate: 
    insert 
    into
        member_drug_stocks
        (drug_id, quantity, user_id) 
    values
        (?, ?, ?)
2024-06-07T23:34:58.321+03:00 DEBUG 22132 --- [           main] org.hibernate.SQL                        : 
    insert 
    into
        member_drug_stocks
        (drug_id, quantity, user_id) 
    values
        (?, ?, ?)
Hibernate: 
    insert 
    into
        member_drug_stocks
        (drug_id, quantity, user_id) 
    values
        (?, ?, ?)
2024-06-07T23:34:58.325+03:00 DEBUG 22132 --- [           main] org.hibernate.SQL                        : 
    insert 
    into
        member_drug_stocks
        (drug_id, quantity, user_id) 
    values
        (?, ?, ?)
Hibernate: 
    insert 
    into
        member_drug_stocks
        (drug_id, quantity, user_id) 
    values
        (?, ?, ?)
2024-06-07T23:34:58.330+03:00 DEBUG 22132 --- [           main] org.hibernate.SQL                        : 
    insert 
    into
        member_drug_stocks
        (drug_id, quantity, user_id) 
    values
        (?, ?, ?)
Hibernate: 
    insert 
    into
        member_drug_stocks
        (drug_id, quantity, user_id) 
    values
        (?, ?, ?)
2024-06-07T23:34:58.334+03:00 DEBUG 22132 --- [           main] org.hibernate.SQL                        : 
    insert 
    into
        member_drug_stocks
        (drug_id, quantity, user_id) 
    values
        (?, ?, ?)
Hibernate: 
    insert 
    into
        member_drug_stocks
        (drug_id, quantity, user_id) 
    values
        (?, ?, ?)
2024-06-07T23:34:58.339+03:00 DEBUG 22132 --- [           main] org.hibernate.SQL                        : 
    insert 
    into
        member_drug_stocks
        (drug_id, quantity, user_id) 
    values
        (?, ?, ?)
Hibernate: 
    insert 
    into
        member_drug_stocks
        (drug_id, quantity, user_id) 
    values
        (?, ?, ?)
2024-06-07T23:34:58.343+03:00 DEBUG 22132 --- [           main] org.hibernate.SQL                        : 
    insert 
    into
        member_drug_stocks
        (drug_id, quantity, user_id) 
    values
        (?, ?, ?)
Hibernate: 
    insert 
    into
        member_drug_stocks
        (drug_id, quantity, user_id) 
    values
        (?, ?, ?)
2024-06-07T23:34:58.348+03:00 DEBUG 22132 --- [           main] org.hibernate.SQL                        : 
    insert 
    into
        member_drug_stocks
        (drug_id, quantity, user_id) 
    values
        (?, ?, ?)
Hibernate: 
    insert 
    into
        member_drug_stocks
        (drug_id, quantity, user_id) 
    values
        (?, ?, ?)
2024-06-07T23:34:58.353+03:00 DEBUG 22132 --- [           main] org.hibernate.SQL                        : 
    insert 
    into
        member_drug_stocks
        (drug_id, quantity, user_id) 
    values
        (?, ?, ?)
Hibernate: 
    insert 
    into
        member_drug_stocks
        (drug_id, quantity, user_id) 
    values
        (?, ?, ?)
2024-06-07T23:34:58.358+03:00 DEBUG 22132 --- [           main] org.hibernate.SQL                        : 
    insert 
    into
        member_drug_stocks
        (drug_id, quantity, user_id) 
    values
        (?, ?, ?)
Hibernate: 
    insert 
    into
        member_drug_stocks
        (drug_id, quantity, user_id) 
    values
        (?, ?, ?)
2024-06-07T23:34:58.363+03:00 DEBUG 22132 --- [           main] org.hibernate.SQL                        : 
    insert 
    into
        member_drug_stocks
        (drug_id, quantity, user_id) 
    values
        (?, ?, ?)
Hibernate: 
    insert 
    into
        member_drug_stocks
        (drug_id, quantity, user_id) 
    values
        (?, ?, ?)
2024-06-07T23:34:58.373+03:00 DEBUG 22132 --- [           main] org.hibernate.SQL                        : 
    insert 
    into
        member_drug_stocks
        (drug_id, quantity, user_id) 
    values
        (?, ?, ?)
Hibernate: 
    insert 
    into
        member_drug_stocks
        (drug_id, quantity, user_id) 
    values
        (?, ?, ?)
2024-06-07T23:34:58.378+03:00 DEBUG 22132 --- [           main] org.hibernate.SQL                        : 
    insert 
    into
        member_drug_stocks
        (drug_id, quantity, user_id) 
    values
        (?, ?, ?)
Hibernate: 
    insert 
    into
        member_drug_stocks
        (drug_id, quantity, user_id) 
    values
        (?, ?, ?)
2024-06-07T23:34:58.383+03:00 DEBUG 22132 --- [           main] org.hibernate.SQL                        : 
    insert 
    into
        member_drug_stocks
        (drug_id, quantity, user_id) 
    values
        (?, ?, ?)
Hibernate: 
    insert 
    into
        member_drug_stocks
        (drug_id, quantity, user_id) 
    values
        (?, ?, ?)
2024-06-07T23:34:58.388+03:00 DEBUG 22132 --- [           main] org.hibernate.SQL                        : 
    insert 
    into
        member_drug_stocks
        (drug_id, quantity, user_id) 
    values
        (?, ?, ?)
Hibernate: 
    insert 
    into
        member_drug_stocks
        (drug_id, quantity, user_id) 
    values
        (?, ?, ?)
2024-06-07T23:34:58.397+03:00 DEBUG 22132 --- [           main] org.hibernate.SQL                        : 
    insert 
    into
        member_drug_stocks
        (drug_id, quantity, user_id) 
    values
        (?, ?, ?)
Hibernate: 
    insert 
    into
        member_drug_stocks
        (drug_id, quantity, user_id) 
    values
        (?, ?, ?)
2024-06-07T23:34:58.403+03:00 DEBUG 22132 --- [           main] org.hibernate.SQL                        : 
    insert 
    into
        member_drug_stocks
        (drug_id, quantity, user_id) 
    values
        (?, ?, ?)
Hibernate: 
    insert 
    into
        member_drug_stocks
        (drug_id, quantity, user_id) 
    values
        (?, ?, ?)
2024-06-07T23:34:58.408+03:00 DEBUG 22132 --- [           main] org.hibernate.SQL                        : 
    insert 
    into
        member_drug_stocks
        (drug_id, quantity, user_id) 
    values
        (?, ?, ?)
Hibernate: 
    insert 
    into
        member_drug_stocks
        (drug_id, quantity, user_id) 
    values
        (?, ?, ?)
2024-06-07T23:34:58.412+03:00 DEBUG 22132 --- [           main] org.hibernate.SQL                        : 
    insert 
    into
        member_drug_stocks
        (drug_id, quantity, user_id) 
    values
        (?, ?, ?)
Hibernate: 
    insert 
    into
        member_drug_stocks
        (drug_id, quantity, user_id) 
    values
        (?, ?, ?)
2024-06-07T23:34:58.416+03:00 DEBUG 22132 --- [           main] org.hibernate.SQL                        : 
    insert 
    into
        member_drug_stocks
        (drug_id, quantity, user_id) 
    values
        (?, ?, ?)
Hibernate: 
    insert 
    into
        member_drug_stocks
        (drug_id, quantity, user_id) 
    values
        (?, ?, ?)
2024-06-07T23:34:58.419+03:00 DEBUG 22132 --- [           main] org.hibernate.SQL                        : 
    insert 
    into
        member_drug_stocks
        (drug_id, quantity, user_id) 
    values
        (?, ?, ?)
Hibernate: 
    insert 
    into
        member_drug_stocks
        (drug_id, quantity, user_id) 
    values
        (?, ?, ?)
2024-06-07T23:34:58.422+03:00 DEBUG 22132 --- [           main] org.hibernate.SQL                        : 
    insert 
    into
        member_drug_stocks
        (drug_id, quantity, user_id) 
    values
        (?, ?, ?)
Hibernate: 
    insert 
    into
        member_drug_stocks
        (drug_id, quantity, user_id) 
    values
        (?, ?, ?)
2024-06-07T23:34:58.427+03:00 DEBUG 22132 --- [           main] org.hibernate.SQL                        : 
    insert 
    into
        member_drug_stocks
        (drug_id, quantity, user_id) 
    values
        (?, ?, ?)
Hibernate: 
    insert 
    into
        member_drug_stocks
        (drug_id, quantity, user_id) 
    values
        (?, ?, ?)
2024-06-07T23:34:58.432+03:00 DEBUG 22132 --- [           main] org.hibernate.SQL                        : 
    insert 
    into
        member_drug_stocks
        (drug_id, quantity, user_id) 
    values
        (?, ?, ?)
Hibernate: 
    insert 
    into
        member_drug_stocks
        (drug_id, quantity, user_id) 
    values
        (?, ?, ?)
2024-06-07T23:34:58.436+03:00 DEBUG 22132 --- [           main] org.hibernate.SQL                        : 
    insert 
    into
        member_drug_stocks
        (drug_id, quantity, user_id) 
    values
        (?, ?, ?)
Hibernate: 
    insert 
    into
        member_drug_stocks
        (drug_id, quantity, user_id) 
    values
        (?, ?, ?)
2024-06-07T23:34:58.440+03:00 DEBUG 22132 --- [           main] org.hibernate.SQL                        : 
    insert 
    into
        member_drug_stocks
        (drug_id, quantity, user_id) 
    values
        (?, ?, ?)
Hibernate: 
    insert 
    into
        member_drug_stocks
        (drug_id, quantity, user_id) 
    values
        (?, ?, ?)
2024-06-07T23:34:58.445+03:00 DEBUG 22132 --- [           main] org.hibernate.SQL                        : 
    insert 
    into
        member_drug_stocks
        (drug_id, quantity, user_id) 
    values
        (?, ?, ?)
Hibernate: 
    insert 
    into
        member_drug_stocks
        (drug_id, quantity, user_id) 
    values
        (?, ?, ?)
2024-06-07T23:34:58.448+03:00 DEBUG 22132 --- [           main] org.hibernate.SQL                        : 
    insert 
    into
        member_drug_stocks
        (drug_id, quantity, user_id) 
    values
        (?, ?, ?)
Hibernate: 
    insert 
    into
        member_drug_stocks
        (drug_id, quantity, user_id) 
    values
        (?, ?, ?)
2024-06-07T23:34:58.453+03:00 DEBUG 22132 --- [           main] org.hibernate.SQL                        : 
    insert 
    into
        member_drug_stocks
        (drug_id, quantity, user_id) 
    values
        (?, ?, ?)
Hibernate: 
    insert 
    into
        member_drug_stocks
        (drug_id, quantity, user_id) 
    values
        (?, ?, ?)
2024-06-07T23:34:58.457+03:00 DEBUG 22132 --- [           main] org.hibernate.SQL                        : 
    insert 
    into
        member_drug_stocks
        (drug_id, quantity, user_id) 
    values
        (?, ?, ?)
Hibernate: 
    insert 
    into
        member_drug_stocks
        (drug_id, quantity, user_id) 
    values
        (?, ?, ?)
2024-06-07T23:34:58.460+03:00 DEBUG 22132 --- [           main] org.hibernate.SQL                        : 
    insert 
    into
        member_drug_stocks
        (drug_id, quantity, user_id) 
    values
        (?, ?, ?)
Hibernate: 
    insert 
    into
        member_drug_stocks
        (drug_id, quantity, user_id) 
    values
        (?, ?, ?)
2024-06-07T23:34:58.465+03:00 DEBUG 22132 --- [           main] org.hibernate.SQL                        : 
    insert 
    into
        member_drug_stocks
        (drug_id, quantity, user_id) 
    values
        (?, ?, ?)
Hibernate: 
    insert 
    into
        member_drug_stocks
        (drug_id, quantity, user_id) 
    values
        (?, ?, ?)
2024-06-07T23:34:58.471+03:00 DEBUG 22132 --- [           main] org.hibernate.SQL                        : 
    insert 
    into
        member_drug_stocks
        (drug_id, quantity, user_id) 
    values
        (?, ?, ?)
Hibernate: 
    insert 
    into
        member_drug_stocks
        (drug_id, quantity, user_id) 
    values
        (?, ?, ?)
2024-06-07T23:34:58.478+03:00 DEBUG 22132 --- [           main] org.hibernate.SQL                        : 
    insert 
    into
        member_drug_stocks
        (drug_id, quantity, user_id) 
    values
        (?, ?, ?)
Hibernate: 
    insert 
    into
        member_drug_stocks
        (drug_id, quantity, user_id) 
    values
        (?, ?, ?)
2024-06-07T23:34:58.483+03:00 DEBUG 22132 --- [           main] org.hibernate.SQL                        : 
    insert 
    into
        member_drug_stocks
        (drug_id, quantity, user_id) 
    values
        (?, ?, ?)
Hibernate: 
    insert 
    into
        member_drug_stocks
        (drug_id, quantity, user_id) 
    values
        (?, ?, ?)
2024-06-07T23:34:58.487+03:00 DEBUG 22132 --- [           main] org.hibernate.SQL                        : 
    insert 
    into
        member_drug_stocks
        (drug_id, quantity, user_id) 
    values
        (?, ?, ?)
Hibernate: 
    insert 
    into
        member_drug_stocks
        (drug_id, quantity, user_id) 
    values
        (?, ?, ?)
2024-06-07T23:34:58.492+03:00 DEBUG 22132 --- [           main] org.hibernate.SQL                        : 
    insert 
    into
        member_drug_stocks
        (drug_id, quantity, user_id) 
    values
        (?, ?, ?)
Hibernate: 
    insert 
    into
        member_drug_stocks
        (drug_id, quantity, user_id) 
    values
        (?, ?, ?)
2024-06-07T23:34:58.498+03:00 DEBUG 22132 --- [           main] org.hibernate.SQL                        : 
    insert 
    into
        member_drug_stocks
        (drug_id, quantity, user_id) 
    values
        (?, ?, ?)
Hibernate: 
    insert 
    into
        member_drug_stocks
        (drug_id, quantity, user_id) 
    values
        (?, ?, ?)
2024-06-07T23:34:58.503+03:00 DEBUG 22132 --- [           main] org.hibernate.SQL                        : 
    insert 
    into
        member_drug_stocks
        (drug_id, quantity, user_id) 
    values
        (?, ?, ?)
Hibernate: 
    insert 
    into
        member_drug_stocks
        (drug_id, quantity, user_id) 
    values
        (?, ?, ?)
2024-06-07T23:34:58.507+03:00 DEBUG 22132 --- [           main] org.hibernate.SQL                        : 
    insert 
    into
        member_drug_stocks
        (drug_id, quantity, user_id) 
    values
        (?, ?, ?)
Hibernate: 
    insert 
    into
        member_drug_stocks
        (drug_id, quantity, user_id) 
    values
        (?, ?, ?)
2024-06-07T23:34:58.512+03:00 DEBUG 22132 --- [           main] org.hibernate.SQL                        : 
    insert 
    into
        member_drug_stocks
        (drug_id, quantity, user_id) 
    values
        (?, ?, ?)
Hibernate: 
    insert 
    into
        member_drug_stocks
        (drug_id, quantity, user_id) 
    values
        (?, ?, ?)
2024-06-07T23:34:58.516+03:00 DEBUG 22132 --- [           main] org.hibernate.SQL                        : 
    insert 
    into
        member_drug_stocks
        (drug_id, quantity, user_id) 
    values
        (?, ?, ?)
Hibernate: 
    insert 
    into
        member_drug_stocks
        (drug_id, quantity, user_id) 
    values
        (?, ?, ?)
2024-06-07T23:34:58.521+03:00 DEBUG 22132 --- [           main] org.hibernate.SQL                        : 
    insert 
    into
        member_drug_stocks
        (drug_id, quantity, user_id) 
    values
        (?, ?, ?)
Hibernate: 
    insert 
    into
        member_drug_stocks
        (drug_id, quantity, user_id) 
    values
        (?, ?, ?)
2024-06-07T23:34:58.524+03:00 DEBUG 22132 --- [           main] org.hibernate.SQL                        : 
    insert 
    into
        member_drug_stocks
        (drug_id, quantity, user_id) 
    values
        (?, ?, ?)
Hibernate: 
    insert 
    into
        member_drug_stocks
        (drug_id, quantity, user_id) 
    values
        (?, ?, ?)
2024-06-07T23:34:58.529+03:00 DEBUG 22132 --- [           main] org.hibernate.SQL                        : 
    insert 
    into
        member_drug_stocks
        (drug_id, quantity, user_id) 
    values
        (?, ?, ?)
Hibernate: 
    insert 
    into
        member_drug_stocks
        (drug_id, quantity, user_id) 
    values
        (?, ?, ?)
2024-06-07T23:34:58.533+03:00 DEBUG 22132 --- [           main] org.hibernate.SQL                        : 
    insert 
    into
        member_drug_stocks
        (drug_id, quantity, user_id) 
    values
        (?, ?, ?)
Hibernate: 
    insert 
    into
        member_drug_stocks
        (drug_id, quantity, user_id) 
    values
        (?, ?, ?)
2024-06-07T23:34:58.537+03:00 DEBUG 22132 --- [           main] org.hibernate.SQL                        : 
    insert 
    into
        member_drug_stocks
        (drug_id, quantity, user_id) 
    values
        (?, ?, ?)
Hibernate: 
    insert 
    into
        member_drug_stocks
        (drug_id, quantity, user_id) 
    values
        (?, ?, ?)
2024-06-07T23:34:58.541+03:00 DEBUG 22132 --- [           main] org.hibernate.SQL                        : 
    insert 
    into
        member_drug_stocks
        (drug_id, quantity, user_id) 
    values
        (?, ?, ?)
Hibernate: 
    insert 
    into
        member_drug_stocks
        (drug_id, quantity, user_id) 
    values
        (?, ?, ?)
2024-06-07T23:34:58.544+03:00 DEBUG 22132 --- [           main] org.hibernate.SQL                        : 
    insert 
    into
        member_drug_stocks
        (drug_id, quantity, user_id) 
    values
        (?, ?, ?)
Hibernate: 
    insert 
    into
        member_drug_stocks
        (drug_id, quantity, user_id) 
    values
        (?, ?, ?)
2024-06-07T23:34:58.549+03:00 DEBUG 22132 --- [           main] org.hibernate.SQL                        : 
    insert 
    into
        member_drug_stocks
        (drug_id, quantity, user_id) 
    values
        (?, ?, ?)
Hibernate: 
    insert 
    into
        member_drug_stocks
        (drug_id, quantity, user_id) 
    values
        (?, ?, ?)
2024-06-07T23:34:58.553+03:00 DEBUG 22132 --- [           main] org.hibernate.SQL                        : 
    insert 
    into
        member_drug_stocks
        (drug_id, quantity, user_id) 
    values
        (?, ?, ?)
Hibernate: 
    insert 
    into
        member_drug_stocks
        (drug_id, quantity, user_id) 
    values
        (?, ?, ?)
2024-06-07T23:34:58.558+03:00 DEBUG 22132 --- [           main] org.hibernate.SQL                        : 
    insert 
    into
        member_drug_stocks
        (drug_id, quantity, user_id) 
    values
        (?, ?, ?)
Hibernate: 
    insert 
    into
        member_drug_stocks
        (drug_id, quantity, user_id) 
    values
        (?, ?, ?)
2024-06-07T23:34:58.563+03:00 DEBUG 22132 --- [           main] org.hibernate.SQL                        : 
    insert 
    into
        member_drug_stocks
        (drug_id, quantity, user_id) 
    values
        (?, ?, ?)
Hibernate: 
    insert 
    into
        member_drug_stocks
        (drug_id, quantity, user_id) 
    values
        (?, ?, ?)
2024-06-07T23:34:58.569+03:00 DEBUG 22132 --- [           main] org.hibernate.SQL                        : 
    insert 
    into
        member_drug_stocks
        (drug_id, quantity, user_id) 
    values
        (?, ?, ?)
Hibernate: 
    insert 
    into
        member_drug_stocks
        (drug_id, quantity, user_id) 
    values
        (?, ?, ?)
2024-06-07T23:34:58.574+03:00 DEBUG 22132 --- [           main] org.hibernate.SQL                        : 
    insert 
    into
        member_drug_stocks
        (drug_id, quantity, user_id) 
    values
        (?, ?, ?)
Hibernate: 
    insert 
    into
        member_drug_stocks
        (drug_id, quantity, user_id) 
    values
        (?, ?, ?)
2024-06-07T23:34:58.582+03:00 DEBUG 22132 --- [           main] org.hibernate.SQL                        : 
    insert 
    into
        member_drug_stocks
        (drug_id, quantity, user_id) 
    values
        (?, ?, ?)
Hibernate: 
    insert 
    into
        member_drug_stocks
        (drug_id, quantity, user_id) 
    values
        (?, ?, ?)
2024-06-07T23:34:58.587+03:00 DEBUG 22132 --- [           main] org.hibernate.SQL                        : 
    insert 
    into
        member_drug_stocks
        (drug_id, quantity, user_id) 
    values
        (?, ?, ?)
Hibernate: 
    insert 
    into
        member_drug_stocks
        (drug_id, quantity, user_id) 
    values
        (?, ?, ?)
2024-06-07T23:34:58.592+03:00 DEBUG 22132 --- [           main] org.hibernate.SQL                        : 
    insert 
    into
        member_drug_stocks
        (drug_id, quantity, user_id) 
    values
        (?, ?, ?)
Hibernate: 
    insert 
    into
        member_drug_stocks
        (drug_id, quantity, user_id) 
    values
        (?, ?, ?)
2024-06-07T23:34:58.596+03:00 DEBUG 22132 --- [           main] org.hibernate.SQL                        : 
    insert 
    into
        member_drug_stocks
        (drug_id, quantity, user_id) 
    values
        (?, ?, ?)
Hibernate: 
    insert 
    into
        member_drug_stocks
        (drug_id, quantity, user_id) 
    values
        (?, ?, ?)
2024-06-07T23:34:58.601+03:00 DEBUG 22132 --- [           main] org.hibernate.SQL                        : 
    insert 
    into
        member_drug_stocks
        (drug_id, quantity, user_id) 
    values
        (?, ?, ?)
Hibernate: 
    insert 
    into
        member_drug_stocks
        (drug_id, quantity, user_id) 
    values
        (?, ?, ?)
2024-06-07T23:34:58.605+03:00 DEBUG 22132 --- [           main] org.hibernate.SQL                        : 
    insert 
    into
        member_drug_stocks
        (drug_id, quantity, user_id) 
    values
        (?, ?, ?)
Hibernate: 
    insert 
    into
        member_drug_stocks
        (drug_id, quantity, user_id) 
    values
        (?, ?, ?)
2024-06-07T23:34:58.610+03:00 DEBUG 22132 --- [           main] org.hibernate.SQL                        : 
    insert 
    into
        member_drug_stocks
        (drug_id, quantity, user_id) 
    values
        (?, ?, ?)
Hibernate: 
    insert 
    into
        member_drug_stocks
        (drug_id, quantity, user_id) 
    values
        (?, ?, ?)
2024-06-07T23:34:58.614+03:00 DEBUG 22132 --- [           main] org.hibernate.SQL                        : 
    insert 
    into
        member_drug_stocks
        (drug_id, quantity, user_id) 
    values
        (?, ?, ?)
Hibernate: 
    insert 
    into
        member_drug_stocks
        (drug_id, quantity, user_id) 
    values
        (?, ?, ?)
2024-06-07T23:34:58.619+03:00 DEBUG 22132 --- [           main] org.hibernate.SQL                        : 
    insert 
    into
        member_drug_stocks
        (drug_id, quantity, user_id) 
    values
        (?, ?, ?)
Hibernate: 
    insert 
    into
        member_drug_stocks
        (drug_id, quantity, user_id) 
    values
        (?, ?, ?)
2024-06-07T23:34:58.623+03:00 DEBUG 22132 --- [           main] org.hibernate.SQL                        : 
    insert 
    into
        member_drug_stocks
        (drug_id, quantity, user_id) 
    values
        (?, ?, ?)
Hibernate: 
    insert 
    into
        member_drug_stocks
        (drug_id, quantity, user_id) 
    values
        (?, ?, ?)
2024-06-07T23:34:58.626+03:00 DEBUG 22132 --- [           main] org.hibernate.SQL                        : 
    insert 
    into
        member_drug_stocks
        (drug_id, quantity, user_id) 
    values
        (?, ?, ?)
Hibernate: 
    insert 
    into
        member_drug_stocks
        (drug_id, quantity, user_id) 
    values
        (?, ?, ?)
2024-06-07T23:34:58.630+03:00 DEBUG 22132 --- [           main] org.hibernate.SQL                        : 
    insert 
    into
        member_drug_stocks
        (drug_id, quantity, user_id) 
    values
        (?, ?, ?)
Hibernate: 
    insert 
    into
        member_drug_stocks
        (drug_id, quantity, user_id) 
    values
        (?, ?, ?)
2024-06-07T23:34:58.634+03:00 DEBUG 22132 --- [           main] org.hibernate.SQL                        : 
    insert 
    into
        member_drug_stocks
        (drug_id, quantity, user_id) 
    values
        (?, ?, ?)
Hibernate: 
    insert 
    into
        member_drug_stocks
        (drug_id, quantity, user_id) 
    values
        (?, ?, ?)
2024-06-07T23:34:58.637+03:00 DEBUG 22132 --- [           main] org.hibernate.SQL                        : 
    insert 
    into
        member_drug_stocks
        (drug_id, quantity, user_id) 
    values
        (?, ?, ?)
Hibernate: 
    insert 
    into
        member_drug_stocks
        (drug_id, quantity, user_id) 
    values
        (?, ?, ?)
2024-06-07T23:34:58.641+03:00 DEBUG 22132 --- [           main] org.hibernate.SQL                        : 
    insert 
    into
        member_drug_stocks
        (drug_id, quantity, user_id) 
    values
        (?, ?, ?)
Hibernate: 
    insert 
    into
        member_drug_stocks
        (drug_id, quantity, user_id) 
    values
        (?, ?, ?)
2024-06-07T23:34:58.645+03:00 DEBUG 22132 --- [           main] org.hibernate.SQL                        : 
    insert 
    into
        member_drug_stocks
        (drug_id, quantity, user_id) 
    values
        (?, ?, ?)
Hibernate: 
    insert 
    into
        member_drug_stocks
        (drug_id, quantity, user_id) 
    values
        (?, ?, ?)
2024-06-07T23:34:58.649+03:00 DEBUG 22132 --- [           main] org.hibernate.SQL                        : 
    insert 
    into
        member_drug_stocks
        (drug_id, quantity, user_id) 
    values
        (?, ?, ?)
Hibernate: 
    insert 
    into
        member_drug_stocks
        (drug_id, quantity, user_id) 
    values
        (?, ?, ?)
2024-06-07T23:34:58.653+03:00 DEBUG 22132 --- [           main] org.hibernate.SQL                        : 
    insert 
    into
        member_drug_stocks
        (drug_id, quantity, user_id) 
    values
        (?, ?, ?)
Hibernate: 
    insert 
    into
        member_drug_stocks
        (drug_id, quantity, user_id) 
    values
        (?, ?, ?)
2024-06-07T23:34:58.657+03:00 DEBUG 22132 --- [           main] org.hibernate.SQL                        : 
    insert 
    into
        member_drug_stocks
        (drug_id, quantity, user_id) 
    values
        (?, ?, ?)
Hibernate: 
    insert 
    into
        member_drug_stocks
        (drug_id, quantity, user_id) 
    values
        (?, ?, ?)
2024-06-07T23:34:58.661+03:00 DEBUG 22132 --- [           main] org.hibernate.SQL                        : 
    insert 
    into
        member_drug_stocks
        (drug_id, quantity, user_id) 
    values
        (?, ?, ?)
Hibernate: 
    insert 
    into
        member_drug_stocks
        (drug_id, quantity, user_id) 
    values
        (?, ?, ?)
2024-06-07T23:34:58.665+03:00 DEBUG 22132 --- [           main] org.hibernate.SQL                        : 
    insert 
    into
        member_drug_stocks
        (drug_id, quantity, user_id) 
    values
        (?, ?, ?)
Hibernate: 
    insert 
    into
        member_drug_stocks
        (drug_id, quantity, user_id) 
    values
        (?, ?, ?)
2024-06-07T23:34:58.668+03:00 DEBUG 22132 --- [           main] org.hibernate.SQL                        : 
    insert 
    into
        member_drug_stocks
        (drug_id, quantity, user_id) 
    values
        (?, ?, ?)
Hibernate: 
    insert 
    into
        member_drug_stocks
        (drug_id, quantity, user_id) 
    values
        (?, ?, ?)
2024-06-07T23:34:58.672+03:00 DEBUG 22132 --- [           main] org.hibernate.SQL                        : 
    insert 
    into
        member_drug_stocks
        (drug_id, quantity, user_id) 
    values
        (?, ?, ?)
Hibernate: 
    insert 
    into
        member_drug_stocks
        (drug_id, quantity, user_id) 
    values
        (?, ?, ?)
2024-06-07T23:34:58.676+03:00 DEBUG 22132 --- [           main] org.hibernate.SQL                        : 
    insert 
    into
        member_drug_stocks
        (drug_id, quantity, user_id) 
    values
        (?, ?, ?)
Hibernate: 
    insert 
    into
        member_drug_stocks
        (drug_id, quantity, user_id) 
    values
        (?, ?, ?)
2024-06-07T23:34:58.680+03:00 DEBUG 22132 --- [           main] org.hibernate.SQL                        : 
    insert 
    into
        member_drug_stocks
        (drug_id, quantity, user_id) 
    values
        (?, ?, ?)
Hibernate: 
    insert 
    into
        member_drug_stocks
        (drug_id, quantity, user_id) 
    values
        (?, ?, ?)
2024-06-07T23:34:58.685+03:00 DEBUG 22132 --- [           main] org.hibernate.SQL                        : 
    insert 
    into
        member_drug_stocks
        (drug_id, quantity, user_id) 
    values
        (?, ?, ?)
Hibernate: 
    insert 
    into
        member_drug_stocks
        (drug_id, quantity, user_id) 
    values
        (?, ?, ?)
2024-06-07T23:34:58.689+03:00 DEBUG 22132 --- [           main] org.hibernate.SQL                        : 
    insert 
    into
        member_drug_stocks
        (drug_id, quantity, user_id) 
    values
        (?, ?, ?)
Hibernate: 
    insert 
    into
        member_drug_stocks
        (drug_id, quantity, user_id) 
    values
        (?, ?, ?)
2024-06-07T23:34:58.693+03:00 DEBUG 22132 --- [           main] org.hibernate.SQL                        : 
    insert 
    into
        member_drug_stocks
        (drug_id, quantity, user_id) 
    values
        (?, ?, ?)
Hibernate: 
    insert 
    into
        member_drug_stocks
        (drug_id, quantity, user_id) 
    values
        (?, ?, ?)
2024-06-07T23:34:58.696+03:00 DEBUG 22132 --- [           main] org.hibernate.SQL                        : 
    insert 
    into
        member_drug_stocks
        (drug_id, quantity, user_id) 
    values
        (?, ?, ?)
Hibernate: 
    insert 
    into
        member_drug_stocks
        (drug_id, quantity, user_id) 
    values
        (?, ?, ?)
2024-06-07T23:34:58.700+03:00 DEBUG 22132 --- [           main] org.hibernate.SQL                        : 
    insert 
    into
        member_drug_stocks
        (drug_id, quantity, user_id) 
    values
        (?, ?, ?)
Hibernate: 
    insert 
    into
        member_drug_stocks
        (drug_id, quantity, user_id) 
    values
        (?, ?, ?)
2024-06-07T23:34:58.704+03:00 DEBUG 22132 --- [           main] org.hibernate.SQL                        : 
    insert 
    into
        member_drug_stocks
        (drug_id, quantity, user_id) 
    values
        (?, ?, ?)
Hibernate: 
    insert 
    into
        member_drug_stocks
        (drug_id, quantity, user_id) 
    values
        (?, ?, ?)
2024-06-07T23:34:58.708+03:00 DEBUG 22132 --- [           main] org.hibernate.SQL                        : 
    insert 
    into
        member_drug_stocks
        (drug_id, quantity, user_id) 
    values
        (?, ?, ?)
Hibernate: 
    insert 
    into
        member_drug_stocks
        (drug_id, quantity, user_id) 
    values
        (?, ?, ?)
2024-06-07T23:34:58.711+03:00 DEBUG 22132 --- [           main] org.hibernate.SQL                        : 
    insert 
    into
        member_drug_stocks
        (drug_id, quantity, user_id) 
    values
        (?, ?, ?)
Hibernate: 
    insert 
    into
        member_drug_stocks
        (drug_id, quantity, user_id) 
    values
        (?, ?, ?)
2024-06-07T23:34:58.715+03:00 DEBUG 22132 --- [           main] org.hibernate.SQL                        : 
    insert 
    into
        member_drug_stocks
        (drug_id, quantity, user_id) 
    values
        (?, ?, ?)
Hibernate: 
    insert 
    into
        member_drug_stocks
        (drug_id, quantity, user_id) 
    values
        (?, ?, ?)
2024-06-07T23:34:58.718+03:00 DEBUG 22132 --- [           main] org.hibernate.SQL                        : 
    insert 
    into
        member_drug_stocks
        (drug_id, quantity, user_id) 
    values
        (?, ?, ?)
Hibernate: 
    insert 
    into
        member_drug_stocks
        (drug_id, quantity, user_id) 
    values
        (?, ?, ?)
2024-06-07T23:34:58.722+03:00 DEBUG 22132 --- [           main] org.hibernate.SQL                        : 
    insert 
    into
        member_drug_stocks
        (drug_id, quantity, user_id) 
    values
        (?, ?, ?)
Hibernate: 
    insert 
    into
        member_drug_stocks
        (drug_id, quantity, user_id) 
    values
        (?, ?, ?)
2024-06-07T23:34:58.726+03:00 DEBUG 22132 --- [           main] org.hibernate.SQL                        : 
    insert 
    into
        member_drug_stocks
        (drug_id, quantity, user_id) 
    values
        (?, ?, ?)
Hibernate: 
    insert 
    into
        member_drug_stocks
        (drug_id, quantity, user_id) 
    values
        (?, ?, ?)
2024-06-07T23:34:58.730+03:00 DEBUG 22132 --- [           main] org.hibernate.SQL                        : 
    insert 
    into
        member_drug_stocks
        (drug_id, quantity, user_id) 
    values
        (?, ?, ?)
Hibernate: 
    insert 
    into
        member_drug_stocks
        (drug_id, quantity, user_id) 
    values
        (?, ?, ?)
2024-06-07T23:34:58.734+03:00 DEBUG 22132 --- [           main] org.hibernate.SQL                        : 
    insert 
    into
        member_drug_stocks
        (drug_id, quantity, user_id) 
    values
        (?, ?, ?)
Hibernate: 
    insert 
    into
        member_drug_stocks
        (drug_id, quantity, user_id) 
    values
        (?, ?, ?)
2024-06-07T23:34:58.738+03:00 DEBUG 22132 --- [           main] org.hibernate.SQL                        : 
    insert 
    into
        member_drug_stocks
        (drug_id, quantity, user_id) 
    values
        (?, ?, ?)
Hibernate: 
    insert 
    into
        member_drug_stocks
        (drug_id, quantity, user_id) 
    values
        (?, ?, ?)
2024-06-07T23:34:58.742+03:00 DEBUG 22132 --- [           main] org.hibernate.SQL                        : 
    insert 
    into
        member_drug_stocks
        (drug_id, quantity, user_id) 
    values
        (?, ?, ?)
Hibernate: 
    insert 
    into
        member_drug_stocks
        (drug_id, quantity, user_id) 
    values
        (?, ?, ?)
2024-06-07T23:34:58.746+03:00 DEBUG 22132 --- [           main] org.hibernate.SQL                        : 
    insert 
    into
        member_drug_stocks
        (drug_id, quantity, user_id) 
    values
        (?, ?, ?)
Hibernate: 
    insert 
    into
        member_drug_stocks
        (drug_id, quantity, user_id) 
    values
        (?, ?, ?)
2024-06-07T23:34:58.749+03:00 DEBUG 22132 --- [           main] org.hibernate.SQL                        : 
    insert 
    into
        member_drug_stocks
        (drug_id, quantity, user_id) 
    values
        (?, ?, ?)
Hibernate: 
    insert 
    into
        member_drug_stocks
        (drug_id, quantity, user_id) 
    values
        (?, ?, ?)
2024-06-07T23:34:58.753+03:00 DEBUG 22132 --- [           main] org.hibernate.SQL                        : 
    insert 
    into
        member_drug_stocks
        (drug_id, quantity, user_id) 
    values
        (?, ?, ?)
Hibernate: 
    insert 
    into
        member_drug_stocks
        (drug_id, quantity, user_id) 
    values
        (?, ?, ?)
2024-06-07T23:34:58.757+03:00 DEBUG 22132 --- [           main] org.hibernate.SQL                        : 
    insert 
    into
        member_drug_stocks
        (drug_id, quantity, user_id) 
    values
        (?, ?, ?)
Hibernate: 
    insert 
    into
        member_drug_stocks
        (drug_id, quantity, user_id) 
    values
        (?, ?, ?)
2024-06-07T23:34:58.761+03:00 DEBUG 22132 --- [           main] org.hibernate.SQL                        : 
    insert 
    into
        member_drug_stocks
        (drug_id, quantity, user_id) 
    values
        (?, ?, ?)
Hibernate: 
    insert 
    into
        member_drug_stocks
        (drug_id, quantity, user_id) 
    values
        (?, ?, ?)
2024-06-07T23:34:58.766+03:00 DEBUG 22132 --- [           main] org.hibernate.SQL                        : 
    insert 
    into
        member_drug_stocks
        (drug_id, quantity, user_id) 
    values
        (?, ?, ?)
Hibernate: 
    insert 
    into
        member_drug_stocks
        (drug_id, quantity, user_id) 
    values
        (?, ?, ?)
2024-06-07T23:34:58.773+03:00 DEBUG 22132 --- [           main] org.hibernate.SQL                        : 
    insert 
    into
        member_drug_stocks
        (drug_id, quantity, user_id) 
    values
        (?, ?, ?)
Hibernate: 
    insert 
    into
        member_drug_stocks
        (drug_id, quantity, user_id) 
    values
        (?, ?, ?)
2024-06-07T23:34:58.778+03:00 DEBUG 22132 --- [           main] org.hibernate.SQL                        : 
    insert 
    into
        member_drug_stocks
        (drug_id, quantity, user_id) 
    values
        (?, ?, ?)
Hibernate: 
    insert 
    into
        member_drug_stocks
        (drug_id, quantity, user_id) 
    values
        (?, ?, ?)
2024-06-07T23:34:58.783+03:00 DEBUG 22132 --- [           main] org.hibernate.SQL                        : 
    insert 
    into
        member_drug_stocks
        (drug_id, quantity, user_id) 
    values
        (?, ?, ?)
Hibernate: 
    insert 
    into
        member_drug_stocks
        (drug_id, quantity, user_id) 
    values
        (?, ?, ?)
2024-06-07T23:34:58.790+03:00 DEBUG 22132 --- [           main] org.hibernate.SQL                        : 
    insert 
    into
        member_drug_stocks
        (drug_id, quantity, user_id) 
    values
        (?, ?, ?)
Hibernate: 
    insert 
    into
        member_drug_stocks
        (drug_id, quantity, user_id) 
    values
        (?, ?, ?)
2024-06-07T23:34:58.793+03:00 DEBUG 22132 --- [           main] org.hibernate.SQL                        : 
    insert 
    into
        member_drug_stocks
        (drug_id, quantity, user_id) 
    values
        (?, ?, ?)
Hibernate: 
    insert 
    into
        member_drug_stocks
        (drug_id, quantity, user_id) 
    values
        (?, ?, ?)
2024-06-07T23:34:58.797+03:00 DEBUG 22132 --- [           main] org.hibernate.SQL                        : 
    insert 
    into
        member_drug_stocks
        (drug_id, quantity, user_id) 
    values
        (?, ?, ?)
Hibernate: 
    insert 
    into
        member_drug_stocks
        (drug_id, quantity, user_id) 
    values
        (?, ?, ?)
2024-06-07T23:34:58.802+03:00 DEBUG 22132 --- [           main] org.hibernate.SQL                        : 
    insert 
    into
        member_drug_stocks
        (drug_id, quantity, user_id) 
    values
        (?, ?, ?)
Hibernate: 
    insert 
    into
        member_drug_stocks
        (drug_id, quantity, user_id) 
    values
        (?, ?, ?)
2024-06-07T23:34:58.807+03:00 DEBUG 22132 --- [           main] org.hibernate.SQL                        : 
    insert 
    into
        member_drug_stocks
        (drug_id, quantity, user_id) 
    values
        (?, ?, ?)
Hibernate: 
    insert 
    into
        member_drug_stocks
        (drug_id, quantity, user_id) 
    values
        (?, ?, ?)
2024-06-07T23:34:58.815+03:00 DEBUG 22132 --- [           main] org.hibernate.SQL                        : 
    insert 
    into
        member_drug_stocks
        (drug_id, quantity, user_id) 
    values
        (?, ?, ?)
Hibernate: 
    insert 
    into
        member_drug_stocks
        (drug_id, quantity, user_id) 
    values
        (?, ?, ?)
2024-06-07T23:34:58.819+03:00 DEBUG 22132 --- [           main] org.hibernate.SQL                        : 
    insert 
    into
        member_drug_stocks
        (drug_id, quantity, user_id) 
    values
        (?, ?, ?)
Hibernate: 
    insert 
    into
        member_drug_stocks
        (drug_id, quantity, user_id) 
    values
        (?, ?, ?)
2024-06-07T23:34:58.824+03:00 DEBUG 22132 --- [           main] org.hibernate.SQL                        : 
    insert 
    into
        member_drug_stocks
        (drug_id, quantity, user_id) 
    values
        (?, ?, ?)
Hibernate: 
    insert 
    into
        member_drug_stocks
        (drug_id, quantity, user_id) 
    values
        (?, ?, ?)
2024-06-07T23:34:58.830+03:00 DEBUG 22132 --- [           main] org.hibernate.SQL                        : 
    insert 
    into
        member_drug_stocks
        (drug_id, quantity, user_id) 
    values
        (?, ?, ?)
Hibernate: 
    insert 
    into
        member_drug_stocks
        (drug_id, quantity, user_id) 
    values
        (?, ?, ?)
2024-06-07T23:34:58.834+03:00 DEBUG 22132 --- [           main] org.hibernate.SQL                        : 
    insert 
    into
        member_drug_stocks
        (drug_id, quantity, user_id) 
    values
        (?, ?, ?)
Hibernate: 
    insert 
    into
        member_drug_stocks
        (drug_id, quantity, user_id) 
    values
        (?, ?, ?)
2024-06-07T23:34:58.841+03:00 DEBUG 22132 --- [           main] org.hibernate.SQL                        : 
    insert 
    into
        member_drug_stocks
        (drug_id, quantity, user_id) 
    values
        (?, ?, ?)
Hibernate: 
    insert 
    into
        member_drug_stocks
        (drug_id, quantity, user_id) 
    values
        (?, ?, ?)
2024-06-07T23:34:58.847+03:00 DEBUG 22132 --- [           main] org.hibernate.SQL                        : 
    insert 
    into
        member_drug_stocks
        (drug_id, quantity, user_id) 
    values
        (?, ?, ?)
Hibernate: 
    insert 
    into
        member_drug_stocks
        (drug_id, quantity, user_id) 
    values
        (?, ?, ?)
2024-06-07T23:34:58.851+03:00 DEBUG 22132 --- [           main] org.hibernate.SQL                        : 
    insert 
    into
        member_drug_stocks
        (drug_id, quantity, user_id) 
    values
        (?, ?, ?)
Hibernate: 
    insert 
    into
        member_drug_stocks
        (drug_id, quantity, user_id) 
    values
        (?, ?, ?)
2024-06-07T23:34:58.856+03:00 DEBUG 22132 --- [           main] org.hibernate.SQL                        : 
    insert 
    into
        member_drug_stocks
        (drug_id, quantity, user_id) 
    values
        (?, ?, ?)
Hibernate: 
    insert 
    into
        member_drug_stocks
        (drug_id, quantity, user_id) 
    values
        (?, ?, ?)
2024-06-07T23:34:58.863+03:00 DEBUG 22132 --- [           main] org.hibernate.SQL                        : 
    insert 
    into
        member_drug_stocks
        (drug_id, quantity, user_id) 
    values
        (?, ?, ?)
Hibernate: 
    insert 
    into
        member_drug_stocks
        (drug_id, quantity, user_id) 
    values
        (?, ?, ?)
2024-06-07T23:34:58.871+03:00 DEBUG 22132 --- [           main] org.hibernate.SQL                        : 
    insert 
    into
        member_drug_stocks
        (drug_id, quantity, user_id) 
    values
        (?, ?, ?)
Hibernate: 
    insert 
    into
        member_drug_stocks
        (drug_id, quantity, user_id) 
    values
        (?, ?, ?)
2024-06-07T23:34:58.876+03:00 DEBUG 22132 --- [           main] org.hibernate.SQL                        : 
    insert 
    into
        member_drug_stocks
        (drug_id, quantity, user_id) 
    values
        (?, ?, ?)
Hibernate: 
    insert 
    into
        member_drug_stocks
        (drug_id, quantity, user_id) 
    values
        (?, ?, ?)
2024-06-07T23:34:58.883+03:00 DEBUG 22132 --- [           main] org.hibernate.SQL                        : 
    insert 
    into
        member_drug_stocks
        (drug_id, quantity, user_id) 
    values
        (?, ?, ?)
Hibernate: 
    insert 
    into
        member_drug_stocks
        (drug_id, quantity, user_id) 
    values
        (?, ?, ?)
2024-06-07T23:34:58.887+03:00 DEBUG 22132 --- [           main] org.hibernate.SQL                        : 
    insert 
    into
        member_drug_stocks
        (drug_id, quantity, user_id) 
    values
        (?, ?, ?)
Hibernate: 
    insert 
    into
        member_drug_stocks
        (drug_id, quantity, user_id) 
    values
        (?, ?, ?)
2024-06-07T23:34:58.892+03:00 DEBUG 22132 --- [           main] org.hibernate.SQL                        : 
    insert 
    into
        member_drug_stocks
        (drug_id, quantity, user_id) 
    values
        (?, ?, ?)
Hibernate: 
    insert 
    into
        member_drug_stocks
        (drug_id, quantity, user_id) 
    values
        (?, ?, ?)
2024-06-07T23:34:58.898+03:00 DEBUG 22132 --- [           main] org.hibernate.SQL                        : 
    insert 
    into
        member_drug_stocks
        (drug_id, quantity, user_id) 
    values
        (?, ?, ?)
Hibernate: 
    insert 
    into
        member_drug_stocks
        (drug_id, quantity, user_id) 
    values
        (?, ?, ?)
2024-06-07T23:34:58.905+03:00 DEBUG 22132 --- [           main] org.hibernate.SQL                        : 
    insert 
    into
        member_drug_stocks
        (drug_id, quantity, user_id) 
    values
        (?, ?, ?)
Hibernate: 
    insert 
    into
        member_drug_stocks
        (drug_id, quantity, user_id) 
    values
        (?, ?, ?)
2024-06-07T23:34:58.912+03:00 DEBUG 22132 --- [           main] org.hibernate.SQL                        : 
    insert 
    into
        member_drug_stocks
        (drug_id, quantity, user_id) 
    values
        (?, ?, ?)
Hibernate: 
    insert 
    into
        member_drug_stocks
        (drug_id, quantity, user_id) 
    values
        (?, ?, ?)
2024-06-07T23:34:58.919+03:00 DEBUG 22132 --- [           main] org.hibernate.SQL                        : 
    insert 
    into
        member_drug_stocks
        (drug_id, quantity, user_id) 
    values
        (?, ?, ?)
Hibernate: 
    insert 
    into
        member_drug_stocks
        (drug_id, quantity, user_id) 
    values
        (?, ?, ?)
2024-06-07T23:34:58.927+03:00 DEBUG 22132 --- [           main] org.hibernate.SQL                        : 
    insert 
    into
        member_drug_stocks
        (drug_id, quantity, user_id) 
    values
        (?, ?, ?)
Hibernate: 
    insert 
    into
        member_drug_stocks
        (drug_id, quantity, user_id) 
    values
        (?, ?, ?)
2024-06-07T23:34:58.933+03:00 DEBUG 22132 --- [           main] org.hibernate.SQL                        : 
    insert 
    into
        member_drug_stocks
        (drug_id, quantity, user_id) 
    values
        (?, ?, ?)
Hibernate: 
    insert 
    into
        member_drug_stocks
        (drug_id, quantity, user_id) 
    values
        (?, ?, ?)
2024-06-07T23:34:58.938+03:00 DEBUG 22132 --- [           main] org.hibernate.SQL                        : 
    insert 
    into
        member_drug_stocks
        (drug_id, quantity, user_id) 
    values
        (?, ?, ?)
Hibernate: 
    insert 
    into
        member_drug_stocks
        (drug_id, quantity, user_id) 
    values
        (?, ?, ?)
2024-06-07T23:34:58.945+03:00 DEBUG 22132 --- [           main] org.hibernate.SQL                        : 
    insert 
    into
        member_drug_stocks
        (drug_id, quantity, user_id) 
    values
        (?, ?, ?)
Hibernate: 
    insert 
    into
        member_drug_stocks
        (drug_id, quantity, user_id) 
    values
        (?, ?, ?)
2024-06-07T23:34:58.950+03:00 DEBUG 22132 --- [           main] org.hibernate.SQL                        : 
    insert 
    into
        member_drug_stocks
        (drug_id, quantity, user_id) 
    values
        (?, ?, ?)
Hibernate: 
    insert 
    into
        member_drug_stocks
        (drug_id, quantity, user_id) 
    values
        (?, ?, ?)
2024-06-07T23:34:58.954+03:00 DEBUG 22132 --- [           main] org.hibernate.SQL                        : 
    insert 
    into
        member_drug_stocks
        (drug_id, quantity, user_id) 
    values
        (?, ?, ?)
Hibernate: 
    insert 
    into
        member_drug_stocks
        (drug_id, quantity, user_id) 
    values
        (?, ?, ?)
2024-06-07T23:34:58.959+03:00 DEBUG 22132 --- [           main] org.hibernate.SQL                        : 
    insert 
    into
        member_drug_stocks
        (drug_id, quantity, user_id) 
    values
        (?, ?, ?)
Hibernate: 
    insert 
    into
        member_drug_stocks
        (drug_id, quantity, user_id) 
    values
        (?, ?, ?)
2024-06-07T23:34:58.965+03:00 DEBUG 22132 --- [           main] org.hibernate.SQL                        : 
    insert 
    into
        member_drug_stocks
        (drug_id, quantity, user_id) 
    values
        (?, ?, ?)
Hibernate: 
    insert 
    into
        member_drug_stocks
        (drug_id, quantity, user_id) 
    values
        (?, ?, ?)
2024-06-07T23:34:58.968+03:00 DEBUG 22132 --- [           main] org.hibernate.SQL                        : 
    insert 
    into
        member_drug_stocks
        (drug_id, quantity, user_id) 
    values
        (?, ?, ?)
Hibernate: 
    insert 
    into
        member_drug_stocks
        (drug_id, quantity, user_id) 
    values
        (?, ?, ?)
2024-06-07T23:34:58.973+03:00 DEBUG 22132 --- [           main] org.hibernate.SQL                        : 
    insert 
    into
        member_drug_stocks
        (drug_id, quantity, user_id) 
    values
        (?, ?, ?)
Hibernate: 
    insert 
    into
        member_drug_stocks
        (drug_id, quantity, user_id) 
    values
        (?, ?, ?)
2024-06-07T23:34:58.979+03:00 DEBUG 22132 --- [           main] org.hibernate.SQL                        : 
    insert 
    into
        member_drug_stocks
        (drug_id, quantity, user_id) 
    values
        (?, ?, ?)
Hibernate: 
    insert 
    into
        member_drug_stocks
        (drug_id, quantity, user_id) 
    values
        (?, ?, ?)
2024-06-07T23:34:58.986+03:00 DEBUG 22132 --- [           main] org.hibernate.SQL                        : 
    insert 
    into
        member_drug_stocks
        (drug_id, quantity, user_id) 
    values
        (?, ?, ?)
Hibernate: 
    insert 
    into
        member_drug_stocks
        (drug_id, quantity, user_id) 
    values
        (?, ?, ?)
2024-06-07T23:34:58.991+03:00 DEBUG 22132 --- [           main] org.hibernate.SQL                        : 
    insert 
    into
        member_drug_stocks
        (drug_id, quantity, user_id) 
    values
        (?, ?, ?)
Hibernate: 
    insert 
    into
        member_drug_stocks
        (drug_id, quantity, user_id) 
    values
        (?, ?, ?)
2024-06-07T23:34:58.996+03:00 DEBUG 22132 --- [           main] org.hibernate.SQL                        : 
    insert 
    into
        member_drug_stocks
        (drug_id, quantity, user_id) 
    values
        (?, ?, ?)
Hibernate: 
    insert 
    into
        member_drug_stocks
        (drug_id, quantity, user_id) 
    values
        (?, ?, ?)
2024-06-07T23:34:59.000+03:00 DEBUG 22132 --- [           main] org.hibernate.SQL                        : 
    insert 
    into
        member_drug_stocks
        (drug_id, quantity, user_id) 
    values
        (?, ?, ?)
Hibernate: 
    insert 
    into
        member_drug_stocks
        (drug_id, quantity, user_id) 
    values
        (?, ?, ?)
2024-06-07T23:34:59.006+03:00 DEBUG 22132 --- [           main] org.hibernate.SQL                        : 
    insert 
    into
        member_drug_stocks
        (drug_id, quantity, user_id) 
    values
        (?, ?, ?)
Hibernate: 
    insert 
    into
        member_drug_stocks
        (drug_id, quantity, user_id) 
    values
        (?, ?, ?)
2024-06-07T23:34:59.011+03:00 DEBUG 22132 --- [           main] org.hibernate.SQL                        : 
    insert 
    into
        member_drug_stocks
        (drug_id, quantity, user_id) 
    values
        (?, ?, ?)
Hibernate: 
    insert 
    into
        member_drug_stocks
        (drug_id, quantity, user_id) 
    values
        (?, ?, ?)
2024-06-07T23:34:59.015+03:00 DEBUG 22132 --- [           main] org.hibernate.SQL                        : 
    insert 
    into
        member_drug_stocks
        (drug_id, quantity, user_id) 
    values
        (?, ?, ?)
Hibernate: 
    insert 
    into
        member_drug_stocks
        (drug_id, quantity, user_id) 
    values
        (?, ?, ?)
2024-06-07T23:34:59.020+03:00 DEBUG 22132 --- [           main] org.hibernate.SQL                        : 
    insert 
    into
        member_drug_stocks
        (drug_id, quantity, user_id) 
    values
        (?, ?, ?)
Hibernate: 
    insert 
    into
        member_drug_stocks
        (drug_id, quantity, user_id) 
    values
        (?, ?, ?)
2024-06-07T23:34:59.024+03:00 DEBUG 22132 --- [           main] org.hibernate.SQL                        : 
    insert 
    into
        member_drug_stocks
        (drug_id, quantity, user_id) 
    values
        (?, ?, ?)
Hibernate: 
    insert 
    into
        member_drug_stocks
        (drug_id, quantity, user_id) 
    values
        (?, ?, ?)
2024-06-07T23:34:59.030+03:00 DEBUG 22132 --- [           main] org.hibernate.SQL                        : 
    insert 
    into
        member_drug_stocks
        (drug_id, quantity, user_id) 
    values
        (?, ?, ?)
Hibernate: 
    insert 
    into
        member_drug_stocks
        (drug_id, quantity, user_id) 
    values
        (?, ?, ?)
2024-06-07T23:34:59.035+03:00 DEBUG 22132 --- [           main] org.hibernate.SQL                        : 
    insert 
    into
        member_drug_stocks
        (drug_id, quantity, user_id) 
    values
        (?, ?, ?)
Hibernate: 
    insert 
    into
        member_drug_stocks
        (drug_id, quantity, user_id) 
    values
        (?, ?, ?)
2024-06-07T23:34:59.039+03:00 DEBUG 22132 --- [           main] org.hibernate.SQL                        : 
    insert 
    into
        member_drug_stocks
        (drug_id, quantity, user_id) 
    values
        (?, ?, ?)
Hibernate: 
    insert 
    into
        member_drug_stocks
        (drug_id, quantity, user_id) 
    values
        (?, ?, ?)
2024-06-07T23:34:59.043+03:00 DEBUG 22132 --- [           main] org.hibernate.SQL                        : 
    insert 
    into
        member_drug_stocks
        (drug_id, quantity, user_id) 
    values
        (?, ?, ?)
Hibernate: 
    insert 
    into
        member_drug_stocks
        (drug_id, quantity, user_id) 
    values
        (?, ?, ?)
2024-06-07T23:34:59.049+03:00 DEBUG 22132 --- [           main] org.hibernate.SQL                        : 
    insert 
    into
        member_drug_stocks
        (drug_id, quantity, user_id) 
    values
        (?, ?, ?)
Hibernate: 
    insert 
    into
        member_drug_stocks
        (drug_id, quantity, user_id) 
    values
        (?, ?, ?)
2024-06-07T23:34:59.053+03:00 DEBUG 22132 --- [           main] org.hibernate.SQL                        : 
    insert 
    into
        member_drug_stocks
        (drug_id, quantity, user_id) 
    values
        (?, ?, ?)
Hibernate: 
    insert 
    into
        member_drug_stocks
        (drug_id, quantity, user_id) 
    values
        (?, ?, ?)
2024-06-07T23:34:59.057+03:00 DEBUG 22132 --- [           main] org.hibernate.SQL                        : 
    insert 
    into
        member_drug_stocks
        (drug_id, quantity, user_id) 
    values
        (?, ?, ?)
Hibernate: 
    insert 
    into
        member_drug_stocks
        (drug_id, quantity, user_id) 
    values
        (?, ?, ?)
2024-06-07T23:34:59.063+03:00 DEBUG 22132 --- [           main] org.hibernate.SQL                        : 
    insert 
    into
        member_drug_stocks
        (drug_id, quantity, user_id) 
    values
        (?, ?, ?)
Hibernate: 
    insert 
    into
        member_drug_stocks
        (drug_id, quantity, user_id) 
    values
        (?, ?, ?)
2024-06-07T23:34:59.069+03:00 DEBUG 22132 --- [           main] org.hibernate.SQL                        : 
    insert 
    into
        member_drug_stocks
        (drug_id, quantity, user_id) 
    values
        (?, ?, ?)
Hibernate: 
    insert 
    into
        member_drug_stocks
        (drug_id, quantity, user_id) 
    values
        (?, ?, ?)
2024-06-07T23:34:59.074+03:00 DEBUG 22132 --- [           main] org.hibernate.SQL                        : 
    insert 
    into
        member_drug_stocks
        (drug_id, quantity, user_id) 
    values
        (?, ?, ?)
Hibernate: 
    insert 
    into
        member_drug_stocks
        (drug_id, quantity, user_id) 
    values
        (?, ?, ?)
2024-06-07T23:34:59.080+03:00 DEBUG 22132 --- [           main] org.hibernate.SQL                        : 
    insert 
    into
        member_drug_stocks
        (drug_id, quantity, user_id) 
    values
        (?, ?, ?)
Hibernate: 
    insert 
    into
        member_drug_stocks
        (drug_id, quantity, user_id) 
    values
        (?, ?, ?)
2024-06-07T23:34:59.085+03:00 DEBUG 22132 --- [           main] org.hibernate.SQL                        : 
    insert 
    into
        member_drug_stocks
        (drug_id, quantity, user_id) 
    values
        (?, ?, ?)
Hibernate: 
    insert 
    into
        member_drug_stocks
        (drug_id, quantity, user_id) 
    values
        (?, ?, ?)
2024-06-07T23:34:59.091+03:00 DEBUG 22132 --- [           main] org.hibernate.SQL                        : 
    insert 
    into
        member_drug_stocks
        (drug_id, quantity, user_id) 
    values
        (?, ?, ?)
Hibernate: 
    insert 
    into
        member_drug_stocks
        (drug_id, quantity, user_id) 
    values
        (?, ?, ?)
2024-06-07T23:34:59.096+03:00 DEBUG 22132 --- [           main] org.hibernate.SQL                        : 
    insert 
    into
        member_drug_stocks
        (drug_id, quantity, user_id) 
    values
        (?, ?, ?)
Hibernate: 
    insert 
    into
        member_drug_stocks
        (drug_id, quantity, user_id) 
    values
        (?, ?, ?)
2024-06-07T23:34:59.101+03:00 DEBUG 22132 --- [           main] org.hibernate.SQL                        : 
    insert 
    into
        member_drug_stocks
        (drug_id, quantity, user_id) 
    values
        (?, ?, ?)
Hibernate: 
    insert 
    into
        member_drug_stocks
        (drug_id, quantity, user_id) 
    values
        (?, ?, ?)
2024-06-07T23:34:59.106+03:00 DEBUG 22132 --- [           main] org.hibernate.SQL                        : 
    insert 
    into
        member_drug_stocks
        (drug_id, quantity, user_id) 
    values
        (?, ?, ?)
Hibernate: 
    insert 
    into
        member_drug_stocks
        (drug_id, quantity, user_id) 
    values
        (?, ?, ?)
2024-06-07T23:34:59.110+03:00 DEBUG 22132 --- [           main] org.hibernate.SQL                        : 
    insert 
    into
        member_drug_stocks
        (drug_id, quantity, user_id) 
    values
        (?, ?, ?)
Hibernate: 
    insert 
    into
        member_drug_stocks
        (drug_id, quantity, user_id) 
    values
        (?, ?, ?)
2024-06-07T23:34:59.116+03:00 DEBUG 22132 --- [           main] org.hibernate.SQL                        : 
    insert 
    into
        member_drug_stocks
        (drug_id, quantity, user_id) 
    values
        (?, ?, ?)
Hibernate: 
    insert 
    into
        member_drug_stocks
        (drug_id, quantity, user_id) 
    values
        (?, ?, ?)
2024-06-07T23:34:59.121+03:00 DEBUG 22132 --- [           main] org.hibernate.SQL                        : 
    insert 
    into
        member_drug_stocks
        (drug_id, quantity, user_id) 
    values
        (?, ?, ?)
Hibernate: 
    insert 
    into
        member_drug_stocks
        (drug_id, quantity, user_id) 
    values
        (?, ?, ?)
2024-06-07T23:34:59.127+03:00 DEBUG 22132 --- [           main] org.hibernate.SQL                        : 
    insert 
    into
        member_drug_stocks
        (drug_id, quantity, user_id) 
    values
        (?, ?, ?)
Hibernate: 
    insert 
    into
        member_drug_stocks
        (drug_id, quantity, user_id) 
    values
        (?, ?, ?)
2024-06-07T23:34:59.132+03:00 DEBUG 22132 --- [           main] org.hibernate.SQL                        : 
    insert 
    into
        member_drug_stocks
        (drug_id, quantity, user_id) 
    values
        (?, ?, ?)
Hibernate: 
    insert 
    into
        member_drug_stocks
        (drug_id, quantity, user_id) 
    values
        (?, ?, ?)
2024-06-07T23:34:59.137+03:00 DEBUG 22132 --- [           main] org.hibernate.SQL                        : 
    insert 
    into
        member_drug_stocks
        (drug_id, quantity, user_id) 
    values
        (?, ?, ?)
Hibernate: 
    insert 
    into
        member_drug_stocks
        (drug_id, quantity, user_id) 
    values
        (?, ?, ?)
2024-06-07T23:34:59.143+03:00 DEBUG 22132 --- [           main] org.hibernate.SQL                        : 
    insert 
    into
        member_drug_stocks
        (drug_id, quantity, user_id) 
    values
        (?, ?, ?)
Hibernate: 
    insert 
    into
        member_drug_stocks
        (drug_id, quantity, user_id) 
    values
        (?, ?, ?)
2024-06-07T23:34:59.150+03:00 DEBUG 22132 --- [           main] org.hibernate.SQL                        : 
    insert 
    into
        member_drug_stocks
        (drug_id, quantity, user_id) 
    values
        (?, ?, ?)
Hibernate: 
    insert 
    into
        member_drug_stocks
        (drug_id, quantity, user_id) 
    values
        (?, ?, ?)
2024-06-07T23:34:59.156+03:00 DEBUG 22132 --- [           main] org.hibernate.SQL                        : 
    insert 
    into
        member_drug_stocks
        (drug_id, quantity, user_id) 
    values
        (?, ?, ?)
Hibernate: 
    insert 
    into
        member_drug_stocks
        (drug_id, quantity, user_id) 
    values
        (?, ?, ?)
2024-06-07T23:34:59.163+03:00 DEBUG 22132 --- [           main] org.hibernate.SQL                        : 
    insert 
    into
        member_drug_stocks
        (drug_id, quantity, user_id) 
    values
        (?, ?, ?)
Hibernate: 
    insert 
    into
        member_drug_stocks
        (drug_id, quantity, user_id) 
    values
        (?, ?, ?)
2024-06-07T23:34:59.169+03:00 DEBUG 22132 --- [           main] org.hibernate.SQL                        : 
    insert 
    into
        member_drug_stocks
        (drug_id, quantity, user_id) 
    values
        (?, ?, ?)
Hibernate: 
    insert 
    into
        member_drug_stocks
        (drug_id, quantity, user_id) 
    values
        (?, ?, ?)
2024-06-07T23:34:59.176+03:00 DEBUG 22132 --- [           main] org.hibernate.SQL                        : 
    insert 
    into
        member_drug_stocks
        (drug_id, quantity, user_id) 
    values
        (?, ?, ?)
Hibernate: 
    insert 
    into
        member_drug_stocks
        (drug_id, quantity, user_id) 
    values
        (?, ?, ?)
2024-06-07T23:34:59.183+03:00 DEBUG 22132 --- [           main] org.hibernate.SQL                        : 
    insert 
    into
        member_drug_stocks
        (drug_id, quantity, user_id) 
    values
        (?, ?, ?)
Hibernate: 
    insert 
    into
        member_drug_stocks
        (drug_id, quantity, user_id) 
    values
        (?, ?, ?)
2024-06-07T23:34:59.190+03:00 DEBUG 22132 --- [           main] org.hibernate.SQL                        : 
    insert 
    into
        member_drug_stocks
        (drug_id, quantity, user_id) 
    values
        (?, ?, ?)
Hibernate: 
    insert 
    into
        member_drug_stocks
        (drug_id, quantity, user_id) 
    values
        (?, ?, ?)
2024-06-07T23:34:59.200+03:00 DEBUG 22132 --- [           main] org.hibernate.SQL                        : 
    insert 
    into
        member_drug_stocks
        (drug_id, quantity, user_id) 
    values
        (?, ?, ?)
Hibernate: 
    insert 
    into
        member_drug_stocks
        (drug_id, quantity, user_id) 
    values
        (?, ?, ?)
2024-06-07T23:34:59.207+03:00 DEBUG 22132 --- [           main] org.hibernate.SQL                        : 
    insert 
    into
        member_drug_stocks
        (drug_id, quantity, user_id) 
    values
        (?, ?, ?)
Hibernate: 
    insert 
    into
        member_drug_stocks
        (drug_id, quantity, user_id) 
    values
        (?, ?, ?)
2024-06-07T23:34:59.215+03:00 DEBUG 22132 --- [           main] org.hibernate.SQL                        : 
    insert 
    into
        member_drug_stocks
        (drug_id, quantity, user_id) 
    values
        (?, ?, ?)
Hibernate: 
    insert 
    into
        member_drug_stocks
        (drug_id, quantity, user_id) 
    values
        (?, ?, ?)
2024-06-07T23:34:59.223+03:00 DEBUG 22132 --- [           main] org.hibernate.SQL                        : 
    insert 
    into
        member_drug_stocks
        (drug_id, quantity, user_id) 
    values
        (?, ?, ?)
Hibernate: 
    insert 
    into
        member_drug_stocks
        (drug_id, quantity, user_id) 
    values
        (?, ?, ?)
2024-06-07T23:34:59.230+03:00 DEBUG 22132 --- [           main] org.hibernate.SQL                        : 
    insert 
    into
        member_drug_stocks
        (drug_id, quantity, user_id) 
    values
        (?, ?, ?)
Hibernate: 
    insert 
    into
        member_drug_stocks
        (drug_id, quantity, user_id) 
    values
        (?, ?, ?)
2024-06-07T23:34:59.239+03:00 DEBUG 22132 --- [           main] org.hibernate.SQL                        : 
    insert 
    into
        member_drug_stocks
        (drug_id, quantity, user_id) 
    values
        (?, ?, ?)
Hibernate: 
    insert 
    into
        member_drug_stocks
        (drug_id, quantity, user_id) 
    values
        (?, ?, ?)
2024-06-07T23:34:59.245+03:00 DEBUG 22132 --- [           main] org.hibernate.SQL                        : 
    insert 
    into
        member_drug_stocks
        (drug_id, quantity, user_id) 
    values
        (?, ?, ?)
Hibernate: 
    insert 
    into
        member_drug_stocks
        (drug_id, quantity, user_id) 
    values
        (?, ?, ?)
2024-06-07T23:34:59.252+03:00 DEBUG 22132 --- [           main] org.hibernate.SQL                        : 
    insert 
    into
        member_drug_stocks
        (drug_id, quantity, user_id) 
    values
        (?, ?, ?)
Hibernate: 
    insert 
    into
        member_drug_stocks
        (drug_id, quantity, user_id) 
    values
        (?, ?, ?)
2024-06-07T23:34:59.262+03:00 DEBUG 22132 --- [           main] org.hibernate.SQL                        : 
    insert 
    into
        member_drug_stocks
        (drug_id, quantity, user_id) 
    values
        (?, ?, ?)
Hibernate: 
    insert 
    into
        member_drug_stocks
        (drug_id, quantity, user_id) 
    values
        (?, ?, ?)
2024-06-07T23:34:59.269+03:00 DEBUG 22132 --- [           main] org.hibernate.SQL                        : 
    insert 
    into
        member_drug_stocks
        (drug_id, quantity, user_id) 
    values
        (?, ?, ?)
Hibernate: 
    insert 
    into
        member_drug_stocks
        (drug_id, quantity, user_id) 
    values
        (?, ?, ?)
2024-06-07T23:34:59.275+03:00 DEBUG 22132 --- [           main] org.hibernate.SQL                        : 
    insert 
    into
        member_drug_stocks
        (drug_id, quantity, user_id) 
    values
        (?, ?, ?)
Hibernate: 
    insert 
    into
        member_drug_stocks
        (drug_id, quantity, user_id) 
    values
        (?, ?, ?)
2024-06-07T23:34:59.282+03:00 DEBUG 22132 --- [           main] org.hibernate.SQL                        : 
    insert 
    into
        member_drug_stocks
        (drug_id, quantity, user_id) 
    values
        (?, ?, ?)
Hibernate: 
    insert 
    into
        member_drug_stocks
        (drug_id, quantity, user_id) 
    values
        (?, ?, ?)
2024-06-07T23:34:59.289+03:00 DEBUG 22132 --- [           main] org.hibernate.SQL                        : 
    insert 
    into
        member_drug_stocks
        (drug_id, quantity, user_id) 
    values
        (?, ?, ?)
Hibernate: 
    insert 
    into
        member_drug_stocks
        (drug_id, quantity, user_id) 
    values
        (?, ?, ?)
2024-06-07T23:34:59.296+03:00 DEBUG 22132 --- [           main] org.hibernate.SQL                        : 
    insert 
    into
        member_drug_stocks
        (drug_id, quantity, user_id) 
    values
        (?, ?, ?)
Hibernate: 
    insert 
    into
        member_drug_stocks
        (drug_id, quantity, user_id) 
    values
        (?, ?, ?)
2024-06-07T23:34:59.303+03:00 DEBUG 22132 --- [           main] org.hibernate.SQL                        : 
    insert 
    into
        member_drug_stocks
        (drug_id, quantity, user_id) 
    values
        (?, ?, ?)
Hibernate: 
    insert 
    into
        member_drug_stocks
        (drug_id, quantity, user_id) 
    values
        (?, ?, ?)
2024-06-07T23:34:59.309+03:00 DEBUG 22132 --- [           main] org.hibernate.SQL                        : 
    insert 
    into
        member_drug_stocks
        (drug_id, quantity, user_id) 
    values
        (?, ?, ?)
Hibernate: 
    insert 
    into
        member_drug_stocks
        (drug_id, quantity, user_id) 
    values
        (?, ?, ?)
2024-06-07T23:34:59.316+03:00 DEBUG 22132 --- [           main] org.hibernate.SQL                        : 
    insert 
    into
        member_drug_stocks
        (drug_id, quantity, user_id) 
    values
        (?, ?, ?)
Hibernate: 
    insert 
    into
        member_drug_stocks
        (drug_id, quantity, user_id) 
    values
        (?, ?, ?)
2024-06-07T23:34:59.323+03:00 DEBUG 22132 --- [           main] org.hibernate.SQL                        : 
    insert 
    into
        member_drug_stocks
        (drug_id, quantity, user_id) 
    values
        (?, ?, ?)
Hibernate: 
    insert 
    into
        member_drug_stocks
        (drug_id, quantity, user_id) 
    values
        (?, ?, ?)
2024-06-07T23:34:59.329+03:00 DEBUG 22132 --- [           main] org.hibernate.SQL                        : 
    insert 
    into
        member_drug_stocks
        (drug_id, quantity, user_id) 
    values
        (?, ?, ?)
Hibernate: 
    insert 
    into
        member_drug_stocks
        (drug_id, quantity, user_id) 
    values
        (?, ?, ?)
2024-06-07T23:34:59.335+03:00 DEBUG 22132 --- [           main] org.hibernate.SQL                        : 
    insert 
    into
        member_drug_stocks
        (drug_id, quantity, user_id) 
    values
        (?, ?, ?)
Hibernate: 
    insert 
    into
        member_drug_stocks
        (drug_id, quantity, user_id) 
    values
        (?, ?, ?)
2024-06-07T23:34:59.341+03:00 DEBUG 22132 --- [           main] org.hibernate.SQL                        : 
    insert 
    into
        member_drug_stocks
        (drug_id, quantity, user_id) 
    values
        (?, ?, ?)
Hibernate: 
    insert 
    into
        member_drug_stocks
        (drug_id, quantity, user_id) 
    values
        (?, ?, ?)
2024-06-07T23:34:59.349+03:00 DEBUG 22132 --- [           main] org.hibernate.SQL                        : 
    insert 
    into
        member_drug_stocks
        (drug_id, quantity, user_id) 
    values
        (?, ?, ?)
Hibernate: 
    insert 
    into
        member_drug_stocks
        (drug_id, quantity, user_id) 
    values
        (?, ?, ?)
2024-06-07T23:34:59.355+03:00 DEBUG 22132 --- [           main] org.hibernate.SQL                        : 
    insert 
    into
        member_drug_stocks
        (drug_id, quantity, user_id) 
    values
        (?, ?, ?)
Hibernate: 
    insert 
    into
        member_drug_stocks
        (drug_id, quantity, user_id) 
    values
        (?, ?, ?)
2024-06-07T23:34:59.361+03:00 DEBUG 22132 --- [           main] org.hibernate.SQL                        : 
    insert 
    into
        member_drug_stocks
        (drug_id, quantity, user_id) 
    values
        (?, ?, ?)
Hibernate: 
    insert 
    into
        member_drug_stocks
        (drug_id, quantity, user_id) 
    values
        (?, ?, ?)
2024-06-07T23:34:59.368+03:00 DEBUG 22132 --- [           main] org.hibernate.SQL                        : 
    insert 
    into
        member_drug_stocks
        (drug_id, quantity, user_id) 
    values
        (?, ?, ?)
Hibernate: 
    insert 
    into
        member_drug_stocks
        (drug_id, quantity, user_id) 
    values
        (?, ?, ?)
2024-06-07T23:34:59.375+03:00 DEBUG 22132 --- [           main] org.hibernate.SQL                        : 
    insert 
    into
        member_drug_stocks
        (drug_id, quantity, user_id) 
    values
        (?, ?, ?)
Hibernate: 
    insert 
    into
        member_drug_stocks
        (drug_id, quantity, user_id) 
    values
        (?, ?, ?)
2024-06-07T23:34:59.381+03:00 DEBUG 22132 --- [           main] org.hibernate.SQL                        : 
    insert 
    into
        member_drug_stocks
        (drug_id, quantity, user_id) 
    values
        (?, ?, ?)
Hibernate: 
    insert 
    into
        member_drug_stocks
        (drug_id, quantity, user_id) 
    values
        (?, ?, ?)
2024-06-07T23:34:59.387+03:00 DEBUG 22132 --- [           main] org.hibernate.SQL                        : 
    insert 
    into
        member_drug_stocks
        (drug_id, quantity, user_id) 
    values
        (?, ?, ?)
Hibernate: 
    insert 
    into
        member_drug_stocks
        (drug_id, quantity, user_id) 
    values
        (?, ?, ?)
2024-06-07T23:34:59.392+03:00 DEBUG 22132 --- [           main] org.hibernate.SQL                        : 
    insert 
    into
        member_drug_stocks
        (drug_id, quantity, user_id) 
    values
        (?, ?, ?)
Hibernate: 
    insert 
    into
        member_drug_stocks
        (drug_id, quantity, user_id) 
    values
        (?, ?, ?)
2024-06-07T23:34:59.398+03:00 DEBUG 22132 --- [           main] org.hibernate.SQL                        : 
    insert 
    into
        member_drug_stocks
        (drug_id, quantity, user_id) 
    values
        (?, ?, ?)
Hibernate: 
    insert 
    into
        member_drug_stocks
        (drug_id, quantity, user_id) 
    values
        (?, ?, ?)
2024-06-07T23:34:59.404+03:00 DEBUG 22132 --- [           main] org.hibernate.SQL                        : 
    insert 
    into
        member_drug_stocks
        (drug_id, quantity, user_id) 
    values
        (?, ?, ?)
Hibernate: 
    insert 
    into
        member_drug_stocks
        (drug_id, quantity, user_id) 
    values
        (?, ?, ?)
2024-06-07T23:34:59.409+03:00 DEBUG 22132 --- [           main] org.hibernate.SQL                        : 
    insert 
    into
        member_drug_stocks
        (drug_id, quantity, user_id) 
    values
        (?, ?, ?)
Hibernate: 
    insert 
    into
        member_drug_stocks
        (drug_id, quantity, user_id) 
    values
        (?, ?, ?)
2024-06-07T23:34:59.415+03:00 DEBUG 22132 --- [           main] org.hibernate.SQL                        : 
    insert 
    into
        member_drug_stocks
        (drug_id, quantity, user_id) 
    values
        (?, ?, ?)
Hibernate: 
    insert 
    into
        member_drug_stocks
        (drug_id, quantity, user_id) 
    values
        (?, ?, ?)
2024-06-07T23:34:59.422+03:00 DEBUG 22132 --- [           main] org.hibernate.SQL                        : 
    insert 
    into
        member_drug_stocks
        (drug_id, quantity, user_id) 
    values
        (?, ?, ?)
Hibernate: 
    insert 
    into
        member_drug_stocks
        (drug_id, quantity, user_id) 
    values
        (?, ?, ?)
2024-06-07T23:34:59.427+03:00 DEBUG 22132 --- [           main] org.hibernate.SQL                        : 
    insert 
    into
        member_drug_stocks
        (drug_id, quantity, user_id) 
    values
        (?, ?, ?)
Hibernate: 
    insert 
    into
        member_drug_stocks
        (drug_id, quantity, user_id) 
    values
        (?, ?, ?)
2024-06-07T23:34:59.431+03:00 DEBUG 22132 --- [           main] org.hibernate.SQL                        : 
    insert 
    into
        member_drug_stocks
        (drug_id, quantity, user_id) 
    values
        (?, ?, ?)
Hibernate: 
    insert 
    into
        member_drug_stocks
        (drug_id, quantity, user_id) 
    values
        (?, ?, ?)
2024-06-07T23:34:59.436+03:00 DEBUG 22132 --- [           main] org.hibernate.SQL                        : 
    insert 
    into
        member_drug_stocks
        (drug_id, quantity, user_id) 
    values
        (?, ?, ?)
Hibernate: 
    insert 
    into
        member_drug_stocks
        (drug_id, quantity, user_id) 
    values
        (?, ?, ?)
2024-06-07T23:34:59.441+03:00 DEBUG 22132 --- [           main] org.hibernate.SQL                        : 
    insert 
    into
        member_drug_stocks
        (drug_id, quantity, user_id) 
    values
        (?, ?, ?)
Hibernate: 
    insert 
    into
        member_drug_stocks
        (drug_id, quantity, user_id) 
    values
        (?, ?, ?)
2024-06-07T23:34:59.447+03:00 DEBUG 22132 --- [           main] org.hibernate.SQL                        : 
    insert 
    into
        member_drug_stocks
        (drug_id, quantity, user_id) 
    values
        (?, ?, ?)
Hibernate: 
    insert 
    into
        member_drug_stocks
        (drug_id, quantity, user_id) 
    values
        (?, ?, ?)
2024-06-07T23:34:59.453+03:00 DEBUG 22132 --- [           main] org.hibernate.SQL                        : 
    insert 
    into
        member_drug_stocks
        (drug_id, quantity, user_id) 
    values
        (?, ?, ?)
Hibernate: 
    insert 
    into
        member_drug_stocks
        (drug_id, quantity, user_id) 
    values
        (?, ?, ?)
2024-06-07T23:34:59.461+03:00 DEBUG 22132 --- [           main] org.hibernate.SQL                        : 
    insert 
    into
        member_drug_stocks
        (drug_id, quantity, user_id) 
    values
        (?, ?, ?)
Hibernate: 
    insert 
    into
        member_drug_stocks
        (drug_id, quantity, user_id) 
    values
        (?, ?, ?)
2024-06-07T23:34:59.467+03:00 DEBUG 22132 --- [           main] org.hibernate.SQL                        : 
    insert 
    into
        member_drug_stocks
        (drug_id, quantity, user_id) 
    values
        (?, ?, ?)
Hibernate: 
    insert 
    into
        member_drug_stocks
        (drug_id, quantity, user_id) 
    values
        (?, ?, ?)
2024-06-07T23:34:59.473+03:00 DEBUG 22132 --- [           main] org.hibernate.SQL                        : 
    insert 
    into
        member_drug_stocks
        (drug_id, quantity, user_id) 
    values
        (?, ?, ?)
Hibernate: 
    insert 
    into
        member_drug_stocks
        (drug_id, quantity, user_id) 
    values
        (?, ?, ?)
2024-06-07T23:34:59.478+03:00 DEBUG 22132 --- [           main] org.hibernate.SQL                        : 
    insert 
    into
        member_drug_stocks
        (drug_id, quantity, user_id) 
    values
        (?, ?, ?)
Hibernate: 
    insert 
    into
        member_drug_stocks
        (drug_id, quantity, user_id) 
    values
        (?, ?, ?)
2024-06-07T23:34:59.485+03:00 DEBUG 22132 --- [           main] org.hibernate.SQL                        : 
    insert 
    into
        member_drug_stocks
        (drug_id, quantity, user_id) 
    values
        (?, ?, ?)
Hibernate: 
    insert 
    into
        member_drug_stocks
        (drug_id, quantity, user_id) 
    values
        (?, ?, ?)
2024-06-07T23:34:59.491+03:00 DEBUG 22132 --- [           main] org.hibernate.SQL                        : 
    insert 
    into
        member_drug_stocks
        (drug_id, quantity, user_id) 
    values
        (?, ?, ?)
Hibernate: 
    insert 
    into
        member_drug_stocks
        (drug_id, quantity, user_id) 
    values
        (?, ?, ?)
2024-06-07T23:34:59.498+03:00 DEBUG 22132 --- [           main] org.hibernate.SQL                        : 
    insert 
    into
        member_drug_stocks
        (drug_id, quantity, user_id) 
    values
        (?, ?, ?)
Hibernate: 
    insert 
    into
        member_drug_stocks
        (drug_id, quantity, user_id) 
    values
        (?, ?, ?)
2024-06-07T23:34:59.503+03:00 DEBUG 22132 --- [           main] org.hibernate.SQL                        : 
    insert 
    into
        member_drug_stocks
        (drug_id, quantity, user_id) 
    values
        (?, ?, ?)
Hibernate: 
    insert 
    into
        member_drug_stocks
        (drug_id, quantity, user_id) 
    values
        (?, ?, ?)
2024-06-07T23:34:59.507+03:00 DEBUG 22132 --- [           main] org.hibernate.SQL                        : 
    insert 
    into
        member_drug_stocks
        (drug_id, quantity, user_id) 
    values
        (?, ?, ?)
Hibernate: 
    insert 
    into
        member_drug_stocks
        (drug_id, quantity, user_id) 
    values
        (?, ?, ?)
2024-06-07T23:34:59.514+03:00 DEBUG 22132 --- [           main] org.hibernate.SQL                        : 
    insert 
    into
        member_drug_stocks
        (drug_id, quantity, user_id) 
    values
        (?, ?, ?)
Hibernate: 
    insert 
    into
        member_drug_stocks
        (drug_id, quantity, user_id) 
    values
        (?, ?, ?)
2024-06-07T23:34:59.519+03:00 DEBUG 22132 --- [           main] org.hibernate.SQL                        : 
    insert 
    into
        member_drug_stocks
        (drug_id, quantity, user_id) 
    values
        (?, ?, ?)
Hibernate: 
    insert 
    into
        member_drug_stocks
        (drug_id, quantity, user_id) 
    values
        (?, ?, ?)
2024-06-07T23:34:59.524+03:00 DEBUG 22132 --- [           main] org.hibernate.SQL                        : 
    insert 
    into
        member_drug_stocks
        (drug_id, quantity, user_id) 
    values
        (?, ?, ?)
Hibernate: 
    insert 
    into
        member_drug_stocks
        (drug_id, quantity, user_id) 
    values
        (?, ?, ?)
2024-06-07T23:34:59.529+03:00 DEBUG 22132 --- [           main] org.hibernate.SQL                        : 
    insert 
    into
        member_drug_stocks
        (drug_id, quantity, user_id) 
    values
        (?, ?, ?)
Hibernate: 
    insert 
    into
        member_drug_stocks
        (drug_id, quantity, user_id) 
    values
        (?, ?, ?)
2024-06-07T23:34:59.535+03:00 DEBUG 22132 --- [           main] org.hibernate.SQL                        : 
    insert 
    into
        member_drug_stocks
        (drug_id, quantity, user_id) 
    values
        (?, ?, ?)
Hibernate: 
    insert 
    into
        member_drug_stocks
        (drug_id, quantity, user_id) 
    values
        (?, ?, ?)
2024-06-07T23:34:59.540+03:00 DEBUG 22132 --- [           main] org.hibernate.SQL                        : 
    insert 
    into
        member_drug_stocks
        (drug_id, quantity, user_id) 
    values
        (?, ?, ?)
Hibernate: 
    insert 
    into
        member_drug_stocks
        (drug_id, quantity, user_id) 
    values
        (?, ?, ?)
2024-06-07T23:34:59.546+03:00 DEBUG 22132 --- [           main] org.hibernate.SQL                        : 
    insert 
    into
        member_drug_stocks
        (drug_id, quantity, user_id) 
    values
        (?, ?, ?)
Hibernate: 
    insert 
    into
        member_drug_stocks
        (drug_id, quantity, user_id) 
    values
        (?, ?, ?)
2024-06-07T23:34:59.554+03:00 DEBUG 22132 --- [           main] org.hibernate.SQL                        : 
    insert 
    into
        member_drug_stocks
        (drug_id, quantity, user_id) 
    values
        (?, ?, ?)
Hibernate: 
    insert 
    into
        member_drug_stocks
        (drug_id, quantity, user_id) 
    values
        (?, ?, ?)
2024-06-07T23:34:59.559+03:00 DEBUG 22132 --- [           main] org.hibernate.SQL                        : 
    insert 
    into
        member_drug_stocks
        (drug_id, quantity, user_id) 
    values
        (?, ?, ?)
Hibernate: 
    insert 
    into
        member_drug_stocks
        (drug_id, quantity, user_id) 
    values
        (?, ?, ?)
2024-06-07T23:34:59.565+03:00 DEBUG 22132 --- [           main] org.hibernate.SQL                        : 
    insert 
    into
        member_drug_stocks
        (drug_id, quantity, user_id) 
    values
        (?, ?, ?)
Hibernate: 
    insert 
    into
        member_drug_stocks
        (drug_id, quantity, user_id) 
    values
        (?, ?, ?)
2024-06-07T23:34:59.569+03:00 DEBUG 22132 --- [           main] org.hibernate.SQL                        : 
    insert 
    into
        member_drug_stocks
        (drug_id, quantity, user_id) 
    values
        (?, ?, ?)
Hibernate: 
    insert 
    into
        member_drug_stocks
        (drug_id, quantity, user_id) 
    values
        (?, ?, ?)
2024-06-07T23:34:59.575+03:00 DEBUG 22132 --- [           main] org.hibernate.SQL                        : 
    insert 
    into
        member_drug_stocks
        (drug_id, quantity, user_id) 
    values
        (?, ?, ?)
Hibernate: 
    insert 
    into
        member_drug_stocks
        (drug_id, quantity, user_id) 
    values
        (?, ?, ?)
2024-06-07T23:34:59.581+03:00 DEBUG 22132 --- [           main] org.hibernate.SQL                        : 
    insert 
    into
        member_drug_stocks
        (drug_id, quantity, user_id) 
    values
        (?, ?, ?)
Hibernate: 
    insert 
    into
        member_drug_stocks
        (drug_id, quantity, user_id) 
    values
        (?, ?, ?)
2024-06-07T23:34:59.586+03:00 DEBUG 22132 --- [           main] org.hibernate.SQL                        : 
    insert 
    into
        member_drug_stocks
        (drug_id, quantity, user_id) 
    values
        (?, ?, ?)
Hibernate: 
    insert 
    into
        member_drug_stocks
        (drug_id, quantity, user_id) 
    values
        (?, ?, ?)
2024-06-07T23:34:59.595+03:00 DEBUG 22132 --- [           main] org.hibernate.SQL                        : 
    insert 
    into
        member_drug_stocks
        (drug_id, quantity, user_id) 
    values
        (?, ?, ?)
Hibernate: 
    insert 
    into
        member_drug_stocks
        (drug_id, quantity, user_id) 
    values
        (?, ?, ?)
2024-06-07T23:34:59.602+03:00 DEBUG 22132 --- [           main] org.hibernate.SQL                        : 
    insert 
    into
        member_drug_stocks
        (drug_id, quantity, user_id) 
    values
        (?, ?, ?)
Hibernate: 
    insert 
    into
        member_drug_stocks
        (drug_id, quantity, user_id) 
    values
        (?, ?, ?)
2024-06-07T23:34:59.607+03:00 DEBUG 22132 --- [           main] org.hibernate.SQL                        : 
    insert 
    into
        member_drug_stocks
        (drug_id, quantity, user_id) 
    values
        (?, ?, ?)
Hibernate: 
    insert 
    into
        member_drug_stocks
        (drug_id, quantity, user_id) 
    values
        (?, ?, ?)
2024-06-07T23:34:59.615+03:00 DEBUG 22132 --- [           main] org.hibernate.SQL                        : 
    insert 
    into
        member_drug_stocks
        (drug_id, quantity, user_id) 
    values
        (?, ?, ?)
Hibernate: 
    insert 
    into
        member_drug_stocks
        (drug_id, quantity, user_id) 
    values
        (?, ?, ?)
2024-06-07T23:34:59.621+03:00 DEBUG 22132 --- [           main] org.hibernate.SQL                        : 
    insert 
    into
        member_drug_stocks
        (drug_id, quantity, user_id) 
    values
        (?, ?, ?)
Hibernate: 
    insert 
    into
        member_drug_stocks
        (drug_id, quantity, user_id) 
    values
        (?, ?, ?)
2024-06-07T23:34:59.629+03:00 DEBUG 22132 --- [           main] org.hibernate.SQL                        : 
    insert 
    into
        member_drug_stocks
        (drug_id, quantity, user_id) 
    values
        (?, ?, ?)
Hibernate: 
    insert 
    into
        member_drug_stocks
        (drug_id, quantity, user_id) 
    values
        (?, ?, ?)
2024-06-07T23:34:59.634+03:00 DEBUG 22132 --- [           main] org.hibernate.SQL                        : 
    insert 
    into
        member_drug_stocks
        (drug_id, quantity, user_id) 
    values
        (?, ?, ?)
Hibernate: 
    insert 
    into
        member_drug_stocks
        (drug_id, quantity, user_id) 
    values
        (?, ?, ?)
2024-06-07T23:34:59.642+03:00 DEBUG 22132 --- [           main] org.hibernate.SQL                        : 
    insert 
    into
        member_drug_stocks
        (drug_id, quantity, user_id) 
    values
        (?, ?, ?)
Hibernate: 
    insert 
    into
        member_drug_stocks
        (drug_id, quantity, user_id) 
    values
        (?, ?, ?)
2024-06-07T23:34:59.647+03:00 DEBUG 22132 --- [           main] org.hibernate.SQL                        : 
    insert 
    into
        member_drug_stocks
        (drug_id, quantity, user_id) 
    values
        (?, ?, ?)
Hibernate: 
    insert 
    into
        member_drug_stocks
        (drug_id, quantity, user_id) 
    values
        (?, ?, ?)
2024-06-07T23:34:59.652+03:00 DEBUG 22132 --- [           main] org.hibernate.SQL                        : 
    insert 
    into
        member_drug_stocks
        (drug_id, quantity, user_id) 
    values
        (?, ?, ?)
Hibernate: 
    insert 
    into
        member_drug_stocks
        (drug_id, quantity, user_id) 
    values
        (?, ?, ?)
2024-06-07T23:34:59.656+03:00 DEBUG 22132 --- [           main] org.hibernate.SQL                        : 
    insert 
    into
        member_drug_stocks
        (drug_id, quantity, user_id) 
    values
        (?, ?, ?)
Hibernate: 
    insert 
    into
        member_drug_stocks
        (drug_id, quantity, user_id) 
    values
        (?, ?, ?)
2024-06-07T23:34:59.661+03:00 DEBUG 22132 --- [           main] org.hibernate.SQL                        : 
    insert 
    into
        member_drug_stocks
        (drug_id, quantity, user_id) 
    values
        (?, ?, ?)
Hibernate: 
    insert 
    into
        member_drug_stocks
        (drug_id, quantity, user_id) 
    values
        (?, ?, ?)
2024-06-07T23:34:59.668+03:00 DEBUG 22132 --- [           main] org.hibernate.SQL                        : 
    insert 
    into
        member_drug_stocks
        (drug_id, quantity, user_id) 
    values
        (?, ?, ?)
Hibernate: 
    insert 
    into
        member_drug_stocks
        (drug_id, quantity, user_id) 
    values
        (?, ?, ?)
2024-06-07T23:34:59.674+03:00 DEBUG 22132 --- [           main] org.hibernate.SQL                        : 
    insert 
    into
        member_drug_stocks
        (drug_id, quantity, user_id) 
    values
        (?, ?, ?)
Hibernate: 
    insert 
    into
        member_drug_stocks
        (drug_id, quantity, user_id) 
    values
        (?, ?, ?)
2024-06-07T23:34:59.683+03:00 DEBUG 22132 --- [           main] org.hibernate.SQL                        : 
    insert 
    into
        member_drug_stocks
        (drug_id, quantity, user_id) 
    values
        (?, ?, ?)
Hibernate: 
    insert 
    into
        member_drug_stocks
        (drug_id, quantity, user_id) 
    values
        (?, ?, ?)
2024-06-07T23:34:59.689+03:00 DEBUG 22132 --- [           main] org.hibernate.SQL                        : 
    insert 
    into
        member_drug_stocks
        (drug_id, quantity, user_id) 
    values
        (?, ?, ?)
Hibernate: 
    insert 
    into
        member_drug_stocks
        (drug_id, quantity, user_id) 
    values
        (?, ?, ?)
2024-06-07T23:34:59.695+03:00 DEBUG 22132 --- [           main] org.hibernate.SQL                        : 
    insert 
    into
        member_drug_stocks
        (drug_id, quantity, user_id) 
    values
        (?, ?, ?)
Hibernate: 
    insert 
    into
        member_drug_stocks
        (drug_id, quantity, user_id) 
    values
        (?, ?, ?)
2024-06-07T23:34:59.701+03:00 DEBUG 22132 --- [           main] org.hibernate.SQL                        : 
    insert 
    into
        member_drug_stocks
        (drug_id, quantity, user_id) 
    values
        (?, ?, ?)
Hibernate: 
    insert 
    into
        member_drug_stocks
        (drug_id, quantity, user_id) 
    values
        (?, ?, ?)
2024-06-07T23:34:59.706+03:00 DEBUG 22132 --- [           main] org.hibernate.SQL                        : 
    insert 
    into
        member_drug_stocks
        (drug_id, quantity, user_id) 
    values
        (?, ?, ?)
Hibernate: 
    insert 
    into
        member_drug_stocks
        (drug_id, quantity, user_id) 
    values
        (?, ?, ?)
2024-06-07T23:34:59.712+03:00 DEBUG 22132 --- [           main] org.hibernate.SQL                        : 
    insert 
    into
        member_drug_stocks
        (drug_id, quantity, user_id) 
    values
        (?, ?, ?)
Hibernate: 
    insert 
    into
        member_drug_stocks
        (drug_id, quantity, user_id) 
    values
        (?, ?, ?)
2024-06-07T23:34:59.717+03:00 DEBUG 22132 --- [           main] org.hibernate.SQL                        : 
    insert 
    into
        member_drug_stocks
        (drug_id, quantity, user_id) 
    values
        (?, ?, ?)
Hibernate: 
    insert 
    into
        member_drug_stocks
        (drug_id, quantity, user_id) 
    values
        (?, ?, ?)
2024-06-07T23:34:59.724+03:00 DEBUG 22132 --- [           main] org.hibernate.SQL                        : 
    insert 
    into
        member_drug_stocks
        (drug_id, quantity, user_id) 
    values
        (?, ?, ?)
Hibernate: 
    insert 
    into
        member_drug_stocks
        (drug_id, quantity, user_id) 
    values
        (?, ?, ?)
2024-06-07T23:34:59.730+03:00 DEBUG 22132 --- [           main] org.hibernate.SQL                        : 
    insert 
    into
        member_drug_stocks
        (drug_id, quantity, user_id) 
    values
        (?, ?, ?)
Hibernate: 
    insert 
    into
        member_drug_stocks
        (drug_id, quantity, user_id) 
    values
        (?, ?, ?)
2024-06-07T23:34:59.736+03:00 DEBUG 22132 --- [           main] org.hibernate.SQL                        : 
    insert 
    into
        member_drug_stocks
        (drug_id, quantity, user_id) 
    values
        (?, ?, ?)
Hibernate: 
    insert 
    into
        member_drug_stocks
        (drug_id, quantity, user_id) 
    values
        (?, ?, ?)
2024-06-07T23:34:59.741+03:00 DEBUG 22132 --- [           main] org.hibernate.SQL                        : 
    insert 
    into
        member_drug_stocks
        (drug_id, quantity, user_id) 
    values
        (?, ?, ?)
Hibernate: 
    insert 
    into
        member_drug_stocks
        (drug_id, quantity, user_id) 
    values
        (?, ?, ?)
2024-06-07T23:34:59.746+03:00 DEBUG 22132 --- [           main] org.hibernate.SQL                        : 
    insert 
    into
        member_drug_stocks
        (drug_id, quantity, user_id) 
    values
        (?, ?, ?)
Hibernate: 
    insert 
    into
        member_drug_stocks
        (drug_id, quantity, user_id) 
    values
        (?, ?, ?)
2024-06-07T23:34:59.752+03:00 DEBUG 22132 --- [           main] org.hibernate.SQL                        : 
    insert 
    into
        member_drug_stocks
        (drug_id, quantity, user_id) 
    values
        (?, ?, ?)
Hibernate: 
    insert 
    into
        member_drug_stocks
        (drug_id, quantity, user_id) 
    values
        (?, ?, ?)
2024-06-07T23:34:59.758+03:00 DEBUG 22132 --- [           main] org.hibernate.SQL                        : 
    insert 
    into
        member_drug_stocks
        (drug_id, quantity, user_id) 
    values
        (?, ?, ?)
Hibernate: 
    insert 
    into
        member_drug_stocks
        (drug_id, quantity, user_id) 
    values
        (?, ?, ?)
2024-06-07T23:34:59.766+03:00 DEBUG 22132 --- [           main] org.hibernate.SQL                        : 
    insert 
    into
        member_drug_stocks
        (drug_id, quantity, user_id) 
    values
        (?, ?, ?)
Hibernate: 
    insert 
    into
        member_drug_stocks
        (drug_id, quantity, user_id) 
    values
        (?, ?, ?)
2024-06-07T23:34:59.771+03:00 DEBUG 22132 --- [           main] org.hibernate.SQL                        : 
    insert 
    into
        member_drug_stocks
        (drug_id, quantity, user_id) 
    values
        (?, ?, ?)
Hibernate: 
    insert 
    into
        member_drug_stocks
        (drug_id, quantity, user_id) 
    values
        (?, ?, ?)
2024-06-07T23:34:59.776+03:00 DEBUG 22132 --- [           main] org.hibernate.SQL                        : 
    insert 
    into
        member_drug_stocks
        (drug_id, quantity, user_id) 
    values
        (?, ?, ?)
Hibernate: 
    insert 
    into
        member_drug_stocks
        (drug_id, quantity, user_id) 
    values
        (?, ?, ?)
2024-06-07T23:34:59.783+03:00 DEBUG 22132 --- [           main] org.hibernate.SQL                        : 
    insert 
    into
        member_drug_stocks
        (drug_id, quantity, user_id) 
    values
        (?, ?, ?)
Hibernate: 
    insert 
    into
        member_drug_stocks
        (drug_id, quantity, user_id) 
    values
        (?, ?, ?)
2024-06-07T23:34:59.789+03:00 DEBUG 22132 --- [           main] org.hibernate.SQL                        : 
    insert 
    into
        member_drug_stocks
        (drug_id, quantity, user_id) 
    values
        (?, ?, ?)
Hibernate: 
    insert 
    into
        member_drug_stocks
        (drug_id, quantity, user_id) 
    values
        (?, ?, ?)
2024-06-07T23:34:59.793+03:00 DEBUG 22132 --- [           main] org.hibernate.SQL                        : 
    insert 
    into
        member_drug_stocks
        (drug_id, quantity, user_id) 
    values
        (?, ?, ?)
Hibernate: 
    insert 
    into
        member_drug_stocks
        (drug_id, quantity, user_id) 
    values
        (?, ?, ?)
2024-06-07T23:34:59.799+03:00 DEBUG 22132 --- [           main] org.hibernate.SQL                        : 
    insert 
    into
        member_drug_stocks
        (drug_id, quantity, user_id) 
    values
        (?, ?, ?)
Hibernate: 
    insert 
    into
        member_drug_stocks
        (drug_id, quantity, user_id) 
    values
        (?, ?, ?)
2024-06-07T23:34:59.806+03:00 DEBUG 22132 --- [           main] org.hibernate.SQL                        : 
    insert 
    into
        member_drug_stocks
        (drug_id, quantity, user_id) 
    values
        (?, ?, ?)
Hibernate: 
    insert 
    into
        member_drug_stocks
        (drug_id, quantity, user_id) 
    values
        (?, ?, ?)
2024-06-07T23:34:59.813+03:00 DEBUG 22132 --- [           main] org.hibernate.SQL                        : 
    insert 
    into
        member_drug_stocks
        (drug_id, quantity, user_id) 
    values
        (?, ?, ?)
Hibernate: 
    insert 
    into
        member_drug_stocks
        (drug_id, quantity, user_id) 
    values
        (?, ?, ?)
2024-06-07T23:34:59.818+03:00 DEBUG 22132 --- [           main] org.hibernate.SQL                        : 
    insert 
    into
        member_drug_stocks
        (drug_id, quantity, user_id) 
    values
        (?, ?, ?)
Hibernate: 
    insert 
    into
        member_drug_stocks
        (drug_id, quantity, user_id) 
    values
        (?, ?, ?)
2024-06-07T23:34:59.823+03:00 DEBUG 22132 --- [           main] org.hibernate.SQL                        : 
    insert 
    into
        member_drug_stocks
        (drug_id, quantity, user_id) 
    values
        (?, ?, ?)
Hibernate: 
    insert 
    into
        member_drug_stocks
        (drug_id, quantity, user_id) 
    values
        (?, ?, ?)
2024-06-07T23:34:59.829+03:00 DEBUG 22132 --- [           main] org.hibernate.SQL                        : 
    insert 
    into
        member_drug_stocks
        (drug_id, quantity, user_id) 
    values
        (?, ?, ?)
Hibernate: 
    insert 
    into
        member_drug_stocks
        (drug_id, quantity, user_id) 
    values
        (?, ?, ?)
2024-06-07T23:34:59.833+03:00 DEBUG 22132 --- [           main] org.hibernate.SQL                        : 
    insert 
    into
        member_drug_stocks
        (drug_id, quantity, user_id) 
    values
        (?, ?, ?)
Hibernate: 
    insert 
    into
        member_drug_stocks
        (drug_id, quantity, user_id) 
    values
        (?, ?, ?)
2024-06-07T23:34:59.838+03:00 DEBUG 22132 --- [           main] org.hibernate.SQL                        : 
    insert 
    into
        member_drug_stocks
        (drug_id, quantity, user_id) 
    values
        (?, ?, ?)
Hibernate: 
    insert 
    into
        member_drug_stocks
        (drug_id, quantity, user_id) 
    values
        (?, ?, ?)
2024-06-07T23:34:59.845+03:00 DEBUG 22132 --- [           main] org.hibernate.SQL                        : 
    insert 
    into
        member_drug_stocks
        (drug_id, quantity, user_id) 
    values
        (?, ?, ?)
Hibernate: 
    insert 
    into
        member_drug_stocks
        (drug_id, quantity, user_id) 
    values
        (?, ?, ?)
2024-06-07T23:34:59.851+03:00 DEBUG 22132 --- [           main] org.hibernate.SQL                        : 
    insert 
    into
        member_drug_stocks
        (drug_id, quantity, user_id) 
    values
        (?, ?, ?)
Hibernate: 
    insert 
    into
        member_drug_stocks
        (drug_id, quantity, user_id) 
    values
        (?, ?, ?)
2024-06-07T23:34:59.856+03:00 DEBUG 22132 --- [           main] org.hibernate.SQL                        : 
    insert 
    into
        member_drug_stocks
        (drug_id, quantity, user_id) 
    values
        (?, ?, ?)
Hibernate: 
    insert 
    into
        member_drug_stocks
        (drug_id, quantity, user_id) 
    values
        (?, ?, ?)
2024-06-07T23:34:59.863+03:00 DEBUG 22132 --- [           main] org.hibernate.SQL                        : 
    insert 
    into
        member_drug_stocks
        (drug_id, quantity, user_id) 
    values
        (?, ?, ?)
Hibernate: 
    insert 
    into
        member_drug_stocks
        (drug_id, quantity, user_id) 
    values
        (?, ?, ?)
2024-06-07T23:34:59.871+03:00 DEBUG 22132 --- [           main] org.hibernate.SQL                        : 
    insert 
    into
        member_drug_stocks
        (drug_id, quantity, user_id) 
    values
        (?, ?, ?)
Hibernate: 
    insert 
    into
        member_drug_stocks
        (drug_id, quantity, user_id) 
    values
        (?, ?, ?)
2024-06-07T23:34:59.878+03:00 DEBUG 22132 --- [           main] org.hibernate.SQL                        : 
    insert 
    into
        member_drug_stocks
        (drug_id, quantity, user_id) 
    values
        (?, ?, ?)
Hibernate: 
    insert 
    into
        member_drug_stocks
        (drug_id, quantity, user_id) 
    values
        (?, ?, ?)
2024-06-07T23:34:59.886+03:00 DEBUG 22132 --- [           main] org.hibernate.SQL                        : 
    insert 
    into
        member_drug_stocks
        (drug_id, quantity, user_id) 
    values
        (?, ?, ?)
Hibernate: 
    insert 
    into
        member_drug_stocks
        (drug_id, quantity, user_id) 
    values
        (?, ?, ?)
2024-06-07T23:34:59.892+03:00 DEBUG 22132 --- [           main] org.hibernate.SQL                        : 
    insert 
    into
        member_drug_stocks
        (drug_id, quantity, user_id) 
    values
        (?, ?, ?)
Hibernate: 
    insert 
    into
        member_drug_stocks
        (drug_id, quantity, user_id) 
    values
        (?, ?, ?)
2024-06-07T23:34:59.899+03:00 DEBUG 22132 --- [           main] org.hibernate.SQL                        : 
    insert 
    into
        member_drug_stocks
        (drug_id, quantity, user_id) 
    values
        (?, ?, ?)
Hibernate: 
    insert 
    into
        member_drug_stocks
        (drug_id, quantity, user_id) 
    values
        (?, ?, ?)
2024-06-07T23:34:59.905+03:00 DEBUG 22132 --- [           main] org.hibernate.SQL                        : 
    insert 
    into
        member_drug_stocks
        (drug_id, quantity, user_id) 
    values
        (?, ?, ?)
Hibernate: 
    insert 
    into
        member_drug_stocks
        (drug_id, quantity, user_id) 
    values
        (?, ?, ?)
2024-06-07T23:34:59.911+03:00 DEBUG 22132 --- [           main] org.hibernate.SQL                        : 
    insert 
    into
        member_drug_stocks
        (drug_id, quantity, user_id) 
    values
        (?, ?, ?)
Hibernate: 
    insert 
    into
        member_drug_stocks
        (drug_id, quantity, user_id) 
    values
        (?, ?, ?)
2024-06-07T23:34:59.916+03:00 DEBUG 22132 --- [           main] org.hibernate.SQL                        : 
    insert 
    into
        member_drug_stocks
        (drug_id, quantity, user_id) 
    values
        (?, ?, ?)
Hibernate: 
    insert 
    into
        member_drug_stocks
        (drug_id, quantity, user_id) 
    values
        (?, ?, ?)
2024-06-07T23:34:59.921+03:00 DEBUG 22132 --- [           main] org.hibernate.SQL                        : 
    insert 
    into
        member_drug_stocks
        (drug_id, quantity, user_id) 
    values
        (?, ?, ?)
Hibernate: 
    insert 
    into
        member_drug_stocks
        (drug_id, quantity, user_id) 
    values
        (?, ?, ?)
2024-06-07T23:34:59.929+03:00 DEBUG 22132 --- [           main] org.hibernate.SQL                        : 
    insert 
    into
        member_drug_stocks
        (drug_id, quantity, user_id) 
    values
        (?, ?, ?)
Hibernate: 
    insert 
    into
        member_drug_stocks
        (drug_id, quantity, user_id) 
    values
        (?, ?, ?)
2024-06-07T23:34:59.935+03:00 DEBUG 22132 --- [           main] org.hibernate.SQL                        : 
    insert 
    into
        member_drug_stocks
        (drug_id, quantity, user_id) 
    values
        (?, ?, ?)
Hibernate: 
    insert 
    into
        member_drug_stocks
        (drug_id, quantity, user_id) 
    values
        (?, ?, ?)
2024-06-07T23:34:59.941+03:00 DEBUG 22132 --- [           main] org.hibernate.SQL                        : 
    insert 
    into
        member_drug_stocks
        (drug_id, quantity, user_id) 
    values
        (?, ?, ?)
Hibernate: 
    insert 
    into
        member_drug_stocks
        (drug_id, quantity, user_id) 
    values
        (?, ?, ?)
2024-06-07T23:34:59.947+03:00 DEBUG 22132 --- [           main] org.hibernate.SQL                        : 
    insert 
    into
        member_drug_stocks
        (drug_id, quantity, user_id) 
    values
        (?, ?, ?)
Hibernate: 
    insert 
    into
        member_drug_stocks
        (drug_id, quantity, user_id) 
    values
        (?, ?, ?)
2024-06-07T23:34:59.953+03:00 DEBUG 22132 --- [           main] org.hibernate.SQL                        : 
    insert 
    into
        member_drug_stocks
        (drug_id, quantity, user_id) 
    values
        (?, ?, ?)
Hibernate: 
    insert 
    into
        member_drug_stocks
        (drug_id, quantity, user_id) 
    values
        (?, ?, ?)
2024-06-07T23:34:59.959+03:00 DEBUG 22132 --- [           main] org.hibernate.SQL                        : 
    insert 
    into
        member_drug_stocks
        (drug_id, quantity, user_id) 
    values
        (?, ?, ?)
Hibernate: 
    insert 
    into
        member_drug_stocks
        (drug_id, quantity, user_id) 
    values
        (?, ?, ?)
2024-06-07T23:34:59.965+03:00 DEBUG 22132 --- [           main] org.hibernate.SQL                        : 
    insert 
    into
        member_drug_stocks
        (drug_id, quantity, user_id) 
    values
        (?, ?, ?)
Hibernate: 
    insert 
    into
        member_drug_stocks
        (drug_id, quantity, user_id) 
    values
        (?, ?, ?)
2024-06-07T23:34:59.971+03:00 DEBUG 22132 --- [           main] org.hibernate.SQL                        : 
    insert 
    into
        member_drug_stocks
        (drug_id, quantity, user_id) 
    values
        (?, ?, ?)
Hibernate: 
    insert 
    into
        member_drug_stocks
        (drug_id, quantity, user_id) 
    values
        (?, ?, ?)
2024-06-07T23:34:59.976+03:00 DEBUG 22132 --- [           main] org.hibernate.SQL                        : 
    insert 
    into
        member_drug_stocks
        (drug_id, quantity, user_id) 
    values
        (?, ?, ?)
Hibernate: 
    insert 
    into
        member_drug_stocks
        (drug_id, quantity, user_id) 
    values
        (?, ?, ?)
2024-06-07T23:34:59.981+03:00 DEBUG 22132 --- [           main] org.hibernate.SQL                        : 
    insert 
    into
        member_drug_stocks
        (drug_id, quantity, user_id) 
    values
        (?, ?, ?)
Hibernate: 
    insert 
    into
        member_drug_stocks
        (drug_id, quantity, user_id) 
    values
        (?, ?, ?)
2024-06-07T23:34:59.986+03:00 DEBUG 22132 --- [           main] org.hibernate.SQL                        : 
    insert 
    into
        member_drug_stocks
        (drug_id, quantity, user_id) 
    values
        (?, ?, ?)
Hibernate: 
    insert 
    into
        member_drug_stocks
        (drug_id, quantity, user_id) 
    values
        (?, ?, ?)
2024-06-07T23:34:59.991+03:00 DEBUG 22132 --- [           main] org.hibernate.SQL                        : 
    insert 
    into
        member_drug_stocks
        (drug_id, quantity, user_id) 
    values
        (?, ?, ?)
Hibernate: 
    insert 
    into
        member_drug_stocks
        (drug_id, quantity, user_id) 
    values
        (?, ?, ?)
2024-06-07T23:34:59.997+03:00 DEBUG 22132 --- [           main] org.hibernate.SQL                        : 
    insert 
    into
        member_drug_stocks
        (drug_id, quantity, user_id) 
    values
        (?, ?, ?)
Hibernate: 
    insert 
    into
        member_drug_stocks
        (drug_id, quantity, user_id) 
    values
        (?, ?, ?)
2024-06-07T23:35:00.003+03:00 DEBUG 22132 --- [           main] org.hibernate.SQL                        : 
    insert 
    into
        member_drug_stocks
        (drug_id, quantity, user_id) 
    values
        (?, ?, ?)
Hibernate: 
    insert 
    into
        member_drug_stocks
        (drug_id, quantity, user_id) 
    values
        (?, ?, ?)
2024-06-07T23:35:00.010+03:00 DEBUG 22132 --- [           main] org.hibernate.SQL                        : 
    insert 
    into
        member_drug_stocks
        (drug_id, quantity, user_id) 
    values
        (?, ?, ?)
Hibernate: 
    insert 
    into
        member_drug_stocks
        (drug_id, quantity, user_id) 
    values
        (?, ?, ?)
2024-06-07T23:35:00.018+03:00 DEBUG 22132 --- [           main] org.hibernate.SQL                        : 
    insert 
    into
        member_drug_stocks
        (drug_id, quantity, user_id) 
    values
        (?, ?, ?)
Hibernate: 
    insert 
    into
        member_drug_stocks
        (drug_id, quantity, user_id) 
    values
        (?, ?, ?)
2024-06-07T23:35:00.023+03:00 DEBUG 22132 --- [           main] org.hibernate.SQL                        : 
    insert 
    into
        member_drug_stocks
        (drug_id, quantity, user_id) 
    values
        (?, ?, ?)
Hibernate: 
    insert 
    into
        member_drug_stocks
        (drug_id, quantity, user_id) 
    values
        (?, ?, ?)
2024-06-07T23:35:00.030+03:00 DEBUG 22132 --- [           main] org.hibernate.SQL                        : 
    insert 
    into
        member_drug_stocks
        (drug_id, quantity, user_id) 
    values
        (?, ?, ?)
Hibernate: 
    insert 
    into
        member_drug_stocks
        (drug_id, quantity, user_id) 
    values
        (?, ?, ?)
2024-06-07T23:35:00.035+03:00 DEBUG 22132 --- [           main] org.hibernate.SQL                        : 
    insert 
    into
        member_drug_stocks
        (drug_id, quantity, user_id) 
    values
        (?, ?, ?)
Hibernate: 
    insert 
    into
        member_drug_stocks
        (drug_id, quantity, user_id) 
    values
        (?, ?, ?)
2024-06-07T23:35:00.041+03:00 DEBUG 22132 --- [           main] org.hibernate.SQL                        : 
    insert 
    into
        member_drug_stocks
        (drug_id, quantity, user_id) 
    values
        (?, ?, ?)
Hibernate: 
    insert 
    into
        member_drug_stocks
        (drug_id, quantity, user_id) 
    values
        (?, ?, ?)
2024-06-07T23:35:00.047+03:00 DEBUG 22132 --- [           main] org.hibernate.SQL                        : 
    insert 
    into
        member_drug_stocks
        (drug_id, quantity, user_id) 
    values
        (?, ?, ?)
Hibernate: 
    insert 
    into
        member_drug_stocks
        (drug_id, quantity, user_id) 
    values
        (?, ?, ?)
2024-06-07T23:35:00.055+03:00 DEBUG 22132 --- [           main] org.hibernate.SQL                        : 
    insert 
    into
        member_drug_stocks
        (drug_id, quantity, user_id) 
    values
        (?, ?, ?)
Hibernate: 
    insert 
    into
        member_drug_stocks
        (drug_id, quantity, user_id) 
    values
        (?, ?, ?)
2024-06-07T23:35:00.064+03:00 DEBUG 22132 --- [           main] org.hibernate.SQL                        : 
    insert 
    into
        member_drug_stocks
        (drug_id, quantity, user_id) 
    values
        (?, ?, ?)
Hibernate: 
    insert 
    into
        member_drug_stocks
        (drug_id, quantity, user_id) 
    values
        (?, ?, ?)
2024-06-07T23:35:00.069+03:00 DEBUG 22132 --- [           main] org.hibernate.SQL                        : 
    insert 
    into
        member_drug_stocks
        (drug_id, quantity, user_id) 
    values
        (?, ?, ?)
Hibernate: 
    insert 
    into
        member_drug_stocks
        (drug_id, quantity, user_id) 
    values
        (?, ?, ?)
2024-06-07T23:35:00.074+03:00 DEBUG 22132 --- [           main] org.hibernate.SQL                        : 
    insert 
    into
        member_drug_stocks
        (drug_id, quantity, user_id) 
    values
        (?, ?, ?)
Hibernate: 
    insert 
    into
        member_drug_stocks
        (drug_id, quantity, user_id) 
    values
        (?, ?, ?)
2024-06-07T23:35:00.082+03:00 DEBUG 22132 --- [           main] org.hibernate.SQL                        : 
    insert 
    into
        member_drug_stocks
        (drug_id, quantity, user_id) 
    values
        (?, ?, ?)
Hibernate: 
    insert 
    into
        member_drug_stocks
        (drug_id, quantity, user_id) 
    values
        (?, ?, ?)
2024-06-07T23:35:00.087+03:00 DEBUG 22132 --- [           main] org.hibernate.SQL                        : 
    insert 
    into
        member_drug_stocks
        (drug_id, quantity, user_id) 
    values
        (?, ?, ?)
Hibernate: 
    insert 
    into
        member_drug_stocks
        (drug_id, quantity, user_id) 
    values
        (?, ?, ?)
2024-06-07T23:35:00.096+03:00 DEBUG 22132 --- [           main] org.hibernate.SQL                        : 
    insert 
    into
        member_drug_stocks
        (drug_id, quantity, user_id) 
    values
        (?, ?, ?)
Hibernate: 
    insert 
    into
        member_drug_stocks
        (drug_id, quantity, user_id) 
    values
        (?, ?, ?)
2024-06-07T23:35:00.102+03:00 DEBUG 22132 --- [           main] org.hibernate.SQL                        : 
    insert 
    into
        member_drug_stocks
        (drug_id, quantity, user_id) 
    values
        (?, ?, ?)
Hibernate: 
    insert 
    into
        member_drug_stocks
        (drug_id, quantity, user_id) 
    values
        (?, ?, ?)
2024-06-07T23:35:00.109+03:00 DEBUG 22132 --- [           main] org.hibernate.SQL                        : 
    insert 
    into
        member_drug_stocks
        (drug_id, quantity, user_id) 
    values
        (?, ?, ?)
Hibernate: 
    insert 
    into
        member_drug_stocks
        (drug_id, quantity, user_id) 
    values
        (?, ?, ?)
2024-06-07T23:35:00.115+03:00 DEBUG 22132 --- [           main] org.hibernate.SQL                        : 
    insert 
    into
        member_drug_stocks
        (drug_id, quantity, user_id) 
    values
        (?, ?, ?)
Hibernate: 
    insert 
    into
        member_drug_stocks
        (drug_id, quantity, user_id) 
    values
        (?, ?, ?)
2024-06-07T23:35:00.122+03:00 DEBUG 22132 --- [           main] org.hibernate.SQL                        : 
    insert 
    into
        member_drug_stocks
        (drug_id, quantity, user_id) 
    values
        (?, ?, ?)
Hibernate: 
    insert 
    into
        member_drug_stocks
        (drug_id, quantity, user_id) 
    values
        (?, ?, ?)
2024-06-07T23:35:00.129+03:00 DEBUG 22132 --- [           main] org.hibernate.SQL                        : 
    insert 
    into
        member_drug_stocks
        (drug_id, quantity, user_id) 
    values
        (?, ?, ?)
Hibernate: 
    insert 
    into
        member_drug_stocks
        (drug_id, quantity, user_id) 
    values
        (?, ?, ?)
2024-06-07T23:35:00.135+03:00 DEBUG 22132 --- [           main] org.hibernate.SQL                        : 
    insert 
    into
        member_drug_stocks
        (drug_id, quantity, user_id) 
    values
        (?, ?, ?)
Hibernate: 
    insert 
    into
        member_drug_stocks
        (drug_id, quantity, user_id) 
    values
        (?, ?, ?)
2024-06-07T23:35:00.143+03:00 DEBUG 22132 --- [           main] org.hibernate.SQL                        : 
    insert 
    into
        member_drug_stocks
        (drug_id, quantity, user_id) 
    values
        (?, ?, ?)
Hibernate: 
    insert 
    into
        member_drug_stocks
        (drug_id, quantity, user_id) 
    values
        (?, ?, ?)
2024-06-07T23:35:00.148+03:00 DEBUG 22132 --- [           main] org.hibernate.SQL                        : 
    insert 
    into
        member_drug_stocks
        (drug_id, quantity, user_id) 
    values
        (?, ?, ?)
Hibernate: 
    insert 
    into
        member_drug_stocks
        (drug_id, quantity, user_id) 
    values
        (?, ?, ?)
2024-06-07T23:35:00.153+03:00 DEBUG 22132 --- [           main] org.hibernate.SQL                        : 
    insert 
    into
        member_drug_stocks
        (drug_id, quantity, user_id) 
    values
        (?, ?, ?)
Hibernate: 
    insert 
    into
        member_drug_stocks
        (drug_id, quantity, user_id) 
    values
        (?, ?, ?)
2024-06-07T23:35:00.156+03:00 DEBUG 22132 --- [           main] org.hibernate.SQL                        : 
    insert 
    into
        member_drug_stocks
        (drug_id, quantity, user_id) 
    values
        (?, ?, ?)
Hibernate: 
    insert 
    into
        member_drug_stocks
        (drug_id, quantity, user_id) 
    values
        (?, ?, ?)
2024-06-07T23:35:00.164+03:00 DEBUG 22132 --- [           main] org.hibernate.SQL                        : 
    insert 
    into
        member_drug_stocks
        (drug_id, quantity, user_id) 
    values
        (?, ?, ?)
Hibernate: 
    insert 
    into
        member_drug_stocks
        (drug_id, quantity, user_id) 
    values
        (?, ?, ?)
2024-06-07T23:35:00.170+03:00 DEBUG 22132 --- [           main] org.hibernate.SQL                        : 
    insert 
    into
        member_drug_stocks
        (drug_id, quantity, user_id) 
    values
        (?, ?, ?)
Hibernate: 
    insert 
    into
        member_drug_stocks
        (drug_id, quantity, user_id) 
    values
        (?, ?, ?)
2024-06-07T23:35:00.175+03:00 DEBUG 22132 --- [           main] org.hibernate.SQL                        : 
    insert 
    into
        member_drug_stocks
        (drug_id, quantity, user_id) 
    values
        (?, ?, ?)
Hibernate: 
    insert 
    into
        member_drug_stocks
        (drug_id, quantity, user_id) 
    values
        (?, ?, ?)
2024-06-07T23:35:00.181+03:00 DEBUG 22132 --- [           main] org.hibernate.SQL                        : 
    insert 
    into
        member_drug_stocks
        (drug_id, quantity, user_id) 
    values
        (?, ?, ?)
Hibernate: 
    insert 
    into
        member_drug_stocks
        (drug_id, quantity, user_id) 
    values
        (?, ?, ?)
2024-06-07T23:35:00.184+03:00 DEBUG 22132 --- [           main] org.hibernate.SQL                        : 
    insert 
    into
        member_drug_stocks
        (drug_id, quantity, user_id) 
    values
        (?, ?, ?)
Hibernate: 
    insert 
    into
        member_drug_stocks
        (drug_id, quantity, user_id) 
    values
        (?, ?, ?)
2024-06-07T23:35:00.189+03:00 DEBUG 22132 --- [           main] org.hibernate.SQL                        : 
    insert 
    into
        member_drug_stocks
        (drug_id, quantity, user_id) 
    values
        (?, ?, ?)
Hibernate: 
    insert 
    into
        member_drug_stocks
        (drug_id, quantity, user_id) 
    values
        (?, ?, ?)
2024-06-07T23:35:00.193+03:00 DEBUG 22132 --- [           main] org.hibernate.SQL                        : 
    insert 
    into
        member_drug_stocks
        (drug_id, quantity, user_id) 
    values
        (?, ?, ?)
Hibernate: 
    insert 
    into
        member_drug_stocks
        (drug_id, quantity, user_id) 
    values
        (?, ?, ?)
2024-06-07T23:35:00.196+03:00 DEBUG 22132 --- [           main] org.hibernate.SQL                        : 
    insert 
    into
        member_drug_stocks
        (drug_id, quantity, user_id) 
    values
        (?, ?, ?)
Hibernate: 
    insert 
    into
        member_drug_stocks
        (drug_id, quantity, user_id) 
    values
        (?, ?, ?)
2024-06-07T23:35:00.200+03:00 DEBUG 22132 --- [           main] org.hibernate.SQL                        : 
    insert 
    into
        member_drug_stocks
        (drug_id, quantity, user_id) 
    values
        (?, ?, ?)
Hibernate: 
    insert 
    into
        member_drug_stocks
        (drug_id, quantity, user_id) 
    values
        (?, ?, ?)
2024-06-07T23:35:00.204+03:00 DEBUG 22132 --- [           main] org.hibernate.SQL                        : 
    insert 
    into
        member_drug_stocks
        (drug_id, quantity, user_id) 
    values
        (?, ?, ?)
Hibernate: 
    insert 
    into
        member_drug_stocks
        (drug_id, quantity, user_id) 
    values
        (?, ?, ?)
2024-06-07T23:35:00.208+03:00 DEBUG 22132 --- [           main] org.hibernate.SQL                        : 
    insert 
    into
        member_drug_stocks
        (drug_id, quantity, user_id) 
    values
        (?, ?, ?)
Hibernate: 
    insert 
    into
        member_drug_stocks
        (drug_id, quantity, user_id) 
    values
        (?, ?, ?)
2024-06-07T23:35:00.212+03:00 DEBUG 22132 --- [           main] org.hibernate.SQL                        : 
    insert 
    into
        member_drug_stocks
        (drug_id, quantity, user_id) 
    values
        (?, ?, ?)
Hibernate: 
    insert 
    into
        member_drug_stocks
        (drug_id, quantity, user_id) 
    values
        (?, ?, ?)
2024-06-07T23:35:00.216+03:00 DEBUG 22132 --- [           main] org.hibernate.SQL                        : 
    insert 
    into
        member_drug_stocks
        (drug_id, quantity, user_id) 
    values
        (?, ?, ?)
Hibernate: 
    insert 
    into
        member_drug_stocks
        (drug_id, quantity, user_id) 
    values
        (?, ?, ?)
2024-06-07T23:35:00.219+03:00 DEBUG 22132 --- [           main] org.hibernate.SQL                        : 
    insert 
    into
        member_drug_stocks
        (drug_id, quantity, user_id) 
    values
        (?, ?, ?)
Hibernate: 
    insert 
    into
        member_drug_stocks
        (drug_id, quantity, user_id) 
    values
        (?, ?, ?)
2024-06-07T23:35:00.223+03:00 DEBUG 22132 --- [           main] org.hibernate.SQL                        : 
    insert 
    into
        member_drug_stocks
        (drug_id, quantity, user_id) 
    values
        (?, ?, ?)
Hibernate: 
    insert 
    into
        member_drug_stocks
        (drug_id, quantity, user_id) 
    values
        (?, ?, ?)
2024-06-07T23:35:00.228+03:00 DEBUG 22132 --- [           main] org.hibernate.SQL                        : 
    insert 
    into
        member_drug_stocks
        (drug_id, quantity, user_id) 
    values
        (?, ?, ?)
Hibernate: 
    insert 
    into
        member_drug_stocks
        (drug_id, quantity, user_id) 
    values
        (?, ?, ?)
2024-06-07T23:35:00.232+03:00 DEBUG 22132 --- [           main] org.hibernate.SQL                        : 
    insert 
    into
        member_drug_stocks
        (drug_id, quantity, user_id) 
    values
        (?, ?, ?)
Hibernate: 
    insert 
    into
        member_drug_stocks
        (drug_id, quantity, user_id) 
    values
        (?, ?, ?)
2024-06-07T23:35:00.235+03:00 DEBUG 22132 --- [           main] org.hibernate.SQL                        : 
    insert 
    into
        member_drug_stocks
        (drug_id, quantity, user_id) 
    values
        (?, ?, ?)
Hibernate: 
    insert 
    into
        member_drug_stocks
        (drug_id, quantity, user_id) 
    values
        (?, ?, ?)
2024-06-07T23:35:00.238+03:00 DEBUG 22132 --- [           main] org.hibernate.SQL                        : 
    insert 
    into
        member_drug_stocks
        (drug_id, quantity, user_id) 
    values
        (?, ?, ?)
Hibernate: 
    insert 
    into
        member_drug_stocks
        (drug_id, quantity, user_id) 
    values
        (?, ?, ?)
2024-06-07T23:35:00.241+03:00 DEBUG 22132 --- [           main] org.hibernate.SQL                        : 
    insert 
    into
        member_drug_stocks
        (drug_id, quantity, user_id) 
    values
        (?, ?, ?)
Hibernate: 
    insert 
    into
        member_drug_stocks
        (drug_id, quantity, user_id) 
    values
        (?, ?, ?)
2024-06-07T23:35:00.247+03:00 DEBUG 22132 --- [           main] org.hibernate.SQL                        : 
    insert 
    into
        member_drug_stocks
        (drug_id, quantity, user_id) 
    values
        (?, ?, ?)
Hibernate: 
    insert 
    into
        member_drug_stocks
        (drug_id, quantity, user_id) 
    values
        (?, ?, ?)
2024-06-07T23:35:00.252+03:00 DEBUG 22132 --- [           main] org.hibernate.SQL                        : 
    insert 
    into
        member_drug_stocks
        (drug_id, quantity, user_id) 
    values
        (?, ?, ?)
Hibernate: 
    insert 
    into
        member_drug_stocks
        (drug_id, quantity, user_id) 
    values
        (?, ?, ?)
2024-06-07T23:35:00.255+03:00 DEBUG 22132 --- [           main] org.hibernate.SQL                        : 
    insert 
    into
        member_drug_stocks
        (drug_id, quantity, user_id) 
    values
        (?, ?, ?)
Hibernate: 
    insert 
    into
        member_drug_stocks
        (drug_id, quantity, user_id) 
    values
        (?, ?, ?)
2024-06-07T23:35:00.258+03:00 DEBUG 22132 --- [           main] org.hibernate.SQL                        : 
    insert 
    into
        member_drug_stocks
        (drug_id, quantity, user_id) 
    values
        (?, ?, ?)
Hibernate: 
    insert 
    into
        member_drug_stocks
        (drug_id, quantity, user_id) 
    values
        (?, ?, ?)
2024-06-07T23:35:00.263+03:00 DEBUG 22132 --- [           main] org.hibernate.SQL                        : 
    insert 
    into
        member_drug_stocks
        (drug_id, quantity, user_id) 
    values
        (?, ?, ?)
Hibernate: 
    insert 
    into
        member_drug_stocks
        (drug_id, quantity, user_id) 
    values
        (?, ?, ?)
2024-06-07T23:35:00.268+03:00 DEBUG 22132 --- [           main] org.hibernate.SQL                        : 
    insert 
    into
        member_drug_stocks
        (drug_id, quantity, user_id) 
    values
        (?, ?, ?)
Hibernate: 
    insert 
    into
        member_drug_stocks
        (drug_id, quantity, user_id) 
    values
        (?, ?, ?)
2024-06-07T23:35:00.272+03:00 DEBUG 22132 --- [           main] org.hibernate.SQL                        : 
    insert 
    into
        member_drug_stocks
        (drug_id, quantity, user_id) 
    values
        (?, ?, ?)
Hibernate: 
    insert 
    into
        member_drug_stocks
        (drug_id, quantity, user_id) 
    values
        (?, ?, ?)
2024-06-07T23:35:00.275+03:00 DEBUG 22132 --- [           main] org.hibernate.SQL                        : 
    insert 
    into
        member_drug_stocks
        (drug_id, quantity, user_id) 
    values
        (?, ?, ?)
Hibernate: 
    insert 
    into
        member_drug_stocks
        (drug_id, quantity, user_id) 
    values
        (?, ?, ?)
2024-06-07T23:35:00.280+03:00 DEBUG 22132 --- [           main] org.hibernate.SQL                        : 
    insert 
    into
        member_drug_stocks
        (drug_id, quantity, user_id) 
    values
        (?, ?, ?)
Hibernate: 
    insert 
    into
        member_drug_stocks
        (drug_id, quantity, user_id) 
    values
        (?, ?, ?)
2024-06-07T23:35:00.284+03:00 DEBUG 22132 --- [           main] org.hibernate.SQL                        : 
    insert 
    into
        member_drug_stocks
        (drug_id, quantity, user_id) 
    values
        (?, ?, ?)
Hibernate: 
    insert 
    into
        member_drug_stocks
        (drug_id, quantity, user_id) 
    values
        (?, ?, ?)
2024-06-07T23:35:00.288+03:00 DEBUG 22132 --- [           main] org.hibernate.SQL                        : 
    insert 
    into
        member_drug_stocks
        (drug_id, quantity, user_id) 
    values
        (?, ?, ?)
Hibernate: 
    insert 
    into
        member_drug_stocks
        (drug_id, quantity, user_id) 
    values
        (?, ?, ?)
2024-06-07T23:35:00.293+03:00 DEBUG 22132 --- [           main] org.hibernate.SQL                        : 
    insert 
    into
        member_drug_stocks
        (drug_id, quantity, user_id) 
    values
        (?, ?, ?)
Hibernate: 
    insert 
    into
        member_drug_stocks
        (drug_id, quantity, user_id) 
    values
        (?, ?, ?)
2024-06-07T23:35:00.298+03:00 DEBUG 22132 --- [           main] org.hibernate.SQL                        : 
    insert 
    into
        member_drug_stocks
        (drug_id, quantity, user_id) 
    values
        (?, ?, ?)
Hibernate: 
    insert 
    into
        member_drug_stocks
        (drug_id, quantity, user_id) 
    values
        (?, ?, ?)
2024-06-07T23:35:00.301+03:00 DEBUG 22132 --- [           main] org.hibernate.SQL                        : 
    insert 
    into
        member_drug_stocks
        (drug_id, quantity, user_id) 
    values
        (?, ?, ?)
Hibernate: 
    insert 
    into
        member_drug_stocks
        (drug_id, quantity, user_id) 
    values
        (?, ?, ?)
2024-06-07T23:35:00.303+03:00 DEBUG 22132 --- [           main] org.hibernate.SQL                        : 
    insert 
    into
        member_drug_stocks
        (drug_id, quantity, user_id) 
    values
        (?, ?, ?)
Hibernate: 
    insert 
    into
        member_drug_stocks
        (drug_id, quantity, user_id) 
    values
        (?, ?, ?)
2024-06-07T23:35:00.308+03:00 DEBUG 22132 --- [           main] org.hibernate.SQL                        : 
    insert 
    into
        member_drug_stocks
        (drug_id, quantity, user_id) 
    values
        (?, ?, ?)
Hibernate: 
    insert 
    into
        member_drug_stocks
        (drug_id, quantity, user_id) 
    values
        (?, ?, ?)
2024-06-07T23:35:00.313+03:00 DEBUG 22132 --- [           main] org.hibernate.SQL                        : 
    insert 
    into
        member_drug_stocks
        (drug_id, quantity, user_id) 
    values
        (?, ?, ?)
Hibernate: 
    insert 
    into
        member_drug_stocks
        (drug_id, quantity, user_id) 
    values
        (?, ?, ?)
2024-06-07T23:35:00.316+03:00 DEBUG 22132 --- [           main] org.hibernate.SQL                        : 
    insert 
    into
        member_drug_stocks
        (drug_id, quantity, user_id) 
    values
        (?, ?, ?)
Hibernate: 
    insert 
    into
        member_drug_stocks
        (drug_id, quantity, user_id) 
    values
        (?, ?, ?)
2024-06-07T23:35:00.320+03:00 DEBUG 22132 --- [           main] org.hibernate.SQL                        : 
    insert 
    into
        member_drug_stocks
        (drug_id, quantity, user_id) 
    values
        (?, ?, ?)
Hibernate: 
    insert 
    into
        member_drug_stocks
        (drug_id, quantity, user_id) 
    values
        (?, ?, ?)
2024-06-07T23:35:00.323+03:00 DEBUG 22132 --- [           main] org.hibernate.SQL                        : 
    insert 
    into
        member_drug_stocks
        (drug_id, quantity, user_id) 
    values
        (?, ?, ?)
Hibernate: 
    insert 
    into
        member_drug_stocks
        (drug_id, quantity, user_id) 
    values
        (?, ?, ?)
2024-06-07T23:35:00.328+03:00 DEBUG 22132 --- [           main] org.hibernate.SQL                        : 
    insert 
    into
        member_drug_stocks
        (drug_id, quantity, user_id) 
    values
        (?, ?, ?)
Hibernate: 
    insert 
    into
        member_drug_stocks
        (drug_id, quantity, user_id) 
    values
        (?, ?, ?)
2024-06-07T23:35:00.333+03:00 DEBUG 22132 --- [           main] org.hibernate.SQL                        : 
    insert 
    into
        member_drug_stocks
        (drug_id, quantity, user_id) 
    values
        (?, ?, ?)
Hibernate: 
    insert 
    into
        member_drug_stocks
        (drug_id, quantity, user_id) 
    values
        (?, ?, ?)
2024-06-07T23:35:00.338+03:00 DEBUG 22132 --- [           main] org.hibernate.SQL                        : 
    insert 
    into
        member_drug_stocks
        (drug_id, quantity, user_id) 
    values
        (?, ?, ?)
Hibernate: 
    insert 
    into
        member_drug_stocks
        (drug_id, quantity, user_id) 
    values
        (?, ?, ?)
2024-06-07T23:35:00.341+03:00 DEBUG 22132 --- [           main] org.hibernate.SQL                        : 
    insert 
    into
        member_drug_stocks
        (drug_id, quantity, user_id) 
    values
        (?, ?, ?)
Hibernate: 
    insert 
    into
        member_drug_stocks
        (drug_id, quantity, user_id) 
    values
        (?, ?, ?)
2024-06-07T23:35:00.345+03:00 DEBUG 22132 --- [           main] org.hibernate.SQL                        : 
    insert 
    into
        member_drug_stocks
        (drug_id, quantity, user_id) 
    values
        (?, ?, ?)
Hibernate: 
    insert 
    into
        member_drug_stocks
        (drug_id, quantity, user_id) 
    values
        (?, ?, ?)
2024-06-07T23:35:00.350+03:00 DEBUG 22132 --- [           main] org.hibernate.SQL                        : 
    insert 
    into
        member_drug_stocks
        (drug_id, quantity, user_id) 
    values
        (?, ?, ?)
Hibernate: 
    insert 
    into
        member_drug_stocks
        (drug_id, quantity, user_id) 
    values
        (?, ?, ?)
2024-06-07T23:35:00.354+03:00 DEBUG 22132 --- [           main] org.hibernate.SQL                        : 
    insert 
    into
        member_drug_stocks
        (drug_id, quantity, user_id) 
    values
        (?, ?, ?)
Hibernate: 
    insert 
    into
        member_drug_stocks
        (drug_id, quantity, user_id) 
    values
        (?, ?, ?)
2024-06-07T23:35:00.358+03:00 DEBUG 22132 --- [           main] org.hibernate.SQL                        : 
    insert 
    into
        member_drug_stocks
        (drug_id, quantity, user_id) 
    values
        (?, ?, ?)
Hibernate: 
    insert 
    into
        member_drug_stocks
        (drug_id, quantity, user_id) 
    values
        (?, ?, ?)
2024-06-07T23:35:00.362+03:00 DEBUG 22132 --- [           main] org.hibernate.SQL                        : 
    insert 
    into
        member_drug_stocks
        (drug_id, quantity, user_id) 
    values
        (?, ?, ?)
Hibernate: 
    insert 
    into
        member_drug_stocks
        (drug_id, quantity, user_id) 
    values
        (?, ?, ?)
2024-06-07T23:35:00.367+03:00 DEBUG 22132 --- [           main] org.hibernate.SQL                        : 
    insert 
    into
        member_drug_stocks
        (drug_id, quantity, user_id) 
    values
        (?, ?, ?)
Hibernate: 
    insert 
    into
        member_drug_stocks
        (drug_id, quantity, user_id) 
    values
        (?, ?, ?)
2024-06-07T23:35:00.372+03:00 DEBUG 22132 --- [           main] org.hibernate.SQL                        : 
    insert 
    into
        member_drug_stocks
        (drug_id, quantity, user_id) 
    values
        (?, ?, ?)
Hibernate: 
    insert 
    into
        member_drug_stocks
        (drug_id, quantity, user_id) 
    values
        (?, ?, ?)
2024-06-07T23:35:00.376+03:00 DEBUG 22132 --- [           main] org.hibernate.SQL                        : 
    insert 
    into
        member_drug_stocks
        (drug_id, quantity, user_id) 
    values
        (?, ?, ?)
Hibernate: 
    insert 
    into
        member_drug_stocks
        (drug_id, quantity, user_id) 
    values
        (?, ?, ?)
2024-06-07T23:35:00.381+03:00 DEBUG 22132 --- [           main] org.hibernate.SQL                        : 
    insert 
    into
        member_drug_stocks
        (drug_id, quantity, user_id) 
    values
        (?, ?, ?)
Hibernate: 
    insert 
    into
        member_drug_stocks
        (drug_id, quantity, user_id) 
    values
        (?, ?, ?)
2024-06-07T23:35:00.385+03:00 DEBUG 22132 --- [           main] org.hibernate.SQL                        : 
    insert 
    into
        member_drug_stocks
        (drug_id, quantity, user_id) 
    values
        (?, ?, ?)
Hibernate: 
    insert 
    into
        member_drug_stocks
        (drug_id, quantity, user_id) 
    values
        (?, ?, ?)
2024-06-07T23:35:00.388+03:00 DEBUG 22132 --- [           main] org.hibernate.SQL                        : 
    insert 
    into
        member_drug_stocks
        (drug_id, quantity, user_id) 
    values
        (?, ?, ?)
Hibernate: 
    insert 
    into
        member_drug_stocks
        (drug_id, quantity, user_id) 
    values
        (?, ?, ?)
2024-06-07T23:35:00.393+03:00 DEBUG 22132 --- [           main] org.hibernate.SQL                        : 
    insert 
    into
        member_drug_stocks
        (drug_id, quantity, user_id) 
    values
        (?, ?, ?)
Hibernate: 
    insert 
    into
        member_drug_stocks
        (drug_id, quantity, user_id) 
    values
        (?, ?, ?)
2024-06-07T23:35:00.398+03:00 DEBUG 22132 --- [           main] org.hibernate.SQL                        : 
    insert 
    into
        member_drug_stocks
        (drug_id, quantity, user_id) 
    values
        (?, ?, ?)
Hibernate: 
    insert 
    into
        member_drug_stocks
        (drug_id, quantity, user_id) 
    values
        (?, ?, ?)
2024-06-07T23:35:00.404+03:00 DEBUG 22132 --- [           main] org.hibernate.SQL                        : 
    insert 
    into
        member_drug_stocks
        (drug_id, quantity, user_id) 
    values
        (?, ?, ?)
Hibernate: 
    insert 
    into
        member_drug_stocks
        (drug_id, quantity, user_id) 
    values
        (?, ?, ?)
2024-06-07T23:35:00.408+03:00 DEBUG 22132 --- [           main] org.hibernate.SQL                        : 
    insert 
    into
        member_drug_stocks
        (drug_id, quantity, user_id) 
    values
        (?, ?, ?)
Hibernate: 
    insert 
    into
        member_drug_stocks
        (drug_id, quantity, user_id) 
    values
        (?, ?, ?)
2024-06-07T23:35:00.412+03:00 DEBUG 22132 --- [           main] org.hibernate.SQL                        : 
    insert 
    into
        member_drug_stocks
        (drug_id, quantity, user_id) 
    values
        (?, ?, ?)
Hibernate: 
    insert 
    into
        member_drug_stocks
        (drug_id, quantity, user_id) 
    values
        (?, ?, ?)
2024-06-07T23:35:00.417+03:00 DEBUG 22132 --- [           main] org.hibernate.SQL                        : 
    insert 
    into
        member_drug_stocks
        (drug_id, quantity, user_id) 
    values
        (?, ?, ?)
Hibernate: 
    insert 
    into
        member_drug_stocks
        (drug_id, quantity, user_id) 
    values
        (?, ?, ?)
2024-06-07T23:35:00.421+03:00 DEBUG 22132 --- [           main] org.hibernate.SQL                        : 
    insert 
    into
        member_drug_stocks
        (drug_id, quantity, user_id) 
    values
        (?, ?, ?)
Hibernate: 
    insert 
    into
        member_drug_stocks
        (drug_id, quantity, user_id) 
    values
        (?, ?, ?)
2024-06-07T23:35:00.425+03:00 DEBUG 22132 --- [           main] org.hibernate.SQL                        : 
    insert 
    into
        member_drug_stocks
        (drug_id, quantity, user_id) 
    values
        (?, ?, ?)
Hibernate: 
    insert 
    into
        member_drug_stocks
        (drug_id, quantity, user_id) 
    values
        (?, ?, ?)
2024-06-07T23:35:00.428+03:00 DEBUG 22132 --- [           main] org.hibernate.SQL                        : 
    insert 
    into
        member_drug_stocks
        (drug_id, quantity, user_id) 
    values
        (?, ?, ?)
Hibernate: 
    insert 
    into
        member_drug_stocks
        (drug_id, quantity, user_id) 
    values
        (?, ?, ?)
2024-06-07T23:35:00.434+03:00 DEBUG 22132 --- [           main] org.hibernate.SQL                        : 
    insert 
    into
        member_drug_stocks
        (drug_id, quantity, user_id) 
    values
        (?, ?, ?)
Hibernate: 
    insert 
    into
        member_drug_stocks
        (drug_id, quantity, user_id) 
    values
        (?, ?, ?)
2024-06-07T23:35:00.438+03:00 DEBUG 22132 --- [           main] org.hibernate.SQL                        : 
    insert 
    into
        member_drug_stocks
        (drug_id, quantity, user_id) 
    values
        (?, ?, ?)
Hibernate: 
    insert 
    into
        member_drug_stocks
        (drug_id, quantity, user_id) 
    values
        (?, ?, ?)
2024-06-07T23:35:00.443+03:00 DEBUG 22132 --- [           main] org.hibernate.SQL                        : 
    insert 
    into
        member_drug_stocks
        (drug_id, quantity, user_id) 
    values
        (?, ?, ?)
Hibernate: 
    insert 
    into
        member_drug_stocks
        (drug_id, quantity, user_id) 
    values
        (?, ?, ?)
2024-06-07T23:35:00.448+03:00 DEBUG 22132 --- [           main] org.hibernate.SQL                        : 
    insert 
    into
        member_drug_stocks
        (drug_id, quantity, user_id) 
    values
        (?, ?, ?)
Hibernate: 
    insert 
    into
        member_drug_stocks
        (drug_id, quantity, user_id) 
    values
        (?, ?, ?)
2024-06-07T23:35:00.453+03:00 DEBUG 22132 --- [           main] org.hibernate.SQL                        : 
    insert 
    into
        member_drug_stocks
        (drug_id, quantity, user_id) 
    values
        (?, ?, ?)
Hibernate: 
    insert 
    into
        member_drug_stocks
        (drug_id, quantity, user_id) 
    values
        (?, ?, ?)
2024-06-07T23:35:00.457+03:00 DEBUG 22132 --- [           main] org.hibernate.SQL                        : 
    insert 
    into
        member_drug_stocks
        (drug_id, quantity, user_id) 
    values
        (?, ?, ?)
Hibernate: 
    insert 
    into
        member_drug_stocks
        (drug_id, quantity, user_id) 
    values
        (?, ?, ?)
2024-06-07T23:35:00.462+03:00 DEBUG 22132 --- [           main] org.hibernate.SQL                        : 
    insert 
    into
        member_drug_stocks
        (drug_id, quantity, user_id) 
    values
        (?, ?, ?)
Hibernate: 
    insert 
    into
        member_drug_stocks
        (drug_id, quantity, user_id) 
    values
        (?, ?, ?)
2024-06-07T23:35:00.466+03:00 DEBUG 22132 --- [           main] org.hibernate.SQL                        : 
    insert 
    into
        member_drug_stocks
        (drug_id, quantity, user_id) 
    values
        (?, ?, ?)
Hibernate: 
    insert 
    into
        member_drug_stocks
        (drug_id, quantity, user_id) 
    values
        (?, ?, ?)
2024-06-07T23:35:00.471+03:00 DEBUG 22132 --- [           main] org.hibernate.SQL                        : 
    insert 
    into
        member_drug_stocks
        (drug_id, quantity, user_id) 
    values
        (?, ?, ?)
Hibernate: 
    insert 
    into
        member_drug_stocks
        (drug_id, quantity, user_id) 
    values
        (?, ?, ?)
2024-06-07T23:35:00.476+03:00 DEBUG 22132 --- [           main] org.hibernate.SQL                        : 
    insert 
    into
        member_drug_stocks
        (drug_id, quantity, user_id) 
    values
        (?, ?, ?)
Hibernate: 
    insert 
    into
        member_drug_stocks
        (drug_id, quantity, user_id) 
    values
        (?, ?, ?)
2024-06-07T23:35:00.481+03:00 DEBUG 22132 --- [           main] org.hibernate.SQL                        : 
    insert 
    into
        member_drug_stocks
        (drug_id, quantity, user_id) 
    values
        (?, ?, ?)
Hibernate: 
    insert 
    into
        member_drug_stocks
        (drug_id, quantity, user_id) 
    values
        (?, ?, ?)
2024-06-07T23:35:00.486+03:00 DEBUG 22132 --- [           main] org.hibernate.SQL                        : 
    insert 
    into
        member_drug_stocks
        (drug_id, quantity, user_id) 
    values
        (?, ?, ?)
Hibernate: 
    insert 
    into
        member_drug_stocks
        (drug_id, quantity, user_id) 
    values
        (?, ?, ?)
2024-06-07T23:35:00.492+03:00 DEBUG 22132 --- [           main] org.hibernate.SQL                        : 
    insert 
    into
        member_drug_stocks
        (drug_id, quantity, user_id) 
    values
        (?, ?, ?)
Hibernate: 
    insert 
    into
        member_drug_stocks
        (drug_id, quantity, user_id) 
    values
        (?, ?, ?)
2024-06-07T23:35:00.496+03:00 DEBUG 22132 --- [           main] org.hibernate.SQL                        : 
    insert 
    into
        member_drug_stocks
        (drug_id, quantity, user_id) 
    values
        (?, ?, ?)
Hibernate: 
    insert 
    into
        member_drug_stocks
        (drug_id, quantity, user_id) 
    values
        (?, ?, ?)
2024-06-07T23:35:00.500+03:00 DEBUG 22132 --- [           main] org.hibernate.SQL                        : 
    insert 
    into
        member_drug_stocks
        (drug_id, quantity, user_id) 
    values
        (?, ?, ?)
Hibernate: 
    insert 
    into
        member_drug_stocks
        (drug_id, quantity, user_id) 
    values
        (?, ?, ?)
2024-06-07T23:35:00.505+03:00 DEBUG 22132 --- [           main] org.hibernate.SQL                        : 
    insert 
    into
        member_drug_stocks
        (drug_id, quantity, user_id) 
    values
        (?, ?, ?)
Hibernate: 
    insert 
    into
        member_drug_stocks
        (drug_id, quantity, user_id) 
    values
        (?, ?, ?)
2024-06-07T23:35:00.509+03:00 DEBUG 22132 --- [           main] org.hibernate.SQL                        : 
    insert 
    into
        member_drug_stocks
        (drug_id, quantity, user_id) 
    values
        (?, ?, ?)
Hibernate: 
    insert 
    into
        member_drug_stocks
        (drug_id, quantity, user_id) 
    values
        (?, ?, ?)
2024-06-07T23:35:00.513+03:00 DEBUG 22132 --- [           main] org.hibernate.SQL                        : 
    insert 
    into
        member_drug_stocks
        (drug_id, quantity, user_id) 
    values
        (?, ?, ?)
Hibernate: 
    insert 
    into
        member_drug_stocks
        (drug_id, quantity, user_id) 
    values
        (?, ?, ?)
2024-06-07T23:35:00.517+03:00 DEBUG 22132 --- [           main] org.hibernate.SQL                        : 
    insert 
    into
        member_drug_stocks
        (drug_id, quantity, user_id) 
    values
        (?, ?, ?)
Hibernate: 
    insert 
    into
        member_drug_stocks
        (drug_id, quantity, user_id) 
    values
        (?, ?, ?)
2024-06-07T23:35:00.522+03:00 DEBUG 22132 --- [           main] org.hibernate.SQL                        : 
    insert 
    into
        member_drug_stocks
        (drug_id, quantity, user_id) 
    values
        (?, ?, ?)
Hibernate: 
    insert 
    into
        member_drug_stocks
        (drug_id, quantity, user_id) 
    values
        (?, ?, ?)
2024-06-07T23:35:00.527+03:00 DEBUG 22132 --- [           main] org.hibernate.SQL                        : 
    insert 
    into
        member_drug_stocks
        (drug_id, quantity, user_id) 
    values
        (?, ?, ?)
Hibernate: 
    insert 
    into
        member_drug_stocks
        (drug_id, quantity, user_id) 
    values
        (?, ?, ?)
2024-06-07T23:35:00.531+03:00 DEBUG 22132 --- [           main] org.hibernate.SQL                        : 
    insert 
    into
        member_drug_stocks
        (drug_id, quantity, user_id) 
    values
        (?, ?, ?)
Hibernate: 
    insert 
    into
        member_drug_stocks
        (drug_id, quantity, user_id) 
    values
        (?, ?, ?)
2024-06-07T23:35:00.536+03:00 DEBUG 22132 --- [           main] org.hibernate.SQL                        : 
    insert 
    into
        member_drug_stocks
        (drug_id, quantity, user_id) 
    values
        (?, ?, ?)
Hibernate: 
    insert 
    into
        member_drug_stocks
        (drug_id, quantity, user_id) 
    values
        (?, ?, ?)
2024-06-07T23:35:00.542+03:00 DEBUG 22132 --- [           main] org.hibernate.SQL                        : 
    insert 
    into
        member_drug_stocks
        (drug_id, quantity, user_id) 
    values
        (?, ?, ?)
Hibernate: 
    insert 
    into
        member_drug_stocks
        (drug_id, quantity, user_id) 
    values
        (?, ?, ?)
2024-06-07T23:35:00.547+03:00 DEBUG 22132 --- [           main] org.hibernate.SQL                        : 
    insert 
    into
        member_drug_stocks
        (drug_id, quantity, user_id) 
    values
        (?, ?, ?)
Hibernate: 
    insert 
    into
        member_drug_stocks
        (drug_id, quantity, user_id) 
    values
        (?, ?, ?)
2024-06-07T23:35:00.553+03:00 DEBUG 22132 --- [           main] org.hibernate.SQL                        : 
    insert 
    into
        member_drug_stocks
        (drug_id, quantity, user_id) 
    values
        (?, ?, ?)
Hibernate: 
    insert 
    into
        member_drug_stocks
        (drug_id, quantity, user_id) 
    values
        (?, ?, ?)
2024-06-07T23:35:00.559+03:00 DEBUG 22132 --- [           main] org.hibernate.SQL                        : 
    insert 
    into
        member_drug_stocks
        (drug_id, quantity, user_id) 
    values
        (?, ?, ?)
Hibernate: 
    insert 
    into
        member_drug_stocks
        (drug_id, quantity, user_id) 
    values
        (?, ?, ?)
2024-06-07T23:35:00.565+03:00 DEBUG 22132 --- [           main] org.hibernate.SQL                        : 
    insert 
    into
        member_drug_stocks
        (drug_id, quantity, user_id) 
    values
        (?, ?, ?)
Hibernate: 
    insert 
    into
        member_drug_stocks
        (drug_id, quantity, user_id) 
    values
        (?, ?, ?)
2024-06-07T23:35:00.569+03:00 DEBUG 22132 --- [           main] org.hibernate.SQL                        : 
    insert 
    into
        member_drug_stocks
        (drug_id, quantity, user_id) 
    values
        (?, ?, ?)
Hibernate: 
    insert 
    into
        member_drug_stocks
        (drug_id, quantity, user_id) 
    values
        (?, ?, ?)
2024-06-07T23:35:00.572+03:00 DEBUG 22132 --- [           main] org.hibernate.SQL                        : 
    insert 
    into
        member_drug_stocks
        (drug_id, quantity, user_id) 
    values
        (?, ?, ?)
Hibernate: 
    insert 
    into
        member_drug_stocks
        (drug_id, quantity, user_id) 
    values
        (?, ?, ?)
2024-06-07T23:35:00.578+03:00 DEBUG 22132 --- [           main] org.hibernate.SQL                        : 
    insert 
    into
        member_drug_stocks
        (drug_id, quantity, user_id) 
    values
        (?, ?, ?)
Hibernate: 
    insert 
    into
        member_drug_stocks
        (drug_id, quantity, user_id) 
    values
        (?, ?, ?)
2024-06-07T23:35:00.582+03:00 DEBUG 22132 --- [           main] org.hibernate.SQL                        : 
    insert 
    into
        member_drug_stocks
        (drug_id, quantity, user_id) 
    values
        (?, ?, ?)
Hibernate: 
    insert 
    into
        member_drug_stocks
        (drug_id, quantity, user_id) 
    values
        (?, ?, ?)
2024-06-07T23:35:00.585+03:00 DEBUG 22132 --- [           main] org.hibernate.SQL                        : 
    insert 
    into
        member_drug_stocks
        (drug_id, quantity, user_id) 
    values
        (?, ?, ?)
Hibernate: 
    insert 
    into
        member_drug_stocks
        (drug_id, quantity, user_id) 
    values
        (?, ?, ?)
2024-06-07T23:35:00.589+03:00 DEBUG 22132 --- [           main] org.hibernate.SQL                        : 
    insert 
    into
        member_drug_stocks
        (drug_id, quantity, user_id) 
    values
        (?, ?, ?)
Hibernate: 
    insert 
    into
        member_drug_stocks
        (drug_id, quantity, user_id) 
    values
        (?, ?, ?)
2024-06-07T23:35:00.592+03:00 DEBUG 22132 --- [           main] org.hibernate.SQL                        : 
    insert 
    into
        member_drug_stocks
        (drug_id, quantity, user_id) 
    values
        (?, ?, ?)
Hibernate: 
    insert 
    into
        member_drug_stocks
        (drug_id, quantity, user_id) 
    values
        (?, ?, ?)
2024-06-07T23:35:00.598+03:00 DEBUG 22132 --- [           main] org.hibernate.SQL                        : 
    insert 
    into
        member_drug_stocks
        (drug_id, quantity, user_id) 
    values
        (?, ?, ?)
Hibernate: 
    insert 
    into
        member_drug_stocks
        (drug_id, quantity, user_id) 
    values
        (?, ?, ?)
2024-06-07T23:35:00.603+03:00 DEBUG 22132 --- [           main] org.hibernate.SQL                        : 
    insert 
    into
        member_drug_stocks
        (drug_id, quantity, user_id) 
    values
        (?, ?, ?)
Hibernate: 
    insert 
    into
        member_drug_stocks
        (drug_id, quantity, user_id) 
    values
        (?, ?, ?)
2024-06-07T23:35:00.607+03:00 DEBUG 22132 --- [           main] org.hibernate.SQL                        : 
    insert 
    into
        member_drug_stocks
        (drug_id, quantity, user_id) 
    values
        (?, ?, ?)
Hibernate: 
    insert 
    into
        member_drug_stocks
        (drug_id, quantity, user_id) 
    values
        (?, ?, ?)
2024-06-07T23:35:00.611+03:00 DEBUG 22132 --- [           main] org.hibernate.SQL                        : 
    insert 
    into
        member_drug_stocks
        (drug_id, quantity, user_id) 
    values
        (?, ?, ?)
Hibernate: 
    insert 
    into
        member_drug_stocks
        (drug_id, quantity, user_id) 
    values
        (?, ?, ?)
2024-06-07T23:35:00.615+03:00 DEBUG 22132 --- [           main] org.hibernate.SQL                        : 
    insert 
    into
        member_drug_stocks
        (drug_id, quantity, user_id) 
    values
        (?, ?, ?)
Hibernate: 
    insert 
    into
        member_drug_stocks
        (drug_id, quantity, user_id) 
    values
        (?, ?, ?)
2024-06-07T23:35:00.620+03:00 DEBUG 22132 --- [           main] org.hibernate.SQL                        : 
    insert 
    into
        member_drug_stocks
        (drug_id, quantity, user_id) 
    values
        (?, ?, ?)
Hibernate: 
    insert 
    into
        member_drug_stocks
        (drug_id, quantity, user_id) 
    values
        (?, ?, ?)
2024-06-07T23:35:00.624+03:00 DEBUG 22132 --- [           main] org.hibernate.SQL                        : 
    insert 
    into
        member_drug_stocks
        (drug_id, quantity, user_id) 
    values
        (?, ?, ?)
Hibernate: 
    insert 
    into
        member_drug_stocks
        (drug_id, quantity, user_id) 
    values
        (?, ?, ?)
2024-06-07T23:35:00.628+03:00 DEBUG 22132 --- [           main] org.hibernate.SQL                        : 
    insert 
    into
        member_drug_stocks
        (drug_id, quantity, user_id) 
    values
        (?, ?, ?)
Hibernate: 
    insert 
    into
        member_drug_stocks
        (drug_id, quantity, user_id) 
    values
        (?, ?, ?)
2024-06-07T23:35:00.633+03:00 DEBUG 22132 --- [           main] org.hibernate.SQL                        : 
    insert 
    into
        member_drug_stocks
        (drug_id, quantity, user_id) 
    values
        (?, ?, ?)
Hibernate: 
    insert 
    into
        member_drug_stocks
        (drug_id, quantity, user_id) 
    values
        (?, ?, ?)
2024-06-07T23:35:00.637+03:00 DEBUG 22132 --- [           main] org.hibernate.SQL                        : 
    insert 
    into
        member_drug_stocks
        (drug_id, quantity, user_id) 
    values
        (?, ?, ?)
Hibernate: 
    insert 
    into
        member_drug_stocks
        (drug_id, quantity, user_id) 
    values
        (?, ?, ?)
2024-06-07T23:35:00.642+03:00 DEBUG 22132 --- [           main] org.hibernate.SQL                        : 
    insert 
    into
        member_drug_stocks
        (drug_id, quantity, user_id) 
    values
        (?, ?, ?)
Hibernate: 
    insert 
    into
        member_drug_stocks
        (drug_id, quantity, user_id) 
    values
        (?, ?, ?)
2024-06-07T23:35:00.646+03:00 DEBUG 22132 --- [           main] org.hibernate.SQL                        : 
    insert 
    into
        member_drug_stocks
        (drug_id, quantity, user_id) 
    values
        (?, ?, ?)
Hibernate: 
    insert 
    into
        member_drug_stocks
        (drug_id, quantity, user_id) 
    values
        (?, ?, ?)
2024-06-07T23:35:00.649+03:00 DEBUG 22132 --- [           main] org.hibernate.SQL                        : 
    insert 
    into
        member_drug_stocks
        (drug_id, quantity, user_id) 
    values
        (?, ?, ?)
Hibernate: 
    insert 
    into
        member_drug_stocks
        (drug_id, quantity, user_id) 
    values
        (?, ?, ?)
2024-06-07T23:35:00.653+03:00 DEBUG 22132 --- [           main] org.hibernate.SQL                        : 
    insert 
    into
        member_drug_stocks
        (drug_id, quantity, user_id) 
    values
        (?, ?, ?)
Hibernate: 
    insert 
    into
        member_drug_stocks
        (drug_id, quantity, user_id) 
    values
        (?, ?, ?)
2024-06-07T23:35:00.656+03:00 DEBUG 22132 --- [           main] org.hibernate.SQL                        : 
    insert 
    into
        member_drug_stocks
        (drug_id, quantity, user_id) 
    values
        (?, ?, ?)
Hibernate: 
    insert 
    into
        member_drug_stocks
        (drug_id, quantity, user_id) 
    values
        (?, ?, ?)
2024-06-07T23:35:00.661+03:00 DEBUG 22132 --- [           main] org.hibernate.SQL                        : 
    insert 
    into
        member_drug_stocks
        (drug_id, quantity, user_id) 
    values
        (?, ?, ?)
Hibernate: 
    insert 
    into
        member_drug_stocks
        (drug_id, quantity, user_id) 
    values
        (?, ?, ?)
2024-06-07T23:35:00.664+03:00 DEBUG 22132 --- [           main] org.hibernate.SQL                        : 
    insert 
    into
        member_drug_stocks
        (drug_id, quantity, user_id) 
    values
        (?, ?, ?)
Hibernate: 
    insert 
    into
        member_drug_stocks
        (drug_id, quantity, user_id) 
    values
        (?, ?, ?)
2024-06-07T23:35:00.667+03:00 DEBUG 22132 --- [           main] org.hibernate.SQL                        : 
    insert 
    into
        member_drug_stocks
        (drug_id, quantity, user_id) 
    values
        (?, ?, ?)
Hibernate: 
    insert 
    into
        member_drug_stocks
        (drug_id, quantity, user_id) 
    values
        (?, ?, ?)
2024-06-07T23:35:00.671+03:00 DEBUG 22132 --- [           main] org.hibernate.SQL                        : 
    insert 
    into
        member_drug_stocks
        (drug_id, quantity, user_id) 
    values
        (?, ?, ?)
Hibernate: 
    insert 
    into
        member_drug_stocks
        (drug_id, quantity, user_id) 
    values
        (?, ?, ?)
2024-06-07T23:35:00.675+03:00 DEBUG 22132 --- [           main] org.hibernate.SQL                        : 
    insert 
    into
        member_drug_stocks
        (drug_id, quantity, user_id) 
    values
        (?, ?, ?)
Hibernate: 
    insert 
    into
        member_drug_stocks
        (drug_id, quantity, user_id) 
    values
        (?, ?, ?)
2024-06-07T23:35:00.679+03:00 DEBUG 22132 --- [           main] org.hibernate.SQL                        : 
    insert 
    into
        member_drug_stocks
        (drug_id, quantity, user_id) 
    values
        (?, ?, ?)
Hibernate: 
    insert 
    into
        member_drug_stocks
        (drug_id, quantity, user_id) 
    values
        (?, ?, ?)
2024-06-07T23:35:00.684+03:00 DEBUG 22132 --- [           main] org.hibernate.SQL                        : 
    insert 
    into
        member_drug_stocks
        (drug_id, quantity, user_id) 
    values
        (?, ?, ?)
Hibernate: 
    insert 
    into
        member_drug_stocks
        (drug_id, quantity, user_id) 
    values
        (?, ?, ?)
2024-06-07T23:35:00.687+03:00 DEBUG 22132 --- [           main] org.hibernate.SQL                        : 
    insert 
    into
        member_drug_stocks
        (drug_id, quantity, user_id) 
    values
        (?, ?, ?)
Hibernate: 
    insert 
    into
        member_drug_stocks
        (drug_id, quantity, user_id) 
    values
        (?, ?, ?)
2024-06-07T23:35:00.691+03:00 DEBUG 22132 --- [           main] org.hibernate.SQL                        : 
    insert 
    into
        member_drug_stocks
        (drug_id, quantity, user_id) 
    values
        (?, ?, ?)
Hibernate: 
    insert 
    into
        member_drug_stocks
        (drug_id, quantity, user_id) 
    values
        (?, ?, ?)
2024-06-07T23:35:00.695+03:00 DEBUG 22132 --- [           main] org.hibernate.SQL                        : 
    insert 
    into
        member_drug_stocks
        (drug_id, quantity, user_id) 
    values
        (?, ?, ?)
Hibernate: 
    insert 
    into
        member_drug_stocks
        (drug_id, quantity, user_id) 
    values
        (?, ?, ?)
2024-06-07T23:35:00.699+03:00 DEBUG 22132 --- [           main] org.hibernate.SQL                        : 
    insert 
    into
        member_drug_stocks
        (drug_id, quantity, user_id) 
    values
        (?, ?, ?)
Hibernate: 
    insert 
    into
        member_drug_stocks
        (drug_id, quantity, user_id) 
    values
        (?, ?, ?)
2024-06-07T23:35:00.703+03:00 DEBUG 22132 --- [           main] org.hibernate.SQL                        : 
    insert 
    into
        member_drug_stocks
        (drug_id, quantity, user_id) 
    values
        (?, ?, ?)
Hibernate: 
    insert 
    into
        member_drug_stocks
        (drug_id, quantity, user_id) 
    values
        (?, ?, ?)
2024-06-07T23:35:00.706+03:00 DEBUG 22132 --- [           main] org.hibernate.SQL                        : 
    insert 
    into
        member_drug_stocks
        (drug_id, quantity, user_id) 
    values
        (?, ?, ?)
Hibernate: 
    insert 
    into
        member_drug_stocks
        (drug_id, quantity, user_id) 
    values
        (?, ?, ?)
2024-06-07T23:35:00.711+03:00 DEBUG 22132 --- [           main] org.hibernate.SQL                        : 
    insert 
    into
        member_drug_stocks
        (drug_id, quantity, user_id) 
    values
        (?, ?, ?)
Hibernate: 
    insert 
    into
        member_drug_stocks
        (drug_id, quantity, user_id) 
    values
        (?, ?, ?)
2024-06-07T23:35:00.715+03:00 DEBUG 22132 --- [           main] org.hibernate.SQL                        : 
    insert 
    into
        member_drug_stocks
        (drug_id, quantity, user_id) 
    values
        (?, ?, ?)
Hibernate: 
    insert 
    into
        member_drug_stocks
        (drug_id, quantity, user_id) 
    values
        (?, ?, ?)
2024-06-07T23:35:00.721+03:00 DEBUG 22132 --- [           main] org.hibernate.SQL                        : 
    insert 
    into
        member_drug_stocks
        (drug_id, quantity, user_id) 
    values
        (?, ?, ?)
Hibernate: 
    insert 
    into
        member_drug_stocks
        (drug_id, quantity, user_id) 
    values
        (?, ?, ?)
2024-06-07T23:35:00.727+03:00 DEBUG 22132 --- [           main] org.hibernate.SQL                        : 
    insert 
    into
        member_drug_stocks
        (drug_id, quantity, user_id) 
    values
        (?, ?, ?)
Hibernate: 
    insert 
    into
        member_drug_stocks
        (drug_id, quantity, user_id) 
    values
        (?, ?, ?)
2024-06-07T23:35:00.732+03:00 DEBUG 22132 --- [           main] org.hibernate.SQL                        : 
    insert 
    into
        member_drug_stocks
        (drug_id, quantity, user_id) 
    values
        (?, ?, ?)
Hibernate: 
    insert 
    into
        member_drug_stocks
        (drug_id, quantity, user_id) 
    values
        (?, ?, ?)
2024-06-07T23:35:00.736+03:00 DEBUG 22132 --- [           main] org.hibernate.SQL                        : 
    insert 
    into
        member_drug_stocks
        (drug_id, quantity, user_id) 
    values
        (?, ?, ?)
Hibernate: 
    insert 
    into
        member_drug_stocks
        (drug_id, quantity, user_id) 
    values
        (?, ?, ?)
2024-06-07T23:35:00.740+03:00 DEBUG 22132 --- [           main] org.hibernate.SQL                        : 
    insert 
    into
        member_drug_stocks
        (drug_id, quantity, user_id) 
    values
        (?, ?, ?)
Hibernate: 
    insert 
    into
        member_drug_stocks
        (drug_id, quantity, user_id) 
    values
        (?, ?, ?)
2024-06-07T23:35:00.746+03:00 DEBUG 22132 --- [           main] org.hibernate.SQL                        : 
    insert 
    into
        member_drug_stocks
        (drug_id, quantity, user_id) 
    values
        (?, ?, ?)
Hibernate: 
    insert 
    into
        member_drug_stocks
        (drug_id, quantity, user_id) 
    values
        (?, ?, ?)
2024-06-07T23:35:00.749+03:00 DEBUG 22132 --- [           main] org.hibernate.SQL                        : 
    insert 
    into
        member_drug_stocks
        (drug_id, quantity, user_id) 
    values
        (?, ?, ?)
Hibernate: 
    insert 
    into
        member_drug_stocks
        (drug_id, quantity, user_id) 
    values
        (?, ?, ?)
2024-06-07T23:35:00.754+03:00 DEBUG 22132 --- [           main] org.hibernate.SQL                        : 
    insert 
    into
        member_drug_stocks
        (drug_id, quantity, user_id) 
    values
        (?, ?, ?)
Hibernate: 
    insert 
    into
        member_drug_stocks
        (drug_id, quantity, user_id) 
    values
        (?, ?, ?)
2024-06-07T23:35:00.759+03:00 DEBUG 22132 --- [           main] org.hibernate.SQL                        : 
    insert 
    into
        member_drug_stocks
        (drug_id, quantity, user_id) 
    values
        (?, ?, ?)
Hibernate: 
    insert 
    into
        member_drug_stocks
        (drug_id, quantity, user_id) 
    values
        (?, ?, ?)
2024-06-07T23:35:00.766+03:00 DEBUG 22132 --- [           main] org.hibernate.SQL                        : 
    insert 
    into
        member_drug_stocks
        (drug_id, quantity, user_id) 
    values
        (?, ?, ?)
Hibernate: 
    insert 
    into
        member_drug_stocks
        (drug_id, quantity, user_id) 
    values
        (?, ?, ?)
2024-06-07T23:35:00.770+03:00 DEBUG 22132 --- [           main] org.hibernate.SQL                        : 
    insert 
    into
        member_drug_stocks
        (drug_id, quantity, user_id) 
    values
        (?, ?, ?)
Hibernate: 
    insert 
    into
        member_drug_stocks
        (drug_id, quantity, user_id) 
    values
        (?, ?, ?)
2024-06-07T23:35:00.775+03:00 DEBUG 22132 --- [           main] org.hibernate.SQL                        : 
    insert 
    into
        member_drug_stocks
        (drug_id, quantity, user_id) 
    values
        (?, ?, ?)
Hibernate: 
    insert 
    into
        member_drug_stocks
        (drug_id, quantity, user_id) 
    values
        (?, ?, ?)
2024-06-07T23:35:00.780+03:00 DEBUG 22132 --- [           main] org.hibernate.SQL                        : 
    insert 
    into
        member_drug_stocks
        (drug_id, quantity, user_id) 
    values
        (?, ?, ?)
Hibernate: 
    insert 
    into
        member_drug_stocks
        (drug_id, quantity, user_id) 
    values
        (?, ?, ?)
2024-06-07T23:35:00.784+03:00 DEBUG 22132 --- [           main] org.hibernate.SQL                        : 
    insert 
    into
        member_drug_stocks
        (drug_id, quantity, user_id) 
    values
        (?, ?, ?)
Hibernate: 
    insert 
    into
        member_drug_stocks
        (drug_id, quantity, user_id) 
    values
        (?, ?, ?)
2024-06-07T23:35:00.789+03:00 DEBUG 22132 --- [           main] org.hibernate.SQL                        : 
    insert 
    into
        member_drug_stocks
        (drug_id, quantity, user_id) 
    values
        (?, ?, ?)
Hibernate: 
    insert 
    into
        member_drug_stocks
        (drug_id, quantity, user_id) 
    values
        (?, ?, ?)
2024-06-07T23:35:00.793+03:00 DEBUG 22132 --- [           main] org.hibernate.SQL                        : 
    insert 
    into
        member_drug_stocks
        (drug_id, quantity, user_id) 
    values
        (?, ?, ?)
Hibernate: 
    insert 
    into
        member_drug_stocks
        (drug_id, quantity, user_id) 
    values
        (?, ?, ?)
2024-06-07T23:35:00.799+03:00 DEBUG 22132 --- [           main] org.hibernate.SQL                        : 
    insert 
    into
        member_drug_stocks
        (drug_id, quantity, user_id) 
    values
        (?, ?, ?)
Hibernate: 
    insert 
    into
        member_drug_stocks
        (drug_id, quantity, user_id) 
    values
        (?, ?, ?)
2024-06-07T23:35:00.804+03:00 DEBUG 22132 --- [           main] org.hibernate.SQL                        : 
    insert 
    into
        member_drug_stocks
        (drug_id, quantity, user_id) 
    values
        (?, ?, ?)
Hibernate: 
    insert 
    into
        member_drug_stocks
        (drug_id, quantity, user_id) 
    values
        (?, ?, ?)
2024-06-07T23:35:00.808+03:00 DEBUG 22132 --- [           main] org.hibernate.SQL                        : 
    insert 
    into
        member_drug_stocks
        (drug_id, quantity, user_id) 
    values
        (?, ?, ?)
Hibernate: 
    insert 
    into
        member_drug_stocks
        (drug_id, quantity, user_id) 
    values
        (?, ?, ?)
2024-06-07T23:35:00.812+03:00 DEBUG 22132 --- [           main] org.hibernate.SQL                        : 
    insert 
    into
        member_drug_stocks
        (drug_id, quantity, user_id) 
    values
        (?, ?, ?)
Hibernate: 
    insert 
    into
        member_drug_stocks
        (drug_id, quantity, user_id) 
    values
        (?, ?, ?)
2024-06-07T23:35:00.817+03:00 DEBUG 22132 --- [           main] org.hibernate.SQL                        : 
    insert 
    into
        member_drug_stocks
        (drug_id, quantity, user_id) 
    values
        (?, ?, ?)
Hibernate: 
    insert 
    into
        member_drug_stocks
        (drug_id, quantity, user_id) 
    values
        (?, ?, ?)
2024-06-07T23:35:00.821+03:00 DEBUG 22132 --- [           main] org.hibernate.SQL                        : 
    insert 
    into
        member_drug_stocks
        (drug_id, quantity, user_id) 
    values
        (?, ?, ?)
Hibernate: 
    insert 
    into
        member_drug_stocks
        (drug_id, quantity, user_id) 
    values
        (?, ?, ?)
2024-06-07T23:35:00.825+03:00 DEBUG 22132 --- [           main] org.hibernate.SQL                        : 
    insert 
    into
        member_drug_stocks
        (drug_id, quantity, user_id) 
    values
        (?, ?, ?)
Hibernate: 
    insert 
    into
        member_drug_stocks
        (drug_id, quantity, user_id) 
    values
        (?, ?, ?)
2024-06-07T23:35:00.829+03:00 DEBUG 22132 --- [           main] org.hibernate.SQL                        : 
    insert 
    into
        member_drug_stocks
        (drug_id, quantity, user_id) 
    values
        (?, ?, ?)
Hibernate: 
    insert 
    into
        member_drug_stocks
        (drug_id, quantity, user_id) 
    values
        (?, ?, ?)
2024-06-07T23:35:00.832+03:00 DEBUG 22132 --- [           main] org.hibernate.SQL                        : 
    insert 
    into
        member_drug_stocks
        (drug_id, quantity, user_id) 
    values
        (?, ?, ?)
Hibernate: 
    insert 
    into
        member_drug_stocks
        (drug_id, quantity, user_id) 
    values
        (?, ?, ?)
2024-06-07T23:35:00.836+03:00 DEBUG 22132 --- [           main] org.hibernate.SQL                        : 
    insert 
    into
        member_drug_stocks
        (drug_id, quantity, user_id) 
    values
        (?, ?, ?)
Hibernate: 
    insert 
    into
        member_drug_stocks
        (drug_id, quantity, user_id) 
    values
        (?, ?, ?)
2024-06-07T23:35:00.842+03:00 DEBUG 22132 --- [           main] org.hibernate.SQL                        : 
    insert 
    into
        member_drug_stocks
        (drug_id, quantity, user_id) 
    values
        (?, ?, ?)
Hibernate: 
    insert 
    into
        member_drug_stocks
        (drug_id, quantity, user_id) 
    values
        (?, ?, ?)
2024-06-07T23:35:00.847+03:00 DEBUG 22132 --- [           main] org.hibernate.SQL                        : 
    insert 
    into
        member_drug_stocks
        (drug_id, quantity, user_id) 
    values
        (?, ?, ?)
Hibernate: 
    insert 
    into
        member_drug_stocks
        (drug_id, quantity, user_id) 
    values
        (?, ?, ?)
2024-06-07T23:35:00.854+03:00 DEBUG 22132 --- [           main] org.hibernate.SQL                        : 
    insert 
    into
        member_drug_stocks
        (drug_id, quantity, user_id) 
    values
        (?, ?, ?)
Hibernate: 
    insert 
    into
        member_drug_stocks
        (drug_id, quantity, user_id) 
    values
        (?, ?, ?)
2024-06-07T23:35:00.858+03:00 DEBUG 22132 --- [           main] org.hibernate.SQL                        : 
    insert 
    into
        member_drug_stocks
        (drug_id, quantity, user_id) 
    values
        (?, ?, ?)
Hibernate: 
    insert 
    into
        member_drug_stocks
        (drug_id, quantity, user_id) 
    values
        (?, ?, ?)
2024-06-07T23:35:00.865+03:00 DEBUG 22132 --- [           main] org.hibernate.SQL                        : 
    insert 
    into
        member_drug_stocks
        (drug_id, quantity, user_id) 
    values
        (?, ?, ?)
Hibernate: 
    insert 
    into
        member_drug_stocks
        (drug_id, quantity, user_id) 
    values
        (?, ?, ?)
2024-06-07T23:35:00.871+03:00 DEBUG 22132 --- [           main] org.hibernate.SQL                        : 
    insert 
    into
        member_drug_stocks
        (drug_id, quantity, user_id) 
    values
        (?, ?, ?)
Hibernate: 
    insert 
    into
        member_drug_stocks
        (drug_id, quantity, user_id) 
    values
        (?, ?, ?)
2024-06-07T23:35:00.876+03:00 DEBUG 22132 --- [           main] org.hibernate.SQL                        : 
    insert 
    into
        member_drug_stocks
        (drug_id, quantity, user_id) 
    values
        (?, ?, ?)
Hibernate: 
    insert 
    into
        member_drug_stocks
        (drug_id, quantity, user_id) 
    values
        (?, ?, ?)
2024-06-07T23:35:00.881+03:00 DEBUG 22132 --- [           main] org.hibernate.SQL                        : 
    insert 
    into
        member_drug_stocks
        (drug_id, quantity, user_id) 
    values
        (?, ?, ?)
Hibernate: 
    insert 
    into
        member_drug_stocks
        (drug_id, quantity, user_id) 
    values
        (?, ?, ?)
2024-06-07T23:35:00.884+03:00 DEBUG 22132 --- [           main] org.hibernate.SQL                        : 
    insert 
    into
        member_drug_stocks
        (drug_id, quantity, user_id) 
    values
        (?, ?, ?)
Hibernate: 
    insert 
    into
        member_drug_stocks
        (drug_id, quantity, user_id) 
    values
        (?, ?, ?)
2024-06-07T23:35:00.887+03:00 DEBUG 22132 --- [           main] org.hibernate.SQL                        : 
    insert 
    into
        member_drug_stocks
        (drug_id, quantity, user_id) 
    values
        (?, ?, ?)
Hibernate: 
    insert 
    into
        member_drug_stocks
        (drug_id, quantity, user_id) 
    values
        (?, ?, ?)
2024-06-07T23:35:00.891+03:00 DEBUG 22132 --- [           main] org.hibernate.SQL                        : 
    insert 
    into
        member_drug_stocks
        (drug_id, quantity, user_id) 
    values
        (?, ?, ?)
Hibernate: 
    insert 
    into
        member_drug_stocks
        (drug_id, quantity, user_id) 
    values
        (?, ?, ?)
2024-06-07T23:35:00.895+03:00 DEBUG 22132 --- [           main] org.hibernate.SQL                        : 
    insert 
    into
        member_drug_stocks
        (drug_id, quantity, user_id) 
    values
        (?, ?, ?)
Hibernate: 
    insert 
    into
        member_drug_stocks
        (drug_id, quantity, user_id) 
    values
        (?, ?, ?)
2024-06-07T23:35:00.898+03:00 DEBUG 22132 --- [           main] org.hibernate.SQL                        : 
    insert 
    into
        member_drug_stocks
        (drug_id, quantity, user_id) 
    values
        (?, ?, ?)
Hibernate: 
    insert 
    into
        member_drug_stocks
        (drug_id, quantity, user_id) 
    values
        (?, ?, ?)
2024-06-07T23:35:00.903+03:00 DEBUG 22132 --- [           main] org.hibernate.SQL                        : 
    insert 
    into
        member_drug_stocks
        (drug_id, quantity, user_id) 
    values
        (?, ?, ?)
Hibernate: 
    insert 
    into
        member_drug_stocks
        (drug_id, quantity, user_id) 
    values
        (?, ?, ?)
2024-06-07T23:35:00.908+03:00 DEBUG 22132 --- [           main] org.hibernate.SQL                        : 
    insert 
    into
        member_drug_stocks
        (drug_id, quantity, user_id) 
    values
        (?, ?, ?)
Hibernate: 
    insert 
    into
        member_drug_stocks
        (drug_id, quantity, user_id) 
    values
        (?, ?, ?)
2024-06-07T23:35:00.912+03:00 DEBUG 22132 --- [           main] org.hibernate.SQL                        : 
    insert 
    into
        member_drug_stocks
        (drug_id, quantity, user_id) 
    values
        (?, ?, ?)
Hibernate: 
    insert 
    into
        member_drug_stocks
        (drug_id, quantity, user_id) 
    values
        (?, ?, ?)
2024-06-07T23:35:00.915+03:00 DEBUG 22132 --- [           main] org.hibernate.SQL                        : 
    insert 
    into
        member_drug_stocks
        (drug_id, quantity, user_id) 
    values
        (?, ?, ?)
Hibernate: 
    insert 
    into
        member_drug_stocks
        (drug_id, quantity, user_id) 
    values
        (?, ?, ?)
2024-06-07T23:35:00.919+03:00 DEBUG 22132 --- [           main] org.hibernate.SQL                        : 
    insert 
    into
        member_drug_stocks
        (drug_id, quantity, user_id) 
    values
        (?, ?, ?)
Hibernate: 
    insert 
    into
        member_drug_stocks
        (drug_id, quantity, user_id) 
    values
        (?, ?, ?)
2024-06-07T23:35:00.923+03:00 DEBUG 22132 --- [           main] org.hibernate.SQL                        : 
    insert 
    into
        member_drug_stocks
        (drug_id, quantity, user_id) 
    values
        (?, ?, ?)
Hibernate: 
    insert 
    into
        member_drug_stocks
        (drug_id, quantity, user_id) 
    values
        (?, ?, ?)
2024-06-07T23:35:00.927+03:00 DEBUG 22132 --- [           main] org.hibernate.SQL                        : 
    insert 
    into
        member_drug_stocks
        (drug_id, quantity, user_id) 
    values
        (?, ?, ?)
Hibernate: 
    insert 
    into
        member_drug_stocks
        (drug_id, quantity, user_id) 
    values
        (?, ?, ?)
2024-06-07T23:35:00.930+03:00 DEBUG 22132 --- [           main] org.hibernate.SQL                        : 
    insert 
    into
        member_drug_stocks
        (drug_id, quantity, user_id) 
    values
        (?, ?, ?)
Hibernate: 
    insert 
    into
        member_drug_stocks
        (drug_id, quantity, user_id) 
    values
        (?, ?, ?)
2024-06-07T23:35:00.938+03:00 DEBUG 22132 --- [           main] org.hibernate.SQL                        : 
    insert 
    into
        member_drug_stocks
        (drug_id, quantity, user_id) 
    values
        (?, ?, ?)
Hibernate: 
    insert 
    into
        member_drug_stocks
        (drug_id, quantity, user_id) 
    values
        (?, ?, ?)
2024-06-07T23:35:00.941+03:00 DEBUG 22132 --- [           main] org.hibernate.SQL                        : 
    insert 
    into
        member_drug_stocks
        (drug_id, quantity, user_id) 
    values
        (?, ?, ?)
Hibernate: 
    insert 
    into
        member_drug_stocks
        (drug_id, quantity, user_id) 
    values
        (?, ?, ?)
2024-06-07T23:35:00.945+03:00 DEBUG 22132 --- [           main] org.hibernate.SQL                        : 
    insert 
    into
        member_drug_stocks
        (drug_id, quantity, user_id) 
    values
        (?, ?, ?)
Hibernate: 
    insert 
    into
        member_drug_stocks
        (drug_id, quantity, user_id) 
    values
        (?, ?, ?)
2024-06-07T23:35:00.948+03:00 DEBUG 22132 --- [           main] org.hibernate.SQL                        : 
    insert 
    into
        member_drug_stocks
        (drug_id, quantity, user_id) 
    values
        (?, ?, ?)
Hibernate: 
    insert 
    into
        member_drug_stocks
        (drug_id, quantity, user_id) 
    values
        (?, ?, ?)
2024-06-07T23:35:00.953+03:00 DEBUG 22132 --- [           main] org.hibernate.SQL                        : 
    insert 
    into
        member_drug_stocks
        (drug_id, quantity, user_id) 
    values
        (?, ?, ?)
Hibernate: 
    insert 
    into
        member_drug_stocks
        (drug_id, quantity, user_id) 
    values
        (?, ?, ?)
2024-06-07T23:35:00.955+03:00 DEBUG 22132 --- [           main] org.hibernate.SQL                        : 
    insert 
    into
        member_drug_stocks
        (drug_id, quantity, user_id) 
    values
        (?, ?, ?)
Hibernate: 
    insert 
    into
        member_drug_stocks
        (drug_id, quantity, user_id) 
    values
        (?, ?, ?)
2024-06-07T23:35:00.960+03:00 DEBUG 22132 --- [           main] org.hibernate.SQL                        : 
    insert 
    into
        member_drug_stocks
        (drug_id, quantity, user_id) 
    values
        (?, ?, ?)
Hibernate: 
    insert 
    into
        member_drug_stocks
        (drug_id, quantity, user_id) 
    values
        (?, ?, ?)
2024-06-07T23:35:00.964+03:00 DEBUG 22132 --- [           main] org.hibernate.SQL                        : 
    insert 
    into
        member_drug_stocks
        (drug_id, quantity, user_id) 
    values
        (?, ?, ?)
Hibernate: 
    insert 
    into
        member_drug_stocks
        (drug_id, quantity, user_id) 
    values
        (?, ?, ?)
2024-06-07T23:35:00.967+03:00 DEBUG 22132 --- [           main] org.hibernate.SQL                        : 
    insert 
    into
        member_drug_stocks
        (drug_id, quantity, user_id) 
    values
        (?, ?, ?)
Hibernate: 
    insert 
    into
        member_drug_stocks
        (drug_id, quantity, user_id) 
    values
        (?, ?, ?)
2024-06-07T23:35:00.971+03:00 DEBUG 22132 --- [           main] org.hibernate.SQL                        : 
    insert 
    into
        member_drug_stocks
        (drug_id, quantity, user_id) 
    values
        (?, ?, ?)
Hibernate: 
    insert 
    into
        member_drug_stocks
        (drug_id, quantity, user_id) 
    values
        (?, ?, ?)
2024-06-07T23:35:00.976+03:00 DEBUG 22132 --- [           main] org.hibernate.SQL                        : 
    insert 
    into
        member_drug_stocks
        (drug_id, quantity, user_id) 
    values
        (?, ?, ?)
Hibernate: 
    insert 
    into
        member_drug_stocks
        (drug_id, quantity, user_id) 
    values
        (?, ?, ?)
2024-06-07T23:35:00.982+03:00 DEBUG 22132 --- [           main] org.hibernate.SQL                        : 
    insert 
    into
        member_drug_stocks
        (drug_id, quantity, user_id) 
    values
        (?, ?, ?)
Hibernate: 
    insert 
    into
        member_drug_stocks
        (drug_id, quantity, user_id) 
    values
        (?, ?, ?)
2024-06-07T23:35:00.987+03:00 DEBUG 22132 --- [           main] org.hibernate.SQL                        : 
    insert 
    into
        member_drug_stocks
        (drug_id, quantity, user_id) 
    values
        (?, ?, ?)
Hibernate: 
    insert 
    into
        member_drug_stocks
        (drug_id, quantity, user_id) 
    values
        (?, ?, ?)
2024-06-07T23:35:00.991+03:00 DEBUG 22132 --- [           main] org.hibernate.SQL                        : 
    insert 
    into
        member_drug_stocks
        (drug_id, quantity, user_id) 
    values
        (?, ?, ?)
Hibernate: 
    insert 
    into
        member_drug_stocks
        (drug_id, quantity, user_id) 
    values
        (?, ?, ?)
2024-06-07T23:35:00.996+03:00 DEBUG 22132 --- [           main] org.hibernate.SQL                        : 
    insert 
    into
        member_drug_stocks
        (drug_id, quantity, user_id) 
    values
        (?, ?, ?)
Hibernate: 
    insert 
    into
        member_drug_stocks
        (drug_id, quantity, user_id) 
    values
        (?, ?, ?)
2024-06-07T23:35:00.999+03:00 DEBUG 22132 --- [           main] org.hibernate.SQL                        : 
    insert 
    into
        member_drug_stocks
        (drug_id, quantity, user_id) 
    values
        (?, ?, ?)
Hibernate: 
    insert 
    into
        member_drug_stocks
        (drug_id, quantity, user_id) 
    values
        (?, ?, ?)
2024-06-07T23:35:01.005+03:00 DEBUG 22132 --- [           main] org.hibernate.SQL                        : 
    insert 
    into
        member_drug_stocks
        (drug_id, quantity, user_id) 
    values
        (?, ?, ?)
Hibernate: 
    insert 
    into
        member_drug_stocks
        (drug_id, quantity, user_id) 
    values
        (?, ?, ?)
2024-06-07T23:35:01.010+03:00 DEBUG 22132 --- [           main] org.hibernate.SQL                        : 
    insert 
    into
        member_drug_stocks
        (drug_id, quantity, user_id) 
    values
        (?, ?, ?)
Hibernate: 
    insert 
    into
        member_drug_stocks
        (drug_id, quantity, user_id) 
    values
        (?, ?, ?)
2024-06-07T23:35:01.016+03:00 DEBUG 22132 --- [           main] org.hibernate.SQL                        : 
    insert 
    into
        member_drug_stocks
        (drug_id, quantity, user_id) 
    values
        (?, ?, ?)
Hibernate: 
    insert 
    into
        member_drug_stocks
        (drug_id, quantity, user_id) 
    values
        (?, ?, ?)
2024-06-07T23:35:01.020+03:00 DEBUG 22132 --- [           main] org.hibernate.SQL                        : 
    insert 
    into
        member_drug_stocks
        (drug_id, quantity, user_id) 
    values
        (?, ?, ?)
Hibernate: 
    insert 
    into
        member_drug_stocks
        (drug_id, quantity, user_id) 
    values
        (?, ?, ?)
2024-06-07T23:35:01.025+03:00 DEBUG 22132 --- [           main] org.hibernate.SQL                        : 
    insert 
    into
        member_drug_stocks
        (drug_id, quantity, user_id) 
    values
        (?, ?, ?)
Hibernate: 
    insert 
    into
        member_drug_stocks
        (drug_id, quantity, user_id) 
    values
        (?, ?, ?)
2024-06-07T23:35:01.029+03:00 DEBUG 22132 --- [           main] org.hibernate.SQL                        : 
    insert 
    into
        member_drug_stocks
        (drug_id, quantity, user_id) 
    values
        (?, ?, ?)
Hibernate: 
    insert 
    into
        member_drug_stocks
        (drug_id, quantity, user_id) 
    values
        (?, ?, ?)
2024-06-07T23:35:01.043+03:00 DEBUG 22132 --- [           main] org.hibernate.SQL                        : 
    insert 
    into
        member_drug_stocks
        (drug_id, quantity, user_id) 
    values
        (?, ?, ?)
Hibernate: 
    insert 
    into
        member_drug_stocks
        (drug_id, quantity, user_id) 
    values
        (?, ?, ?)
2024-06-07T23:35:01.048+03:00 DEBUG 22132 --- [           main] org.hibernate.SQL                        : 
    insert 
    into
        member_drug_stocks
        (drug_id, quantity, user_id) 
    values
        (?, ?, ?)
Hibernate: 
    insert 
    into
        member_drug_stocks
        (drug_id, quantity, user_id) 
    values
        (?, ?, ?)
2024-06-07T23:35:01.053+03:00 DEBUG 22132 --- [           main] org.hibernate.SQL                        : 
    insert 
    into
        member_drug_stocks
        (drug_id, quantity, user_id) 
    values
        (?, ?, ?)
Hibernate: 
    insert 
    into
        member_drug_stocks
        (drug_id, quantity, user_id) 
    values
        (?, ?, ?)
2024-06-07T23:35:01.059+03:00 DEBUG 22132 --- [           main] org.hibernate.SQL                        : 
    insert 
    into
        member_drug_stocks
        (drug_id, quantity, user_id) 
    values
        (?, ?, ?)
Hibernate: 
    insert 
    into
        member_drug_stocks
        (drug_id, quantity, user_id) 
    values
        (?, ?, ?)
2024-06-07T23:35:01.064+03:00 DEBUG 22132 --- [           main] org.hibernate.SQL                        : 
    insert 
    into
        member_drug_stocks
        (drug_id, quantity, user_id) 
    values
        (?, ?, ?)
Hibernate: 
    insert 
    into
        member_drug_stocks
        (drug_id, quantity, user_id) 
    values
        (?, ?, ?)
2024-06-07T23:35:01.068+03:00 DEBUG 22132 --- [           main] org.hibernate.SQL                        : 
    insert 
    into
        member_drug_stocks
        (drug_id, quantity, user_id) 
    values
        (?, ?, ?)
Hibernate: 
    insert 
    into
        member_drug_stocks
        (drug_id, quantity, user_id) 
    values
        (?, ?, ?)
2024-06-07T23:35:01.071+03:00 DEBUG 22132 --- [           main] org.hibernate.SQL                        : 
    insert 
    into
        member_drug_stocks
        (drug_id, quantity, user_id) 
    values
        (?, ?, ?)
Hibernate: 
    insert 
    into
        member_drug_stocks
        (drug_id, quantity, user_id) 
    values
        (?, ?, ?)
2024-06-07T23:35:01.076+03:00 DEBUG 22132 --- [           main] org.hibernate.SQL                        : 
    insert 
    into
        member_drug_stocks
        (drug_id, quantity, user_id) 
    values
        (?, ?, ?)
Hibernate: 
    insert 
    into
        member_drug_stocks
        (drug_id, quantity, user_id) 
    values
        (?, ?, ?)
2024-06-07T23:35:01.081+03:00 DEBUG 22132 --- [           main] org.hibernate.SQL                        : 
    insert 
    into
        member_drug_stocks
        (drug_id, quantity, user_id) 
    values
        (?, ?, ?)
Hibernate: 
    insert 
    into
        member_drug_stocks
        (drug_id, quantity, user_id) 
    values
        (?, ?, ?)
2024-06-07T23:35:01.086+03:00 DEBUG 22132 --- [           main] org.hibernate.SQL                        : 
    insert 
    into
        member_drug_stocks
        (drug_id, quantity, user_id) 
    values
        (?, ?, ?)
Hibernate: 
    insert 
    into
        member_drug_stocks
        (drug_id, quantity, user_id) 
    values
        (?, ?, ?)
2024-06-07T23:35:01.089+03:00 DEBUG 22132 --- [           main] org.hibernate.SQL                        : 
    insert 
    into
        member_drug_stocks
        (drug_id, quantity, user_id) 
    values
        (?, ?, ?)
Hibernate: 
    insert 
    into
        member_drug_stocks
        (drug_id, quantity, user_id) 
    values
        (?, ?, ?)
2024-06-07T23:35:01.093+03:00 DEBUG 22132 --- [           main] org.hibernate.SQL                        : 
    insert 
    into
        member_drug_stocks
        (drug_id, quantity, user_id) 
    values
        (?, ?, ?)
Hibernate: 
    insert 
    into
        member_drug_stocks
        (drug_id, quantity, user_id) 
    values
        (?, ?, ?)
2024-06-07T23:35:01.099+03:00 DEBUG 22132 --- [           main] org.hibernate.SQL                        : 
    insert 
    into
        member_drug_stocks
        (drug_id, quantity, user_id) 
    values
        (?, ?, ?)
Hibernate: 
    insert 
    into
        member_drug_stocks
        (drug_id, quantity, user_id) 
    values
        (?, ?, ?)
2024-06-07T23:35:01.103+03:00 DEBUG 22132 --- [           main] org.hibernate.SQL                        : 
    insert 
    into
        member_drug_stocks
        (drug_id, quantity, user_id) 
    values
        (?, ?, ?)
Hibernate: 
    insert 
    into
        member_drug_stocks
        (drug_id, quantity, user_id) 
    values
        (?, ?, ?)
2024-06-07T23:35:01.107+03:00 DEBUG 22132 --- [           main] org.hibernate.SQL                        : 
    insert 
    into
        member_drug_stocks
        (drug_id, quantity, user_id) 
    values
        (?, ?, ?)
Hibernate: 
    insert 
    into
        member_drug_stocks
        (drug_id, quantity, user_id) 
    values
        (?, ?, ?)
2024-06-07T23:35:01.112+03:00 DEBUG 22132 --- [           main] org.hibernate.SQL                        : 
    insert 
    into
        member_drug_stocks
        (drug_id, quantity, user_id) 
    values
        (?, ?, ?)
Hibernate: 
    insert 
    into
        member_drug_stocks
        (drug_id, quantity, user_id) 
    values
        (?, ?, ?)
2024-06-07T23:35:01.116+03:00 DEBUG 22132 --- [           main] org.hibernate.SQL                        : 
    insert 
    into
        member_drug_stocks
        (drug_id, quantity, user_id) 
    values
        (?, ?, ?)
Hibernate: 
    insert 
    into
        member_drug_stocks
        (drug_id, quantity, user_id) 
    values
        (?, ?, ?)
2024-06-07T23:35:01.120+03:00 DEBUG 22132 --- [           main] org.hibernate.SQL                        : 
    insert 
    into
        member_drug_stocks
        (drug_id, quantity, user_id) 
    values
        (?, ?, ?)
Hibernate: 
    insert 
    into
        member_drug_stocks
        (drug_id, quantity, user_id) 
    values
        (?, ?, ?)
2024-06-07T23:35:01.123+03:00 DEBUG 22132 --- [           main] org.hibernate.SQL                        : 
    insert 
    into
        member_drug_stocks
        (drug_id, quantity, user_id) 
    values
        (?, ?, ?)
Hibernate: 
    insert 
    into
        member_drug_stocks
        (drug_id, quantity, user_id) 
    values
        (?, ?, ?)
2024-06-07T23:35:01.127+03:00 DEBUG 22132 --- [           main] org.hibernate.SQL                        : 
    insert 
    into
        member_drug_stocks
        (drug_id, quantity, user_id) 
    values
        (?, ?, ?)
Hibernate: 
    insert 
    into
        member_drug_stocks
        (drug_id, quantity, user_id) 
    values
        (?, ?, ?)
2024-06-07T23:35:01.131+03:00 DEBUG 22132 --- [           main] org.hibernate.SQL                        : 
    insert 
    into
        member_drug_stocks
        (drug_id, quantity, user_id) 
    values
        (?, ?, ?)
Hibernate: 
    insert 
    into
        member_drug_stocks
        (drug_id, quantity, user_id) 
    values
        (?, ?, ?)
2024-06-07T23:35:01.134+03:00 DEBUG 22132 --- [           main] org.hibernate.SQL                        : 
    insert 
    into
        member_drug_stocks
        (drug_id, quantity, user_id) 
    values
        (?, ?, ?)
Hibernate: 
    insert 
    into
        member_drug_stocks
        (drug_id, quantity, user_id) 
    values
        (?, ?, ?)
2024-06-07T23:35:01.139+03:00 DEBUG 22132 --- [           main] org.hibernate.SQL                        : 
    insert 
    into
        member_drug_stocks
        (drug_id, quantity, user_id) 
    values
        (?, ?, ?)
Hibernate: 
    insert 
    into
        member_drug_stocks
        (drug_id, quantity, user_id) 
    values
        (?, ?, ?)
2024-06-07T23:35:01.143+03:00 DEBUG 22132 --- [           main] org.hibernate.SQL                        : 
    insert 
    into
        member_drug_stocks
        (drug_id, quantity, user_id) 
    values
        (?, ?, ?)
Hibernate: 
    insert 
    into
        member_drug_stocks
        (drug_id, quantity, user_id) 
    values
        (?, ?, ?)
2024-06-07T23:35:01.147+03:00 DEBUG 22132 --- [           main] org.hibernate.SQL                        : 
    insert 
    into
        member_drug_stocks
        (drug_id, quantity, user_id) 
    values
        (?, ?, ?)
Hibernate: 
    insert 
    into
        member_drug_stocks
        (drug_id, quantity, user_id) 
    values
        (?, ?, ?)
2024-06-07T23:35:01.150+03:00 DEBUG 22132 --- [           main] org.hibernate.SQL                        : 
    insert 
    into
        member_drug_stocks
        (drug_id, quantity, user_id) 
    values
        (?, ?, ?)
Hibernate: 
    insert 
    into
        member_drug_stocks
        (drug_id, quantity, user_id) 
    values
        (?, ?, ?)
2024-06-07T23:35:01.154+03:00 DEBUG 22132 --- [           main] org.hibernate.SQL                        : 
    insert 
    into
        member_drug_stocks
        (drug_id, quantity, user_id) 
    values
        (?, ?, ?)
Hibernate: 
    insert 
    into
        member_drug_stocks
        (drug_id, quantity, user_id) 
    values
        (?, ?, ?)
2024-06-07T23:35:01.157+03:00 DEBUG 22132 --- [           main] org.hibernate.SQL                        : 
    insert 
    into
        member_drug_stocks
        (drug_id, quantity, user_id) 
    values
        (?, ?, ?)
Hibernate: 
    insert 
    into
        member_drug_stocks
        (drug_id, quantity, user_id) 
    values
        (?, ?, ?)
2024-06-07T23:35:01.162+03:00 DEBUG 22132 --- [           main] org.hibernate.SQL                        : 
    insert 
    into
        member_drug_stocks
        (drug_id, quantity, user_id) 
    values
        (?, ?, ?)
Hibernate: 
    insert 
    into
        member_drug_stocks
        (drug_id, quantity, user_id) 
    values
        (?, ?, ?)
2024-06-07T23:35:01.165+03:00 DEBUG 22132 --- [           main] org.hibernate.SQL                        : 
    insert 
    into
        member_drug_stocks
        (drug_id, quantity, user_id) 
    values
        (?, ?, ?)
Hibernate: 
    insert 
    into
        member_drug_stocks
        (drug_id, quantity, user_id) 
    values
        (?, ?, ?)
2024-06-07T23:35:01.170+03:00 DEBUG 22132 --- [           main] org.hibernate.SQL                        : 
    insert 
    into
        member_drug_stocks
        (drug_id, quantity, user_id) 
    values
        (?, ?, ?)
Hibernate: 
    insert 
    into
        member_drug_stocks
        (drug_id, quantity, user_id) 
    values
        (?, ?, ?)
2024-06-07T23:35:01.174+03:00 DEBUG 22132 --- [           main] org.hibernate.SQL                        : 
    insert 
    into
        member_drug_stocks
        (drug_id, quantity, user_id) 
    values
        (?, ?, ?)
Hibernate: 
    insert 
    into
        member_drug_stocks
        (drug_id, quantity, user_id) 
    values
        (?, ?, ?)
2024-06-07T23:35:01.178+03:00 DEBUG 22132 --- [           main] org.hibernate.SQL                        : 
    insert 
    into
        member_drug_stocks
        (drug_id, quantity, user_id) 
    values
        (?, ?, ?)
Hibernate: 
    insert 
    into
        member_drug_stocks
        (drug_id, quantity, user_id) 
    values
        (?, ?, ?)
2024-06-07T23:35:01.182+03:00 DEBUG 22132 --- [           main] org.hibernate.SQL                        : 
    insert 
    into
        member_drug_stocks
        (drug_id, quantity, user_id) 
    values
        (?, ?, ?)
Hibernate: 
    insert 
    into
        member_drug_stocks
        (drug_id, quantity, user_id) 
    values
        (?, ?, ?)
2024-06-07T23:35:01.186+03:00 DEBUG 22132 --- [           main] org.hibernate.SQL                        : 
    insert 
    into
        member_drug_stocks
        (drug_id, quantity, user_id) 
    values
        (?, ?, ?)
Hibernate: 
    insert 
    into
        member_drug_stocks
        (drug_id, quantity, user_id) 
    values
        (?, ?, ?)
2024-06-07T23:35:01.190+03:00 DEBUG 22132 --- [           main] org.hibernate.SQL                        : 
    insert 
    into
        member_drug_stocks
        (drug_id, quantity, user_id) 
    values
        (?, ?, ?)
Hibernate: 
    insert 
    into
        member_drug_stocks
        (drug_id, quantity, user_id) 
    values
        (?, ?, ?)
2024-06-07T23:35:01.194+03:00 DEBUG 22132 --- [           main] org.hibernate.SQL                        : 
    insert 
    into
        member_drug_stocks
        (drug_id, quantity, user_id) 
    values
        (?, ?, ?)
Hibernate: 
    insert 
    into
        member_drug_stocks
        (drug_id, quantity, user_id) 
    values
        (?, ?, ?)
2024-06-07T23:35:01.198+03:00 DEBUG 22132 --- [           main] org.hibernate.SQL                        : 
    insert 
    into
        member_drug_stocks
        (drug_id, quantity, user_id) 
    values
        (?, ?, ?)
Hibernate: 
    insert 
    into
        member_drug_stocks
        (drug_id, quantity, user_id) 
    values
        (?, ?, ?)
2024-06-07T23:35:01.201+03:00 DEBUG 22132 --- [           main] org.hibernate.SQL                        : 
    insert 
    into
        member_drug_stocks
        (drug_id, quantity, user_id) 
    values
        (?, ?, ?)
Hibernate: 
    insert 
    into
        member_drug_stocks
        (drug_id, quantity, user_id) 
    values
        (?, ?, ?)
2024-06-07T23:35:01.204+03:00 DEBUG 22132 --- [           main] org.hibernate.SQL                        : 
    insert 
    into
        member_drug_stocks
        (drug_id, quantity, user_id) 
    values
        (?, ?, ?)
Hibernate: 
    insert 
    into
        member_drug_stocks
        (drug_id, quantity, user_id) 
    values
        (?, ?, ?)
2024-06-07T23:35:01.210+03:00 DEBUG 22132 --- [           main] org.hibernate.SQL                        : 
    insert 
    into
        member_drug_stocks
        (drug_id, quantity, user_id) 
    values
        (?, ?, ?)
Hibernate: 
    insert 
    into
        member_drug_stocks
        (drug_id, quantity, user_id) 
    values
        (?, ?, ?)
2024-06-07T23:35:01.216+03:00 DEBUG 22132 --- [           main] org.hibernate.SQL                        : 
    insert 
    into
        member_drug_stocks
        (drug_id, quantity, user_id) 
    values
        (?, ?, ?)
Hibernate: 
    insert 
    into
        member_drug_stocks
        (drug_id, quantity, user_id) 
    values
        (?, ?, ?)
2024-06-07T23:35:01.221+03:00 DEBUG 22132 --- [           main] org.hibernate.SQL                        : 
    insert 
    into
        member_drug_stocks
        (drug_id, quantity, user_id) 
    values
        (?, ?, ?)
Hibernate: 
    insert 
    into
        member_drug_stocks
        (drug_id, quantity, user_id) 
    values
        (?, ?, ?)
2024-06-07T23:35:01.225+03:00 DEBUG 22132 --- [           main] org.hibernate.SQL                        : 
    insert 
    into
        member_drug_stocks
        (drug_id, quantity, user_id) 
    values
        (?, ?, ?)
Hibernate: 
    insert 
    into
        member_drug_stocks
        (drug_id, quantity, user_id) 
    values
        (?, ?, ?)
2024-06-07T23:35:01.230+03:00 DEBUG 22132 --- [           main] org.hibernate.SQL                        : 
    insert 
    into
        member_drug_stocks
        (drug_id, quantity, user_id) 
    values
        (?, ?, ?)
Hibernate: 
    insert 
    into
        member_drug_stocks
        (drug_id, quantity, user_id) 
    values
        (?, ?, ?)
2024-06-07T23:35:01.234+03:00 DEBUG 22132 --- [           main] org.hibernate.SQL                        : 
    insert 
    into
        member_drug_stocks
        (drug_id, quantity, user_id) 
    values
        (?, ?, ?)
Hibernate: 
    insert 
    into
        member_drug_stocks
        (drug_id, quantity, user_id) 
    values
        (?, ?, ?)
2024-06-07T23:35:01.239+03:00 DEBUG 22132 --- [           main] org.hibernate.SQL                        : 
    insert 
    into
        member_drug_stocks
        (drug_id, quantity, user_id) 
    values
        (?, ?, ?)
Hibernate: 
    insert 
    into
        member_drug_stocks
        (drug_id, quantity, user_id) 
    values
        (?, ?, ?)
2024-06-07T23:35:01.245+03:00 DEBUG 22132 --- [           main] org.hibernate.SQL                        : 
    insert 
    into
        member_drug_stocks
        (drug_id, quantity, user_id) 
    values
        (?, ?, ?)
Hibernate: 
    insert 
    into
        member_drug_stocks
        (drug_id, quantity, user_id) 
    values
        (?, ?, ?)
2024-06-07T23:35:01.250+03:00 DEBUG 22132 --- [           main] org.hibernate.SQL                        : 
    insert 
    into
        member_drug_stocks
        (drug_id, quantity, user_id) 
    values
        (?, ?, ?)
Hibernate: 
    insert 
    into
        member_drug_stocks
        (drug_id, quantity, user_id) 
    values
        (?, ?, ?)
2024-06-07T23:35:01.254+03:00 DEBUG 22132 --- [           main] org.hibernate.SQL                        : 
    insert 
    into
        member_drug_stocks
        (drug_id, quantity, user_id) 
    values
        (?, ?, ?)
Hibernate: 
    insert 
    into
        member_drug_stocks
        (drug_id, quantity, user_id) 
    values
        (?, ?, ?)
2024-06-07T23:35:01.260+03:00 DEBUG 22132 --- [           main] org.hibernate.SQL                        : 
    insert 
    into
        member_drug_stocks
        (drug_id, quantity, user_id) 
    values
        (?, ?, ?)
Hibernate: 
    insert 
    into
        member_drug_stocks
        (drug_id, quantity, user_id) 
    values
        (?, ?, ?)
2024-06-07T23:35:01.266+03:00 DEBUG 22132 --- [           main] org.hibernate.SQL                        : 
    insert 
    into
        member_drug_stocks
        (drug_id, quantity, user_id) 
    values
        (?, ?, ?)
Hibernate: 
    insert 
    into
        member_drug_stocks
        (drug_id, quantity, user_id) 
    values
        (?, ?, ?)
2024-06-07T23:35:01.270+03:00 DEBUG 22132 --- [           main] org.hibernate.SQL                        : 
    insert 
    into
        member_drug_stocks
        (drug_id, quantity, user_id) 
    values
        (?, ?, ?)
Hibernate: 
    insert 
    into
        member_drug_stocks
        (drug_id, quantity, user_id) 
    values
        (?, ?, ?)
2024-06-07T23:35:01.275+03:00 DEBUG 22132 --- [           main] org.hibernate.SQL                        : 
    insert 
    into
        member_drug_stocks
        (drug_id, quantity, user_id) 
    values
        (?, ?, ?)
Hibernate: 
    insert 
    into
        member_drug_stocks
        (drug_id, quantity, user_id) 
    values
        (?, ?, ?)
2024-06-07T23:35:01.282+03:00 DEBUG 22132 --- [           main] org.hibernate.SQL                        : 
    insert 
    into
        member_drug_stocks
        (drug_id, quantity, user_id) 
    values
        (?, ?, ?)
Hibernate: 
    insert 
    into
        member_drug_stocks
        (drug_id, quantity, user_id) 
    values
        (?, ?, ?)
2024-06-07T23:35:01.286+03:00 DEBUG 22132 --- [           main] org.hibernate.SQL                        : 
    insert 
    into
        member_drug_stocks
        (drug_id, quantity, user_id) 
    values
        (?, ?, ?)
Hibernate: 
    insert 
    into
        member_drug_stocks
        (drug_id, quantity, user_id) 
    values
        (?, ?, ?)
2024-06-07T23:35:01.292+03:00 DEBUG 22132 --- [           main] org.hibernate.SQL                        : 
    insert 
    into
        member_drug_stocks
        (drug_id, quantity, user_id) 
    values
        (?, ?, ?)
Hibernate: 
    insert 
    into
        member_drug_stocks
        (drug_id, quantity, user_id) 
    values
        (?, ?, ?)
2024-06-07T23:35:01.298+03:00 DEBUG 22132 --- [           main] org.hibernate.SQL                        : 
    insert 
    into
        member_drug_stocks
        (drug_id, quantity, user_id) 
    values
        (?, ?, ?)
Hibernate: 
    insert 
    into
        member_drug_stocks
        (drug_id, quantity, user_id) 
    values
        (?, ?, ?)
2024-06-07T23:35:01.303+03:00 DEBUG 22132 --- [           main] org.hibernate.SQL                        : 
    insert 
    into
        member_drug_stocks
        (drug_id, quantity, user_id) 
    values
        (?, ?, ?)
Hibernate: 
    insert 
    into
        member_drug_stocks
        (drug_id, quantity, user_id) 
    values
        (?, ?, ?)
2024-06-07T23:35:01.309+03:00 DEBUG 22132 --- [           main] org.hibernate.SQL                        : 
    insert 
    into
        member_drug_stocks
        (drug_id, quantity, user_id) 
    values
        (?, ?, ?)
Hibernate: 
    insert 
    into
        member_drug_stocks
        (drug_id, quantity, user_id) 
    values
        (?, ?, ?)
2024-06-07T23:35:01.314+03:00 DEBUG 22132 --- [           main] org.hibernate.SQL                        : 
    insert 
    into
        member_drug_stocks
        (drug_id, quantity, user_id) 
    values
        (?, ?, ?)
Hibernate: 
    insert 
    into
        member_drug_stocks
        (drug_id, quantity, user_id) 
    values
        (?, ?, ?)
2024-06-07T23:35:01.320+03:00 DEBUG 22132 --- [           main] org.hibernate.SQL                        : 
    insert 
    into
        member_drug_stocks
        (drug_id, quantity, user_id) 
    values
        (?, ?, ?)
Hibernate: 
    insert 
    into
        member_drug_stocks
        (drug_id, quantity, user_id) 
    values
        (?, ?, ?)
2024-06-07T23:35:01.324+03:00 DEBUG 22132 --- [           main] org.hibernate.SQL                        : 
    insert 
    into
        member_drug_stocks
        (drug_id, quantity, user_id) 
    values
        (?, ?, ?)
Hibernate: 
    insert 
    into
        member_drug_stocks
        (drug_id, quantity, user_id) 
    values
        (?, ?, ?)
2024-06-07T23:35:01.330+03:00 DEBUG 22132 --- [           main] org.hibernate.SQL                        : 
    insert 
    into
        member_drug_stocks
        (drug_id, quantity, user_id) 
    values
        (?, ?, ?)
Hibernate: 
    insert 
    into
        member_drug_stocks
        (drug_id, quantity, user_id) 
    values
        (?, ?, ?)
2024-06-07T23:35:01.336+03:00 DEBUG 22132 --- [           main] org.hibernate.SQL                        : 
    insert 
    into
        member_drug_stocks
        (drug_id, quantity, user_id) 
    values
        (?, ?, ?)
Hibernate: 
    insert 
    into
        member_drug_stocks
        (drug_id, quantity, user_id) 
    values
        (?, ?, ?)
2024-06-07T23:35:01.340+03:00 DEBUG 22132 --- [           main] org.hibernate.SQL                        : 
    insert 
    into
        member_drug_stocks
        (drug_id, quantity, user_id) 
    values
        (?, ?, ?)
Hibernate: 
    insert 
    into
        member_drug_stocks
        (drug_id, quantity, user_id) 
    values
        (?, ?, ?)
2024-06-07T23:35:01.346+03:00 DEBUG 22132 --- [           main] org.hibernate.SQL                        : 
    insert 
    into
        member_drug_stocks
        (drug_id, quantity, user_id) 
    values
        (?, ?, ?)
Hibernate: 
    insert 
    into
        member_drug_stocks
        (drug_id, quantity, user_id) 
    values
        (?, ?, ?)
2024-06-07T23:35:01.352+03:00 DEBUG 22132 --- [           main] org.hibernate.SQL                        : 
    insert 
    into
        member_drug_stocks
        (drug_id, quantity, user_id) 
    values
        (?, ?, ?)
Hibernate: 
    insert 
    into
        member_drug_stocks
        (drug_id, quantity, user_id) 
    values
        (?, ?, ?)
2024-06-07T23:35:01.356+03:00 DEBUG 22132 --- [           main] org.hibernate.SQL                        : 
    insert 
    into
        member_drug_stocks
        (drug_id, quantity, user_id) 
    values
        (?, ?, ?)
Hibernate: 
    insert 
    into
        member_drug_stocks
        (drug_id, quantity, user_id) 
    values
        (?, ?, ?)
2024-06-07T23:35:01.362+03:00 DEBUG 22132 --- [           main] org.hibernate.SQL                        : 
    insert 
    into
        member_drug_stocks
        (drug_id, quantity, user_id) 
    values
        (?, ?, ?)
Hibernate: 
    insert 
    into
        member_drug_stocks
        (drug_id, quantity, user_id) 
    values
        (?, ?, ?)
2024-06-07T23:35:01.367+03:00 DEBUG 22132 --- [           main] org.hibernate.SQL                        : 
    insert 
    into
        member_drug_stocks
        (drug_id, quantity, user_id) 
    values
        (?, ?, ?)
Hibernate: 
    insert 
    into
        member_drug_stocks
        (drug_id, quantity, user_id) 
    values
        (?, ?, ?)
2024-06-07T23:35:01.370+03:00 DEBUG 22132 --- [           main] org.hibernate.SQL                        : 
    insert 
    into
        member_drug_stocks
        (drug_id, quantity, user_id) 
    values
        (?, ?, ?)
Hibernate: 
    insert 
    into
        member_drug_stocks
        (drug_id, quantity, user_id) 
    values
        (?, ?, ?)
2024-06-07T23:35:01.375+03:00 DEBUG 22132 --- [           main] org.hibernate.SQL                        : 
    insert 
    into
        member_drug_stocks
        (drug_id, quantity, user_id) 
    values
        (?, ?, ?)
Hibernate: 
    insert 
    into
        member_drug_stocks
        (drug_id, quantity, user_id) 
    values
        (?, ?, ?)
2024-06-07T23:35:01.381+03:00 DEBUG 22132 --- [           main] org.hibernate.SQL                        : 
    insert 
    into
        member_drug_stocks
        (drug_id, quantity, user_id) 
    values
        (?, ?, ?)
Hibernate: 
    insert 
    into
        member_drug_stocks
        (drug_id, quantity, user_id) 
    values
        (?, ?, ?)
2024-06-07T23:35:01.385+03:00 DEBUG 22132 --- [           main] org.hibernate.SQL                        : 
    insert 
    into
        member_drug_stocks
        (drug_id, quantity, user_id) 
    values
        (?, ?, ?)
Hibernate: 
    insert 
    into
        member_drug_stocks
        (drug_id, quantity, user_id) 
    values
        (?, ?, ?)
2024-06-07T23:35:01.388+03:00 DEBUG 22132 --- [           main] org.hibernate.SQL                        : 
    insert 
    into
        member_drug_stocks
        (drug_id, quantity, user_id) 
    values
        (?, ?, ?)
Hibernate: 
    insert 
    into
        member_drug_stocks
        (drug_id, quantity, user_id) 
    values
        (?, ?, ?)
2024-06-07T23:35:01.394+03:00 DEBUG 22132 --- [           main] org.hibernate.SQL                        : 
    insert 
    into
        member_drug_stocks
        (drug_id, quantity, user_id) 
    values
        (?, ?, ?)
Hibernate: 
    insert 
    into
        member_drug_stocks
        (drug_id, quantity, user_id) 
    values
        (?, ?, ?)
2024-06-07T23:35:01.398+03:00 DEBUG 22132 --- [           main] org.hibernate.SQL                        : 
    insert 
    into
        member_drug_stocks
        (drug_id, quantity, user_id) 
    values
        (?, ?, ?)
Hibernate: 
    insert 
    into
        member_drug_stocks
        (drug_id, quantity, user_id) 
    values
        (?, ?, ?)
2024-06-07T23:35:01.402+03:00 DEBUG 22132 --- [           main] org.hibernate.SQL                        : 
    insert 
    into
        member_drug_stocks
        (drug_id, quantity, user_id) 
    values
        (?, ?, ?)
Hibernate: 
    insert 
    into
        member_drug_stocks
        (drug_id, quantity, user_id) 
    values
        (?, ?, ?)
2024-06-07T23:35:01.406+03:00 DEBUG 22132 --- [           main] org.hibernate.SQL                        : 
    insert 
    into
        member_drug_stocks
        (drug_id, quantity, user_id) 
    values
        (?, ?, ?)
Hibernate: 
    insert 
    into
        member_drug_stocks
        (drug_id, quantity, user_id) 
    values
        (?, ?, ?)
2024-06-07T23:35:01.410+03:00 DEBUG 22132 --- [           main] org.hibernate.SQL                        : 
    insert 
    into
        member_drug_stocks
        (drug_id, quantity, user_id) 
    values
        (?, ?, ?)
Hibernate: 
    insert 
    into
        member_drug_stocks
        (drug_id, quantity, user_id) 
    values
        (?, ?, ?)
2024-06-07T23:35:01.414+03:00 DEBUG 22132 --- [           main] org.hibernate.SQL                        : 
    insert 
    into
        member_drug_stocks
        (drug_id, quantity, user_id) 
    values
        (?, ?, ?)
Hibernate: 
    insert 
    into
        member_drug_stocks
        (drug_id, quantity, user_id) 
    values
        (?, ?, ?)
2024-06-07T23:35:01.418+03:00 DEBUG 22132 --- [           main] org.hibernate.SQL                        : 
    insert 
    into
        member_drug_stocks
        (drug_id, quantity, user_id) 
    values
        (?, ?, ?)
Hibernate: 
    insert 
    into
        member_drug_stocks
        (drug_id, quantity, user_id) 
    values
        (?, ?, ?)
2024-06-07T23:35:01.421+03:00 DEBUG 22132 --- [           main] org.hibernate.SQL                        : 
    insert 
    into
        member_drug_stocks
        (drug_id, quantity, user_id) 
    values
        (?, ?, ?)
Hibernate: 
    insert 
    into
        member_drug_stocks
        (drug_id, quantity, user_id) 
    values
        (?, ?, ?)
2024-06-07T23:35:01.424+03:00 DEBUG 22132 --- [           main] org.hibernate.SQL                        : 
    insert 
    into
        member_drug_stocks
        (drug_id, quantity, user_id) 
    values
        (?, ?, ?)
Hibernate: 
    insert 
    into
        member_drug_stocks
        (drug_id, quantity, user_id) 
    values
        (?, ?, ?)
2024-06-07T23:35:01.428+03:00 DEBUG 22132 --- [           main] org.hibernate.SQL                        : 
    insert 
    into
        member_drug_stocks
        (drug_id, quantity, user_id) 
    values
        (?, ?, ?)
Hibernate: 
    insert 
    into
        member_drug_stocks
        (drug_id, quantity, user_id) 
    values
        (?, ?, ?)
2024-06-07T23:35:01.433+03:00 DEBUG 22132 --- [           main] org.hibernate.SQL                        : 
    insert 
    into
        member_drug_stocks
        (drug_id, quantity, user_id) 
    values
        (?, ?, ?)
Hibernate: 
    insert 
    into
        member_drug_stocks
        (drug_id, quantity, user_id) 
    values
        (?, ?, ?)
2024-06-07T23:35:01.437+03:00 DEBUG 22132 --- [           main] org.hibernate.SQL                        : 
    insert 
    into
        member_drug_stocks
        (drug_id, quantity, user_id) 
    values
        (?, ?, ?)
Hibernate: 
    insert 
    into
        member_drug_stocks
        (drug_id, quantity, user_id) 
    values
        (?, ?, ?)
2024-06-07T23:35:01.442+03:00 DEBUG 22132 --- [           main] org.hibernate.SQL                        : 
    insert 
    into
        member_drug_stocks
        (drug_id, quantity, user_id) 
    values
        (?, ?, ?)
Hibernate: 
    insert 
    into
        member_drug_stocks
        (drug_id, quantity, user_id) 
    values
        (?, ?, ?)
2024-06-07T23:35:01.447+03:00 DEBUG 22132 --- [           main] org.hibernate.SQL                        : 
    insert 
    into
        member_drug_stocks
        (drug_id, quantity, user_id) 
    values
        (?, ?, ?)
Hibernate: 
    insert 
    into
        member_drug_stocks
        (drug_id, quantity, user_id) 
    values
        (?, ?, ?)
2024-06-07T23:35:01.449+03:00 DEBUG 22132 --- [           main] org.hibernate.SQL                        : 
    insert 
    into
        member_drug_stocks
        (drug_id, quantity, user_id) 
    values
        (?, ?, ?)
Hibernate: 
    insert 
    into
        member_drug_stocks
        (drug_id, quantity, user_id) 
    values
        (?, ?, ?)
2024-06-07T23:35:01.452+03:00 DEBUG 22132 --- [           main] org.hibernate.SQL                        : 
    insert 
    into
        member_drug_stocks
        (drug_id, quantity, user_id) 
    values
        (?, ?, ?)
Hibernate: 
    insert 
    into
        member_drug_stocks
        (drug_id, quantity, user_id) 
    values
        (?, ?, ?)
2024-06-07T23:35:01.455+03:00 DEBUG 22132 --- [           main] org.hibernate.SQL                        : 
    insert 
    into
        member_drug_stocks
        (drug_id, quantity, user_id) 
    values
        (?, ?, ?)
Hibernate: 
    insert 
    into
        member_drug_stocks
        (drug_id, quantity, user_id) 
    values
        (?, ?, ?)
2024-06-07T23:35:01.459+03:00 DEBUG 22132 --- [           main] org.hibernate.SQL                        : 
    insert 
    into
        member_drug_stocks
        (drug_id, quantity, user_id) 
    values
        (?, ?, ?)
Hibernate: 
    insert 
    into
        member_drug_stocks
        (drug_id, quantity, user_id) 
    values
        (?, ?, ?)
2024-06-07T23:35:01.463+03:00 DEBUG 22132 --- [           main] org.hibernate.SQL                        : 
    insert 
    into
        member_drug_stocks
        (drug_id, quantity, user_id) 
    values
        (?, ?, ?)
Hibernate: 
    insert 
    into
        member_drug_stocks
        (drug_id, quantity, user_id) 
    values
        (?, ?, ?)
2024-06-07T23:35:01.466+03:00 DEBUG 22132 --- [           main] org.hibernate.SQL                        : 
    insert 
    into
        member_drug_stocks
        (drug_id, quantity, user_id) 
    values
        (?, ?, ?)
Hibernate: 
    insert 
    into
        member_drug_stocks
        (drug_id, quantity, user_id) 
    values
        (?, ?, ?)
2024-06-07T23:35:01.470+03:00 DEBUG 22132 --- [           main] org.hibernate.SQL                        : 
    insert 
    into
        member_drug_stocks
        (drug_id, quantity, user_id) 
    values
        (?, ?, ?)
Hibernate: 
    insert 
    into
        member_drug_stocks
        (drug_id, quantity, user_id) 
    values
        (?, ?, ?)
2024-06-07T23:35:01.473+03:00 DEBUG 22132 --- [           main] org.hibernate.SQL                        : 
    insert 
    into
        member_drug_stocks
        (drug_id, quantity, user_id) 
    values
        (?, ?, ?)
Hibernate: 
    insert 
    into
        member_drug_stocks
        (drug_id, quantity, user_id) 
    values
        (?, ?, ?)
2024-06-07T23:35:01.479+03:00 DEBUG 22132 --- [           main] org.hibernate.SQL                        : 
    insert 
    into
        member_drug_stocks
        (drug_id, quantity, user_id) 
    values
        (?, ?, ?)
Hibernate: 
    insert 
    into
        member_drug_stocks
        (drug_id, quantity, user_id) 
    values
        (?, ?, ?)
2024-06-07T23:35:01.483+03:00 DEBUG 22132 --- [           main] org.hibernate.SQL                        : 
    insert 
    into
        member_drug_stocks
        (drug_id, quantity, user_id) 
    values
        (?, ?, ?)
Hibernate: 
    insert 
    into
        member_drug_stocks
        (drug_id, quantity, user_id) 
    values
        (?, ?, ?)
2024-06-07T23:35:01.487+03:00 DEBUG 22132 --- [           main] org.hibernate.SQL                        : 
    insert 
    into
        member_drug_stocks
        (drug_id, quantity, user_id) 
    values
        (?, ?, ?)
Hibernate: 
    insert 
    into
        member_drug_stocks
        (drug_id, quantity, user_id) 
    values
        (?, ?, ?)
2024-06-07T23:35:01.491+03:00 DEBUG 22132 --- [           main] org.hibernate.SQL                        : 
    insert 
    into
        member_drug_stocks
        (drug_id, quantity, user_id) 
    values
        (?, ?, ?)
Hibernate: 
    insert 
    into
        member_drug_stocks
        (drug_id, quantity, user_id) 
    values
        (?, ?, ?)
2024-06-07T23:35:01.496+03:00 DEBUG 22132 --- [           main] org.hibernate.SQL                        : 
    insert 
    into
        member_drug_stocks
        (drug_id, quantity, user_id) 
    values
        (?, ?, ?)
Hibernate: 
    insert 
    into
        member_drug_stocks
        (drug_id, quantity, user_id) 
    values
        (?, ?, ?)
2024-06-07T23:35:01.500+03:00 DEBUG 22132 --- [           main] org.hibernate.SQL                        : 
    insert 
    into
        member_drug_stocks
        (drug_id, quantity, user_id) 
    values
        (?, ?, ?)
Hibernate: 
    insert 
    into
        member_drug_stocks
        (drug_id, quantity, user_id) 
    values
        (?, ?, ?)
2024-06-07T23:35:01.504+03:00 DEBUG 22132 --- [           main] org.hibernate.SQL                        : 
    insert 
    into
        member_drug_stocks
        (drug_id, quantity, user_id) 
    values
        (?, ?, ?)
Hibernate: 
    insert 
    into
        member_drug_stocks
        (drug_id, quantity, user_id) 
    values
        (?, ?, ?)
2024-06-07T23:35:01.507+03:00 DEBUG 22132 --- [           main] org.hibernate.SQL                        : 
    insert 
    into
        member_drug_stocks
        (drug_id, quantity, user_id) 
    values
        (?, ?, ?)
Hibernate: 
    insert 
    into
        member_drug_stocks
        (drug_id, quantity, user_id) 
    values
        (?, ?, ?)
2024-06-07T23:35:01.512+03:00 DEBUG 22132 --- [           main] org.hibernate.SQL                        : 
    insert 
    into
        member_drug_stocks
        (drug_id, quantity, user_id) 
    values
        (?, ?, ?)
Hibernate: 
    insert 
    into
        member_drug_stocks
        (drug_id, quantity, user_id) 
    values
        (?, ?, ?)
2024-06-07T23:35:01.518+03:00 DEBUG 22132 --- [           main] org.hibernate.SQL                        : 
    insert 
    into
        member_drug_stocks
        (drug_id, quantity, user_id) 
    values
        (?, ?, ?)
Hibernate: 
    insert 
    into
        member_drug_stocks
        (drug_id, quantity, user_id) 
    values
        (?, ?, ?)
2024-06-07T23:35:01.521+03:00 DEBUG 22132 --- [           main] org.hibernate.SQL                        : 
    insert 
    into
        member_drug_stocks
        (drug_id, quantity, user_id) 
    values
        (?, ?, ?)
Hibernate: 
    insert 
    into
        member_drug_stocks
        (drug_id, quantity, user_id) 
    values
        (?, ?, ?)
2024-06-07T23:35:01.525+03:00 DEBUG 22132 --- [           main] org.hibernate.SQL                        : 
    insert 
    into
        member_drug_stocks
        (drug_id, quantity, user_id) 
    values
        (?, ?, ?)
Hibernate: 
    insert 
    into
        member_drug_stocks
        (drug_id, quantity, user_id) 
    values
        (?, ?, ?)
2024-06-07T23:35:01.529+03:00 DEBUG 22132 --- [           main] org.hibernate.SQL                        : 
    insert 
    into
        member_drug_stocks
        (drug_id, quantity, user_id) 
    values
        (?, ?, ?)
Hibernate: 
    insert 
    into
        member_drug_stocks
        (drug_id, quantity, user_id) 
    values
        (?, ?, ?)
2024-06-07T23:35:01.532+03:00 DEBUG 22132 --- [           main] org.hibernate.SQL                        : 
    insert 
    into
        member_drug_stocks
        (drug_id, quantity, user_id) 
    values
        (?, ?, ?)
Hibernate: 
    insert 
    into
        member_drug_stocks
        (drug_id, quantity, user_id) 
    values
        (?, ?, ?)
2024-06-07T23:35:01.536+03:00 DEBUG 22132 --- [           main] org.hibernate.SQL                        : 
    insert 
    into
        member_drug_stocks
        (drug_id, quantity, user_id) 
    values
        (?, ?, ?)
Hibernate: 
    insert 
    into
        member_drug_stocks
        (drug_id, quantity, user_id) 
    values
        (?, ?, ?)
2024-06-07T23:35:01.539+03:00 DEBUG 22132 --- [           main] org.hibernate.SQL                        : 
    insert 
    into
        member_drug_stocks
        (drug_id, quantity, user_id) 
    values
        (?, ?, ?)
Hibernate: 
    insert 
    into
        member_drug_stocks
        (drug_id, quantity, user_id) 
    values
        (?, ?, ?)
2024-06-07T23:35:01.543+03:00 DEBUG 22132 --- [           main] org.hibernate.SQL                        : 
    insert 
    into
        member_drug_stocks
        (drug_id, quantity, user_id) 
    values
        (?, ?, ?)
Hibernate: 
    insert 
    into
        member_drug_stocks
        (drug_id, quantity, user_id) 
    values
        (?, ?, ?)
2024-06-07T23:35:01.548+03:00 DEBUG 22132 --- [           main] org.hibernate.SQL                        : 
    insert 
    into
        member_drug_stocks
        (drug_id, quantity, user_id) 
    values
        (?, ?, ?)
Hibernate: 
    insert 
    into
        member_drug_stocks
        (drug_id, quantity, user_id) 
    values
        (?, ?, ?)
2024-06-07T23:35:01.552+03:00 DEBUG 22132 --- [           main] org.hibernate.SQL                        : 
    insert 
    into
        member_drug_stocks
        (drug_id, quantity, user_id) 
    values
        (?, ?, ?)
Hibernate: 
    insert 
    into
        member_drug_stocks
        (drug_id, quantity, user_id) 
    values
        (?, ?, ?)
2024-06-07T23:35:01.555+03:00 DEBUG 22132 --- [           main] org.hibernate.SQL                        : 
    insert 
    into
        member_drug_stocks
        (drug_id, quantity, user_id) 
    values
        (?, ?, ?)
Hibernate: 
    insert 
    into
        member_drug_stocks
        (drug_id, quantity, user_id) 
    values
        (?, ?, ?)
2024-06-07T23:35:01.559+03:00 DEBUG 22132 --- [           main] org.hibernate.SQL                        : 
    insert 
    into
        member_drug_stocks
        (drug_id, quantity, user_id) 
    values
        (?, ?, ?)
Hibernate: 
    insert 
    into
        member_drug_stocks
        (drug_id, quantity, user_id) 
    values
        (?, ?, ?)
2024-06-07T23:35:01.562+03:00 DEBUG 22132 --- [           main] org.hibernate.SQL                        : 
    insert 
    into
        member_drug_stocks
        (drug_id, quantity, user_id) 
    values
        (?, ?, ?)
Hibernate: 
    insert 
    into
        member_drug_stocks
        (drug_id, quantity, user_id) 
    values
        (?, ?, ?)
2024-06-07T23:35:01.566+03:00 DEBUG 22132 --- [           main] org.hibernate.SQL                        : 
    insert 
    into
        member_drug_stocks
        (drug_id, quantity, user_id) 
    values
        (?, ?, ?)
Hibernate: 
    insert 
    into
        member_drug_stocks
        (drug_id, quantity, user_id) 
    values
        (?, ?, ?)
2024-06-07T23:35:01.569+03:00 DEBUG 22132 --- [           main] org.hibernate.SQL                        : 
    insert 
    into
        member_drug_stocks
        (drug_id, quantity, user_id) 
    values
        (?, ?, ?)
Hibernate: 
    insert 
    into
        member_drug_stocks
        (drug_id, quantity, user_id) 
    values
        (?, ?, ?)
2024-06-07T23:35:01.575+03:00 DEBUG 22132 --- [           main] org.hibernate.SQL                        : 
    insert 
    into
        member_drug_stocks
        (drug_id, quantity, user_id) 
    values
        (?, ?, ?)
Hibernate: 
    insert 
    into
        member_drug_stocks
        (drug_id, quantity, user_id) 
    values
        (?, ?, ?)
2024-06-07T23:35:01.580+03:00 DEBUG 22132 --- [           main] org.hibernate.SQL                        : 
    insert 
    into
        member_drug_stocks
        (drug_id, quantity, user_id) 
    values
        (?, ?, ?)
Hibernate: 
    insert 
    into
        member_drug_stocks
        (drug_id, quantity, user_id) 
    values
        (?, ?, ?)
2024-06-07T23:35:01.585+03:00 DEBUG 22132 --- [           main] org.hibernate.SQL                        : 
    insert 
    into
        member_drug_stocks
        (drug_id, quantity, user_id) 
    values
        (?, ?, ?)
Hibernate: 
    insert 
    into
        member_drug_stocks
        (drug_id, quantity, user_id) 
    values
        (?, ?, ?)
2024-06-07T23:35:01.590+03:00 DEBUG 22132 --- [           main] org.hibernate.SQL                        : 
    insert 
    into
        member_drug_stocks
        (drug_id, quantity, user_id) 
    values
        (?, ?, ?)
Hibernate: 
    insert 
    into
        member_drug_stocks
        (drug_id, quantity, user_id) 
    values
        (?, ?, ?)
2024-06-07T23:35:01.595+03:00 DEBUG 22132 --- [           main] org.hibernate.SQL                        : 
    insert 
    into
        member_drug_stocks
        (drug_id, quantity, user_id) 
    values
        (?, ?, ?)
Hibernate: 
    insert 
    into
        member_drug_stocks
        (drug_id, quantity, user_id) 
    values
        (?, ?, ?)
2024-06-07T23:35:01.600+03:00 DEBUG 22132 --- [           main] org.hibernate.SQL                        : 
    insert 
    into
        member_drug_stocks
        (drug_id, quantity, user_id) 
    values
        (?, ?, ?)
Hibernate: 
    insert 
    into
        member_drug_stocks
        (drug_id, quantity, user_id) 
    values
        (?, ?, ?)
2024-06-07T23:35:01.604+03:00 DEBUG 22132 --- [           main] org.hibernate.SQL                        : 
    insert 
    into
        member_drug_stocks
        (drug_id, quantity, user_id) 
    values
        (?, ?, ?)
Hibernate: 
    insert 
    into
        member_drug_stocks
        (drug_id, quantity, user_id) 
    values
        (?, ?, ?)
2024-06-07T23:35:01.607+03:00 DEBUG 22132 --- [           main] org.hibernate.SQL                        : 
    insert 
    into
        member_drug_stocks
        (drug_id, quantity, user_id) 
    values
        (?, ?, ?)
Hibernate: 
    insert 
    into
        member_drug_stocks
        (drug_id, quantity, user_id) 
    values
        (?, ?, ?)
2024-06-07T23:35:01.613+03:00 DEBUG 22132 --- [           main] org.hibernate.SQL                        : 
    insert 
    into
        member_drug_stocks
        (drug_id, quantity, user_id) 
    values
        (?, ?, ?)
Hibernate: 
    insert 
    into
        member_drug_stocks
        (drug_id, quantity, user_id) 
    values
        (?, ?, ?)
2024-06-07T23:35:01.618+03:00 DEBUG 22132 --- [           main] org.hibernate.SQL                        : 
    insert 
    into
        member_drug_stocks
        (drug_id, quantity, user_id) 
    values
        (?, ?, ?)
Hibernate: 
    insert 
    into
        member_drug_stocks
        (drug_id, quantity, user_id) 
    values
        (?, ?, ?)
2024-06-07T23:35:01.622+03:00 DEBUG 22132 --- [           main] org.hibernate.SQL                        : 
    insert 
    into
        member_drug_stocks
        (drug_id, quantity, user_id) 
    values
        (?, ?, ?)
Hibernate: 
    insert 
    into
        member_drug_stocks
        (drug_id, quantity, user_id) 
    values
        (?, ?, ?)
2024-06-07T23:35:01.627+03:00 DEBUG 22132 --- [           main] org.hibernate.SQL                        : 
    insert 
    into
        member_drug_stocks
        (drug_id, quantity, user_id) 
    values
        (?, ?, ?)
Hibernate: 
    insert 
    into
        member_drug_stocks
        (drug_id, quantity, user_id) 
    values
        (?, ?, ?)
2024-06-07T23:35:01.631+03:00 DEBUG 22132 --- [           main] org.hibernate.SQL                        : 
    insert 
    into
        member_drug_stocks
        (drug_id, quantity, user_id) 
    values
        (?, ?, ?)
Hibernate: 
    insert 
    into
        member_drug_stocks
        (drug_id, quantity, user_id) 
    values
        (?, ?, ?)
2024-06-07T23:35:01.636+03:00 DEBUG 22132 --- [           main] org.hibernate.SQL                        : 
    insert 
    into
        member_drug_stocks
        (drug_id, quantity, user_id) 
    values
        (?, ?, ?)
Hibernate: 
    insert 
    into
        member_drug_stocks
        (drug_id, quantity, user_id) 
    values
        (?, ?, ?)
2024-06-07T23:35:01.642+03:00 DEBUG 22132 --- [           main] org.hibernate.SQL                        : 
    insert 
    into
        member_drug_stocks
        (drug_id, quantity, user_id) 
    values
        (?, ?, ?)
Hibernate: 
    insert 
    into
        member_drug_stocks
        (drug_id, quantity, user_id) 
    values
        (?, ?, ?)
2024-06-07T23:35:01.645+03:00 DEBUG 22132 --- [           main] org.hibernate.SQL                        : 
    insert 
    into
        member_drug_stocks
        (drug_id, quantity, user_id) 
    values
        (?, ?, ?)
Hibernate: 
    insert 
    into
        member_drug_stocks
        (drug_id, quantity, user_id) 
    values
        (?, ?, ?)
2024-06-07T23:35:01.650+03:00 DEBUG 22132 --- [           main] org.hibernate.SQL                        : 
    insert 
    into
        member_drug_stocks
        (drug_id, quantity, user_id) 
    values
        (?, ?, ?)
Hibernate: 
    insert 
    into
        member_drug_stocks
        (drug_id, quantity, user_id) 
    values
        (?, ?, ?)
2024-06-07T23:35:01.662+03:00 DEBUG 22132 --- [           main] org.hibernate.SQL                        : 
    insert 
    into
        member_drug_stocks
        (drug_id, quantity, user_id) 
    values
        (?, ?, ?)
Hibernate: 
    insert 
    into
        member_drug_stocks
        (drug_id, quantity, user_id) 
    values
        (?, ?, ?)
2024-06-07T23:35:01.670+03:00 DEBUG 22132 --- [           main] org.hibernate.SQL                        : 
    insert 
    into
        member_drug_stocks
        (drug_id, quantity, user_id) 
    values
        (?, ?, ?)
Hibernate: 
    insert 
    into
        member_drug_stocks
        (drug_id, quantity, user_id) 
    values
        (?, ?, ?)
2024-06-07T23:35:01.677+03:00 DEBUG 22132 --- [           main] org.hibernate.SQL                        : 
    insert 
    into
        member_drug_stocks
        (drug_id, quantity, user_id) 
    values
        (?, ?, ?)
Hibernate: 
    insert 
    into
        member_drug_stocks
        (drug_id, quantity, user_id) 
    values
        (?, ?, ?)
2024-06-07T23:35:01.683+03:00 DEBUG 22132 --- [           main] org.hibernate.SQL                        : 
    insert 
    into
        member_drug_stocks
        (drug_id, quantity, user_id) 
    values
        (?, ?, ?)
Hibernate: 
    insert 
    into
        member_drug_stocks
        (drug_id, quantity, user_id) 
    values
        (?, ?, ?)
2024-06-07T23:35:01.692+03:00 DEBUG 22132 --- [           main] org.hibernate.SQL                        : 
    insert 
    into
        member_drug_stocks
        (drug_id, quantity, user_id) 
    values
        (?, ?, ?)
Hibernate: 
    insert 
    into
        member_drug_stocks
        (drug_id, quantity, user_id) 
    values
        (?, ?, ?)
2024-06-07T23:35:01.697+03:00 DEBUG 22132 --- [           main] org.hibernate.SQL                        : 
    insert 
    into
        member_drug_stocks
        (drug_id, quantity, user_id) 
    values
        (?, ?, ?)
Hibernate: 
    insert 
    into
        member_drug_stocks
        (drug_id, quantity, user_id) 
    values
        (?, ?, ?)
2024-06-07T23:35:01.702+03:00 DEBUG 22132 --- [           main] org.hibernate.SQL                        : 
    insert 
    into
        member_drug_stocks
        (drug_id, quantity, user_id) 
    values
        (?, ?, ?)
Hibernate: 
    insert 
    into
        member_drug_stocks
        (drug_id, quantity, user_id) 
    values
        (?, ?, ?)
2024-06-07T23:35:01.706+03:00 DEBUG 22132 --- [           main] org.hibernate.SQL                        : 
    insert 
    into
        member_drug_stocks
        (drug_id, quantity, user_id) 
    values
        (?, ?, ?)
Hibernate: 
    insert 
    into
        member_drug_stocks
        (drug_id, quantity, user_id) 
    values
        (?, ?, ?)
2024-06-07T23:35:01.711+03:00 DEBUG 22132 --- [           main] org.hibernate.SQL                        : 
    insert 
    into
        member_drug_stocks
        (drug_id, quantity, user_id) 
    values
        (?, ?, ?)
Hibernate: 
    insert 
    into
        member_drug_stocks
        (drug_id, quantity, user_id) 
    values
        (?, ?, ?)
2024-06-07T23:35:01.714+03:00 DEBUG 22132 --- [           main] org.hibernate.SQL                        : 
    insert 
    into
        member_drug_stocks
        (drug_id, quantity, user_id) 
    values
        (?, ?, ?)
Hibernate: 
    insert 
    into
        member_drug_stocks
        (drug_id, quantity, user_id) 
    values
        (?, ?, ?)
2024-06-07T23:35:01.719+03:00 DEBUG 22132 --- [           main] org.hibernate.SQL                        : 
    insert 
    into
        member_drug_stocks
        (drug_id, quantity, user_id) 
    values
        (?, ?, ?)
Hibernate: 
    insert 
    into
        member_drug_stocks
        (drug_id, quantity, user_id) 
    values
        (?, ?, ?)
2024-06-07T23:35:01.723+03:00 DEBUG 22132 --- [           main] org.hibernate.SQL                        : 
    insert 
    into
        member_drug_stocks
        (drug_id, quantity, user_id) 
    values
        (?, ?, ?)
Hibernate: 
    insert 
    into
        member_drug_stocks
        (drug_id, quantity, user_id) 
    values
        (?, ?, ?)
2024-06-07T23:35:01.728+03:00 DEBUG 22132 --- [           main] org.hibernate.SQL                        : 
    insert 
    into
        member_drug_stocks
        (drug_id, quantity, user_id) 
    values
        (?, ?, ?)
Hibernate: 
    insert 
    into
        member_drug_stocks
        (drug_id, quantity, user_id) 
    values
        (?, ?, ?)
2024-06-07T23:35:01.733+03:00 DEBUG 22132 --- [           main] org.hibernate.SQL                        : 
    insert 
    into
        member_drug_stocks
        (drug_id, quantity, user_id) 
    values
        (?, ?, ?)
Hibernate: 
    insert 
    into
        member_drug_stocks
        (drug_id, quantity, user_id) 
    values
        (?, ?, ?)
2024-06-07T23:35:01.739+03:00 DEBUG 22132 --- [           main] org.hibernate.SQL                        : 
    insert 
    into
        member_drug_stocks
        (drug_id, quantity, user_id) 
    values
        (?, ?, ?)
Hibernate: 
    insert 
    into
        member_drug_stocks
        (drug_id, quantity, user_id) 
    values
        (?, ?, ?)
2024-06-07T23:35:01.743+03:00 DEBUG 22132 --- [           main] org.hibernate.SQL                        : 
    insert 
    into
        member_drug_stocks
        (drug_id, quantity, user_id) 
    values
        (?, ?, ?)
Hibernate: 
    insert 
    into
        member_drug_stocks
        (drug_id, quantity, user_id) 
    values
        (?, ?, ?)
2024-06-07T23:35:01.749+03:00 DEBUG 22132 --- [           main] org.hibernate.SQL                        : 
    insert 
    into
        member_drug_stocks
        (drug_id, quantity, user_id) 
    values
        (?, ?, ?)
Hibernate: 
    insert 
    into
        member_drug_stocks
        (drug_id, quantity, user_id) 
    values
        (?, ?, ?)
2024-06-07T23:35:01.752+03:00 DEBUG 22132 --- [           main] org.hibernate.SQL                        : 
    insert 
    into
        member_drug_stocks
        (drug_id, quantity, user_id) 
    values
        (?, ?, ?)
Hibernate: 
    insert 
    into
        member_drug_stocks
        (drug_id, quantity, user_id) 
    values
        (?, ?, ?)
2024-06-07T23:35:01.756+03:00 DEBUG 22132 --- [           main] org.hibernate.SQL                        : 
    insert 
    into
        member_drug_stocks
        (drug_id, quantity, user_id) 
    values
        (?, ?, ?)
Hibernate: 
    insert 
    into
        member_drug_stocks
        (drug_id, quantity, user_id) 
    values
        (?, ?, ?)
2024-06-07T23:35:01.759+03:00 DEBUG 22132 --- [           main] org.hibernate.SQL                        : 
    insert 
    into
        member_drug_stocks
        (drug_id, quantity, user_id) 
    values
        (?, ?, ?)
Hibernate: 
    insert 
    into
        member_drug_stocks
        (drug_id, quantity, user_id) 
    values
        (?, ?, ?)
2024-06-07T23:35:01.763+03:00 DEBUG 22132 --- [           main] org.hibernate.SQL                        : 
    insert 
    into
        member_drug_stocks
        (drug_id, quantity, user_id) 
    values
        (?, ?, ?)
Hibernate: 
    insert 
    into
        member_drug_stocks
        (drug_id, quantity, user_id) 
    values
        (?, ?, ?)
2024-06-07T23:35:01.766+03:00 DEBUG 22132 --- [           main] org.hibernate.SQL                        : 
    insert 
    into
        member_drug_stocks
        (drug_id, quantity, user_id) 
    values
        (?, ?, ?)
Hibernate: 
    insert 
    into
        member_drug_stocks
        (drug_id, quantity, user_id) 
    values
        (?, ?, ?)
2024-06-07T23:35:01.769+03:00 DEBUG 22132 --- [           main] org.hibernate.SQL                        : 
    insert 
    into
        member_drug_stocks
        (drug_id, quantity, user_id) 
    values
        (?, ?, ?)
Hibernate: 
    insert 
    into
        member_drug_stocks
        (drug_id, quantity, user_id) 
    values
        (?, ?, ?)
2024-06-07T23:35:01.773+03:00 DEBUG 22132 --- [           main] org.hibernate.SQL                        : 
    insert 
    into
        member_drug_stocks
        (drug_id, quantity, user_id) 
    values
        (?, ?, ?)
Hibernate: 
    insert 
    into
        member_drug_stocks
        (drug_id, quantity, user_id) 
    values
        (?, ?, ?)
2024-06-07T23:35:01.777+03:00 DEBUG 22132 --- [           main] org.hibernate.SQL                        : 
    insert 
    into
        member_drug_stocks
        (drug_id, quantity, user_id) 
    values
        (?, ?, ?)
Hibernate: 
    insert 
    into
        member_drug_stocks
        (drug_id, quantity, user_id) 
    values
        (?, ?, ?)
2024-06-07T23:35:01.781+03:00 DEBUG 22132 --- [           main] org.hibernate.SQL                        : 
    insert 
    into
        member_drug_stocks
        (drug_id, quantity, user_id) 
    values
        (?, ?, ?)
Hibernate: 
    insert 
    into
        member_drug_stocks
        (drug_id, quantity, user_id) 
    values
        (?, ?, ?)
2024-06-07T23:35:01.784+03:00 DEBUG 22132 --- [           main] org.hibernate.SQL                        : 
    insert 
    into
        member_drug_stocks
        (drug_id, quantity, user_id) 
    values
        (?, ?, ?)
Hibernate: 
    insert 
    into
        member_drug_stocks
        (drug_id, quantity, user_id) 
    values
        (?, ?, ?)
2024-06-07T23:35:01.789+03:00 DEBUG 22132 --- [           main] org.hibernate.SQL                        : 
    insert 
    into
        member_drug_stocks
        (drug_id, quantity, user_id) 
    values
        (?, ?, ?)
Hibernate: 
    insert 
    into
        member_drug_stocks
        (drug_id, quantity, user_id) 
    values
        (?, ?, ?)
2024-06-07T23:35:01.792+03:00 DEBUG 22132 --- [           main] org.hibernate.SQL                        : 
    insert 
    into
        member_drug_stocks
        (drug_id, quantity, user_id) 
    values
        (?, ?, ?)
Hibernate: 
    insert 
    into
        member_drug_stocks
        (drug_id, quantity, user_id) 
    values
        (?, ?, ?)
2024-06-07T23:35:01.796+03:00 DEBUG 22132 --- [           main] org.hibernate.SQL                        : 
    insert 
    into
        member_drug_stocks
        (drug_id, quantity, user_id) 
    values
        (?, ?, ?)
Hibernate: 
    insert 
    into
        member_drug_stocks
        (drug_id, quantity, user_id) 
    values
        (?, ?, ?)
2024-06-07T23:35:01.800+03:00 DEBUG 22132 --- [           main] org.hibernate.SQL                        : 
    insert 
    into
        member_drug_stocks
        (drug_id, quantity, user_id) 
    values
        (?, ?, ?)
Hibernate: 
    insert 
    into
        member_drug_stocks
        (drug_id, quantity, user_id) 
    values
        (?, ?, ?)
2024-06-07T23:35:01.804+03:00 DEBUG 22132 --- [           main] org.hibernate.SQL                        : 
    insert 
    into
        member_drug_stocks
        (drug_id, quantity, user_id) 
    values
        (?, ?, ?)
Hibernate: 
    insert 
    into
        member_drug_stocks
        (drug_id, quantity, user_id) 
    values
        (?, ?, ?)
2024-06-07T23:35:01.808+03:00 DEBUG 22132 --- [           main] org.hibernate.SQL                        : 
    insert 
    into
        member_drug_stocks
        (drug_id, quantity, user_id) 
    values
        (?, ?, ?)
Hibernate: 
    insert 
    into
        member_drug_stocks
        (drug_id, quantity, user_id) 
    values
        (?, ?, ?)
2024-06-07T23:35:01.812+03:00 DEBUG 22132 --- [           main] org.hibernate.SQL                        : 
    insert 
    into
        member_drug_stocks
        (drug_id, quantity, user_id) 
    values
        (?, ?, ?)
Hibernate: 
    insert 
    into
        member_drug_stocks
        (drug_id, quantity, user_id) 
    values
        (?, ?, ?)
2024-06-07T23:35:01.815+03:00 DEBUG 22132 --- [           main] org.hibernate.SQL                        : 
    insert 
    into
        member_drug_stocks
        (drug_id, quantity, user_id) 
    values
        (?, ?, ?)
Hibernate: 
    insert 
    into
        member_drug_stocks
        (drug_id, quantity, user_id) 
    values
        (?, ?, ?)
2024-06-07T23:35:01.819+03:00 DEBUG 22132 --- [           main] org.hibernate.SQL                        : 
    insert 
    into
        member_drug_stocks
        (drug_id, quantity, user_id) 
    values
        (?, ?, ?)
Hibernate: 
    insert 
    into
        member_drug_stocks
        (drug_id, quantity, user_id) 
    values
        (?, ?, ?)
2024-06-07T23:35:01.823+03:00 DEBUG 22132 --- [           main] org.hibernate.SQL                        : 
    insert 
    into
        member_drug_stocks
        (drug_id, quantity, user_id) 
    values
        (?, ?, ?)
Hibernate: 
    insert 
    into
        member_drug_stocks
        (drug_id, quantity, user_id) 
    values
        (?, ?, ?)
2024-06-07T23:35:01.826+03:00 DEBUG 22132 --- [           main] org.hibernate.SQL                        : 
    insert 
    into
        member_drug_stocks
        (drug_id, quantity, user_id) 
    values
        (?, ?, ?)
Hibernate: 
    insert 
    into
        member_drug_stocks
        (drug_id, quantity, user_id) 
    values
        (?, ?, ?)
2024-06-07T23:35:01.832+03:00 DEBUG 22132 --- [           main] org.hibernate.SQL                        : 
    insert 
    into
        member_drug_stocks
        (drug_id, quantity, user_id) 
    values
        (?, ?, ?)
Hibernate: 
    insert 
    into
        member_drug_stocks
        (drug_id, quantity, user_id) 
    values
        (?, ?, ?)
2024-06-07T23:35:01.835+03:00 DEBUG 22132 --- [           main] org.hibernate.SQL                        : 
    insert 
    into
        member_drug_stocks
        (drug_id, quantity, user_id) 
    values
        (?, ?, ?)
Hibernate: 
    insert 
    into
        member_drug_stocks
        (drug_id, quantity, user_id) 
    values
        (?, ?, ?)
2024-06-07T23:35:01.839+03:00 DEBUG 22132 --- [           main] org.hibernate.SQL                        : 
    insert 
    into
        member_drug_stocks
        (drug_id, quantity, user_id) 
    values
        (?, ?, ?)
Hibernate: 
    insert 
    into
        member_drug_stocks
        (drug_id, quantity, user_id) 
    values
        (?, ?, ?)
2024-06-07T23:35:01.843+03:00 DEBUG 22132 --- [           main] org.hibernate.SQL                        : 
    insert 
    into
        member_drug_stocks
        (drug_id, quantity, user_id) 
    values
        (?, ?, ?)
Hibernate: 
    insert 
    into
        member_drug_stocks
        (drug_id, quantity, user_id) 
    values
        (?, ?, ?)
2024-06-07T23:35:01.848+03:00 DEBUG 22132 --- [           main] org.hibernate.SQL                        : 
    insert 
    into
        member_drug_stocks
        (drug_id, quantity, user_id) 
    values
        (?, ?, ?)
Hibernate: 
    insert 
    into
        member_drug_stocks
        (drug_id, quantity, user_id) 
    values
        (?, ?, ?)
2024-06-07T23:35:01.853+03:00 DEBUG 22132 --- [           main] org.hibernate.SQL                        : 
    insert 
    into
        member_drug_stocks
        (drug_id, quantity, user_id) 
    values
        (?, ?, ?)
Hibernate: 
    insert 
    into
        member_drug_stocks
        (drug_id, quantity, user_id) 
    values
        (?, ?, ?)
2024-06-07T23:35:01.856+03:00 DEBUG 22132 --- [           main] org.hibernate.SQL                        : 
    insert 
    into
        member_drug_stocks
        (drug_id, quantity, user_id) 
    values
        (?, ?, ?)
Hibernate: 
    insert 
    into
        member_drug_stocks
        (drug_id, quantity, user_id) 
    values
        (?, ?, ?)
2024-06-07T23:35:01.860+03:00 DEBUG 22132 --- [           main] org.hibernate.SQL                        : 
    insert 
    into
        member_drug_stocks
        (drug_id, quantity, user_id) 
    values
        (?, ?, ?)
Hibernate: 
    insert 
    into
        member_drug_stocks
        (drug_id, quantity, user_id) 
    values
        (?, ?, ?)
2024-06-07T23:35:01.866+03:00 DEBUG 22132 --- [           main] org.hibernate.SQL                        : 
    insert 
    into
        member_drug_stocks
        (drug_id, quantity, user_id) 
    values
        (?, ?, ?)
Hibernate: 
    insert 
    into
        member_drug_stocks
        (drug_id, quantity, user_id) 
    values
        (?, ?, ?)
2024-06-07T23:35:01.872+03:00 DEBUG 22132 --- [           main] org.hibernate.SQL                        : 
    insert 
    into
        member_drug_stocks
        (drug_id, quantity, user_id) 
    values
        (?, ?, ?)
Hibernate: 
    insert 
    into
        member_drug_stocks
        (drug_id, quantity, user_id) 
    values
        (?, ?, ?)
2024-06-07T23:35:01.880+03:00 DEBUG 22132 --- [           main] org.hibernate.SQL                        : 
    insert 
    into
        member_drug_stocks
        (drug_id, quantity, user_id) 
    values
        (?, ?, ?)
Hibernate: 
    insert 
    into
        member_drug_stocks
        (drug_id, quantity, user_id) 
    values
        (?, ?, ?)
2024-06-07T23:35:01.885+03:00 DEBUG 22132 --- [           main] org.hibernate.SQL                        : 
    insert 
    into
        member_drug_stocks
        (drug_id, quantity, user_id) 
    values
        (?, ?, ?)
Hibernate: 
    insert 
    into
        member_drug_stocks
        (drug_id, quantity, user_id) 
    values
        (?, ?, ?)
2024-06-07T23:35:01.892+03:00 DEBUG 22132 --- [           main] org.hibernate.SQL                        : 
    insert 
    into
        member_drug_stocks
        (drug_id, quantity, user_id) 
    values
        (?, ?, ?)
Hibernate: 
    insert 
    into
        member_drug_stocks
        (drug_id, quantity, user_id) 
    values
        (?, ?, ?)
2024-06-07T23:35:01.898+03:00 DEBUG 22132 --- [           main] org.hibernate.SQL                        : 
    insert 
    into
        member_drug_stocks
        (drug_id, quantity, user_id) 
    values
        (?, ?, ?)
Hibernate: 
    insert 
    into
        member_drug_stocks
        (drug_id, quantity, user_id) 
    values
        (?, ?, ?)
2024-06-07T23:35:01.903+03:00 DEBUG 22132 --- [           main] org.hibernate.SQL                        : 
    insert 
    into
        member_drug_stocks
        (drug_id, quantity, user_id) 
    values
        (?, ?, ?)
Hibernate: 
    insert 
    into
        member_drug_stocks
        (drug_id, quantity, user_id) 
    values
        (?, ?, ?)
2024-06-07T23:35:01.908+03:00 DEBUG 22132 --- [           main] org.hibernate.SQL                        : 
    insert 
    into
        member_drug_stocks
        (drug_id, quantity, user_id) 
    values
        (?, ?, ?)
Hibernate: 
    insert 
    into
        member_drug_stocks
        (drug_id, quantity, user_id) 
    values
        (?, ?, ?)
2024-06-07T23:35:01.916+03:00 DEBUG 22132 --- [           main] org.hibernate.SQL                        : 
    insert 
    into
        member_drug_stocks
        (drug_id, quantity, user_id) 
    values
        (?, ?, ?)
Hibernate: 
    insert 
    into
        member_drug_stocks
        (drug_id, quantity, user_id) 
    values
        (?, ?, ?)
2024-06-07T23:35:01.922+03:00 DEBUG 22132 --- [           main] org.hibernate.SQL                        : 
    insert 
    into
        member_drug_stocks
        (drug_id, quantity, user_id) 
    values
        (?, ?, ?)
Hibernate: 
    insert 
    into
        member_drug_stocks
        (drug_id, quantity, user_id) 
    values
        (?, ?, ?)
2024-06-07T23:35:01.928+03:00 DEBUG 22132 --- [           main] org.hibernate.SQL                        : 
    insert 
    into
        member_drug_stocks
        (drug_id, quantity, user_id) 
    values
        (?, ?, ?)
Hibernate: 
    insert 
    into
        member_drug_stocks
        (drug_id, quantity, user_id) 
    values
        (?, ?, ?)
2024-06-07T23:35:01.935+03:00 DEBUG 22132 --- [           main] org.hibernate.SQL                        : 
    insert 
    into
        member_drug_stocks
        (drug_id, quantity, user_id) 
    values
        (?, ?, ?)
Hibernate: 
    insert 
    into
        member_drug_stocks
        (drug_id, quantity, user_id) 
    values
        (?, ?, ?)
2024-06-07T23:35:01.941+03:00 DEBUG 22132 --- [           main] org.hibernate.SQL                        : 
    insert 
    into
        member_drug_stocks
        (drug_id, quantity, user_id) 
    values
        (?, ?, ?)
Hibernate: 
    insert 
    into
        member_drug_stocks
        (drug_id, quantity, user_id) 
    values
        (?, ?, ?)
2024-06-07T23:35:01.948+03:00 DEBUG 22132 --- [           main] org.hibernate.SQL                        : 
    insert 
    into
        member_drug_stocks
        (drug_id, quantity, user_id) 
    values
        (?, ?, ?)
Hibernate: 
    insert 
    into
        member_drug_stocks
        (drug_id, quantity, user_id) 
    values
        (?, ?, ?)
2024-06-07T23:35:01.953+03:00 DEBUG 22132 --- [           main] org.hibernate.SQL                        : 
    insert 
    into
        member_drug_stocks
        (drug_id, quantity, user_id) 
    values
        (?, ?, ?)
Hibernate: 
    insert 
    into
        member_drug_stocks
        (drug_id, quantity, user_id) 
    values
        (?, ?, ?)
2024-06-07T23:35:01.959+03:00 DEBUG 22132 --- [           main] org.hibernate.SQL                        : 
    insert 
    into
        member_drug_stocks
        (drug_id, quantity, user_id) 
    values
        (?, ?, ?)
Hibernate: 
    insert 
    into
        member_drug_stocks
        (drug_id, quantity, user_id) 
    values
        (?, ?, ?)
2024-06-07T23:35:01.969+03:00 DEBUG 22132 --- [           main] org.hibernate.SQL                        : 
    insert 
    into
        member_drug_stocks
        (drug_id, quantity, user_id) 
    values
        (?, ?, ?)
Hibernate: 
    insert 
    into
        member_drug_stocks
        (drug_id, quantity, user_id) 
    values
        (?, ?, ?)
2024-06-07T23:35:01.976+03:00 DEBUG 22132 --- [           main] org.hibernate.SQL                        : 
    insert 
    into
        member_drug_stocks
        (drug_id, quantity, user_id) 
    values
        (?, ?, ?)
Hibernate: 
    insert 
    into
        member_drug_stocks
        (drug_id, quantity, user_id) 
    values
        (?, ?, ?)
2024-06-07T23:35:01.982+03:00 DEBUG 22132 --- [           main] org.hibernate.SQL                        : 
    insert 
    into
        member_drug_stocks
        (drug_id, quantity, user_id) 
    values
        (?, ?, ?)
Hibernate: 
    insert 
    into
        member_drug_stocks
        (drug_id, quantity, user_id) 
    values
        (?, ?, ?)
2024-06-07T23:35:01.989+03:00 DEBUG 22132 --- [           main] org.hibernate.SQL                        : 
    insert 
    into
        member_drug_stocks
        (drug_id, quantity, user_id) 
    values
        (?, ?, ?)
Hibernate: 
    insert 
    into
        member_drug_stocks
        (drug_id, quantity, user_id) 
    values
        (?, ?, ?)
2024-06-07T23:35:01.996+03:00 DEBUG 22132 --- [           main] org.hibernate.SQL                        : 
    insert 
    into
        member_drug_stocks
        (drug_id, quantity, user_id) 
    values
        (?, ?, ?)
Hibernate: 
    insert 
    into
        member_drug_stocks
        (drug_id, quantity, user_id) 
    values
        (?, ?, ?)
2024-06-07T23:35:02.001+03:00 DEBUG 22132 --- [           main] org.hibernate.SQL                        : 
    insert 
    into
        member_drug_stocks
        (drug_id, quantity, user_id) 
    values
        (?, ?, ?)
Hibernate: 
    insert 
    into
        member_drug_stocks
        (drug_id, quantity, user_id) 
    values
        (?, ?, ?)
2024-06-07T23:35:02.006+03:00 DEBUG 22132 --- [           main] org.hibernate.SQL                        : 
    insert 
    into
        member_drug_stocks
        (drug_id, quantity, user_id) 
    values
        (?, ?, ?)
Hibernate: 
    insert 
    into
        member_drug_stocks
        (drug_id, quantity, user_id) 
    values
        (?, ?, ?)
2024-06-07T23:35:02.031+03:00 DEBUG 22132 --- [           main] org.hibernate.SQL                        : 
    insert 
    into
        member_drug_stocks
        (drug_id, quantity, user_id) 
    values
        (?, ?, ?)
Hibernate: 
    insert 
    into
        member_drug_stocks
        (drug_id, quantity, user_id) 
    values
        (?, ?, ?)
2024-06-07T23:35:02.037+03:00 DEBUG 22132 --- [           main] org.hibernate.SQL                        : 
    insert 
    into
        member_drug_stocks
        (drug_id, quantity, user_id) 
    values
        (?, ?, ?)
Hibernate: 
    insert 
    into
        member_drug_stocks
        (drug_id, quantity, user_id) 
    values
        (?, ?, ?)
2024-06-07T23:35:02.041+03:00 DEBUG 22132 --- [           main] org.hibernate.SQL                        : 
    insert 
    into
        member_drug_stocks
        (drug_id, quantity, user_id) 
    values
        (?, ?, ?)
Hibernate: 
    insert 
    into
        member_drug_stocks
        (drug_id, quantity, user_id) 
    values
        (?, ?, ?)
2024-06-07T23:35:02.048+03:00 DEBUG 22132 --- [           main] org.hibernate.SQL                        : 
    insert 
    into
        member_drug_stocks
        (drug_id, quantity, user_id) 
    values
        (?, ?, ?)
Hibernate: 
    insert 
    into
        member_drug_stocks
        (drug_id, quantity, user_id) 
    values
        (?, ?, ?)
2024-06-07T23:35:02.054+03:00 DEBUG 22132 --- [           main] org.hibernate.SQL                        : 
    insert 
    into
        member_drug_stocks
        (drug_id, quantity, user_id) 
    values
        (?, ?, ?)
Hibernate: 
    insert 
    into
        member_drug_stocks
        (drug_id, quantity, user_id) 
    values
        (?, ?, ?)
2024-06-07T23:35:02.060+03:00 DEBUG 22132 --- [           main] org.hibernate.SQL                        : 
    insert 
    into
        member_drug_stocks
        (drug_id, quantity, user_id) 
    values
        (?, ?, ?)
Hibernate: 
    insert 
    into
        member_drug_stocks
        (drug_id, quantity, user_id) 
    values
        (?, ?, ?)
2024-06-07T23:35:02.068+03:00 DEBUG 22132 --- [           main] org.hibernate.SQL                        : 
    insert 
    into
        member_drug_stocks
        (drug_id, quantity, user_id) 
    values
        (?, ?, ?)
Hibernate: 
    insert 
    into
        member_drug_stocks
        (drug_id, quantity, user_id) 
    values
        (?, ?, ?)
2024-06-07T23:35:02.074+03:00 DEBUG 22132 --- [           main] org.hibernate.SQL                        : 
    insert 
    into
        member_drug_stocks
        (drug_id, quantity, user_id) 
    values
        (?, ?, ?)
Hibernate: 
    insert 
    into
        member_drug_stocks
        (drug_id, quantity, user_id) 
    values
        (?, ?, ?)
2024-06-07T23:35:02.082+03:00 DEBUG 22132 --- [           main] org.hibernate.SQL                        : 
    insert 
    into
        member_drug_stocks
        (drug_id, quantity, user_id) 
    values
        (?, ?, ?)
Hibernate: 
    insert 
    into
        member_drug_stocks
        (drug_id, quantity, user_id) 
    values
        (?, ?, ?)
2024-06-07T23:35:02.089+03:00 DEBUG 22132 --- [           main] org.hibernate.SQL                        : 
    insert 
    into
        member_drug_stocks
        (drug_id, quantity, user_id) 
    values
        (?, ?, ?)
Hibernate: 
    insert 
    into
        member_drug_stocks
        (drug_id, quantity, user_id) 
    values
        (?, ?, ?)
2024-06-07T23:35:02.096+03:00 DEBUG 22132 --- [           main] org.hibernate.SQL                        : 
    insert 
    into
        member_drug_stocks
        (drug_id, quantity, user_id) 
    values
        (?, ?, ?)
Hibernate: 
    insert 
    into
        member_drug_stocks
        (drug_id, quantity, user_id) 
    values
        (?, ?, ?)
2024-06-07T23:35:02.101+03:00 DEBUG 22132 --- [           main] org.hibernate.SQL                        : 
    insert 
    into
        member_drug_stocks
        (drug_id, quantity, user_id) 
    values
        (?, ?, ?)
Hibernate: 
    insert 
    into
        member_drug_stocks
        (drug_id, quantity, user_id) 
    values
        (?, ?, ?)
2024-06-07T23:35:02.108+03:00 DEBUG 22132 --- [           main] org.hibernate.SQL                        : 
    insert 
    into
        member_drug_stocks
        (drug_id, quantity, user_id) 
    values
        (?, ?, ?)
Hibernate: 
    insert 
    into
        member_drug_stocks
        (drug_id, quantity, user_id) 
    values
        (?, ?, ?)
2024-06-07T23:35:02.114+03:00 DEBUG 22132 --- [           main] org.hibernate.SQL                        : 
    insert 
    into
        member_drug_stocks
        (drug_id, quantity, user_id) 
    values
        (?, ?, ?)
Hibernate: 
    insert 
    into
        member_drug_stocks
        (drug_id, quantity, user_id) 
    values
        (?, ?, ?)
2024-06-07T23:35:02.119+03:00 DEBUG 22132 --- [           main] org.hibernate.SQL                        : 
    insert 
    into
        member_drug_stocks
        (drug_id, quantity, user_id) 
    values
        (?, ?, ?)
Hibernate: 
    insert 
    into
        member_drug_stocks
        (drug_id, quantity, user_id) 
    values
        (?, ?, ?)
2024-06-07T23:35:02.122+03:00 DEBUG 22132 --- [           main] org.hibernate.SQL                        : 
    insert 
    into
        member_drug_stocks
        (drug_id, quantity, user_id) 
    values
        (?, ?, ?)
Hibernate: 
    insert 
    into
        member_drug_stocks
        (drug_id, quantity, user_id) 
    values
        (?, ?, ?)
2024-06-07T23:35:02.125+03:00 DEBUG 22132 --- [           main] org.hibernate.SQL                        : 
    insert 
    into
        member_drug_stocks
        (drug_id, quantity, user_id) 
    values
        (?, ?, ?)
Hibernate: 
    insert 
    into
        member_drug_stocks
        (drug_id, quantity, user_id) 
    values
        (?, ?, ?)
2024-06-07T23:35:02.130+03:00 DEBUG 22132 --- [           main] org.hibernate.SQL                        : 
    insert 
    into
        member_drug_stocks
        (drug_id, quantity, user_id) 
    values
        (?, ?, ?)
Hibernate: 
    insert 
    into
        member_drug_stocks
        (drug_id, quantity, user_id) 
    values
        (?, ?, ?)
2024-06-07T23:35:02.134+03:00 DEBUG 22132 --- [           main] org.hibernate.SQL                        : 
    insert 
    into
        member_drug_stocks
        (drug_id, quantity, user_id) 
    values
        (?, ?, ?)
Hibernate: 
    insert 
    into
        member_drug_stocks
        (drug_id, quantity, user_id) 
    values
        (?, ?, ?)
2024-06-07T23:35:02.138+03:00 DEBUG 22132 --- [           main] org.hibernate.SQL                        : 
    insert 
    into
        member_drug_stocks
        (drug_id, quantity, user_id) 
    values
        (?, ?, ?)
Hibernate: 
    insert 
    into
        member_drug_stocks
        (drug_id, quantity, user_id) 
    values
        (?, ?, ?)
2024-06-07T23:35:02.142+03:00 DEBUG 22132 --- [           main] org.hibernate.SQL                        : 
    insert 
    into
        member_drug_stocks
        (drug_id, quantity, user_id) 
    values
        (?, ?, ?)
Hibernate: 
    insert 
    into
        member_drug_stocks
        (drug_id, quantity, user_id) 
    values
        (?, ?, ?)
2024-06-07T23:35:02.147+03:00 DEBUG 22132 --- [           main] org.hibernate.SQL                        : 
    insert 
    into
        member_drug_stocks
        (drug_id, quantity, user_id) 
    values
        (?, ?, ?)
Hibernate: 
    insert 
    into
        member_drug_stocks
        (drug_id, quantity, user_id) 
    values
        (?, ?, ?)
2024-06-07T23:35:02.152+03:00 DEBUG 22132 --- [           main] org.hibernate.SQL                        : 
    insert 
    into
        member_drug_stocks
        (drug_id, quantity, user_id) 
    values
        (?, ?, ?)
Hibernate: 
    insert 
    into
        member_drug_stocks
        (drug_id, quantity, user_id) 
    values
        (?, ?, ?)
2024-06-07T23:35:02.156+03:00 DEBUG 22132 --- [           main] org.hibernate.SQL                        : 
    insert 
    into
        member_drug_stocks
        (drug_id, quantity, user_id) 
    values
        (?, ?, ?)
Hibernate: 
    insert 
    into
        member_drug_stocks
        (drug_id, quantity, user_id) 
    values
        (?, ?, ?)
2024-06-07T23:35:02.159+03:00 DEBUG 22132 --- [           main] org.hibernate.SQL                        : 
    insert 
    into
        member_drug_stocks
        (drug_id, quantity, user_id) 
    values
        (?, ?, ?)
Hibernate: 
    insert 
    into
        member_drug_stocks
        (drug_id, quantity, user_id) 
    values
        (?, ?, ?)
2024-06-07T23:35:02.164+03:00 DEBUG 22132 --- [           main] org.hibernate.SQL                        : 
    insert 
    into
        member_drug_stocks
        (drug_id, quantity, user_id) 
    values
        (?, ?, ?)
Hibernate: 
    insert 
    into
        member_drug_stocks
        (drug_id, quantity, user_id) 
    values
        (?, ?, ?)
2024-06-07T23:35:02.167+03:00 DEBUG 22132 --- [           main] org.hibernate.SQL                        : 
    insert 
    into
        member_drug_stocks
        (drug_id, quantity, user_id) 
    values
        (?, ?, ?)
Hibernate: 
    insert 
    into
        member_drug_stocks
        (drug_id, quantity, user_id) 
    values
        (?, ?, ?)
2024-06-07T23:35:02.172+03:00 DEBUG 22132 --- [           main] org.hibernate.SQL                        : 
    insert 
    into
        member_drug_stocks
        (drug_id, quantity, user_id) 
    values
        (?, ?, ?)
Hibernate: 
    insert 
    into
        member_drug_stocks
        (drug_id, quantity, user_id) 
    values
        (?, ?, ?)
2024-06-07T23:35:02.176+03:00 DEBUG 22132 --- [           main] org.hibernate.SQL                        : 
    insert 
    into
        member_drug_stocks
        (drug_id, quantity, user_id) 
    values
        (?, ?, ?)
Hibernate: 
    insert 
    into
        member_drug_stocks
        (drug_id, quantity, user_id) 
    values
        (?, ?, ?)
2024-06-07T23:35:02.179+03:00 DEBUG 22132 --- [           main] org.hibernate.SQL                        : 
    insert 
    into
        member_drug_stocks
        (drug_id, quantity, user_id) 
    values
        (?, ?, ?)
Hibernate: 
    insert 
    into
        member_drug_stocks
        (drug_id, quantity, user_id) 
    values
        (?, ?, ?)
2024-06-07T23:35:02.183+03:00 DEBUG 22132 --- [           main] org.hibernate.SQL                        : 
    insert 
    into
        member_drug_stocks
        (drug_id, quantity, user_id) 
    values
        (?, ?, ?)
Hibernate: 
    insert 
    into
        member_drug_stocks
        (drug_id, quantity, user_id) 
    values
        (?, ?, ?)
2024-06-07T23:35:02.186+03:00 DEBUG 22132 --- [           main] org.hibernate.SQL                        : 
    insert 
    into
        member_drug_stocks
        (drug_id, quantity, user_id) 
    values
        (?, ?, ?)
Hibernate: 
    insert 
    into
        member_drug_stocks
        (drug_id, quantity, user_id) 
    values
        (?, ?, ?)
2024-06-07T23:35:02.189+03:00 DEBUG 22132 --- [           main] org.hibernate.SQL                        : 
    insert 
    into
        member_drug_stocks
        (drug_id, quantity, user_id) 
    values
        (?, ?, ?)
Hibernate: 
    insert 
    into
        member_drug_stocks
        (drug_id, quantity, user_id) 
    values
        (?, ?, ?)
2024-06-07T23:35:02.193+03:00 DEBUG 22132 --- [           main] org.hibernate.SQL                        : 
    insert 
    into
        member_drug_stocks
        (drug_id, quantity, user_id) 
    values
        (?, ?, ?)
Hibernate: 
    insert 
    into
        member_drug_stocks
        (drug_id, quantity, user_id) 
    values
        (?, ?, ?)
2024-06-07T23:35:02.198+03:00 DEBUG 22132 --- [           main] org.hibernate.SQL                        : 
    insert 
    into
        member_drug_stocks
        (drug_id, quantity, user_id) 
    values
        (?, ?, ?)
Hibernate: 
    insert 
    into
        member_drug_stocks
        (drug_id, quantity, user_id) 
    values
        (?, ?, ?)
2024-06-07T23:35:02.201+03:00 DEBUG 22132 --- [           main] org.hibernate.SQL                        : 
    insert 
    into
        member_drug_stocks
        (drug_id, quantity, user_id) 
    values
        (?, ?, ?)
Hibernate: 
    insert 
    into
        member_drug_stocks
        (drug_id, quantity, user_id) 
    values
        (?, ?, ?)
2024-06-07T23:35:02.204+03:00 DEBUG 22132 --- [           main] org.hibernate.SQL                        : 
    insert 
    into
        member_drug_stocks
        (drug_id, quantity, user_id) 
    values
        (?, ?, ?)
Hibernate: 
    insert 
    into
        member_drug_stocks
        (drug_id, quantity, user_id) 
    values
        (?, ?, ?)
2024-06-07T23:35:02.206+03:00 DEBUG 22132 --- [           main] org.hibernate.SQL                        : 
    insert 
    into
        member_drug_stocks
        (drug_id, quantity, user_id) 
    values
        (?, ?, ?)
Hibernate: 
    insert 
    into
        member_drug_stocks
        (drug_id, quantity, user_id) 
    values
        (?, ?, ?)
2024-06-07T23:35:02.209+03:00 DEBUG 22132 --- [           main] org.hibernate.SQL                        : 
    insert 
    into
        member_drug_stocks
        (drug_id, quantity, user_id) 
    values
        (?, ?, ?)
Hibernate: 
    insert 
    into
        member_drug_stocks
        (drug_id, quantity, user_id) 
    values
        (?, ?, ?)
2024-06-07T23:35:02.213+03:00 DEBUG 22132 --- [           main] org.hibernate.SQL                        : 
    insert 
    into
        member_drug_stocks
        (drug_id, quantity, user_id) 
    values
        (?, ?, ?)
Hibernate: 
    insert 
    into
        member_drug_stocks
        (drug_id, quantity, user_id) 
    values
        (?, ?, ?)
2024-06-07T23:35:02.218+03:00 DEBUG 22132 --- [           main] org.hibernate.SQL                        : 
    insert 
    into
        member_drug_stocks
        (drug_id, quantity, user_id) 
    values
        (?, ?, ?)
Hibernate: 
    insert 
    into
        member_drug_stocks
        (drug_id, quantity, user_id) 
    values
        (?, ?, ?)
2024-06-07T23:35:02.221+03:00 DEBUG 22132 --- [           main] org.hibernate.SQL                        : 
    insert 
    into
        member_drug_stocks
        (drug_id, quantity, user_id) 
    values
        (?, ?, ?)
Hibernate: 
    insert 
    into
        member_drug_stocks
        (drug_id, quantity, user_id) 
    values
        (?, ?, ?)
2024-06-07T23:35:02.224+03:00 DEBUG 22132 --- [           main] org.hibernate.SQL                        : 
    insert 
    into
        member_drug_stocks
        (drug_id, quantity, user_id) 
    values
        (?, ?, ?)
Hibernate: 
    insert 
    into
        member_drug_stocks
        (drug_id, quantity, user_id) 
    values
        (?, ?, ?)
2024-06-07T23:35:02.228+03:00 DEBUG 22132 --- [           main] org.hibernate.SQL                        : 
    insert 
    into
        member_drug_stocks
        (drug_id, quantity, user_id) 
    values
        (?, ?, ?)
Hibernate: 
    insert 
    into
        member_drug_stocks
        (drug_id, quantity, user_id) 
    values
        (?, ?, ?)
2024-06-07T23:35:02.231+03:00 DEBUG 22132 --- [           main] org.hibernate.SQL                        : 
    insert 
    into
        member_drug_stocks
        (drug_id, quantity, user_id) 
    values
        (?, ?, ?)
Hibernate: 
    insert 
    into
        member_drug_stocks
        (drug_id, quantity, user_id) 
    values
        (?, ?, ?)
2024-06-07T23:35:02.236+03:00 DEBUG 22132 --- [           main] org.hibernate.SQL                        : 
    insert 
    into
        member_drug_stocks
        (drug_id, quantity, user_id) 
    values
        (?, ?, ?)
Hibernate: 
    insert 
    into
        member_drug_stocks
        (drug_id, quantity, user_id) 
    values
        (?, ?, ?)
2024-06-07T23:35:02.241+03:00 DEBUG 22132 --- [           main] org.hibernate.SQL                        : 
    insert 
    into
        member_drug_stocks
        (drug_id, quantity, user_id) 
    values
        (?, ?, ?)
Hibernate: 
    insert 
    into
        member_drug_stocks
        (drug_id, quantity, user_id) 
    values
        (?, ?, ?)
2024-06-07T23:35:02.244+03:00 DEBUG 22132 --- [           main] org.hibernate.SQL                        : 
    insert 
    into
        member_drug_stocks
        (drug_id, quantity, user_id) 
    values
        (?, ?, ?)
Hibernate: 
    insert 
    into
        member_drug_stocks
        (drug_id, quantity, user_id) 
    values
        (?, ?, ?)
2024-06-07T23:35:02.248+03:00 DEBUG 22132 --- [           main] org.hibernate.SQL                        : 
    insert 
    into
        member_drug_stocks
        (drug_id, quantity, user_id) 
    values
        (?, ?, ?)
Hibernate: 
    insert 
    into
        member_drug_stocks
        (drug_id, quantity, user_id) 
    values
        (?, ?, ?)
2024-06-07T23:35:02.252+03:00 DEBUG 22132 --- [           main] org.hibernate.SQL                        : 
    insert 
    into
        member_drug_stocks
        (drug_id, quantity, user_id) 
    values
        (?, ?, ?)
Hibernate: 
    insert 
    into
        member_drug_stocks
        (drug_id, quantity, user_id) 
    values
        (?, ?, ?)
2024-06-07T23:35:02.258+03:00 DEBUG 22132 --- [           main] org.hibernate.SQL                        : 
    insert 
    into
        member_drug_stocks
        (drug_id, quantity, user_id) 
    values
        (?, ?, ?)
Hibernate: 
    insert 
    into
        member_drug_stocks
        (drug_id, quantity, user_id) 
    values
        (?, ?, ?)
2024-06-07T23:35:02.262+03:00 DEBUG 22132 --- [           main] org.hibernate.SQL                        : 
    insert 
    into
        member_drug_stocks
        (drug_id, quantity, user_id) 
    values
        (?, ?, ?)
Hibernate: 
    insert 
    into
        member_drug_stocks
        (drug_id, quantity, user_id) 
    values
        (?, ?, ?)
2024-06-07T23:35:02.266+03:00 DEBUG 22132 --- [           main] org.hibernate.SQL                        : 
    insert 
    into
        member_drug_stocks
        (drug_id, quantity, user_id) 
    values
        (?, ?, ?)
Hibernate: 
    insert 
    into
        member_drug_stocks
        (drug_id, quantity, user_id) 
    values
        (?, ?, ?)
2024-06-07T23:35:02.270+03:00 DEBUG 22132 --- [           main] org.hibernate.SQL                        : 
    insert 
    into
        member_drug_stocks
        (drug_id, quantity, user_id) 
    values
        (?, ?, ?)
Hibernate: 
    insert 
    into
        member_drug_stocks
        (drug_id, quantity, user_id) 
    values
        (?, ?, ?)
2024-06-07T23:35:02.273+03:00 DEBUG 22132 --- [           main] org.hibernate.SQL                        : 
    insert 
    into
        member_drug_stocks
        (drug_id, quantity, user_id) 
    values
        (?, ?, ?)
Hibernate: 
    insert 
    into
        member_drug_stocks
        (drug_id, quantity, user_id) 
    values
        (?, ?, ?)
2024-06-07T23:35:02.276+03:00 DEBUG 22132 --- [           main] org.hibernate.SQL                        : 
    insert 
    into
        member_drug_stocks
        (drug_id, quantity, user_id) 
    values
        (?, ?, ?)
Hibernate: 
    insert 
    into
        member_drug_stocks
        (drug_id, quantity, user_id) 
    values
        (?, ?, ?)
2024-06-07T23:35:02.283+03:00 DEBUG 22132 --- [           main] org.hibernate.SQL                        : 
    insert 
    into
        member_drug_stocks
        (drug_id, quantity, user_id) 
    values
        (?, ?, ?)
Hibernate: 
    insert 
    into
        member_drug_stocks
        (drug_id, quantity, user_id) 
    values
        (?, ?, ?)
2024-06-07T23:35:02.287+03:00 DEBUG 22132 --- [           main] org.hibernate.SQL                        : 
    insert 
    into
        member_drug_stocks
        (drug_id, quantity, user_id) 
    values
        (?, ?, ?)
Hibernate: 
    insert 
    into
        member_drug_stocks
        (drug_id, quantity, user_id) 
    values
        (?, ?, ?)
2024-06-07T23:35:02.289+03:00 DEBUG 22132 --- [           main] org.hibernate.SQL                        : 
    insert 
    into
        member_drug_stocks
        (drug_id, quantity, user_id) 
    values
        (?, ?, ?)
Hibernate: 
    insert 
    into
        member_drug_stocks
        (drug_id, quantity, user_id) 
    values
        (?, ?, ?)
2024-06-07T23:35:02.293+03:00 DEBUG 22132 --- [           main] org.hibernate.SQL                        : 
    insert 
    into
        member_drug_stocks
        (drug_id, quantity, user_id) 
    values
        (?, ?, ?)
Hibernate: 
    insert 
    into
        member_drug_stocks
        (drug_id, quantity, user_id) 
    values
        (?, ?, ?)
2024-06-07T23:35:02.297+03:00 DEBUG 22132 --- [           main] org.hibernate.SQL                        : 
    insert 
    into
        member_drug_stocks
        (drug_id, quantity, user_id) 
    values
        (?, ?, ?)
Hibernate: 
    insert 
    into
        member_drug_stocks
        (drug_id, quantity, user_id) 
    values
        (?, ?, ?)
2024-06-07T23:35:02.301+03:00 DEBUG 22132 --- [           main] org.hibernate.SQL                        : 
    insert 
    into
        member_drug_stocks
        (drug_id, quantity, user_id) 
    values
        (?, ?, ?)
Hibernate: 
    insert 
    into
        member_drug_stocks
        (drug_id, quantity, user_id) 
    values
        (?, ?, ?)
2024-06-07T23:35:02.306+03:00 DEBUG 22132 --- [           main] org.hibernate.SQL                        : 
    insert 
    into
        member_drug_stocks
        (drug_id, quantity, user_id) 
    values
        (?, ?, ?)
Hibernate: 
    insert 
    into
        member_drug_stocks
        (drug_id, quantity, user_id) 
    values
        (?, ?, ?)
2024-06-07T23:35:02.309+03:00 DEBUG 22132 --- [           main] org.hibernate.SQL                        : 
    insert 
    into
        member_drug_stocks
        (drug_id, quantity, user_id) 
    values
        (?, ?, ?)
Hibernate: 
    insert 
    into
        member_drug_stocks
        (drug_id, quantity, user_id) 
    values
        (?, ?, ?)
2024-06-07T23:35:02.314+03:00 DEBUG 22132 --- [           main] org.hibernate.SQL                        : 
    insert 
    into
        member_drug_stocks
        (drug_id, quantity, user_id) 
    values
        (?, ?, ?)
Hibernate: 
    insert 
    into
        member_drug_stocks
        (drug_id, quantity, user_id) 
    values
        (?, ?, ?)
2024-06-07T23:35:02.318+03:00 DEBUG 22132 --- [           main] org.hibernate.SQL                        : 
    insert 
    into
        member_drug_stocks
        (drug_id, quantity, user_id) 
    values
        (?, ?, ?)
Hibernate: 
    insert 
    into
        member_drug_stocks
        (drug_id, quantity, user_id) 
    values
        (?, ?, ?)
2024-06-07T23:35:02.323+03:00 DEBUG 22132 --- [           main] org.hibernate.SQL                        : 
    insert 
    into
        member_drug_stocks
        (drug_id, quantity, user_id) 
    values
        (?, ?, ?)
Hibernate: 
    insert 
    into
        member_drug_stocks
        (drug_id, quantity, user_id) 
    values
        (?, ?, ?)
2024-06-07T23:35:02.327+03:00 DEBUG 22132 --- [           main] org.hibernate.SQL                        : 
    insert 
    into
        member_drug_stocks
        (drug_id, quantity, user_id) 
    values
        (?, ?, ?)
Hibernate: 
    insert 
    into
        member_drug_stocks
        (drug_id, quantity, user_id) 
    values
        (?, ?, ?)
2024-06-07T23:35:02.331+03:00 DEBUG 22132 --- [           main] org.hibernate.SQL                        : 
    insert 
    into
        member_drug_stocks
        (drug_id, quantity, user_id) 
    values
        (?, ?, ?)
Hibernate: 
    insert 
    into
        member_drug_stocks
        (drug_id, quantity, user_id) 
    values
        (?, ?, ?)
2024-06-07T23:35:02.334+03:00 DEBUG 22132 --- [           main] org.hibernate.SQL                        : 
    insert 
    into
        member_drug_stocks
        (drug_id, quantity, user_id) 
    values
        (?, ?, ?)
Hibernate: 
    insert 
    into
        member_drug_stocks
        (drug_id, quantity, user_id) 
    values
        (?, ?, ?)
2024-06-07T23:35:02.337+03:00 DEBUG 22132 --- [           main] org.hibernate.SQL                        : 
    insert 
    into
        member_drug_stocks
        (drug_id, quantity, user_id) 
    values
        (?, ?, ?)
Hibernate: 
    insert 
    into
        member_drug_stocks
        (drug_id, quantity, user_id) 
    values
        (?, ?, ?)
2024-06-07T23:35:02.343+03:00 DEBUG 22132 --- [           main] org.hibernate.SQL                        : 
    insert 
    into
        member_drug_stocks
        (drug_id, quantity, user_id) 
    values
        (?, ?, ?)
Hibernate: 
    insert 
    into
        member_drug_stocks
        (drug_id, quantity, user_id) 
    values
        (?, ?, ?)
2024-06-07T23:35:02.347+03:00 DEBUG 22132 --- [           main] org.hibernate.SQL                        : 
    insert 
    into
        member_drug_stocks
        (drug_id, quantity, user_id) 
    values
        (?, ?, ?)
Hibernate: 
    insert 
    into
        member_drug_stocks
        (drug_id, quantity, user_id) 
    values
        (?, ?, ?)
2024-06-07T23:35:02.350+03:00 DEBUG 22132 --- [           main] org.hibernate.SQL                        : 
    insert 
    into
        member_drug_stocks
        (drug_id, quantity, user_id) 
    values
        (?, ?, ?)
Hibernate: 
    insert 
    into
        member_drug_stocks
        (drug_id, quantity, user_id) 
    values
        (?, ?, ?)
2024-06-07T23:35:02.353+03:00 DEBUG 22132 --- [           main] org.hibernate.SQL                        : 
    insert 
    into
        member_drug_stocks
        (drug_id, quantity, user_id) 
    values
        (?, ?, ?)
Hibernate: 
    insert 
    into
        member_drug_stocks
        (drug_id, quantity, user_id) 
    values
        (?, ?, ?)
2024-06-07T23:35:02.357+03:00 DEBUG 22132 --- [           main] org.hibernate.SQL                        : 
    insert 
    into
        member_drug_stocks
        (drug_id, quantity, user_id) 
    values
        (?, ?, ?)
Hibernate: 
    insert 
    into
        member_drug_stocks
        (drug_id, quantity, user_id) 
    values
        (?, ?, ?)
2024-06-07T23:35:02.363+03:00 DEBUG 22132 --- [           main] org.hibernate.SQL                        : 
    insert 
    into
        member_drug_stocks
        (drug_id, quantity, user_id) 
    values
        (?, ?, ?)
Hibernate: 
    insert 
    into
        member_drug_stocks
        (drug_id, quantity, user_id) 
    values
        (?, ?, ?)
2024-06-07T23:35:02.367+03:00 DEBUG 22132 --- [           main] org.hibernate.SQL                        : 
    insert 
    into
        member_drug_stocks
        (drug_id, quantity, user_id) 
    values
        (?, ?, ?)
Hibernate: 
    insert 
    into
        member_drug_stocks
        (drug_id, quantity, user_id) 
    values
        (?, ?, ?)
2024-06-07T23:35:02.370+03:00 DEBUG 22132 --- [           main] org.hibernate.SQL                        : 
    insert 
    into
        member_drug_stocks
        (drug_id, quantity, user_id) 
    values
        (?, ?, ?)
Hibernate: 
    insert 
    into
        member_drug_stocks
        (drug_id, quantity, user_id) 
    values
        (?, ?, ?)
2024-06-07T23:35:02.373+03:00 DEBUG 22132 --- [           main] org.hibernate.SQL                        : 
    insert 
    into
        member_drug_stocks
        (drug_id, quantity, user_id) 
    values
        (?, ?, ?)
Hibernate: 
    insert 
    into
        member_drug_stocks
        (drug_id, quantity, user_id) 
    values
        (?, ?, ?)
2024-06-07T23:35:02.378+03:00 DEBUG 22132 --- [           main] org.hibernate.SQL                        : 
    insert 
    into
        member_drug_stocks
        (drug_id, quantity, user_id) 
    values
        (?, ?, ?)
Hibernate: 
    insert 
    into
        member_drug_stocks
        (drug_id, quantity, user_id) 
    values
        (?, ?, ?)
2024-06-07T23:35:02.383+03:00 DEBUG 22132 --- [           main] org.hibernate.SQL                        : 
    insert 
    into
        member_drug_stocks
        (drug_id, quantity, user_id) 
    values
        (?, ?, ?)
Hibernate: 
    insert 
    into
        member_drug_stocks
        (drug_id, quantity, user_id) 
    values
        (?, ?, ?)
2024-06-07T23:35:02.387+03:00 DEBUG 22132 --- [           main] org.hibernate.SQL                        : 
    insert 
    into
        member_drug_stocks
        (drug_id, quantity, user_id) 
    values
        (?, ?, ?)
Hibernate: 
    insert 
    into
        member_drug_stocks
        (drug_id, quantity, user_id) 
    values
        (?, ?, ?)
2024-06-07T23:35:02.391+03:00 DEBUG 22132 --- [           main] org.hibernate.SQL                        : 
    insert 
    into
        member_drug_stocks
        (drug_id, quantity, user_id) 
    values
        (?, ?, ?)
Hibernate: 
    insert 
    into
        member_drug_stocks
        (drug_id, quantity, user_id) 
    values
        (?, ?, ?)
2024-06-07T23:35:02.395+03:00 DEBUG 22132 --- [           main] org.hibernate.SQL                        : 
    insert 
    into
        member_drug_stocks
        (drug_id, quantity, user_id) 
    values
        (?, ?, ?)
Hibernate: 
    insert 
    into
        member_drug_stocks
        (drug_id, quantity, user_id) 
    values
        (?, ?, ?)
2024-06-07T23:35:02.399+03:00 DEBUG 22132 --- [           main] org.hibernate.SQL                        : 
    insert 
    into
        member_drug_stocks
        (drug_id, quantity, user_id) 
    values
        (?, ?, ?)
Hibernate: 
    insert 
    into
        member_drug_stocks
        (drug_id, quantity, user_id) 
    values
        (?, ?, ?)
2024-06-07T23:35:02.405+03:00 DEBUG 22132 --- [           main] org.hibernate.SQL                        : 
    insert 
    into
        member_drug_stocks
        (drug_id, quantity, user_id) 
    values
        (?, ?, ?)
Hibernate: 
    insert 
    into
        member_drug_stocks
        (drug_id, quantity, user_id) 
    values
        (?, ?, ?)
2024-06-07T23:35:02.409+03:00 DEBUG 22132 --- [           main] org.hibernate.SQL                        : 
    insert 
    into
        member_drug_stocks
        (drug_id, quantity, user_id) 
    values
        (?, ?, ?)
Hibernate: 
    insert 
    into
        member_drug_stocks
        (drug_id, quantity, user_id) 
    values
        (?, ?, ?)
2024-06-07T23:35:02.414+03:00 DEBUG 22132 --- [           main] org.hibernate.SQL                        : 
    insert 
    into
        member_drug_stocks
        (drug_id, quantity, user_id) 
    values
        (?, ?, ?)
Hibernate: 
    insert 
    into
        member_drug_stocks
        (drug_id, quantity, user_id) 
    values
        (?, ?, ?)
2024-06-07T23:35:02.418+03:00 DEBUG 22132 --- [           main] org.hibernate.SQL                        : 
    insert 
    into
        member_drug_stocks
        (drug_id, quantity, user_id) 
    values
        (?, ?, ?)
Hibernate: 
    insert 
    into
        member_drug_stocks
        (drug_id, quantity, user_id) 
    values
        (?, ?, ?)
2024-06-07T23:35:02.423+03:00 DEBUG 22132 --- [           main] org.hibernate.SQL                        : 
    insert 
    into
        member_drug_stocks
        (drug_id, quantity, user_id) 
    values
        (?, ?, ?)
Hibernate: 
    insert 
    into
        member_drug_stocks
        (drug_id, quantity, user_id) 
    values
        (?, ?, ?)
2024-06-07T23:35:02.428+03:00 DEBUG 22132 --- [           main] org.hibernate.SQL                        : 
    insert 
    into
        member_drug_stocks
        (drug_id, quantity, user_id) 
    values
        (?, ?, ?)
Hibernate: 
    insert 
    into
        member_drug_stocks
        (drug_id, quantity, user_id) 
    values
        (?, ?, ?)
2024-06-07T23:35:02.432+03:00 DEBUG 22132 --- [           main] org.hibernate.SQL                        : 
    insert 
    into
        member_drug_stocks
        (drug_id, quantity, user_id) 
    values
        (?, ?, ?)
Hibernate: 
    insert 
    into
        member_drug_stocks
        (drug_id, quantity, user_id) 
    values
        (?, ?, ?)
2024-06-07T23:35:02.436+03:00 DEBUG 22132 --- [           main] org.hibernate.SQL                        : 
    insert 
    into
        member_drug_stocks
        (drug_id, quantity, user_id) 
    values
        (?, ?, ?)
Hibernate: 
    insert 
    into
        member_drug_stocks
        (drug_id, quantity, user_id) 
    values
        (?, ?, ?)
2024-06-07T23:35:02.439+03:00 DEBUG 22132 --- [           main] org.hibernate.SQL                        : 
    insert 
    into
        member_drug_stocks
        (drug_id, quantity, user_id) 
    values
        (?, ?, ?)
Hibernate: 
    insert 
    into
        member_drug_stocks
        (drug_id, quantity, user_id) 
    values
        (?, ?, ?)
2024-06-07T23:35:02.443+03:00 DEBUG 22132 --- [           main] org.hibernate.SQL                        : 
    insert 
    into
        member_drug_stocks
        (drug_id, quantity, user_id) 
    values
        (?, ?, ?)
Hibernate: 
    insert 
    into
        member_drug_stocks
        (drug_id, quantity, user_id) 
    values
        (?, ?, ?)
2024-06-07T23:35:02.449+03:00 DEBUG 22132 --- [           main] org.hibernate.SQL                        : 
    insert 
    into
        member_drug_stocks
        (drug_id, quantity, user_id) 
    values
        (?, ?, ?)
Hibernate: 
    insert 
    into
        member_drug_stocks
        (drug_id, quantity, user_id) 
    values
        (?, ?, ?)
2024-06-07T23:35:02.452+03:00 DEBUG 22132 --- [           main] org.hibernate.SQL                        : 
    insert 
    into
        member_drug_stocks
        (drug_id, quantity, user_id) 
    values
        (?, ?, ?)
Hibernate: 
    insert 
    into
        member_drug_stocks
        (drug_id, quantity, user_id) 
    values
        (?, ?, ?)
2024-06-07T23:35:02.455+03:00 DEBUG 22132 --- [           main] org.hibernate.SQL                        : 
    insert 
    into
        member_drug_stocks
        (drug_id, quantity, user_id) 
    values
        (?, ?, ?)
Hibernate: 
    insert 
    into
        member_drug_stocks
        (drug_id, quantity, user_id) 
    values
        (?, ?, ?)
2024-06-07T23:35:02.458+03:00 DEBUG 22132 --- [           main] org.hibernate.SQL                        : 
    insert 
    into
        member_drug_stocks
        (drug_id, quantity, user_id) 
    values
        (?, ?, ?)
Hibernate: 
    insert 
    into
        member_drug_stocks
        (drug_id, quantity, user_id) 
    values
        (?, ?, ?)
2024-06-07T23:35:02.462+03:00 DEBUG 22132 --- [           main] org.hibernate.SQL                        : 
    insert 
    into
        member_drug_stocks
        (drug_id, quantity, user_id) 
    values
        (?, ?, ?)
Hibernate: 
    insert 
    into
        member_drug_stocks
        (drug_id, quantity, user_id) 
    values
        (?, ?, ?)
2024-06-07T23:35:02.468+03:00 DEBUG 22132 --- [           main] org.hibernate.SQL                        : 
    insert 
    into
        member_drug_stocks
        (drug_id, quantity, user_id) 
    values
        (?, ?, ?)
Hibernate: 
    insert 
    into
        member_drug_stocks
        (drug_id, quantity, user_id) 
    values
        (?, ?, ?)
2024-06-07T23:35:02.471+03:00 DEBUG 22132 --- [           main] org.hibernate.SQL                        : 
    insert 
    into
        member_drug_stocks
        (drug_id, quantity, user_id) 
    values
        (?, ?, ?)
Hibernate: 
    insert 
    into
        member_drug_stocks
        (drug_id, quantity, user_id) 
    values
        (?, ?, ?)
2024-06-07T23:35:02.475+03:00 DEBUG 22132 --- [           main] org.hibernate.SQL                        : 
    insert 
    into
        member_drug_stocks
        (drug_id, quantity, user_id) 
    values
        (?, ?, ?)
Hibernate: 
    insert 
    into
        member_drug_stocks
        (drug_id, quantity, user_id) 
    values
        (?, ?, ?)
2024-06-07T23:35:02.480+03:00 DEBUG 22132 --- [           main] org.hibernate.SQL                        : 
    insert 
    into
        member_drug_stocks
        (drug_id, quantity, user_id) 
    values
        (?, ?, ?)
Hibernate: 
    insert 
    into
        member_drug_stocks
        (drug_id, quantity, user_id) 
    values
        (?, ?, ?)
2024-06-07T23:35:02.483+03:00 DEBUG 22132 --- [           main] org.hibernate.SQL                        : 
    insert 
    into
        member_drug_stocks
        (drug_id, quantity, user_id) 
    values
        (?, ?, ?)
Hibernate: 
    insert 
    into
        member_drug_stocks
        (drug_id, quantity, user_id) 
    values
        (?, ?, ?)
2024-06-07T23:35:02.488+03:00 DEBUG 22132 --- [           main] org.hibernate.SQL                        : 
    insert 
    into
        member_drug_stocks
        (drug_id, quantity, user_id) 
    values
        (?, ?, ?)
Hibernate: 
    insert 
    into
        member_drug_stocks
        (drug_id, quantity, user_id) 
    values
        (?, ?, ?)
2024-06-07T23:35:02.491+03:00 DEBUG 22132 --- [           main] org.hibernate.SQL                        : 
    insert 
    into
        member_drug_stocks
        (drug_id, quantity, user_id) 
    values
        (?, ?, ?)
Hibernate: 
    insert 
    into
        member_drug_stocks
        (drug_id, quantity, user_id) 
    values
        (?, ?, ?)
2024-06-07T23:35:02.494+03:00 DEBUG 22132 --- [           main] org.hibernate.SQL                        : 
    insert 
    into
        member_drug_stocks
        (drug_id, quantity, user_id) 
    values
        (?, ?, ?)
Hibernate: 
    insert 
    into
        member_drug_stocks
        (drug_id, quantity, user_id) 
    values
        (?, ?, ?)
2024-06-07T23:35:02.497+03:00 DEBUG 22132 --- [           main] org.hibernate.SQL                        : 
    insert 
    into
        member_drug_stocks
        (drug_id, quantity, user_id) 
    values
        (?, ?, ?)
Hibernate: 
    insert 
    into
        member_drug_stocks
        (drug_id, quantity, user_id) 
    values
        (?, ?, ?)
2024-06-07T23:35:02.499+03:00 DEBUG 22132 --- [           main] org.hibernate.SQL                        : 
    insert 
    into
        member_drug_stocks
        (drug_id, quantity, user_id) 
    values
        (?, ?, ?)
Hibernate: 
    insert 
    into
        member_drug_stocks
        (drug_id, quantity, user_id) 
    values
        (?, ?, ?)
2024-06-07T23:35:02.501+03:00 DEBUG 22132 --- [           main] org.hibernate.SQL                        : 
    insert 
    into
        member_drug_stocks
        (drug_id, quantity, user_id) 
    values
        (?, ?, ?)
Hibernate: 
    insert 
    into
        member_drug_stocks
        (drug_id, quantity, user_id) 
    values
        (?, ?, ?)
2024-06-07T23:35:02.504+03:00 DEBUG 22132 --- [           main] org.hibernate.SQL                        : 
    insert 
    into
        member_drug_stocks
        (drug_id, quantity, user_id) 
    values
        (?, ?, ?)
Hibernate: 
    insert 
    into
        member_drug_stocks
        (drug_id, quantity, user_id) 
    values
        (?, ?, ?)
2024-06-07T23:35:02.507+03:00 DEBUG 22132 --- [           main] org.hibernate.SQL                        : 
    insert 
    into
        member_drug_stocks
        (drug_id, quantity, user_id) 
    values
        (?, ?, ?)
Hibernate: 
    insert 
    into
        member_drug_stocks
        (drug_id, quantity, user_id) 
    values
        (?, ?, ?)
2024-06-07T23:35:02.515+03:00 DEBUG 22132 --- [           main] org.hibernate.SQL                        : 
    insert 
    into
        member_drug_stocks
        (drug_id, quantity, user_id) 
    values
        (?, ?, ?)
Hibernate: 
    insert 
    into
        member_drug_stocks
        (drug_id, quantity, user_id) 
    values
        (?, ?, ?)
2024-06-07T23:35:02.517+03:00 DEBUG 22132 --- [           main] org.hibernate.SQL                        : 
    insert 
    into
        member_drug_stocks
        (drug_id, quantity, user_id) 
    values
        (?, ?, ?)
Hibernate: 
    insert 
    into
        member_drug_stocks
        (drug_id, quantity, user_id) 
    values
        (?, ?, ?)
2024-06-07T23:35:02.520+03:00 DEBUG 22132 --- [           main] org.hibernate.SQL                        : 
    insert 
    into
        member_drug_stocks
        (drug_id, quantity, user_id) 
    values
        (?, ?, ?)
Hibernate: 
    insert 
    into
        member_drug_stocks
        (drug_id, quantity, user_id) 
    values
        (?, ?, ?)
2024-06-07T23:35:02.524+03:00 DEBUG 22132 --- [           main] org.hibernate.SQL                        : 
    insert 
    into
        member_drug_stocks
        (drug_id, quantity, user_id) 
    values
        (?, ?, ?)
Hibernate: 
    insert 
    into
        member_drug_stocks
        (drug_id, quantity, user_id) 
    values
        (?, ?, ?)
2024-06-07T23:35:02.530+03:00 DEBUG 22132 --- [           main] org.hibernate.SQL                        : 
    insert 
    into
        member_drug_stocks
        (drug_id, quantity, user_id) 
    values
        (?, ?, ?)
Hibernate: 
    insert 
    into
        member_drug_stocks
        (drug_id, quantity, user_id) 
    values
        (?, ?, ?)
2024-06-07T23:35:02.534+03:00 DEBUG 22132 --- [           main] org.hibernate.SQL                        : 
    insert 
    into
        member_drug_stocks
        (drug_id, quantity, user_id) 
    values
        (?, ?, ?)
Hibernate: 
    insert 
    into
        member_drug_stocks
        (drug_id, quantity, user_id) 
    values
        (?, ?, ?)
2024-06-07T23:35:02.538+03:00 DEBUG 22132 --- [           main] org.hibernate.SQL                        : 
    insert 
    into
        member_drug_stocks
        (drug_id, quantity, user_id) 
    values
        (?, ?, ?)
Hibernate: 
    insert 
    into
        member_drug_stocks
        (drug_id, quantity, user_id) 
    values
        (?, ?, ?)
2024-06-07T23:35:02.541+03:00 DEBUG 22132 --- [           main] org.hibernate.SQL                        : 
    insert 
    into
        member_drug_stocks
        (drug_id, quantity, user_id) 
    values
        (?, ?, ?)
Hibernate: 
    insert 
    into
        member_drug_stocks
        (drug_id, quantity, user_id) 
    values
        (?, ?, ?)
2024-06-07T23:35:02.545+03:00 DEBUG 22132 --- [           main] org.hibernate.SQL                        : 
    insert 
    into
        member_drug_stocks
        (drug_id, quantity, user_id) 
    values
        (?, ?, ?)
Hibernate: 
    insert 
    into
        member_drug_stocks
        (drug_id, quantity, user_id) 
    values
        (?, ?, ?)
2024-06-07T23:35:02.550+03:00 DEBUG 22132 --- [           main] org.hibernate.SQL                        : 
    insert 
    into
        member_drug_stocks
        (drug_id, quantity, user_id) 
    values
        (?, ?, ?)
Hibernate: 
    insert 
    into
        member_drug_stocks
        (drug_id, quantity, user_id) 
    values
        (?, ?, ?)
2024-06-07T23:35:02.557+03:00 DEBUG 22132 --- [           main] org.hibernate.SQL                        : 
    insert 
    into
        member_drug_stocks
        (drug_id, quantity, user_id) 
    values
        (?, ?, ?)
Hibernate: 
    insert 
    into
        member_drug_stocks
        (drug_id, quantity, user_id) 
    values
        (?, ?, ?)
2024-06-07T23:35:02.562+03:00 DEBUG 22132 --- [           main] org.hibernate.SQL                        : 
    insert 
    into
        member_drug_stocks
        (drug_id, quantity, user_id) 
    values
        (?, ?, ?)
Hibernate: 
    insert 
    into
        member_drug_stocks
        (drug_id, quantity, user_id) 
    values
        (?, ?, ?)
2024-06-07T23:35:02.567+03:00 DEBUG 22132 --- [           main] org.hibernate.SQL                        : 
    insert 
    into
        member_drug_stocks
        (drug_id, quantity, user_id) 
    values
        (?, ?, ?)
Hibernate: 
    insert 
    into
        member_drug_stocks
        (drug_id, quantity, user_id) 
    values
        (?, ?, ?)
2024-06-07T23:35:02.571+03:00 DEBUG 22132 --- [           main] org.hibernate.SQL                        : 
    insert 
    into
        member_drug_stocks
        (drug_id, quantity, user_id) 
    values
        (?, ?, ?)
Hibernate: 
    insert 
    into
        member_drug_stocks
        (drug_id, quantity, user_id) 
    values
        (?, ?, ?)
2024-06-07T23:35:02.575+03:00 DEBUG 22132 --- [           main] org.hibernate.SQL                        : 
    insert 
    into
        member_drug_stocks
        (drug_id, quantity, user_id) 
    values
        (?, ?, ?)
Hibernate: 
    insert 
    into
        member_drug_stocks
        (drug_id, quantity, user_id) 
    values
        (?, ?, ?)
2024-06-07T23:35:02.579+03:00 DEBUG 22132 --- [           main] org.hibernate.SQL                        : 
    insert 
    into
        member_drug_stocks
        (drug_id, quantity, user_id) 
    values
        (?, ?, ?)
Hibernate: 
    insert 
    into
        member_drug_stocks
        (drug_id, quantity, user_id) 
    values
        (?, ?, ?)
2024-06-07T23:35:02.582+03:00 DEBUG 22132 --- [           main] org.hibernate.SQL                        : 
    insert 
    into
        member_drug_stocks
        (drug_id, quantity, user_id) 
    values
        (?, ?, ?)
Hibernate: 
    insert 
    into
        member_drug_stocks
        (drug_id, quantity, user_id) 
    values
        (?, ?, ?)
2024-06-07T23:35:02.585+03:00 DEBUG 22132 --- [           main] org.hibernate.SQL                        : 
    insert 
    into
        member_drug_stocks
        (drug_id, quantity, user_id) 
    values
        (?, ?, ?)
Hibernate: 
    insert 
    into
        member_drug_stocks
        (drug_id, quantity, user_id) 
    values
        (?, ?, ?)
2024-06-07T23:35:02.587+03:00 DEBUG 22132 --- [           main] org.hibernate.SQL                        : 
    insert 
    into
        member_drug_stocks
        (drug_id, quantity, user_id) 
    values
        (?, ?, ?)
Hibernate: 
    insert 
    into
        member_drug_stocks
        (drug_id, quantity, user_id) 
    values
        (?, ?, ?)
2024-06-07T23:35:02.591+03:00 DEBUG 22132 --- [           main] org.hibernate.SQL                        : 
    insert 
    into
        member_drug_stocks
        (drug_id, quantity, user_id) 
    values
        (?, ?, ?)
Hibernate: 
    insert 
    into
        member_drug_stocks
        (drug_id, quantity, user_id) 
    values
        (?, ?, ?)
2024-06-07T23:35:02.596+03:00 DEBUG 22132 --- [           main] org.hibernate.SQL                        : 
    insert 
    into
        member_drug_stocks
        (drug_id, quantity, user_id) 
    values
        (?, ?, ?)
Hibernate: 
    insert 
    into
        member_drug_stocks
        (drug_id, quantity, user_id) 
    values
        (?, ?, ?)
2024-06-07T23:35:02.599+03:00 DEBUG 22132 --- [           main] org.hibernate.SQL                        : 
    insert 
    into
        member_drug_stocks
        (drug_id, quantity, user_id) 
    values
        (?, ?, ?)
Hibernate: 
    insert 
    into
        member_drug_stocks
        (drug_id, quantity, user_id) 
    values
        (?, ?, ?)
2024-06-07T23:35:02.602+03:00 DEBUG 22132 --- [           main] org.hibernate.SQL                        : 
    insert 
    into
        member_drug_stocks
        (drug_id, quantity, user_id) 
    values
        (?, ?, ?)
Hibernate: 
    insert 
    into
        member_drug_stocks
        (drug_id, quantity, user_id) 
    values
        (?, ?, ?)
2024-06-07T23:35:02.605+03:00 DEBUG 22132 --- [           main] org.hibernate.SQL                        : 
    insert 
    into
        member_drug_stocks
        (drug_id, quantity, user_id) 
    values
        (?, ?, ?)
Hibernate: 
    insert 
    into
        member_drug_stocks
        (drug_id, quantity, user_id) 
    values
        (?, ?, ?)
2024-06-07T23:35:02.608+03:00 DEBUG 22132 --- [           main] org.hibernate.SQL                        : 
    insert 
    into
        member_drug_stocks
        (drug_id, quantity, user_id) 
    values
        (?, ?, ?)
Hibernate: 
    insert 
    into
        member_drug_stocks
        (drug_id, quantity, user_id) 
    values
        (?, ?, ?)
2024-06-07T23:35:02.613+03:00 DEBUG 22132 --- [           main] org.hibernate.SQL                        : 
    insert 
    into
        member_drug_stocks
        (drug_id, quantity, user_id) 
    values
        (?, ?, ?)
Hibernate: 
    insert 
    into
        member_drug_stocks
        (drug_id, quantity, user_id) 
    values
        (?, ?, ?)
2024-06-07T23:35:02.616+03:00 DEBUG 22132 --- [           main] org.hibernate.SQL                        : 
    insert 
    into
        member_drug_stocks
        (drug_id, quantity, user_id) 
    values
        (?, ?, ?)
Hibernate: 
    insert 
    into
        member_drug_stocks
        (drug_id, quantity, user_id) 
    values
        (?, ?, ?)
2024-06-07T23:35:02.620+03:00 DEBUG 22132 --- [           main] org.hibernate.SQL                        : 
    insert 
    into
        member_drug_stocks
        (drug_id, quantity, user_id) 
    values
        (?, ?, ?)
Hibernate: 
    insert 
    into
        member_drug_stocks
        (drug_id, quantity, user_id) 
    values
        (?, ?, ?)
2024-06-07T23:35:02.623+03:00 DEBUG 22132 --- [           main] org.hibernate.SQL                        : 
    insert 
    into
        member_drug_stocks
        (drug_id, quantity, user_id) 
    values
        (?, ?, ?)
Hibernate: 
    insert 
    into
        member_drug_stocks
        (drug_id, quantity, user_id) 
    values
        (?, ?, ?)
2024-06-07T23:35:02.626+03:00 DEBUG 22132 --- [           main] org.hibernate.SQL                        : 
    insert 
    into
        member_drug_stocks
        (drug_id, quantity, user_id) 
    values
        (?, ?, ?)
Hibernate: 
    insert 
    into
        member_drug_stocks
        (drug_id, quantity, user_id) 
    values
        (?, ?, ?)
2024-06-07T23:35:02.633+03:00 DEBUG 22132 --- [           main] org.hibernate.SQL                        : 
    insert 
    into
        member_drug_stocks
        (drug_id, quantity, user_id) 
    values
        (?, ?, ?)
Hibernate: 
    insert 
    into
        member_drug_stocks
        (drug_id, quantity, user_id) 
    values
        (?, ?, ?)
2024-06-07T23:35:02.639+03:00 DEBUG 22132 --- [           main] org.hibernate.SQL                        : 
    insert 
    into
        member_drug_stocks
        (drug_id, quantity, user_id) 
    values
        (?, ?, ?)
Hibernate: 
    insert 
    into
        member_drug_stocks
        (drug_id, quantity, user_id) 
    values
        (?, ?, ?)
2024-06-07T23:35:02.645+03:00 DEBUG 22132 --- [           main] org.hibernate.SQL                        : 
    insert 
    into
        member_drug_stocks
        (drug_id, quantity, user_id) 
    values
        (?, ?, ?)
Hibernate: 
    insert 
    into
        member_drug_stocks
        (drug_id, quantity, user_id) 
    values
        (?, ?, ?)
2024-06-07T23:35:02.650+03:00 DEBUG 22132 --- [           main] org.hibernate.SQL                        : 
    insert 
    into
        member_drug_stocks
        (drug_id, quantity, user_id) 
    values
        (?, ?, ?)
Hibernate: 
    insert 
    into
        member_drug_stocks
        (drug_id, quantity, user_id) 
    values
        (?, ?, ?)
2024-06-07T23:35:02.657+03:00 DEBUG 22132 --- [           main] org.hibernate.SQL                        : 
    insert 
    into
        member_drug_stocks
        (drug_id, quantity, user_id) 
    values
        (?, ?, ?)
Hibernate: 
    insert 
    into
        member_drug_stocks
        (drug_id, quantity, user_id) 
    values
        (?, ?, ?)
2024-06-07T23:35:02.662+03:00 DEBUG 22132 --- [           main] org.hibernate.SQL                        : 
    insert 
    into
        member_drug_stocks
        (drug_id, quantity, user_id) 
    values
        (?, ?, ?)
Hibernate: 
    insert 
    into
        member_drug_stocks
        (drug_id, quantity, user_id) 
    values
        (?, ?, ?)
2024-06-07T23:35:02.666+03:00 DEBUG 22132 --- [           main] org.hibernate.SQL                        : 
    insert 
    into
        member_drug_stocks
        (drug_id, quantity, user_id) 
    values
        (?, ?, ?)
Hibernate: 
    insert 
    into
        member_drug_stocks
        (drug_id, quantity, user_id) 
    values
        (?, ?, ?)
2024-06-07T23:35:02.670+03:00 DEBUG 22132 --- [           main] org.hibernate.SQL                        : 
    insert 
    into
        member_drug_stocks
        (drug_id, quantity, user_id) 
    values
        (?, ?, ?)
Hibernate: 
    insert 
    into
        member_drug_stocks
        (drug_id, quantity, user_id) 
    values
        (?, ?, ?)
2024-06-07T23:35:02.676+03:00 DEBUG 22132 --- [           main] org.hibernate.SQL                        : 
    insert 
    into
        member_drug_stocks
        (drug_id, quantity, user_id) 
    values
        (?, ?, ?)
Hibernate: 
    insert 
    into
        member_drug_stocks
        (drug_id, quantity, user_id) 
    values
        (?, ?, ?)
2024-06-07T23:35:02.681+03:00 DEBUG 22132 --- [           main] org.hibernate.SQL                        : 
    insert 
    into
        member_drug_stocks
        (drug_id, quantity, user_id) 
    values
        (?, ?, ?)
Hibernate: 
    insert 
    into
        member_drug_stocks
        (drug_id, quantity, user_id) 
    values
        (?, ?, ?)
2024-06-07T23:35:02.685+03:00 DEBUG 22132 --- [           main] org.hibernate.SQL                        : 
    insert 
    into
        member_drug_stocks
        (drug_id, quantity, user_id) 
    values
        (?, ?, ?)
Hibernate: 
    insert 
    into
        member_drug_stocks
        (drug_id, quantity, user_id) 
    values
        (?, ?, ?)
2024-06-07T23:35:02.688+03:00 DEBUG 22132 --- [           main] org.hibernate.SQL                        : 
    insert 
    into
        member_drug_stocks
        (drug_id, quantity, user_id) 
    values
        (?, ?, ?)
Hibernate: 
    insert 
    into
        member_drug_stocks
        (drug_id, quantity, user_id) 
    values
        (?, ?, ?)
2024-06-07T23:35:02.692+03:00 DEBUG 22132 --- [           main] org.hibernate.SQL                        : 
    insert 
    into
        member_drug_stocks
        (drug_id, quantity, user_id) 
    values
        (?, ?, ?)
Hibernate: 
    insert 
    into
        member_drug_stocks
        (drug_id, quantity, user_id) 
    values
        (?, ?, ?)
2024-06-07T23:35:02.697+03:00 DEBUG 22132 --- [           main] org.hibernate.SQL                        : 
    insert 
    into
        member_drug_stocks
        (drug_id, quantity, user_id) 
    values
        (?, ?, ?)
Hibernate: 
    insert 
    into
        member_drug_stocks
        (drug_id, quantity, user_id) 
    values
        (?, ?, ?)
2024-06-07T23:35:02.701+03:00 DEBUG 22132 --- [           main] org.hibernate.SQL                        : 
    insert 
    into
        member_drug_stocks
        (drug_id, quantity, user_id) 
    values
        (?, ?, ?)
Hibernate: 
    insert 
    into
        member_drug_stocks
        (drug_id, quantity, user_id) 
    values
        (?, ?, ?)
2024-06-07T23:35:02.704+03:00 DEBUG 22132 --- [           main] org.hibernate.SQL                        : 
    insert 
    into
        member_drug_stocks
        (drug_id, quantity, user_id) 
    values
        (?, ?, ?)
Hibernate: 
    insert 
    into
        member_drug_stocks
        (drug_id, quantity, user_id) 
    values
        (?, ?, ?)
2024-06-07T23:35:02.708+03:00 DEBUG 22132 --- [           main] org.hibernate.SQL                        : 
    insert 
    into
        member_drug_stocks
        (drug_id, quantity, user_id) 
    values
        (?, ?, ?)
Hibernate: 
    insert 
    into
        member_drug_stocks
        (drug_id, quantity, user_id) 
    values
        (?, ?, ?)
2024-06-07T23:35:02.713+03:00 DEBUG 22132 --- [           main] org.hibernate.SQL                        : 
    insert 
    into
        member_drug_stocks
        (drug_id, quantity, user_id) 
    values
        (?, ?, ?)
Hibernate: 
    insert 
    into
        member_drug_stocks
        (drug_id, quantity, user_id) 
    values
        (?, ?, ?)
2024-06-07T23:35:02.717+03:00 DEBUG 22132 --- [           main] org.hibernate.SQL                        : 
    insert 
    into
        member_drug_stocks
        (drug_id, quantity, user_id) 
    values
        (?, ?, ?)
Hibernate: 
    insert 
    into
        member_drug_stocks
        (drug_id, quantity, user_id) 
    values
        (?, ?, ?)
2024-06-07T23:35:02.721+03:00 DEBUG 22132 --- [           main] org.hibernate.SQL                        : 
    insert 
    into
        member_drug_stocks
        (drug_id, quantity, user_id) 
    values
        (?, ?, ?)
Hibernate: 
    insert 
    into
        member_drug_stocks
        (drug_id, quantity, user_id) 
    values
        (?, ?, ?)
2024-06-07T23:35:02.725+03:00 DEBUG 22132 --- [           main] org.hibernate.SQL                        : 
    insert 
    into
        member_drug_stocks
        (drug_id, quantity, user_id) 
    values
        (?, ?, ?)
Hibernate: 
    insert 
    into
        member_drug_stocks
        (drug_id, quantity, user_id) 
    values
        (?, ?, ?)
2024-06-07T23:35:02.730+03:00 DEBUG 22132 --- [           main] org.hibernate.SQL                        : 
    insert 
    into
        member_drug_stocks
        (drug_id, quantity, user_id) 
    values
        (?, ?, ?)
Hibernate: 
    insert 
    into
        member_drug_stocks
        (drug_id, quantity, user_id) 
    values
        (?, ?, ?)
]]></system-out>
  </testcase>
</testsuite>